<testsuites id="" name="" tests="86" failures="72" skipped="7" errors="0" time="196.516493">
<testsuite name="credits.spec.ts" timestamp="2026-01-29T14:14:19.708Z" hostname="mobile-chrome-pixel5" tests="6" failures="5" skipped="1" time="67.031" errors="0">
<testcase name="Credits Page › should load credits page successfully" classname="credits.spec.ts" time="13.695">
<failure message="credits.spec.ts:17:3 should load credits page successfully" type="FAILURE">
<![CDATA[  [mobile-chrome-pixel5] › credits.spec.ts:17:3 › Credits Page › should load credits page successfully 

    TimeoutError: page.waitForSelector: Timeout 10000ms exceeded.
    Call log:
      - waiting for locator('.credits-page') to be visible


      23 |
      24 |     // Wait for the main container to appear (sign that Vue has mounted)
    > 25 |     await page.waitForSelector('.credits-page', { timeout: 10000 })
         |                ^
      26 |
      27 |     // Check for main title image
      28 |     const titleImage = page.locator('.title-image')
        at /home/cloudcrusader/projects/riddle-rush-mono-repo/apps/game/tests/e2e/credits.spec.ts:25:16

    attachment #1: screenshot (image/png) ──────────────────────────────────────────────────────────
    ../../test-results/credits-Credits-Page-should-load-credits-page-successfully-mobile-chrome-pixel5/test-failed-1.png
    ────────────────────────────────────────────────────────────────────────────────────────────────

    Error Context: ../../test-results/credits-Credits-Page-should-load-credits-page-successfully-mobile-chrome-pixel5/error-context.md
]]>
</failure>
<system-out>
<![CDATA[
[[ATTACHMENT|apps/game/test-results/credits-Credits-Page-should-load-credits-page-successfully-mobile-chrome-pixel5/test-failed-1.png]]

[[ATTACHMENT|apps/game/test-results/credits-Credits-Page-should-load-credits-page-successfully-mobile-chrome-pixel5/error-context.md]]
]]>
</system-out>
</testcase>
<testcase name="Credits Page › should display team credits" classname="credits.spec.ts" time="13.723">
<failure message="credits.spec.ts:36:3 should display team credits" type="FAILURE">
<![CDATA[  [mobile-chrome-pixel5] › credits.spec.ts:36:3 › Credits Page › should display team credits ───────

    TimeoutError: page.waitForSelector: Timeout 10000ms exceeded.
    Call log:
      - waiting for locator('.credits-page') to be visible


      40 |     await page.waitForLoadState('networkidle')
      41 |     await waitForSplashComplete(page)
    > 42 |     await page.waitForSelector('.credits-page', { timeout: 10000 })
         |                ^
      43 |
      44 |     // Check for credits panel
      45 |     const creditsPanel = page.locator('.credits-panel')
        at /home/cloudcrusader/projects/riddle-rush-mono-repo/apps/game/tests/e2e/credits.spec.ts:42:16

    attachment #1: screenshot (image/png) ──────────────────────────────────────────────────────────
    ../../test-results/credits-Credits-Page-should-display-team-credits-mobile-chrome-pixel5/test-failed-1.png
    ────────────────────────────────────────────────────────────────────────────────────────────────

    Error Context: ../../test-results/credits-Credits-Page-should-display-team-credits-mobile-chrome-pixel5/error-context.md
]]>
</failure>
<system-out>
<![CDATA[
[[ATTACHMENT|apps/game/test-results/credits-Credits-Page-should-display-team-credits-mobile-chrome-pixel5/test-failed-1.png]]

[[ATTACHMENT|apps/game/test-results/credits-Credits-Page-should-display-team-credits-mobile-chrome-pixel5/error-context.md]]
]]>
</system-out>
</testcase>
<testcase name="Credits Page › should have working back button" classname="credits.spec.ts" time="12.969">
<failure message="credits.spec.ts:79:3 should have working back button" type="FAILURE">
<![CDATA[  [mobile-chrome-pixel5] › credits.spec.ts:79:3 › Credits Page › should have working back button ───

    TimeoutError: page.waitForSelector: Timeout 10000ms exceeded.
    Call log:
      - waiting for locator('.credits-page') to be visible


      82 |     await page.waitForLoadState('networkidle')
      83 |     await waitForSplashComplete(page)
    > 84 |     await page.waitForSelector('.credits-page', { timeout: 10000 })
         |                ^
      85 |
      86 |     // Look for back button
      87 |     const backButton = page.locator('.back-btn, button:has-text("←")')
        at /home/cloudcrusader/projects/riddle-rush-mono-repo/apps/game/tests/e2e/credits.spec.ts:84:16

    attachment #1: screenshot (image/png) ──────────────────────────────────────────────────────────
    ../../test-results/credits-Credits-Page-should-have-working-back-button-mobile-chrome-pixel5/test-failed-1.png
    ────────────────────────────────────────────────────────────────────────────────────────────────

    Error Context: ../../test-results/credits-Credits-Page-should-have-working-back-button-mobile-chrome-pixel5/error-context.md
]]>
</failure>
<system-out>
<![CDATA[
[[ATTACHMENT|apps/game/test-results/credits-Credits-Page-should-have-working-back-button-mobile-chrome-pixel5/test-failed-1.png]]

[[ATTACHMENT|apps/game/test-results/credits-Credits-Page-should-have-working-back-button-mobile-chrome-pixel5/error-context.md]]
]]>
</system-out>
</testcase>
<testcase name="Credits Page › should have working OK button" classname="credits.spec.ts" time="13.242">
<failure message="credits.spec.ts:102:3 should have working OK button" type="FAILURE">
<![CDATA[  [mobile-chrome-pixel5] › credits.spec.ts:102:3 › Credits Page › should have working OK button ────

    TimeoutError: page.waitForSelector: Timeout 10000ms exceeded.
    Call log:
      - waiting for locator('.credits-page') to be visible


      105 |     await page.waitForLoadState('networkidle')
      106 |     await waitForSplashComplete(page)
    > 107 |     await page.waitForSelector('.credits-page', { timeout: 10000 })
          |                ^
      108 |
      109 |     // Look for OK button
      110 |     const okButton = page.locator('button:has-text("OK"), .btn-ok')
        at /home/cloudcrusader/projects/riddle-rush-mono-repo/apps/game/tests/e2e/credits.spec.ts:107:16

    attachment #1: screenshot (image/png) ──────────────────────────────────────────────────────────
    ../../test-results/credits-Credits-Page-should-have-working-OK-button-mobile-chrome-pixel5/test-failed-1.png
    ────────────────────────────────────────────────────────────────────────────────────────────────

    Error Context: ../../test-results/credits-Credits-Page-should-have-working-OK-button-mobile-chrome-pixel5/error-context.md
]]>
</failure>
<system-out>
<![CDATA[
[[ATTACHMENT|apps/game/test-results/credits-Credits-Page-should-have-working-OK-button-mobile-chrome-pixel5/test-failed-1.png]]

[[ATTACHMENT|apps/game/test-results/credits-Credits-Page-should-have-working-OK-button-mobile-chrome-pixel5/error-context.md]]
]]>
</system-out>
</testcase>
<testcase name="Credits Page › should display coins UI element" classname="credits.spec.ts" time="0">
<properties>
<property name="skip" value="">
</property>
</properties>
<skipped>
</skipped>
</testcase>
<testcase name="Credits Page › should have proper page styling" classname="credits.spec.ts" time="13.402">
<failure message="credits.spec.ts:136:3 should have proper page styling" type="FAILURE">
<![CDATA[  [mobile-chrome-pixel5] › credits.spec.ts:136:3 › Credits Page › should have proper page styling ──

    TimeoutError: page.waitForSelector: Timeout 10000ms exceeded.
    Call log:
      - waiting for locator('.credits-page') to be visible


      139 |     await page.waitForLoadState('networkidle')
      140 |     await waitForSplashComplete(page)
    > 141 |     await page.waitForSelector('.credits-page', { timeout: 10000 })
          |                ^
      142 |
      143 |     // Check that the page has the main container
      144 |     const container = page.locator('.container')
        at /home/cloudcrusader/projects/riddle-rush-mono-repo/apps/game/tests/e2e/credits.spec.ts:141:16

    attachment #1: screenshot (image/png) ──────────────────────────────────────────────────────────
    ../../test-results/credits-Credits-Page-should-have-proper-page-styling-mobile-chrome-pixel5/test-failed-1.png
    ────────────────────────────────────────────────────────────────────────────────────────────────

    Error Context: ../../test-results/credits-Credits-Page-should-have-proper-page-styling-mobile-chrome-pixel5/error-context.md
]]>
</failure>
<system-out>
<![CDATA[
[[ATTACHMENT|apps/game/test-results/credits-Credits-Page-should-have-proper-page-styling-mobile-chrome-pixel5/test-failed-1.png]]

[[ATTACHMENT|apps/game/test-results/credits-Credits-Page-should-have-proper-page-styling-mobile-chrome-pixel5/error-context.md]]
]]>
</system-out>
</testcase>
</testsuite>
<testsuite name="debug-console.spec.ts" timestamp="2026-01-29T14:14:19.708Z" hostname="mobile-chrome-pixel5" tests="1" failures="0" skipped="0" time="19.091" errors="0">
<testcase name="Debug Console Errors › should capture console errors and page content" classname="debug-console.spec.ts" time="19.091">
<system-out>
<![CDATA[
=== CONSOLE MESSAGES ===
[error] Failed to load resource: the server responded with a status of 403 ()

=== CONSOLE ERRORS ===
Failed to load resource: the server responded with a status of 403 ()

=== PAGE HTML (first 2000 chars) ===
<html xmlns="http://www.w3.org/1999/xhtml"><head><style id="xml-viewer-style">/* Copyright 2014 The Chromium Authors
 * Use of this source code is governed by a BSD-style license that can be
 * found in the LICENSE file.
 */

:root {
  color-scheme: light dark;
}

div.header {
    border-bottom: 2px solid black;
    padding-bottom: 5px;
    margin: 10px;
}

@media (prefers-color-scheme: dark) {
  div.header {
    border-bottom: 2px solid white;
  }
}

div.folder &gt; div.hidden {
    display:none;
}

div.folder &gt; span.hidden {
    display:none;
}

.pretty-print {
    margin-top: 1em;
    margin-left: 20px;
    font-family: monospace;
    font-size: 13px;
}

#webkit-xml-viewer-source-xml {
    display: none;
}

.opened {
    margin-left: 1em;
}

.comment {
    white-space: pre;
}

.folder-button {
    user-select: none;
    cursor: pointer;
    display: inline-block;
    margin-left: -10px;
    width: 10px;
    background-repeat: no-repeat;
    background-position: left top;
    vertical-align: bottom;
}

.fold {
    background: url("data:image/svg+xml,&lt;svg xmlns='http://www.w3.org/2000/svg' fill='%23909090' width='10' height='10'&gt;&lt;path d='M0 0 L8 0 L4 7 Z'/&gt;&lt;/svg&gt;");
    height: 10px;
}

.open {
    background: url("data:image/svg+xml,&lt;svg xmlns='http://www.w3.org/2000/svg' fill='%23909090' width='10' height='10'&gt;&lt;path d='M0 0 L0 8 L7 4 Z'/&gt;&lt;/svg&gt;");
    height: 10px;
}
</style></head><body><div id="webkit-xml-viewer-source-xml"><Error xmlns=""><Code>AccessDenied</Code><Message>Access Denied</Message></Error></div><div class="header"><span>This XML file does not appear to have any style information associated with it. The document tree is shown below.</span><br /></div><div class="pretty-print"><div class="folder" id="folder0"><div class="line"><span class="folder-button fold"></span><span class="html-tag">&lt;Error&gt;</span></div><div class="opened"><div class="line"><span class="html-tag">&lt;Code&gt;</span><span>AccessDenie

=== #__nuxt content ===
NOT FOUND
]]>
</system-out>
</testcase>
</testsuite>
<testsuite name="game-complete-flow.spec.ts" timestamp="2026-01-29T14:14:19.708Z" hostname="mobile-chrome-pixel5" tests="14" failures="11" skipped="0" time="171.767" errors="0">
<testcase name="Complete Game Flow › Single Player Flow › should complete full game flow from menu to leaderboard" classname="game-complete-flow.spec.ts" time="11.547">
<failure message="game-complete-flow.spec.ts:16:5 should complete full game flow from menu to leaderboard" type="FAILURE">
<![CDATA[  [mobile-chrome-pixel5] › game-complete-flow.spec.ts:16:5 › Complete Game Flow › Single Player Flow › should complete full game flow from menu to leaderboard 

    TimeoutError: page.waitForSelector: Timeout 10000ms exceeded.
    Call log:
      - waiting for locator('.menu-page, .splash-screen') to be visible


       8 | async function waitForPageReady(page: Page, selector: string, timeout = 10000) {
       9 |   await page.waitForLoadState('networkidle')
    > 10 |   await page.waitForSelector(selector, { timeout })
         |              ^
      11 | }
      12 |
      13 | test.describe('Complete Game Flow', () => {
        at waitForPageReady (/home/cloudcrusader/projects/riddle-rush-mono-repo/apps/game/tests/e2e/game-complete-flow.spec.ts:10:14)
        at /home/cloudcrusader/projects/riddle-rush-mono-repo/apps/game/tests/e2e/game-complete-flow.spec.ts:19:7

    attachment #1: screenshot (image/png) ──────────────────────────────────────────────────────────
    ../../test-results/game-complete-flow-Complet-a358b-ow-from-menu-to-leaderboard-mobile-chrome-pixel5/test-failed-1.png
    ────────────────────────────────────────────────────────────────────────────────────────────────
]]>
</failure>
<system-out>
<![CDATA[
[[ATTACHMENT|apps/game/test-results/game-complete-flow-Complet-a358b-ow-from-menu-to-leaderboard-mobile-chrome-pixel5/test-failed-1.png]]
]]>
</system-out>
</testcase>
<testcase name="Complete Game Flow › Single Player Flow › should display game elements correctly" classname="game-complete-flow.spec.ts" time="1.379">
</testcase>
<testcase name="Complete Game Flow › Single Player Flow › should handle game input" classname="game-complete-flow.spec.ts" time="1.713">
</testcase>
<testcase name="Complete Game Flow › Single Player Flow › should not show player turn indicator in single player mode" classname="game-complete-flow.spec.ts" time="1.917">
</testcase>
<testcase name="Complete Game Flow › Navigation › should navigate through scoring to leaderboard" classname="game-complete-flow.spec.ts" time="16.373">
<failure message="game-complete-flow.spec.ts:107:5 should navigate through scoring to leaderboard" type="FAILURE">
<![CDATA[  [mobile-chrome-pixel5] › game-complete-flow.spec.ts:107:5 › Complete Game Flow › Navigation › should navigate through scoring to leaderboard 

    TimeoutError: locator.click: Timeout 15000ms exceeded.
    Call log:
      - waiting for locator('.start-btn')


      111 |
      112 |       const startBtn = page.locator('.start-btn')
    > 113 |       await startBtn.click()
          |                      ^
      114 |       await page.waitForTimeout(2000)
      115 |
      116 |       // Wait for game to start
        at /home/cloudcrusader/projects/riddle-rush-mono-repo/apps/game/tests/e2e/game-complete-flow.spec.ts:113:22

    attachment #1: screenshot (image/png) ──────────────────────────────────────────────────────────
    ../../test-results/game-complete-flow-Complet-4fdce-ough-scoring-to-leaderboard-mobile-chrome-pixel5/test-failed-1.png
    ────────────────────────────────────────────────────────────────────────────────────────────────

    Error Context: ../../test-results/game-complete-flow-Complet-4fdce-ough-scoring-to-leaderboard-mobile-chrome-pixel5/error-context.md
]]>
</failure>
<system-out>
<![CDATA[
[[ATTACHMENT|apps/game/test-results/game-complete-flow-Complet-4fdce-ough-scoring-to-leaderboard-mobile-chrome-pixel5/test-failed-1.png]]

[[ATTACHMENT|apps/game/test-results/game-complete-flow-Complet-4fdce-ough-scoring-to-leaderboard-mobile-chrome-pixel5/error-context.md]]
]]>
</system-out>
</testcase>
<testcase name="Complete Game Flow › Navigation › should return to menu from leaderboard when game completed" classname="game-complete-flow.spec.ts" time="11.286">
<failure message="game-complete-flow.spec.ts:141:5 should return to menu from leaderboard when game completed" type="FAILURE">
<![CDATA[  [mobile-chrome-pixel5] › game-complete-flow.spec.ts:141:5 › Complete Game Flow › Navigation › should return to menu from leaderboard when game completed 

    Error: expect(locator).toBeVisible() failed

    Locator: locator('.leaderboard-list')
    Expected: visible
    Timeout: 10000ms
    Error: element(s) not found

    Call log:
      - Expect "toBeVisible" with timeout 10000ms
      - waiting for locator('.leaderboard-list')


      144 |
      145 |       const leaderboardList = page.locator('.leaderboard-list')
    > 146 |       await expect(leaderboardList).toBeVisible()
          |                                     ^
      147 |
      148 |       const finishBtn = page.locator('.finish-btn')
      149 |       await expect(finishBtn).toBeVisible()
        at /home/cloudcrusader/projects/riddle-rush-mono-repo/apps/game/tests/e2e/game-complete-flow.spec.ts:146:37

    attachment #1: screenshot (image/png) ──────────────────────────────────────────────────────────
    ../../test-results/game-complete-flow-Complet-85561-erboard-when-game-completed-mobile-chrome-pixel5/test-failed-1.png
    ────────────────────────────────────────────────────────────────────────────────────────────────

    Error Context: ../../test-results/game-complete-flow-Complet-85561-erboard-when-game-completed-mobile-chrome-pixel5/error-context.md
]]>
</failure>
<system-out>
<![CDATA[
[[ATTACHMENT|apps/game/test-results/game-complete-flow-Complet-85561-erboard-when-game-completed-mobile-chrome-pixel5/test-failed-1.png]]

[[ATTACHMENT|apps/game/test-results/game-complete-flow-Complet-85561-erboard-when-game-completed-mobile-chrome-pixel5/error-context.md]]
]]>
</system-out>
</testcase>
<testcase name="Complete Game Flow › Navigation › should handle browser back button navigation" classname="game-complete-flow.spec.ts" time="18.186">
<failure message="game-complete-flow.spec.ts:158:5 should handle browser back button navigation" type="FAILURE">
<![CDATA[  [mobile-chrome-pixel5] › game-complete-flow.spec.ts:158:5 › Complete Game Flow › Navigation › should handle browser back button navigation 

    TimeoutError: locator.click: Timeout 15000ms exceeded.
    Call log:
      - waiting for locator('.play-btn')


      166 |
      167 |       const playBtn = page.locator('.play-btn')
    > 168 |       await playBtn.click()
          |                     ^
      169 |       await expect(page).toHaveURL(/\/players/)
      170 |       await page.waitForTimeout(500)
      171 |
        at /home/cloudcrusader/projects/riddle-rush-mono-repo/apps/game/tests/e2e/game-complete-flow.spec.ts:168:21

    attachment #1: screenshot (image/png) ──────────────────────────────────────────────────────────
    ../../test-results/game-complete-flow-Complet-60490-wser-back-button-navigation-mobile-chrome-pixel5/test-failed-1.png
    ────────────────────────────────────────────────────────────────────────────────────────────────
]]>
</failure>
<system-out>
<![CDATA[
[[ATTACHMENT|apps/game/test-results/game-complete-flow-Complet-60490-wser-back-button-navigation-mobile-chrome-pixel5/test-failed-1.png]]
]]>
</system-out>
</testcase>
<testcase name="Complete Game Flow › Navigation › should maintain score changes through navigation" classname="game-complete-flow.spec.ts" time="16.264">
<failure message="game-complete-flow.spec.ts:187:5 should maintain score changes through navigation" type="FAILURE">
<![CDATA[  [mobile-chrome-pixel5] › game-complete-flow.spec.ts:187:5 › Complete Game Flow › Navigation › should maintain score changes through navigation 

    TimeoutError: locator.click: Timeout 15000ms exceeded.
    Call log:
      - waiting for locator('.start-btn')


      191 |
      192 |       const startBtn = page.locator('.start-btn')
    > 193 |       await startBtn.click()
          |                      ^
      194 |       await page.waitForTimeout(2000)
      195 |
      196 |       await expect(page).toHaveURL(/\/game/, { timeout: 10000 })
        at /home/cloudcrusader/projects/riddle-rush-mono-repo/apps/game/tests/e2e/game-complete-flow.spec.ts:193:22

    attachment #1: screenshot (image/png) ──────────────────────────────────────────────────────────
    ../../test-results/game-complete-flow-Complet-6fc1a--changes-through-navigation-mobile-chrome-pixel5/test-failed-1.png
    ────────────────────────────────────────────────────────────────────────────────────────────────

    Error Context: ../../test-results/game-complete-flow-Complet-6fc1a--changes-through-navigation-mobile-chrome-pixel5/error-context.md
]]>
</failure>
<system-out>
<![CDATA[
[[ATTACHMENT|apps/game/test-results/game-complete-flow-Complet-6fc1a--changes-through-navigation-mobile-chrome-pixel5/test-failed-1.png]]

[[ATTACHMENT|apps/game/test-results/game-complete-flow-Complet-6fc1a--changes-through-navigation-mobile-chrome-pixel5/error-context.md]]
]]>
</system-out>
</testcase>
<testcase name="Complete Game Flow › Multi-Player Flow › complete multi-player game: players → round-start → game → results → leaderboard → next round" classname="game-complete-flow.spec.ts" time="15.808">
<failure message="game-complete-flow.spec.ts:227:5 complete multi-player game: players → round-start → game → results → leaderboard → next round" type="FAILURE">
<![CDATA[  [mobile-chrome-pixel5] › game-complete-flow.spec.ts:227:5 › Complete Game Flow › Multi-Player Flow › complete multi-player game: players → round-start → game → results → leaderboard → next round 

    TimeoutError: locator.click: Timeout 15000ms exceeded.
    Call log:
      - waiting for locator('.add-btn')


      241 |         await dialog.accept(player2Name)
      242 |       })
    > 243 |       await addBtn.click()
          |                    ^
      244 |       await page.waitForTimeout(300)
      245 |
      246 |       page.once('dialog', async (dialog) => {
        at /home/cloudcrusader/projects/riddle-rush-mono-repo/apps/game/tests/e2e/game-complete-flow.spec.ts:243:20

    attachment #1: screenshot (image/png) ──────────────────────────────────────────────────────────
    ../../test-results/game-complete-flow-Complet-fcd0f--→-leaderboard-→-next-round-mobile-chrome-pixel5/test-failed-1.png
    ────────────────────────────────────────────────────────────────────────────────────────────────

    Error Context: ../../test-results/game-complete-flow-Complet-fcd0f--→-leaderboard-→-next-round-mobile-chrome-pixel5/error-context.md
]]>
</failure>
<system-out>
<![CDATA[
[[ATTACHMENT|apps/game/test-results/game-complete-flow-Complet-fcd0f--→-leaderboard-→-next-round-mobile-chrome-pixel5/test-failed-1.png]]

[[ATTACHMENT|apps/game/test-results/game-complete-flow-Complet-fcd0f--→-leaderboard-→-next-round-mobile-chrome-pixel5/error-context.md]]
]]>
</system-out>
</testcase>
<testcase name="Complete Game Flow › Multi-Player Flow › should show NEXT button only when all players submitted" classname="game-complete-flow.spec.ts" time="15.873">
<failure message="game-complete-flow.spec.ts:415:5 should show NEXT button only when all players submitted" type="FAILURE">
<![CDATA[  [mobile-chrome-pixel5] › game-complete-flow.spec.ts:415:5 › Complete Game Flow › Multi-Player Flow › should show NEXT button only when all players submitted 

    TimeoutError: locator.click: Timeout 15000ms exceeded.
    Call log:
      - waiting for locator('.add-btn')


      421 |       })
      422 |       const addBtn = page.locator('.add-btn')
    > 423 |       await addBtn.click()
          |                    ^
      424 |       await page.waitForTimeout(300)
      425 |
      426 |       await page.locator('.start-btn').click()
        at /home/cloudcrusader/projects/riddle-rush-mono-repo/apps/game/tests/e2e/game-complete-flow.spec.ts:423:20

    attachment #1: screenshot (image/png) ──────────────────────────────────────────────────────────
    ../../test-results/game-complete-flow-Complet-4f477--when-all-players-submitted-mobile-chrome-pixel5/test-failed-1.png
    ────────────────────────────────────────────────────────────────────────────────────────────────

    Error Context: ../../test-results/game-complete-flow-Complet-4f477--when-all-players-submitted-mobile-chrome-pixel5/error-context.md
]]>
</failure>
<system-out>
<![CDATA[
[[ATTACHMENT|apps/game/test-results/game-complete-flow-Complet-4f477--when-all-players-submitted-mobile-chrome-pixel5/test-failed-1.png]]

[[ATTACHMENT|apps/game/test-results/game-complete-flow-Complet-4f477--when-all-players-submitted-mobile-chrome-pixel5/error-context.md]]
]]>
</system-out>
</testcase>
<testcase name="Complete Game Flow › Multi-Player Flow › should preserve player names across rounds" classname="game-complete-flow.spec.ts" time="15.855">
<failure message="game-complete-flow.spec.ts:457:5 should preserve player names across rounds" type="FAILURE">
<![CDATA[  [mobile-chrome-pixel5] › game-complete-flow.spec.ts:457:5 › Complete Game Flow › Multi-Player Flow › should preserve player names across rounds 

    TimeoutError: locator.click: Timeout 15000ms exceeded.
    Call log:
      - waiting for locator('.add-btn')


      464 |         await dialog.accept(customPlayer2)
      465 |       })
    > 466 |       await page.locator('.add-btn').click()
          |                                      ^
      467 |       await page.waitForTimeout(300)
      468 |
      469 |       page.once('dialog', async (dialog) => {
        at /home/cloudcrusader/projects/riddle-rush-mono-repo/apps/game/tests/e2e/game-complete-flow.spec.ts:466:38

    attachment #1: screenshot (image/png) ──────────────────────────────────────────────────────────
    ../../test-results/game-complete-flow-Complet-9724b--player-names-across-rounds-mobile-chrome-pixel5/test-failed-1.png
    ────────────────────────────────────────────────────────────────────────────────────────────────

    Error Context: ../../test-results/game-complete-flow-Complet-9724b--player-names-across-rounds-mobile-chrome-pixel5/error-context.md
]]>
</failure>
<system-out>
<![CDATA[
[[ATTACHMENT|apps/game/test-results/game-complete-flow-Complet-9724b--player-names-across-rounds-mobile-chrome-pixel5/test-failed-1.png]]

[[ATTACHMENT|apps/game/test-results/game-complete-flow-Complet-9724b--player-names-across-rounds-mobile-chrome-pixel5/error-context.md]]
]]>
</system-out>
</testcase>
<testcase name="Complete Game Flow › Multi-Round Games with Champion › should play multiple rounds with accumulating points and declare champion" classname="game-complete-flow.spec.ts" time="13.3">
<failure message="game-complete-flow.spec.ts:531:5 should play multiple rounds with accumulating points and declare champion" type="FAILURE">
<![CDATA[  [mobile-chrome-pixel5] › game-complete-flow.spec.ts:531:5 › Complete Game Flow › Multi-Round Games with Champion › should play multiple rounds with accumulating points and declare champion 

    Error: expect(locator).toBeVisible() failed

    Locator: locator('.play-btn')
    Expected: visible
    Timeout: 10000ms
    Error: element(s) not found

    Call log:
      - Expect "toBeVisible" with timeout 10000ms
      - waiting for locator('.play-btn')


      542 |       // 2. Navigate to players
      543 |       const playBtn = page.locator('.play-btn')
    > 544 |       await expect(playBtn).toBeVisible()
          |                             ^
      545 |       await playBtn.click()
      546 |       await expect(page).toHaveURL(/\/players/)
      547 |       await page.waitForTimeout(500)
        at /home/cloudcrusader/projects/riddle-rush-mono-repo/apps/game/tests/e2e/game-complete-flow.spec.ts:544:29

    attachment #1: screenshot (image/png) ──────────────────────────────────────────────────────────
    ../../test-results/game-complete-flow-Complet-ac6b6-points-and-declare-champion-mobile-chrome-pixel5/test-failed-1.png
    ────────────────────────────────────────────────────────────────────────────────────────────────
]]>
</failure>
<system-out>
<![CDATA[
[[ATTACHMENT|apps/game/test-results/game-complete-flow-Complet-ac6b6-points-and-declare-champion-mobile-chrome-pixel5/test-failed-1.png]]
]]>
</system-out>
</testcase>
<testcase name="Complete Game Flow › Multi-Round Games with Champion › should handle 3 rounds with point accumulation" classname="game-complete-flow.spec.ts" time="16.408">
<failure message="game-complete-flow.spec.ts:696:5 should handle 3 rounds with point accumulation" type="FAILURE">
<![CDATA[  [mobile-chrome-pixel5] › game-complete-flow.spec.ts:696:5 › Complete Game Flow › Multi-Round Games with Champion › should handle 3 rounds with point accumulation 

    TimeoutError: locator.click: Timeout 15000ms exceeded.
    Call log:
      - waiting for locator('.start-btn')


      709 |
      710 |       const startBtn = page.locator('.start-btn')
    > 711 |       await startBtn.click()
          |                      ^
      712 |       await page.waitForTimeout(3000)
      713 |
      714 |       await expect(page).toHaveURL(/\/game/, { timeout: 10000 })
        at /home/cloudcrusader/projects/riddle-rush-mono-repo/apps/game/tests/e2e/game-complete-flow.spec.ts:711:22

    attachment #1: screenshot (image/png) ──────────────────────────────────────────────────────────
    ../../test-results/game-complete-flow-Complet-c8cdc-nds-with-point-accumulation-mobile-chrome-pixel5/test-failed-1.png
    ────────────────────────────────────────────────────────────────────────────────────────────────

    Error Context: ../../test-results/game-complete-flow-Complet-c8cdc-nds-with-point-accumulation-mobile-chrome-pixel5/error-context.md
]]>
</failure>
<system-out>
<![CDATA[
[[ATTACHMENT|apps/game/test-results/game-complete-flow-Complet-c8cdc-nds-with-point-accumulation-mobile-chrome-pixel5/test-failed-1.png]]

[[ATTACHMENT|apps/game/test-results/game-complete-flow-Complet-c8cdc-nds-with-point-accumulation-mobile-chrome-pixel5/error-context.md]]
]]>
</system-out>
</testcase>
<testcase name="Complete Game Flow › Multi-Round Games with Champion › should correctly calculate and display cumulative scores" classname="game-complete-flow.spec.ts" time="15.858">
<failure message="game-complete-flow.spec.ts:798:5 should correctly calculate and display cumulative scores" type="FAILURE">
<![CDATA[  [mobile-chrome-pixel5] › game-complete-flow.spec.ts:798:5 › Complete Game Flow › Multi-Round Games with Champion › should correctly calculate and display cumulative scores 

    TimeoutError: locator.click: Timeout 15000ms exceeded.
    Call log:
      - waiting for locator('.add-btn')


      803 |         await dialog.accept(testPlayer2)
      804 |       })
    > 805 |       await page.locator('.add-btn').click()
          |                                      ^
      806 |       await page.waitForTimeout(300)
      807 |
      808 |       await page.locator('.start-btn').click()
        at /home/cloudcrusader/projects/riddle-rush-mono-repo/apps/game/tests/e2e/game-complete-flow.spec.ts:805:38

    attachment #1: screenshot (image/png) ──────────────────────────────────────────────────────────
    ../../test-results/game-complete-flow-Complet-914f4-d-display-cumulative-scores-mobile-chrome-pixel5/test-failed-1.png
    ────────────────────────────────────────────────────────────────────────────────────────────────

    Error Context: ../../test-results/game-complete-flow-Complet-914f4-d-display-cumulative-scores-mobile-chrome-pixel5/error-context.md
]]>
</failure>
<system-out>
<![CDATA[
[[ATTACHMENT|apps/game/test-results/game-complete-flow-Complet-914f4-d-display-cumulative-scores-mobile-chrome-pixel5/test-failed-1.png]]

[[ATTACHMENT|apps/game/test-results/game-complete-flow-Complet-914f4-d-display-cumulative-scores-mobile-chrome-pixel5/error-context.md]]
]]>
</system-out>
</testcase>
</testsuite>
<testsuite name="language.spec.ts" timestamp="2026-01-29T14:14:19.708Z" hostname="mobile-chrome-pixel5" tests="12" failures="10" skipped="0" time="141.086" errors="0">
<testcase name="Language Selection Page › should load language page successfully" classname="language.spec.ts" time="10.836">
<failure message="language.spec.ts:4:3 should load language page successfully" type="FAILURE">
<![CDATA[  [mobile-chrome-pixel5] › language.spec.ts:4:3 › Language Selection Page › should load language page successfully 

    Error: expect(page).toHaveTitle(expected) failed

    Expected pattern: /Language Selection|Sprachauswahl|Riddle Rush/i
    Received string:  ""
    Timeout: 10000ms

    Call log:
      - Expect "toHaveTitle" with timeout 10000ms
        14 × unexpected value ""


       6 |
       7 |     // Check page title (supports both German and English)
    >  8 |     await expect(page).toHaveTitle(/Language Selection|Sprachauswahl|Riddle Rush/i)
         |                        ^
       9 |
      10 |     // Check for main title image (title is an image, not text)
      11 |     const titleImage = page
        at /home/cloudcrusader/projects/riddle-rush-mono-repo/apps/game/tests/e2e/language.spec.ts:8:24

    attachment #1: screenshot (image/png) ──────────────────────────────────────────────────────────
    ../../test-results/language-Language-Selectio-26f99--language-page-successfully-mobile-chrome-pixel5/test-failed-1.png
    ────────────────────────────────────────────────────────────────────────────────────────────────

    Error Context: ../../test-results/language-Language-Selectio-26f99--language-page-successfully-mobile-chrome-pixel5/error-context.md
]]>
</failure>
<system-out>
<![CDATA[
[[ATTACHMENT|apps/game/test-results/language-Language-Selectio-26f99--language-page-successfully-mobile-chrome-pixel5/test-failed-1.png]]

[[ATTACHMENT|apps/game/test-results/language-Language-Selectio-26f99--language-page-successfully-mobile-chrome-pixel5/error-context.md]]
]]>
</system-out>
</testcase>
<testcase name="Language Selection Page › should display language options" classname="language.spec.ts" time="11.437">
<failure message="language.spec.ts:17:3 should display language options" type="FAILURE">
<![CDATA[  [mobile-chrome-pixel5] › language.spec.ts:17:3 › Language Selection Page › should display language options 

    Error: expect(locator).toBeVisible() failed

    Locator: locator('.language-option').filter({ hasText: /ENGLISH/i })
    Expected: visible
    Timeout: 10000ms
    Error: element(s) not found

    Call log:
      - Expect "toBeVisible" with timeout 10000ms
      - waiting for locator('.language-option').filter({ hasText: /ENGLISH/i })


      23 |     // Check for English option
      24 |     const englishOption = page.locator('.language-option').filter({ hasText: /ENGLISH/i })
    > 25 |     await expect(englishOption).toBeVisible()
         |                                 ^
      26 |
      27 |     // Check for German option
      28 |     const germanOption = page.locator('.language-option').filter({ hasText: /GERMAN/i })
        at /home/cloudcrusader/projects/riddle-rush-mono-repo/apps/game/tests/e2e/language.spec.ts:25:33

    attachment #1: screenshot (image/png) ──────────────────────────────────────────────────────────
    ../../test-results/language-Language-Selectio-ded40-ld-display-language-options-mobile-chrome-pixel5/test-failed-1.png
    ────────────────────────────────────────────────────────────────────────────────────────────────

    Error Context: ../../test-results/language-Language-Selectio-ded40-ld-display-language-options-mobile-chrome-pixel5/error-context.md
]]>
</failure>
<system-out>
<![CDATA[
[[ATTACHMENT|apps/game/test-results/language-Language-Selectio-ded40-ld-display-language-options-mobile-chrome-pixel5/test-failed-1.png]]

[[ATTACHMENT|apps/game/test-results/language-Language-Selectio-ded40-ld-display-language-options-mobile-chrome-pixel5/error-context.md]]
]]>
</system-out>
</testcase>
<testcase name="Language Selection Page › should show checkmark on selected language" classname="language.spec.ts" time="1.904">
</testcase>
<testcase name="Language Selection Page › should allow selecting English" classname="language.spec.ts" time="16.374">
<failure message="language.spec.ts:54:3 should allow selecting English" type="FAILURE">
<![CDATA[  [mobile-chrome-pixel5] › language.spec.ts:54:3 › Language Selection Page › should allow selecting English 

    TimeoutError: locator.click: Timeout 15000ms exceeded.
    Call log:
      - waiting for locator('.language-option').filter({ hasText: /ENGLISH/i })


      59 |     // Click on English option
      60 |     const englishOption = page.locator('.language-option').filter({ hasText: /ENGLISH/i })
    > 61 |     await englishOption.click()
         |                         ^
      62 |
      63 |     // Wait for state update
      64 |     await page.waitForTimeout(300)
        at /home/cloudcrusader/projects/riddle-rush-mono-repo/apps/game/tests/e2e/language.spec.ts:61:25

    attachment #1: screenshot (image/png) ──────────────────────────────────────────────────────────
    ../../test-results/language-Language-Selectio-9456a-uld-allow-selecting-English-mobile-chrome-pixel5/test-failed-1.png
    ────────────────────────────────────────────────────────────────────────────────────────────────

    Error Context: ../../test-results/language-Language-Selectio-9456a-uld-allow-selecting-English-mobile-chrome-pixel5/error-context.md
]]>
</failure>
<system-out>
<![CDATA[
[[ATTACHMENT|apps/game/test-results/language-Language-Selectio-9456a-uld-allow-selecting-English-mobile-chrome-pixel5/test-failed-1.png]]

[[ATTACHMENT|apps/game/test-results/language-Language-Selectio-9456a-uld-allow-selecting-English-mobile-chrome-pixel5/error-context.md]]
]]>
</system-out>
</testcase>
<testcase name="Language Selection Page › should allow selecting German" classname="language.spec.ts" time="16.276">
<failure message="language.spec.ts:70:3 should allow selecting German" type="FAILURE">
<![CDATA[  [mobile-chrome-pixel5] › language.spec.ts:70:3 › Language Selection Page › should allow selecting German 

    TimeoutError: locator.click: Timeout 15000ms exceeded.
    Call log:
      - waiting for locator('.language-option').filter({ hasText: /GERMAN/i })


      75 |     // Click on German option
      76 |     const germanOption = page.locator('.language-option').filter({ hasText: /GERMAN/i })
    > 77 |     await germanOption.click()
         |                        ^
      78 |
      79 |     // Wait for state update
      80 |     await page.waitForTimeout(300)
        at /home/cloudcrusader/projects/riddle-rush-mono-repo/apps/game/tests/e2e/language.spec.ts:77:24

    attachment #1: screenshot (image/png) ──────────────────────────────────────────────────────────
    ../../test-results/language-Language-Selectio-d1047-ould-allow-selecting-German-mobile-chrome-pixel5/test-failed-1.png
    ────────────────────────────────────────────────────────────────────────────────────────────────

    Error Context: ../../test-results/language-Language-Selectio-d1047-ould-allow-selecting-German-mobile-chrome-pixel5/error-context.md
]]>
</failure>
<system-out>
<![CDATA[
[[ATTACHMENT|apps/game/test-results/language-Language-Selectio-d1047-ould-allow-selecting-German-mobile-chrome-pixel5/test-failed-1.png]]

[[ATTACHMENT|apps/game/test-results/language-Language-Selectio-d1047-ould-allow-selecting-German-mobile-chrome-pixel5/error-context.md]]
]]>
</system-out>
</testcase>
<testcase name="Language Selection Page › should switch between languages" classname="language.spec.ts" time="16.363">
<failure message="language.spec.ts:86:3 should switch between languages" type="FAILURE">
<![CDATA[  [mobile-chrome-pixel5] › language.spec.ts:86:3 › Language Selection Page › should switch between languages 

    TimeoutError: locator.click: Timeout 15000ms exceeded.
    Call log:
      - waiting for locator('.language-option').filter({ hasText: /ENGLISH/i })


      91 |     // Click English
      92 |     const englishOption = page.locator('.language-option').filter({ hasText: /ENGLISH/i })
    > 93 |     await englishOption.click()
         |                         ^
      94 |     await page.waitForTimeout(200)
      95 |
      96 |     // English should be selected
        at /home/cloudcrusader/projects/riddle-rush-mono-repo/apps/game/tests/e2e/language.spec.ts:93:25

    attachment #1: screenshot (image/png) ──────────────────────────────────────────────────────────
    ../../test-results/language-Language-Selectio-9669c-ld-switch-between-languages-mobile-chrome-pixel5/test-failed-1.png
    ────────────────────────────────────────────────────────────────────────────────────────────────

    Error Context: ../../test-results/language-Language-Selectio-9669c-ld-switch-between-languages-mobile-chrome-pixel5/error-context.md
]]>
</failure>
<system-out>
<![CDATA[
[[ATTACHMENT|apps/game/test-results/language-Language-Selectio-9669c-ld-switch-between-languages-mobile-chrome-pixel5/test-failed-1.png]]

[[ATTACHMENT|apps/game/test-results/language-Language-Selectio-9669c-ld-switch-between-languages-mobile-chrome-pixel5/error-context.md]]
]]>
</system-out>
</testcase>
<testcase name="Language Selection Page › should have working OK button" classname="language.spec.ts" time="16.344">
<failure message="language.spec.ts:108:3 should have working OK button" type="FAILURE">
<![CDATA[  [mobile-chrome-pixel5] › language.spec.ts:108:3 › Language Selection Page › should have working OK button 

    TimeoutError: locator.click: Timeout 15000ms exceeded.
    Call log:
      - waiting for locator('.language-option').filter({ hasText: /ENGLISH/i })


      113 |     // Select a language first
      114 |     const englishOption = page.locator('.language-option').filter({ hasText: /ENGLISH/i })
    > 115 |     await englishOption.click()
          |                         ^
      116 |     await page.waitForTimeout(200)
      117 |
      118 |     // Look for OK button (OK button contains an image, not text)
        at /home/cloudcrusader/projects/riddle-rush-mono-repo/apps/game/tests/e2e/language.spec.ts:115:25

    attachment #1: screenshot (image/png) ──────────────────────────────────────────────────────────
    ../../test-results/language-Language-Selectio-721cf-ould-have-working-OK-button-mobile-chrome-pixel5/test-failed-1.png
    ────────────────────────────────────────────────────────────────────────────────────────────────

    Error Context: ../../test-results/language-Language-Selectio-721cf-ould-have-working-OK-button-mobile-chrome-pixel5/error-context.md
]]>
</failure>
<system-out>
<![CDATA[
[[ATTACHMENT|apps/game/test-results/language-Language-Selectio-721cf-ould-have-working-OK-button-mobile-chrome-pixel5/test-failed-1.png]]

[[ATTACHMENT|apps/game/test-results/language-Language-Selectio-721cf-ould-have-working-OK-button-mobile-chrome-pixel5/error-context.md]]
]]>
</system-out>
</testcase>
<testcase name="Language Selection Page › should confirm language selection with OK button" classname="language.spec.ts" time="16.351">
<failure message="language.spec.ts:134:3 should confirm language selection with OK button" type="FAILURE">
<![CDATA[  [mobile-chrome-pixel5] › language.spec.ts:134:3 › Language Selection Page › should confirm language selection with OK button 

    TimeoutError: locator.click: Timeout 15000ms exceeded.
    Call log:
      - waiting for locator('.language-option').filter({ hasText: /ENGLISH/i })


      139 |     // Select English
      140 |     const englishOption = page.locator('.language-option').filter({ hasText: /ENGLISH/i })
    > 141 |     await englishOption.click()
          |                         ^
      142 |     await page.waitForTimeout(200)
      143 |
      144 |     // Verify English is selected
        at /home/cloudcrusader/projects/riddle-rush-mono-repo/apps/game/tests/e2e/language.spec.ts:141:25

    attachment #1: screenshot (image/png) ──────────────────────────────────────────────────────────
    ../../test-results/language-Language-Selectio-8ebef-ge-selection-with-OK-button-mobile-chrome-pixel5/test-failed-1.png
    ────────────────────────────────────────────────────────────────────────────────────────────────

    Error Context: ../../test-results/language-Language-Selectio-8ebef-ge-selection-with-OK-button-mobile-chrome-pixel5/error-context.md
]]>
</failure>
<system-out>
<![CDATA[
[[ATTACHMENT|apps/game/test-results/language-Language-Selectio-8ebef-ge-selection-with-OK-button-mobile-chrome-pixel5/test-failed-1.png]]

[[ATTACHMENT|apps/game/test-results/language-Language-Selectio-8ebef-ge-selection-with-OK-button-mobile-chrome-pixel5/error-context.md]]
]]>
</system-out>
</testcase>
<testcase name="Language Selection Page › should display flags correctly" classname="language.spec.ts" time="1.363">
<failure message="language.spec.ts:158:3 should display flags correctly" type="FAILURE">
<![CDATA[  [mobile-chrome-pixel5] › language.spec.ts:158:3 › Language Selection Page › should display flags correctly 

    Error: expect(received).toBe(expected) // Object.is equality

    Expected: 2
    Received: 0

      163 |     // Check for flag containers
      164 |     const flagContainers = page.locator('.flag-container')
    > 165 |     expect(await flagContainers.count()).toBe(2)
          |                                          ^
      166 |
      167 |     // Check that flags are visible
      168 |     for (let i = 0; i < (await flagContainers.count()); i++) {
        at /home/cloudcrusader/projects/riddle-rush-mono-repo/apps/game/tests/e2e/language.spec.ts:165:42

    attachment #1: screenshot (image/png) ──────────────────────────────────────────────────────────
    ../../test-results/language-Language-Selectio-769ee-uld-display-flags-correctly-mobile-chrome-pixel5/test-failed-1.png
    ────────────────────────────────────────────────────────────────────────────────────────────────

    Error Context: ../../test-results/language-Language-Selectio-769ee-uld-display-flags-correctly-mobile-chrome-pixel5/error-context.md
]]>
</failure>
<system-out>
<![CDATA[
[[ATTACHMENT|apps/game/test-results/language-Language-Selectio-769ee-uld-display-flags-correctly-mobile-chrome-pixel5/test-failed-1.png]]

[[ATTACHMENT|apps/game/test-results/language-Language-Selectio-769ee-uld-display-flags-correctly-mobile-chrome-pixel5/error-context.md]]
]]>
</system-out>
</testcase>
<testcase name="Language Selection Page › should have proper page styling" classname="language.spec.ts" time="1.369">
</testcase>
<testcase name="Language Switching Behavior › uses browser language by default and persists selection" classname="language.spec.ts" time="16.173">
<failure message="language.spec.ts:201:3 uses browser language by default and persists selection" type="FAILURE">
<![CDATA[  [mobile-chrome-pixel5] › language.spec.ts:201:3 › Language Switching Behavior › uses browser language by default and persists selection 

    TimeoutError: locator.click: Timeout 15000ms exceeded.
    Call log:
      - waiting for locator('.options-btn')


      203 |     await page.goto('/', { waitUntil: 'networkidle' })
      204 |
    > 205 |     await page.locator('.options-btn').click()
          |                                        ^
      206 |
      207 |     const languageItem = page.locator('.menu-item').filter({ hasText: 'Language' })
      208 |     const settingsItem = page.locator('.menu-item').filter({ hasText: 'Settings' })
        at /home/cloudcrusader/projects/riddle-rush-mono-repo/apps/game/tests/e2e/language.spec.ts:205:40

    attachment #1: screenshot (image/png) ──────────────────────────────────────────────────────────
    ../../test-results/language-Language-Switchin-89134-ault-and-persists-selection-mobile-chrome-pixel5/test-failed-1.png
    ────────────────────────────────────────────────────────────────────────────────────────────────
]]>
</failure>
<system-out>
<![CDATA[
[[ATTACHMENT|apps/game/test-results/language-Language-Switchin-89134-ault-and-persists-selection-mobile-chrome-pixel5/test-failed-1.png]]
]]>
</system-out>
</testcase>
<testcase name="Language Switching Behavior › respects ?lang query and preserves it when selecting a different locale" classname="language.spec.ts" time="16.296">
<failure message="language.spec.ts:230:3 respects ?lang query and preserves it when selecting a different locale" type="FAILURE">
<![CDATA[  [mobile-chrome-pixel5] › language.spec.ts:230:3 › Language Switching Behavior › respects ?lang query and preserves it when selecting a different locale 

    TimeoutError: locator.click: Timeout 15000ms exceeded.
    Call log:
      - waiting for locator('.options-btn')


      234 |     await page.goto('/?lang=de', { waitUntil: 'networkidle' })
      235 |
    > 236 |     await page.locator('.options-btn').click()
          |                                        ^
      237 |     const germanMenuItem = page.locator('.menu-item').filter({ hasText: 'Sprache' })
      238 |     await expect(germanMenuItem).toBeVisible()
      239 |
        at /home/cloudcrusader/projects/riddle-rush-mono-repo/apps/game/tests/e2e/language.spec.ts:236:40

    attachment #1: screenshot (image/png) ──────────────────────────────────────────────────────────
    ../../test-results/language-Language-Switchin-95417-electing-a-different-locale-mobile-chrome-pixel5/test-failed-1.png
    ────────────────────────────────────────────────────────────────────────────────────────────────
]]>
</failure>
<system-out>
<![CDATA[
[[ATTACHMENT|apps/game/test-results/language-Language-Switchin-95417-electing-a-different-locale-mobile-chrome-pixel5/test-failed-1.png]]
]]>
</system-out>
</testcase>
</testsuite>
<testsuite name="leaderboard.spec.ts" timestamp="2026-01-29T14:14:19.708Z" hostname="mobile-chrome-pixel5" tests="13" failures="13" skipped="0" time="212.581" errors="0">
<testcase name="Leaderboard Page › should display leaderboard page with all elements" classname="leaderboard.spec.ts" time="16.36">
<failure message="leaderboard.spec.ts:22:3 should display leaderboard page with all elements" type="FAILURE">
<![CDATA[  [mobile-chrome-pixel5] › leaderboard.spec.ts:22:3 › Leaderboard Page › should display leaderboard page with all elements 

    TimeoutError: locator.click: Timeout 15000ms exceeded.
    Call log:
      - waiting for locator('.start-btn')


       9 |     // Start game with default player to initialize store
      10 |     const startBtn = page.locator('.start-btn')
    > 11 |     await startBtn.click()
         |                    ^
      12 |     await page.waitForTimeout(2000)
      13 |
      14 |     // Wait for round-start to complete
        at /home/cloudcrusader/projects/riddle-rush-mono-repo/apps/game/tests/e2e/leaderboard.spec.ts:11:20

    attachment #1: screenshot (image/png) ──────────────────────────────────────────────────────────
    ../../test-results/leaderboard-Leaderboard-Pa-f6c9d-oard-page-with-all-elements-mobile-chrome-pixel5/test-failed-1.png
    ────────────────────────────────────────────────────────────────────────────────────────────────

    Error Context: ../../test-results/leaderboard-Leaderboard-Pa-f6c9d-oard-page-with-all-elements-mobile-chrome-pixel5/error-context.md
]]>
</failure>
<system-out>
<![CDATA[
[[ATTACHMENT|apps/game/test-results/leaderboard-Leaderboard-Pa-f6c9d-oard-page-with-all-elements-mobile-chrome-pixel5/test-failed-1.png]]

[[ATTACHMENT|apps/game/test-results/leaderboard-Leaderboard-Pa-f6c9d-oard-page-with-all-elements-mobile-chrome-pixel5/error-context.md]]
]]>
</system-out>
</testcase>
<testcase name="Leaderboard Page › should display leaderboard entries" classname="leaderboard.spec.ts" time="16.353">
<failure message="leaderboard.spec.ts:40:3 should display leaderboard entries" type="FAILURE">
<![CDATA[  [mobile-chrome-pixel5] › leaderboard.spec.ts:40:3 › Leaderboard Page › should display leaderboard entries 

    TimeoutError: locator.click: Timeout 15000ms exceeded.
    Call log:
      - waiting for locator('.start-btn')


       9 |     // Start game with default player to initialize store
      10 |     const startBtn = page.locator('.start-btn')
    > 11 |     await startBtn.click()
         |                    ^
      12 |     await page.waitForTimeout(2000)
      13 |
      14 |     // Wait for round-start to complete
        at /home/cloudcrusader/projects/riddle-rush-mono-repo/apps/game/tests/e2e/leaderboard.spec.ts:11:20

    attachment #1: screenshot (image/png) ──────────────────────────────────────────────────────────
    ../../test-results/leaderboard-Leaderboard-Pa-063a3-display-leaderboard-entries-mobile-chrome-pixel5/test-failed-1.png
    ────────────────────────────────────────────────────────────────────────────────────────────────

    Error Context: ../../test-results/leaderboard-Leaderboard-Pa-063a3-display-leaderboard-entries-mobile-chrome-pixel5/error-context.md
]]>
</failure>
<system-out>
<![CDATA[
[[ATTACHMENT|apps/game/test-results/leaderboard-Leaderboard-Pa-063a3-display-leaderboard-entries-mobile-chrome-pixel5/test-failed-1.png]]

[[ATTACHMENT|apps/game/test-results/leaderboard-Leaderboard-Pa-063a3-display-leaderboard-entries-mobile-chrome-pixel5/error-context.md]]
]]>
</system-out>
</testcase>
<testcase name="Leaderboard Page › should display rank badges" classname="leaderboard.spec.ts" time="16.375">
<failure message="leaderboard.spec.ts:53:3 should display rank badges" type="FAILURE">
<![CDATA[  [mobile-chrome-pixel5] › leaderboard.spec.ts:53:3 › Leaderboard Page › should display rank badges 

    TimeoutError: locator.click: Timeout 15000ms exceeded.
    Call log:
      - waiting for locator('.start-btn')


       9 |     // Start game with default player to initialize store
      10 |     const startBtn = page.locator('.start-btn')
    > 11 |     await startBtn.click()
         |                    ^
      12 |     await page.waitForTimeout(2000)
      13 |
      14 |     // Wait for round-start to complete
        at /home/cloudcrusader/projects/riddle-rush-mono-repo/apps/game/tests/e2e/leaderboard.spec.ts:11:20

    attachment #1: screenshot (image/png) ──────────────────────────────────────────────────────────
    ../../test-results/leaderboard-Leaderboard-Page-should-display-rank-badges-mobile-chrome-pixel5/test-failed-1.png
    ────────────────────────────────────────────────────────────────────────────────────────────────

    Error Context: ../../test-results/leaderboard-Leaderboard-Page-should-display-rank-badges-mobile-chrome-pixel5/error-context.md
]]>
</failure>
<system-out>
<![CDATA[
[[ATTACHMENT|apps/game/test-results/leaderboard-Leaderboard-Page-should-display-rank-badges-mobile-chrome-pixel5/test-failed-1.png]]

[[ATTACHMENT|apps/game/test-results/leaderboard-Leaderboard-Page-should-display-rank-badges-mobile-chrome-pixel5/error-context.md]]
]]>
</system-out>
</testcase>
<testcase name="Leaderboard Page › should display player info in each entry" classname="leaderboard.spec.ts" time="16.342">
<failure message="leaderboard.spec.ts:60:3 should display player info in each entry" type="FAILURE">
<![CDATA[  [mobile-chrome-pixel5] › leaderboard.spec.ts:60:3 › Leaderboard Page › should display player info in each entry 

    TimeoutError: locator.click: Timeout 15000ms exceeded.
    Call log:
      - waiting for locator('.start-btn')


       9 |     // Start game with default player to initialize store
      10 |     const startBtn = page.locator('.start-btn')
    > 11 |     await startBtn.click()
         |                    ^
      12 |     await page.waitForTimeout(2000)
      13 |
      14 |     // Wait for round-start to complete
        at /home/cloudcrusader/projects/riddle-rush-mono-repo/apps/game/tests/e2e/leaderboard.spec.ts:11:20

    attachment #1: screenshot (image/png) ──────────────────────────────────────────────────────────
    ../../test-results/leaderboard-Leaderboard-Pa-5b63b-y-player-info-in-each-entry-mobile-chrome-pixel5/test-failed-1.png
    ────────────────────────────────────────────────────────────────────────────────────────────────

    Error Context: ../../test-results/leaderboard-Leaderboard-Pa-5b63b-y-player-info-in-each-entry-mobile-chrome-pixel5/error-context.md
]]>
</failure>
<system-out>
<![CDATA[
[[ATTACHMENT|apps/game/test-results/leaderboard-Leaderboard-Pa-5b63b-y-player-info-in-each-entry-mobile-chrome-pixel5/test-failed-1.png]]

[[ATTACHMENT|apps/game/test-results/leaderboard-Leaderboard-Pa-5b63b-y-player-info-in-each-entry-mobile-chrome-pixel5/error-context.md]]
]]>
</system-out>
</testcase>
<testcase name="Leaderboard Page › should display player avatars" classname="leaderboard.spec.ts" time="16.34">
<failure message="leaderboard.spec.ts:70:3 should display player avatars" type="FAILURE">
<![CDATA[  [mobile-chrome-pixel5] › leaderboard.spec.ts:70:3 › Leaderboard Page › should display player avatars 

    TimeoutError: locator.click: Timeout 15000ms exceeded.
    Call log:
      - waiting for locator('.start-btn')


       9 |     // Start game with default player to initialize store
      10 |     const startBtn = page.locator('.start-btn')
    > 11 |     await startBtn.click()
         |                    ^
      12 |     await page.waitForTimeout(2000)
      13 |
      14 |     // Wait for round-start to complete
        at /home/cloudcrusader/projects/riddle-rush-mono-repo/apps/game/tests/e2e/leaderboard.spec.ts:11:20

    attachment #1: screenshot (image/png) ──────────────────────────────────────────────────────────
    ../../test-results/leaderboard-Leaderboard-Page-should-display-player-avatars-mobile-chrome-pixel5/test-failed-1.png
    ────────────────────────────────────────────────────────────────────────────────────────────────

    Error Context: ../../test-results/leaderboard-Leaderboard-Page-should-display-player-avatars-mobile-chrome-pixel5/error-context.md
]]>
</failure>
<system-out>
<![CDATA[
[[ATTACHMENT|apps/game/test-results/leaderboard-Leaderboard-Page-should-display-player-avatars-mobile-chrome-pixel5/test-failed-1.png]]

[[ATTACHMENT|apps/game/test-results/leaderboard-Leaderboard-Page-should-display-player-avatars-mobile-chrome-pixel5/error-context.md]]
]]>
</system-out>
</testcase>
<testcase name="Leaderboard Page › should navigate to menu when clicking finish (game completed)" classname="leaderboard.spec.ts" time="16.473">
<failure message="leaderboard.spec.ts:77:3 should navigate to menu when clicking finish (game completed)" type="FAILURE">
<![CDATA[  [mobile-chrome-pixel5] › leaderboard.spec.ts:77:3 › Leaderboard Page › should navigate to menu when clicking finish (game completed) 

    TimeoutError: locator.click: Timeout 15000ms exceeded.
    Call log:
      - waiting for locator('.start-btn')


       9 |     // Start game with default player to initialize store
      10 |     const startBtn = page.locator('.start-btn')
    > 11 |     await startBtn.click()
         |                    ^
      12 |     await page.waitForTimeout(2000)
      13 |
      14 |     // Wait for round-start to complete
        at /home/cloudcrusader/projects/riddle-rush-mono-repo/apps/game/tests/e2e/leaderboard.spec.ts:11:20

    attachment #1: screenshot (image/png) ──────────────────────────────────────────────────────────
    ../../test-results/leaderboard-Leaderboard-Pa-825b4-king-finish-game-completed--mobile-chrome-pixel5/test-failed-1.png
    ────────────────────────────────────────────────────────────────────────────────────────────────

    Error Context: ../../test-results/leaderboard-Leaderboard-Pa-825b4-king-finish-game-completed--mobile-chrome-pixel5/error-context.md
]]>
</failure>
<system-out>
<![CDATA[
[[ATTACHMENT|apps/game/test-results/leaderboard-Leaderboard-Pa-825b4-king-finish-game-completed--mobile-chrome-pixel5/test-failed-1.png]]

[[ATTACHMENT|apps/game/test-results/leaderboard-Leaderboard-Pa-825b4-king-finish-game-completed--mobile-chrome-pixel5/error-context.md]]
]]>
</system-out>
</testcase>
<testcase name="Leaderboard Page › should show back button when game is not completed" classname="leaderboard.spec.ts" time="16.379">
<failure message="leaderboard.spec.ts:87:3 should show back button when game is not completed" type="FAILURE">
<![CDATA[  [mobile-chrome-pixel5] › leaderboard.spec.ts:87:3 › Leaderboard Page › should show back button when game is not completed 

    TimeoutError: locator.click: Timeout 15000ms exceeded.
    Call log:
      - waiting for locator('.start-btn')


       9 |     // Start game with default player to initialize store
      10 |     const startBtn = page.locator('.start-btn')
    > 11 |     await startBtn.click()
         |                    ^
      12 |     await page.waitForTimeout(2000)
      13 |
      14 |     // Wait for round-start to complete
        at /home/cloudcrusader/projects/riddle-rush-mono-repo/apps/game/tests/e2e/leaderboard.spec.ts:11:20

    attachment #1: screenshot (image/png) ──────────────────────────────────────────────────────────
    ../../test-results/leaderboard-Leaderboard-Pa-5bf6d--when-game-is-not-completed-mobile-chrome-pixel5/test-failed-1.png
    ────────────────────────────────────────────────────────────────────────────────────────────────

    Error Context: ../../test-results/leaderboard-Leaderboard-Pa-5bf6d--when-game-is-not-completed-mobile-chrome-pixel5/error-context.md
]]>
</failure>
<system-out>
<![CDATA[
[[ATTACHMENT|apps/game/test-results/leaderboard-Leaderboard-Pa-5bf6d--when-game-is-not-completed-mobile-chrome-pixel5/test-failed-1.png]]

[[ATTACHMENT|apps/game/test-results/leaderboard-Leaderboard-Pa-5bf6d--when-game-is-not-completed-mobile-chrome-pixel5/error-context.md]]
]]>
</system-out>
</testcase>
<testcase name="Leaderboard Page › should not show back button when game is completed" classname="leaderboard.spec.ts" time="16.365">
<failure message="leaderboard.spec.ts:98:3 should not show back button when game is completed" type="FAILURE">
<![CDATA[  [mobile-chrome-pixel5] › leaderboard.spec.ts:98:3 › Leaderboard Page › should not show back button when game is completed 

    TimeoutError: locator.click: Timeout 15000ms exceeded.
    Call log:
      - waiting for locator('.start-btn')


       9 |     // Start game with default player to initialize store
      10 |     const startBtn = page.locator('.start-btn')
    > 11 |     await startBtn.click()
         |                    ^
      12 |     await page.waitForTimeout(2000)
      13 |
      14 |     // Wait for round-start to complete
        at /home/cloudcrusader/projects/riddle-rush-mono-repo/apps/game/tests/e2e/leaderboard.spec.ts:11:20

    attachment #1: screenshot (image/png) ──────────────────────────────────────────────────────────
    ../../test-results/leaderboard-Leaderboard-Pa-526f6-tton-when-game-is-completed-mobile-chrome-pixel5/test-failed-1.png
    ────────────────────────────────────────────────────────────────────────────────────────────────

    Error Context: ../../test-results/leaderboard-Leaderboard-Pa-526f6-tton-when-game-is-completed-mobile-chrome-pixel5/error-context.md
]]>
</failure>
<system-out>
<![CDATA[
[[ATTACHMENT|apps/game/test-results/leaderboard-Leaderboard-Pa-526f6-tton-when-game-is-completed-mobile-chrome-pixel5/test-failed-1.png]]

[[ATTACHMENT|apps/game/test-results/leaderboard-Leaderboard-Pa-526f6-tton-when-game-is-completed-mobile-chrome-pixel5/error-context.md]]
]]>
</system-out>
</testcase>
<testcase name="Leaderboard Page › should show game complete message when game is completed" classname="leaderboard.spec.ts" time="16.367">
<failure message="leaderboard.spec.ts:106:3 should show game complete message when game is completed" type="FAILURE">
<![CDATA[  [mobile-chrome-pixel5] › leaderboard.spec.ts:106:3 › Leaderboard Page › should show game complete message when game is completed 

    TimeoutError: locator.click: Timeout 15000ms exceeded.
    Call log:
      - waiting for locator('.start-btn')


       9 |     // Start game with default player to initialize store
      10 |     const startBtn = page.locator('.start-btn')
    > 11 |     await startBtn.click()
         |                    ^
      12 |     await page.waitForTimeout(2000)
      13 |
      14 |     // Wait for round-start to complete
        at /home/cloudcrusader/projects/riddle-rush-mono-repo/apps/game/tests/e2e/leaderboard.spec.ts:11:20

    attachment #1: screenshot (image/png) ──────────────────────────────────────────────────────────
    ../../test-results/leaderboard-Leaderboard-Pa-4f842-sage-when-game-is-completed-mobile-chrome-pixel5/test-failed-1.png
    ────────────────────────────────────────────────────────────────────────────────────────────────

    Error Context: ../../test-results/leaderboard-Leaderboard-Pa-4f842-sage-when-game-is-completed-mobile-chrome-pixel5/error-context.md
]]>
</failure>
<system-out>
<![CDATA[
[[ATTACHMENT|apps/game/test-results/leaderboard-Leaderboard-Pa-4f842-sage-when-game-is-completed-mobile-chrome-pixel5/test-failed-1.png]]

[[ATTACHMENT|apps/game/test-results/leaderboard-Leaderboard-Pa-4f842-sage-when-game-is-completed-mobile-chrome-pixel5/error-context.md]]
]]>
</system-out>
</testcase>
<testcase name="Leaderboard Page › should have scroll bar decoration" classname="leaderboard.spec.ts" time="16.335">
<failure message="leaderboard.spec.ts:116:3 should have scroll bar decoration" type="FAILURE">
<![CDATA[  [mobile-chrome-pixel5] › leaderboard.spec.ts:116:3 › Leaderboard Page › should have scroll bar decoration 

    TimeoutError: locator.click: Timeout 15000ms exceeded.
    Call log:
      - waiting for locator('.start-btn')


       9 |     // Start game with default player to initialize store
      10 |     const startBtn = page.locator('.start-btn')
    > 11 |     await startBtn.click()
         |                    ^
      12 |     await page.waitForTimeout(2000)
      13 |
      14 |     // Wait for round-start to complete
        at /home/cloudcrusader/projects/riddle-rush-mono-repo/apps/game/tests/e2e/leaderboard.spec.ts:11:20

    attachment #1: screenshot (image/png) ──────────────────────────────────────────────────────────
    ../../test-results/leaderboard-Leaderboard-Pa-1b5d3--have-scroll-bar-decoration-mobile-chrome-pixel5/test-failed-1.png
    ────────────────────────────────────────────────────────────────────────────────────────────────

    Error Context: ../../test-results/leaderboard-Leaderboard-Pa-1b5d3--have-scroll-bar-decoration-mobile-chrome-pixel5/error-context.md
]]>
</failure>
<system-out>
<![CDATA[
[[ATTACHMENT|apps/game/test-results/leaderboard-Leaderboard-Pa-1b5d3--have-scroll-bar-decoration-mobile-chrome-pixel5/test-failed-1.png]]

[[ATTACHMENT|apps/game/test-results/leaderboard-Leaderboard-Pa-1b5d3--have-scroll-bar-decoration-mobile-chrome-pixel5/error-context.md]]
]]>
</system-out>
</testcase>
<testcase name="Leaderboard Page › should be responsive on mobile" classname="leaderboard.spec.ts" time="16.386">
<failure message="leaderboard.spec.ts:121:3 should be responsive on mobile" type="FAILURE">
<![CDATA[  [mobile-chrome-pixel5] › leaderboard.spec.ts:121:3 › Leaderboard Page › should be responsive on mobile 

    TimeoutError: locator.click: Timeout 15000ms exceeded.
    Call log:
      - waiting for locator('.start-btn')


       9 |     // Start game with default player to initialize store
      10 |     const startBtn = page.locator('.start-btn')
    > 11 |     await startBtn.click()
         |                    ^
      12 |     await page.waitForTimeout(2000)
      13 |
      14 |     // Wait for round-start to complete
        at /home/cloudcrusader/projects/riddle-rush-mono-repo/apps/game/tests/e2e/leaderboard.spec.ts:11:20

    attachment #1: screenshot (image/png) ──────────────────────────────────────────────────────────
    ../../test-results/leaderboard-Leaderboard-Page-should-be-responsive-on-mobile-mobile-chrome-pixel5/test-failed-1.png
    ────────────────────────────────────────────────────────────────────────────────────────────────

    Error Context: ../../test-results/leaderboard-Leaderboard-Page-should-be-responsive-on-mobile-mobile-chrome-pixel5/error-context.md
]]>
</failure>
<system-out>
<![CDATA[
[[ATTACHMENT|apps/game/test-results/leaderboard-Leaderboard-Page-should-be-responsive-on-mobile-mobile-chrome-pixel5/test-failed-1.png]]

[[ATTACHMENT|apps/game/test-results/leaderboard-Leaderboard-Page-should-be-responsive-on-mobile-mobile-chrome-pixel5/error-context.md]]
]]>
</system-out>
</testcase>
<testcase name="Leaderboard Page › should have entries sorted by score descending" classname="leaderboard.spec.ts" time="16.343">
<failure message="leaderboard.spec.ts:133:3 should have entries sorted by score descending" type="FAILURE">
<![CDATA[  [mobile-chrome-pixel5] › leaderboard.spec.ts:133:3 › Leaderboard Page › should have entries sorted by score descending 

    TimeoutError: locator.click: Timeout 15000ms exceeded.
    Call log:
      - waiting for locator('.start-btn')


       9 |     // Start game with default player to initialize store
      10 |     const startBtn = page.locator('.start-btn')
    > 11 |     await startBtn.click()
         |                    ^
      12 |     await page.waitForTimeout(2000)
      13 |
      14 |     // Wait for round-start to complete
        at /home/cloudcrusader/projects/riddle-rush-mono-repo/apps/game/tests/e2e/leaderboard.spec.ts:11:20

    attachment #1: screenshot (image/png) ──────────────────────────────────────────────────────────
    ../../test-results/leaderboard-Leaderboard-Pa-325a9--sorted-by-score-descending-mobile-chrome-pixel5/test-failed-1.png
    ────────────────────────────────────────────────────────────────────────────────────────────────

    Error Context: ../../test-results/leaderboard-Leaderboard-Pa-325a9--sorted-by-score-descending-mobile-chrome-pixel5/error-context.md
]]>
</failure>
<system-out>
<![CDATA[
[[ATTACHMENT|apps/game/test-results/leaderboard-Leaderboard-Pa-325a9--sorted-by-score-descending-mobile-chrome-pixel5/test-failed-1.png]]

[[ATTACHMENT|apps/game/test-results/leaderboard-Leaderboard-Pa-325a9--sorted-by-score-descending-mobile-chrome-pixel5/error-context.md]]
]]>
</system-out>
</testcase>
<testcase name="Leaderboard Page › should navigate to round-start when next round clicked (game not completed)" classname="leaderboard.spec.ts" time="16.163">
<failure message="leaderboard.spec.ts:147:3 should navigate to round-start when next round clicked (game not completed)" type="FAILURE">
<![CDATA[  [mobile-chrome-pixel5] › leaderboard.spec.ts:147:3 › Leaderboard Page › should navigate to round-start when next round clicked (game not completed) 

    TimeoutError: locator.click: Timeout 15000ms exceeded.
    Call log:
      - waiting for locator('.start-btn')


       9 |     // Start game with default player to initialize store
      10 |     const startBtn = page.locator('.start-btn')
    > 11 |     await startBtn.click()
         |                    ^
      12 |     await page.waitForTimeout(2000)
      13 |
      14 |     // Wait for round-start to complete
        at /home/cloudcrusader/projects/riddle-rush-mono-repo/apps/game/tests/e2e/leaderboard.spec.ts:11:20

    attachment #1: screenshot (image/png) ──────────────────────────────────────────────────────────
    ../../test-results/leaderboard-Leaderboard-Pa-53d9b-clicked-game-not-completed--mobile-chrome-pixel5/test-failed-1.png
    ────────────────────────────────────────────────────────────────────────────────────────────────

    Error Context: ../../test-results/leaderboard-Leaderboard-Pa-53d9b-clicked-game-not-completed--mobile-chrome-pixel5/error-context.md
]]>
</failure>
<system-out>
<![CDATA[
[[ATTACHMENT|apps/game/test-results/leaderboard-Leaderboard-Pa-53d9b-clicked-game-not-completed--mobile-chrome-pixel5/test-failed-1.png]]

[[ATTACHMENT|apps/game/test-results/leaderboard-Leaderboard-Pa-53d9b-clicked-game-not-completed--mobile-chrome-pixel5/error-context.md]]
]]>
</system-out>
</testcase>
</testsuite>
<testsuite name="offline.spec.ts" timestamp="2026-01-29T14:14:19.708Z" hostname="mobile-chrome-pixel5" tests="3" failures="2" skipped="0" time="19.045" errors="0">
<testcase name="Offline Functionality › should work offline after initial load" classname="offline.spec.ts" time="4.48">
<failure message="offline.spec.ts:4:3 should work offline after initial load" type="FAILURE">
<![CDATA[  [mobile-chrome-pixel5] › offline.spec.ts:4:3 › Offline Functionality › should work offline after initial load 

    Error: page.reload: net::ERR_INTERNET_DISCONNECTED
    Call log:
      - waiting for navigation until "load"


      14 |
      15 |     // Reload page
    > 16 |     await page.reload()
         |                ^
      17 |
      18 |     // Page should still load from cache
      19 |     await expect(page.locator('body')).toBeVisible()
        at /home/cloudcrusader/projects/riddle-rush-mono-repo/apps/game/tests/e2e/offline.spec.ts:16:16

    attachment #1: screenshot (image/png) ──────────────────────────────────────────────────────────
    ../../test-results/offline-Offline-Functional-91c72--offline-after-initial-load-mobile-chrome-pixel5/test-failed-1.png
    ────────────────────────────────────────────────────────────────────────────────────────────────
]]>
</failure>
<system-out>
<![CDATA[
[[ATTACHMENT|apps/game/test-results/offline-Offline-Functional-91c72--offline-after-initial-load-mobile-chrome-pixel5/test-failed-1.png]]
]]>
</system-out>
</testcase>
<testcase name="Offline Functionality › should show offline indicator when offline" classname="offline.spec.ts" time="2.285">
</testcase>
<testcase name="Offline Functionality › should restore online state" classname="offline.spec.ts" time="12.28">
<failure message="offline.spec.ts:63:3 should restore online state" type="FAILURE">
<![CDATA[  [mobile-chrome-pixel5] › offline.spec.ts:63:3 › Offline Functionality › should restore online state 

    Error: expect(locator).toBeVisible() failed

    Locator:  locator('body')
    Expected: visible
    Received: hidden
    Timeout:  10000ms

    Call log:
      - Expect "toBeVisible" with timeout 10000ms
      - waiting for locator('body')
        14 × locator resolved to <body>…</body>
           - unexpected value "hidden"


      77 |     // App should be online again
      78 |     const page_content = page.locator('body')
    > 79 |     await expect(page_content).toBeVisible()
         |                                ^
      80 |   })
      81 | })
      82 |
        at /home/cloudcrusader/projects/riddle-rush-mono-repo/apps/game/tests/e2e/offline.spec.ts:79:32

    attachment #1: screenshot (image/png) ──────────────────────────────────────────────────────────
    ../../test-results/offline-Offline-Functionality-should-restore-online-state-mobile-chrome-pixel5/test-failed-1.png
    ────────────────────────────────────────────────────────────────────────────────────────────────
]]>
</failure>
<system-out>
<![CDATA[
[[ATTACHMENT|apps/game/test-results/offline-Offline-Functionality-should-restore-online-state-mobile-chrome-pixel5/test-failed-1.png]]
]]>
</system-out>
</testcase>
</testsuite>
<testsuite name="players.spec.ts" timestamp="2026-01-29T14:14:19.708Z" hostname="mobile-chrome-pixel5" tests="10" failures="10" skipped="0" time="108.831" errors="0">
<testcase name="Players Management Page › should display players page with all elements" classname="players.spec.ts" time="10.894">
<failure message="players.spec.ts:17:3 should display players page with all elements" type="FAILURE">
<![CDATA[  [mobile-chrome-pixel5] › players.spec.ts:17:3 › Players Management Page › should display players page with all elements 

    TimeoutError: page.waitForSelector: Timeout 10000ms exceeded.
    Call log:
      - waiting for locator('.players-page') to be visible


      12 |       })
      13 |     // Wait for page content to be visible
    > 14 |     await page.waitForSelector('.players-page', { state: 'visible', timeout: 10000 })
         |                ^
      15 |   })
      16 |
      17 |   test('should display players page with all elements', async ({ page }) => {
        at /home/cloudcrusader/projects/riddle-rush-mono-repo/apps/game/tests/e2e/players.spec.ts:14:16

    attachment #1: screenshot (image/png) ──────────────────────────────────────────────────────────
    ../../test-results/players-Players-Management-23fe4-yers-page-with-all-elements-mobile-chrome-pixel5/test-failed-1.png
    ────────────────────────────────────────────────────────────────────────────────────────────────

    Error Context: ../../test-results/players-Players-Management-23fe4-yers-page-with-all-elements-mobile-chrome-pixel5/error-context.md
]]>
</failure>
<system-out>
<![CDATA[
[[ATTACHMENT|apps/game/test-results/players-Players-Management-23fe4-yers-page-with-all-elements-mobile-chrome-pixel5/test-failed-1.png]]

[[ATTACHMENT|apps/game/test-results/players-Players-Management-23fe4-yers-page-with-all-elements-mobile-chrome-pixel5/error-context.md]]
]]>
</system-out>
</testcase>
<testcase name="Players Management Page › should display initial player" classname="players.spec.ts" time="10.788">
<failure message="players.spec.ts:39:3 should display initial player" type="FAILURE">
<![CDATA[  [mobile-chrome-pixel5] › players.spec.ts:39:3 › Players Management Page › should display initial player 

    TimeoutError: page.waitForSelector: Timeout 10000ms exceeded.
    Call log:
      - waiting for locator('.players-page') to be visible


      12 |       })
      13 |     // Wait for page content to be visible
    > 14 |     await page.waitForSelector('.players-page', { state: 'visible', timeout: 10000 })
         |                ^
      15 |   })
      16 |
      17 |   test('should display players page with all elements', async ({ page }) => {
        at /home/cloudcrusader/projects/riddle-rush-mono-repo/apps/game/tests/e2e/players.spec.ts:14:16

    attachment #1: screenshot (image/png) ──────────────────────────────────────────────────────────
    ../../test-results/players-Players-Management-a306b-ould-display-initial-player-mobile-chrome-pixel5/test-failed-1.png
    ────────────────────────────────────────────────────────────────────────────────────────────────

    Error Context: ../../test-results/players-Players-Management-a306b-ould-display-initial-player-mobile-chrome-pixel5/error-context.md
]]>
</failure>
<system-out>
<![CDATA[
[[ATTACHMENT|apps/game/test-results/players-Players-Management-a306b-ould-display-initial-player-mobile-chrome-pixel5/test-failed-1.png]]

[[ATTACHMENT|apps/game/test-results/players-Players-Management-a306b-ould-display-initial-player-mobile-chrome-pixel5/error-context.md]]
]]>
</system-out>
</testcase>
<testcase name="Players Management Page › should show empty slots for remaining players" classname="players.spec.ts" time="10.927">
<failure message="players.spec.ts:46:3 should show empty slots for remaining players" type="FAILURE">
<![CDATA[  [mobile-chrome-pixel5] › players.spec.ts:46:3 › Players Management Page › should show empty slots for remaining players 

    TimeoutError: page.waitForSelector: Timeout 10000ms exceeded.
    Call log:
      - waiting for locator('.players-page') to be visible


      12 |       })
      13 |     // Wait for page content to be visible
    > 14 |     await page.waitForSelector('.players-page', { state: 'visible', timeout: 10000 })
         |                ^
      15 |   })
      16 |
      17 |   test('should display players page with all elements', async ({ page }) => {
        at /home/cloudcrusader/projects/riddle-rush-mono-repo/apps/game/tests/e2e/players.spec.ts:14:16

    attachment #1: screenshot (image/png) ──────────────────────────────────────────────────────────
    ../../test-results/players-Players-Management-e59b0-slots-for-remaining-players-mobile-chrome-pixel5/test-failed-1.png
    ────────────────────────────────────────────────────────────────────────────────────────────────

    Error Context: ../../test-results/players-Players-Management-e59b0-slots-for-remaining-players-mobile-chrome-pixel5/error-context.md
]]>
</failure>
<system-out>
<![CDATA[
[...]

    TimeoutError: locator.click: Timeout 15000ms exceeded.
    Call log:
      - waiting for locator('.start-btn')


       9 |     // Start game with default player to initialize store
      10 |     const startBtn = page.locator('.start-btn')
    > 11 |     await startBtn.click()
         |                    ^
      12 |     await page.waitForTimeout(500)
      13 |
      14 |     // Now navigate to results
        at /home/cloudcrusader/projects/riddle-rush-mono-repo/apps/game/tests/e2e/results.spec.ts:11:20

    attachment #1: screenshot (image/png) ──────────────────────────────────────────────────────────
    ../../test-results/results-Results-Scoring-Pa-da0c7-in-animation-on-scores-list-mobile-chrome-pixel5/test-failed-1.png
    ────────────────────────────────────────────────────────────────────────────────────────────────

    Error Context: ../../test-results/results-Results-Scoring-Pa-da0c7-in-animation-on-scores-list-mobile-chrome-pixel5/error-context.md
]]>
</failure>
<system-out>
<![CDATA[
[[ATTACHMENT|apps/game/test-results/results-Results-Scoring-Pa-da0c7-in-animation-on-scores-list-mobile-chrome-pixel5/test-failed-1.png]]

[[ATTACHMENT|apps/game/test-results/results-Results-Scoring-Pa-da0c7-in-animation-on-scores-list-mobile-chrome-pixel5/error-context.md]]
]]>
</system-out>
</testcase>
<testcase name="Results/Scoring Page › should have slide-up animation on action buttons" classname="results.spec.ts" time="16.447">
<failure message="results.spec.ts:196:3 should have slide-up animation on action buttons" type="FAILURE">
<![CDATA[  [mobile-chrome-pixel5] › results.spec.ts:196:3 › Results/Scoring Page › should have slide-up animation on action buttons 

    TimeoutError: locator.click: Timeout 15000ms exceeded.
    Call log:
      - waiting for locator('.start-btn')


       9 |     // Start game with default player to initialize store
      10 |     const startBtn = page.locator('.start-btn')
    > 11 |     await startBtn.click()
         |                    ^
      12 |     await page.waitForTimeout(500)
      13 |
      14 |     // Now navigate to results
        at /home/cloudcrusader/projects/riddle-rush-mono-repo/apps/game/tests/e2e/results.spec.ts:11:20

    attachment #1: screenshot (image/png) ──────────────────────────────────────────────────────────
    ../../test-results/results-Results-Scoring-Pa-563c6-animation-on-action-buttons-mobile-chrome-pixel5/test-failed-1.png
    ────────────────────────────────────────────────────────────────────────────────────────────────

    Error Context: ../../test-results/results-Results-Scoring-Pa-563c6-animation-on-action-buttons-mobile-chrome-pixel5/error-context.md
]]>
</failure>
<system-out>
<![CDATA[
[[ATTACHMENT|apps/game/test-results/results-Results-Scoring-Pa-563c6-animation-on-action-buttons-mobile-chrome-pixel5/test-failed-1.png]]

[[ATTACHMENT|apps/game/test-results/results-Results-Scoring-Pa-563c6-animation-on-action-buttons-mobile-chrome-pixel5/error-context.md]]
]]>
</system-out>
</testcase>
</testsuite>
<testsuite name="round-start.spec.ts" timestamp="2026-01-29T14:14:19.708Z" hostname="mobile-chrome-pixel5" tests="10" failures="10" skipped="0" time="170.219" errors="0">
<testcase name="Round Start Page › should display round-start page with all elements" classname="round-start.spec.ts" time="16.93">
<failure message="round-start.spec.ts:26:3 should display round-start page with all elements" type="FAILURE">
<![CDATA[  [mobile-chrome-pixel5] › round-start.spec.ts:26:3 › Round Start Page › should display round-start page with all elements 

    TimeoutError: locator.click: Timeout 15000ms exceeded.
    Call log:
      - waiting for locator('.start-btn')


      17 |
      18 |     const startBtn = page.locator('.start-btn')
    > 19 |     await startBtn.click()
         |                    ^
      20 |     await page.waitForTimeout(500)
      21 |
      22 |     // Should navigate to round-start
        at /home/cloudcrusader/projects/riddle-rush-mono-repo/apps/game/tests/e2e/round-start.spec.ts:19:20

    attachment #1: screenshot (image/png) ──────────────────────────────────────────────────────────
    ../../test-results/round-start-Round-Start-Pa-ee94f-tart-page-with-all-elements-mobile-chrome-pixel5/test-failed-1.png
    ────────────────────────────────────────────────────────────────────────────────────────────────

    Error Context: ../../test-results/round-start-Round-Start-Pa-ee94f-tart-page-with-all-elements-mobile-chrome-pixel5/error-context.md
]]>
</failure>
<system-out>
<![CDATA[
[[ATTACHMENT|apps/game/test-results/round-start-Round-Start-Pa-ee94f-tart-page-with-all-elements-mobile-chrome-pixel5/test-failed-1.png]]

[[ATTACHMENT|apps/game/test-results/round-start-Round-Start-Pa-ee94f-tart-page-with-all-elements-mobile-chrome-pixel5/error-context.md]]
]]>
</system-out>
</testcase>
<testcase name="Round Start Page › should spin both wheels automatically" classname="round-start.spec.ts" time="16.992">
<failure message="round-start.spec.ts:44:3 should spin both wheels automatically" type="FAILURE">
<![CDATA[  [mobile-chrome-pixel5] › round-start.spec.ts:44:3 › Round Start Page › should spin both wheels automatically 

    TimeoutError: locator.click: Timeout 15000ms exceeded.
    Call log:
      - waiting for locator('.start-btn')


      17 |
      18 |     const startBtn = page.locator('.start-btn')
    > 19 |     await startBtn.click()
         |                    ^
      20 |     await page.waitForTimeout(500)
      21 |
      22 |     // Should navigate to round-start
        at /home/cloudcrusader/projects/riddle-rush-mono-repo/apps/game/tests/e2e/round-start.spec.ts:19:20

    attachment #1: screenshot (image/png) ──────────────────────────────────────────────────────────
    ../../test-results/round-start-Round-Start-Pa-d9480-n-both-wheels-automatically-mobile-chrome-pixel5/test-failed-1.png
    ────────────────────────────────────────────────────────────────────────────────────────────────

    Error Context: ../../test-results/round-start-Round-Start-Pa-d9480-n-both-wheels-automatically-mobile-chrome-pixel5/error-context.md
]]>
</failure>
<system-out>
<![CDATA[
[[ATTACHMENT|apps/game/test-results/round-start-Round-Start-Pa-d9480-n-both-wheels-automatically-mobile-chrome-pixel5/test-failed-1.png]]

[[ATTACHMENT|apps/game/test-results/round-start-Round-Start-Pa-d9480-n-both-wheels-automatically-mobile-chrome-pixel5/error-context.md]]
]]>
</system-out>
</testcase>
<testcase name="Round Start Page › should display selected category and letter after spinning" classname="round-start.spec.ts" time="16.958">
<failure message="round-start.spec.ts:57:3 should display selected category and letter after spinning" type="FAILURE">
<![CDATA[  [mobile-chrome-pixel5] › round-start.spec.ts:57:3 › Round Start Page › should display selected category and letter after spinning 

    TimeoutError: locator.click: Timeout 15000ms exceeded.
    Call log:
      - waiting for locator('.start-btn')


      17 |
      18 |     const startBtn = page.locator('.start-btn')
    > 19 |     await startBtn.click()
         |                    ^
      20 |     await page.waitForTimeout(500)
      21 |
      22 |     // Should navigate to round-start
        at /home/cloudcrusader/projects/riddle-rush-mono-repo/apps/game/tests/e2e/round-start.spec.ts:19:20

    attachment #1: screenshot (image/png) ──────────────────────────────────────────────────────────
    ../../test-results/round-start-Round-Start-Pa-8d8ad-y-and-letter-after-spinning-mobile-chrome-pixel5/test-failed-1.png
    ────────────────────────────────────────────────────────────────────────────────────────────────

    Error Context: ../../test-results/round-start-Round-Start-Pa-8d8ad-y-and-letter-after-spinning-mobile-chrome-pixel5/error-context.md
]]>
</failure>
<system-out>
<![CDATA[
[[ATTACHMENT|apps/game/test-results/round-start-Round-Start-Pa-8d8ad-y-and-letter-after-spinning-mobile-chrome-pixel5/test-failed-1.png]]

[[ATTACHMENT|apps/game/test-results/round-start-Round-Start-Pa-8d8ad-y-and-letter-after-spinning-mobile-chrome-pixel5/error-context.md]]
]]>
</system-out>
</testcase>
<testcase name="Round Start Page › should automatically navigate to game after selection" classname="round-start.spec.ts" time="16.989">
<failure message="round-start.spec.ts:70:3 should automatically navigate to game after selection" type="FAILURE">
<![CDATA[  [mobile-chrome-pixel5] › round-start.spec.ts:70:3 › Round Start Page › should automatically navigate to game after selection 

    TimeoutError: locator.click: Timeout 15000ms exceeded.
    Call log:
      - waiting for locator('.start-btn')


      17 |
      18 |     const startBtn = page.locator('.start-btn')
    > 19 |     await startBtn.click()
         |                    ^
      20 |     await page.waitForTimeout(500)
      21 |
      22 |     // Should navigate to round-start
        at /home/cloudcrusader/projects/riddle-rush-mono-repo/apps/game/tests/e2e/round-start.spec.ts:19:20

    attachment #1: screenshot (image/png) ──────────────────────────────────────────────────────────
    ../../test-results/round-start-Round-Start-Pa-f2f6a-ate-to-game-after-selection-mobile-chrome-pixel5/test-failed-1.png
    ────────────────────────────────────────────────────────────────────────────────────────────────

    Error Context: ../../test-results/round-start-Round-Start-Pa-f2f6a-ate-to-game-after-selection-mobile-chrome-pixel5/error-context.md
]]>
</failure>
<system-out>
<![CDATA[
[[ATTACHMENT|apps/game/test-results/round-start-Round-Start-Pa-f2f6a-ate-to-game-after-selection-mobile-chrome-pixel5/test-failed-1.png]]

[[ATTACHMENT|apps/game/test-results/round-start-Round-Start-Pa-f2f6a-ate-to-game-after-selection-mobile-chrome-pixel5/error-context.md]]
]]>
</system-out>
</testcase>
<testcase name="Round Start Page › should display round indicator" classname="round-start.spec.ts" time="17.019">
<failure message="round-start.spec.ts:80:3 should display round indicator" type="FAILURE">
<![CDATA[  [mobile-chrome-pixel5] › round-start.spec.ts:80:3 › Round Start Page › should display round indicator 

    TimeoutError: locator.click: Timeout 15000ms exceeded.
    Call log:
      - waiting for locator('.start-btn')


      17 |
      18 |     const startBtn = page.locator('.start-btn')
    > 19 |     await startBtn.click()
         |                    ^
      20 |     await page.waitForTimeout(500)
      21 |
      22 |     // Should navigate to round-start
        at /home/cloudcrusader/projects/riddle-rush-mono-repo/apps/game/tests/e2e/round-start.spec.ts:19:20

    attachment #1: screenshot (image/png) ──────────────────────────────────────────────────────────
    ../../test-results/round-start-Round-Start-Page-should-display-round-indicator-mobile-chrome-pixel5/test-failed-1.png
    ────────────────────────────────────────────────────────────────────────────────────────────────

    Error Context: ../../test-results/round-start-Round-Start-Page-should-display-round-indicator-mobile-chrome-pixel5/error-context.md
]]>
</failure>
<system-out>
<![CDATA[
[[ATTACHMENT|apps/game/test-results/round-start-Round-Start-Page-should-display-round-indicator-mobile-chrome-pixel5/test-failed-1.png]]

[[ATTACHMENT|apps/game/test-results/round-start-Round-Start-Page-should-display-round-indicator-mobile-chrome-pixel5/error-context.md]]
]]>
</system-out>
</testcase>
<testcase name="Round Start Page › should be responsive on mobile" classname="round-start.spec.ts" time="17.006">
<failure message="round-start.spec.ts:85:3 should be responsive on mobile" type="FAILURE">
<![CDATA[  [mobile-chrome-pixel5] › round-start.spec.ts:85:3 › Round Start Page › should be responsive on mobile 

    TimeoutError: locator.click: Timeout 15000ms exceeded.
    Call log:
      - waiting for locator('.start-btn')


      17 |
      18 |     const startBtn = page.locator('.start-btn')
    > 19 |     await startBtn.click()
         |                    ^
      20 |     await page.waitForTimeout(500)
      21 |
      22 |     // Should navigate to round-start
        at /home/cloudcrusader/projects/riddle-rush-mono-repo/apps/game/tests/e2e/round-start.spec.ts:19:20

    attachment #1: screenshot (image/png) ──────────────────────────────────────────────────────────
    ../../test-results/round-start-Round-Start-Page-should-be-responsive-on-mobile-mobile-chrome-pixel5/test-failed-1.png
    ────────────────────────────────────────────────────────────────────────────────────────────────

    Error Context: ../../test-results/round-start-Round-Start-Page-should-be-responsive-on-mobile-mobile-chrome-pixel5/error-context.md
]]>
</failure>
<system-out>
<![CDATA[
[[ATTACHMENT|apps/game/test-results/round-start-Round-Start-Page-should-be-responsive-on-mobile-mobile-chrome-pixel5/test-failed-1.png]]

[[ATTACHMENT|apps/game/test-results/round-start-Round-Start-Page-should-be-responsive-on-mobile-mobile-chrome-pixel5/error-context.md]]
]]>
</system-out>
</testcase>
<testcase name="Round Counter Logic › should display &quot;Round 1&quot; on initial game start" classname="round-start.spec.ts" time="17.017">
<failure message="round-start.spec.ts:105:3 should display &quot;Round 1&quot; on initial game start" type="FAILURE">
<![CDATA[  [mobile-chrome-pixel5] › round-start.spec.ts:105:3 › Round Counter Logic › should display "Round 1" on initial game start 

    TimeoutError: locator.click: Timeout 15000ms exceeded.
    Call log:
      - waiting for locator('.start-btn')


      109 |
      110 |     const startBtn = page.locator('.start-btn')
    > 111 |     await startBtn.click()
          |                    ^
      112 |
      113 |     // Should navigate to round-start
      114 |     await expect(page).toHaveURL(/\/round-start/)
        at /home/cloudcrusader/projects/riddle-rush-mono-repo/apps/game/tests/e2e/round-start.spec.ts:111:20

    attachment #1: screenshot (image/png) ──────────────────────────────────────────────────────────
    ../../test-results/round-start-Round-Counter--306df-und-1-on-initial-game-start-mobile-chrome-pixel5/test-failed-1.png
    ────────────────────────────────────────────────────────────────────────────────────────────────

    Error Context: ../../test-results/round-start-Round-Counter--306df-und-1-on-initial-game-start-mobile-chrome-pixel5/error-context.md
]]>
</failure>
<system-out>
<![CDATA[
[[ATTACHMENT|apps/game/test-results/round-start-Round-Counter--306df-und-1-on-initial-game-start-mobile-chrome-pixel5/test-failed-1.png]]

[[ATTACHMENT|apps/game/test-results/round-start-Round-Counter--306df-und-1-on-initial-game-start-mobile-chrome-pixel5/error-context.md]]
]]>
</system-out>
</testcase>
<testcase name="Round Counter Logic › should show &quot;Round 2&quot; after completing round 1 and clicking next round" classname="round-start.spec.ts" time="17.05">
<failure message="round-start.spec.ts:122:3 should show &quot;Round 2&quot; after completing round 1 and clicking next round" type="FAILURE">
<![CDATA[  [mobile-chrome-pixel5] › round-start.spec.ts:122:3 › Round Counter Logic › should show "Round 2" after completing round 1 and clicking next round 

    TimeoutError: locator.click: Timeout 15000ms exceeded.
    Call log:
      - waiting for locator('.start-btn')


      128 |
      129 |     const startBtn = page.locator('.start-btn')
    > 130 |     await startBtn.click()
          |                    ^
      131 |     await expect(page).toHaveURL(/\/round-start/)
      132 |
      133 |     // Wait for automatic navigation to game
        at /home/cloudcrusader/projects/riddle-rush-mono-repo/apps/game/tests/e2e/round-start.spec.ts:130:20

    attachment #1: screenshot (image/png) ──────────────────────────────────────────────────────────
    ../../test-results/round-start-Round-Counter--085c9-d-1-and-clicking-next-round-mobile-chrome-pixel5/test-failed-1.png
    ────────────────────────────────────────────────────────────────────────────────────────────────

    Error Context: ../../test-results/round-start-Round-Counter--085c9-d-1-and-clicking-next-round-mobile-chrome-pixel5/error-context.md
]]>
</failure>
<system-out>
<![CDATA[
[[ATTACHMENT|apps/game/test-results/round-start-Round-Counter--085c9-d-1-and-clicking-next-round-mobile-chrome-pixel5/test-failed-1.png]]

[[ATTACHMENT|apps/game/test-results/round-start-Round-Counter--085c9-d-1-and-clicking-next-round-mobile-chrome-pixel5/error-context.md]]
]]>
</system-out>
</testcase>
<testcase name="Round Counter Logic › page refresh should not increment round counter" classname="round-start.spec.ts" time="17.082">
<failure message="round-start.spec.ts:187:3 page refresh should not increment round counter" type="FAILURE">
<![CDATA[  [mobile-chrome-pixel5] › round-start.spec.ts:187:3 › Round Counter Logic › page refresh should not increment round counter 

    TimeoutError: locator.click: Timeout 15000ms exceeded.
    Call log:
      - waiting for locator('.start-btn')


      191 |
      192 |     const startBtn = page.locator('.start-btn')
    > 193 |     await startBtn.click()
          |                    ^
      194 |
      195 |     // Wait for round-start page
      196 |     await expect(page).toHaveURL(/\/round-start/)
        at /home/cloudcrusader/projects/riddle-rush-mono-repo/apps/game/tests/e2e/round-start.spec.ts:193:20

    attachment #1: screenshot (image/png) ──────────────────────────────────────────────────────────
    ../../test-results/round-start-Round-Counter--15628-not-increment-round-counter-mobile-chrome-pixel5/test-failed-1.png
    ────────────────────────────────────────────────────────────────────────────────────────────────

    Error Context: ../../test-results/round-start-Round-Counter--15628-not-increment-round-counter-mobile-chrome-pixel5/error-context.md
]]>
</failure>
<system-out>
<![CDATA[
[[ATTACHMENT|apps/game/test-results/round-start-Round-Counter--15628-not-increment-round-counter-mobile-chrome-pixel5/test-failed-1.png]]

[[ATTACHMENT|apps/game/test-results/round-start-Round-Counter--15628-not-increment-round-counter-mobile-chrome-pixel5/error-context.md]]
]]>
</system-out>
</testcase>
<testcase name="Round Counter Logic › navigating back to round-start during active game should not increment round" classname="round-start.spec.ts" time="17.176">
<failure message="round-start.spec.ts:213:3 navigating back to round-start during active game should not increment round" type="FAILURE">
<![CDATA[  [mobile-chrome-pixel5] › round-start.spec.ts:213:3 › Round Counter Logic › navigating back to round-start during active game should not increment round 

    TimeoutError: locator.click: Timeout 15000ms exceeded.
    Call log:
      - waiting for locator('.start-btn')


      219 |
      220 |     const startBtn = page.locator('.start-btn')
    > 221 |     await startBtn.click()
          |                    ^
      222 |     await expect(page).toHaveURL(/\/round-start/)
      223 |
      224 |     // Wait for automatic navigation to game page
        at /home/cloudcrusader/projects/riddle-rush-mono-repo/apps/game/tests/e2e/round-start.spec.ts:221:20

    attachment #1: screenshot (image/png) ──────────────────────────────────────────────────────────
    ../../test-results/round-start-Round-Counter--5a07d--should-not-increment-round-mobile-chrome-pixel5/test-failed-1.png
    ────────────────────────────────────────────────────────────────────────────────────────────────

    Error Context: ../../test-results/round-start-Round-Counter--5a07d--should-not-increment-round-mobile-chrome-pixel5/error-context.md
]]>
</failure>
<system-out>
<![CDATA[
[[ATTACHMENT|apps/game/test-results/round-start-Round-Counter--5a07d--should-not-increment-round-mobile-chrome-pixel5/test-failed-1.png]]

[[ATTACHMENT|apps/game/test-results/round-start-Round-Counter--5a07d--should-not-increment-round-mobile-chrome-pixel5/error-context.md]]
]]>
</system-out>
</testcase>
</testsuite>
</testsuites>