<testsuites id="" name="" tests="1" failures="0" skipped="0" errors="0" time="5.775598">
<testsuite name="debug-console.spec.ts" timestamp="2026-01-22T16:04:30.557Z" hostname="mobile-chrome-pixel5" tests="1" failures="0" skipped="0" time="5.074" errors="0">
<testcase name="Debug Console Errors › should capture console errors and page content" classname="debug-console.spec.ts" time="5.074">
<system-out>
<![CDATA[
=== CONSOLE MESSAGES ===
[error] Failed to find a valid digest in the 'integrity' attribute for resource 'https://dev.riddlerush.de/_nuxt/entry.BDzcaNle.css' with computed SHA-384 integrity 'sPz8ZHaIaIsgermf54Mn49rHms/ZUuNbOthh4/oNN4fzj1cIkat0IzDQliaUoLPb'. The resource has been blocked.
[error] Failed to find a valid digest in the 'integrity' attribute for resource 'https://dev.riddlerush.de/_nuxt/BZzkGpcQ.js' with computed SHA-384 integrity 'sPz8ZHaIaIsgermf54Mn49rHms/ZUuNbOthh4/oNN4fzj1cIkat0IzDQliaUoLPb'. The resource has been blocked.

=== CONSOLE ERRORS ===
Failed to find a valid digest in the 'integrity' attribute for resource 'https://dev.riddlerush.de/_nuxt/entry.BDzcaNle.css' with computed SHA-384 integrity 'sPz8ZHaIaIsgermf54Mn49rHms/ZUuNbOthh4/oNN4fzj1cIkat0IzDQliaUoLPb'. The resource has been blocked.
Failed to find a valid digest in the 'integrity' attribute for resource 'https://dev.riddlerush.de/_nuxt/BZzkGpcQ.js' with computed SHA-384 integrity 'sPz8ZHaIaIsgermf54Mn49rHms/ZUuNbOthh4/oNN4fzj1cIkat0IzDQliaUoLPb'. The resource has been blocked.

=== PAGE HTML (first 2000 chars) ===
<!DOCTYPE html><html class="light" data-theme="light"><head><meta charset="utf-8"><meta http-equiv="Content-Security-Policy" content="base-uri 'self'; font-src 'self' https: data:; form-action 'self'; img-src 'self' data: blob:; object-src 'none'; script-src-attr 'none'; style-src 'self' https: 'unsafe-inline'; script-src 'self' https: 'unsafe-inline' 'unsafe-eval' 'sha256-IEU/arC/4f9h57RgSx5RO+Zy6fdUnirjOZblJiI/as8=' 'sha256-Sshw6Q7vpSkm8tYdS+mM1Ul1SkpnI5lrcHxLkhxdmdE=' 'sha256-1aX4ZNWo2+KSbiWSpotAcKUgJlgxAVl2+KPqUDXC0Xo=' 'sha384-9Ct7FdB0gQPK7a/NLDcN6UON42M+c9GRPR0V2/aG9DAy7WmDlVSR51kT76TxIKWs' 'sha256-TuvXU6OaccWxF8stc7dAT8+kCW9gWA3do1XJgsFgcMI='; upgrade-insecure-requests;"><meta name="viewport" content="width=device-width, initial-scale=1, maximum-scale=1, user-scalable=no, viewport-fit=cover"><title>Riddle Rush - Fun Party Game</title><link integrity="sha384-FAntYc7ycmkHq2MM+N8Mvm45QrvmxXRsViFxUn4dYfYJSGfpwgPj6K44EcM9l/iU" rel="stylesheet" href="/_nuxt/entry.BDzcaNle.css" crossorigin=""><link integrity="sha384-9Ct7FdB0gQPK7a/NLDcN6UON42M+c9GRPR0V2/aG9DAy7WmDlVSR51kT76TxIKWs" rel="modulepreload" as="script" crossorigin="" href="/_nuxt/BZzkGpcQ.js"><script integrity="sha384-9Ct7FdB0gQPK7a/NLDcN6UON42M+c9GRPR0V2/aG9DAy7WmDlVSR51kT76TxIKWs" type="module" src="/_nuxt/BZzkGpcQ.js" crossorigin=""></script><meta name="mobile-web-app-capable" content="yes"><meta name="apple-mobile-web-app-capable" content="yes"><meta name="apple-mobile-web-app-status-bar-style" content="black-translucent"><script id="unhead:payload" type="application/json">{"title":"Riddle Rush - Fun Party Game"}</script><script>"use strict";(()=>{const t=window,e=document.documentElement,c=["dark","light"],n=getStorageValue("localStorage","riddle-rush-color-mode")||"light";let i=n==="system"?u():n;const r=e.getAttribute("data-color-mode-forced");r&&(i=r),l(i),t["__NUXT_COLOR_MODE__"]={preference:n,value:i,getColorScheme:u,addColorScheme:l,removeColorScheme:d};function l(o){const s=""+o+"",a="theme";e.

=== #__nuxt content ===

]]>
</system-out>
</testcase>
</testsuite>
</testsuites>