<testsuites id="" name="" tests="82" failures="47" skipped="7" errors="0" time="325.73212700000005">
<testsuite name="credits.spec.ts" timestamp="2026-01-11T22:30:22.316Z" hostname="mobile-chrome" tests="6" failures="0" skipped="1" time="35.1" errors="0">
<testcase name="Credits Page › should load credits page successfully" classname="credits.spec.ts" time="6.774">
</testcase>
<testcase name="Credits Page › should display team credits" classname="credits.spec.ts" time="6.781">
</testcase>
<testcase name="Credits Page › should have working back button" classname="credits.spec.ts" time="7.624">
</testcase>
<testcase name="Credits Page › should have working OK button" classname="credits.spec.ts" time="6.955">
</testcase>
<testcase name="Credits Page › should display coins UI element" classname="credits.spec.ts" time="0">
<properties>
<property name="skip" value="">
</property>
</properties>
<skipped>
</skipped>
</testcase>
<testcase name="Credits Page › should have proper page styling" classname="credits.spec.ts" time="6.966">
</testcase>
</testsuite>
<testsuite name="debug-console.spec.ts" timestamp="2026-01-11T22:30:22.316Z" hostname="mobile-chrome" tests="1" failures="0" skipped="0" time="6.089" errors="0">
<testcase name="Debug Console Errors › should capture console errors and page content" classname="debug-console.spec.ts" time="6.089">
<system-out>
<![CDATA[
=== CONSOLE MESSAGES ===
[debug] [vite] connecting...
[debug] [vite] connected.
[warning] [Vue warn]: Directive "motion-slide-left" has already been registered in target app.
[warning] [Vue warn]: Directive "motion-slide-right" has already been registered in target app.
[warning] [Vue warn]: Directive "motion-fade" has already been registered in target app.
[warning] [WARN] [Feature Flags] GitLab Feature Flags not configured. Using fallback to local settings.
[log] [LOG] Performance mark: app-init-start
[log] [LOG] Performance tools available at window.__performance__
[warning] [Vue warn]: onUnmounted is called when there is no active component instance to be associated with. Lifecycle injection APIs can only be used during execution of setup(). If you are using async setup(), make sure to register lifecycle hooks before the first await statement.
[log] ✨ %cNuxt DevTools %c Press Shift + Alt + D to open DevTools color: black; border-radius: 3px 0 0 3px; padding: 2px 2px 1px 10px; background: #00DC82 border-radius: 0 3px 3px 0; padding: 2px 10px 1px 2px; background: #00DC8220 
[log] [LOG] Performance mark: vue-setup-start
[info] <Suspense> is an experimental feature and its API will likely change.
[warning] [Vue warn]: Runtime directive used on component with non-element root node. The directives will not function as intended. 
  at <NuxtLayout > 
  at <App key=4 > 
  at <NuxtRoot>
[log] [LOG] Performance measure: app-init = 128.00ms
[log] [LOG] App mounted
[log] 🔌 WebSocket feature disabled - skipping auto-connect
[warning] [WARN] Failed to measure performance: page-transition SyntaxError: Failed to execute 'measure' on 'Performance': The mark 'page-transition-start' does not exist.
    at measure (http://localhost:3000/_nuxt/composables/usePerformance.ts:29:19)
    at http://localhost:3000/_nuxt/plugins/performance.client.ts:24:5
    at http://localhost:3000/_nuxt/@fs/home/cloudcrusader/projects/riddle-rush-mono-repo/node_modules/.pnpm/hookable@5.5.3/node_modules/hookable/dist/index.mjs?v=316d8820:48:66
    at http://localhost:3000/_nuxt/@fs/home/cloudcrusader/projects/riddle-rush-mono-repo/node_modules/.pnpm/hookable@5.5.3/node_modules/hookable/dist/index.mjs?v=316d8820:48:56
    at async onResolve (http://localhost:3000/_nuxt/@fs/home/cloudcrusader/projects/riddle-rush-mono-repo/node_modules/.pnpm/nuxt@4.2.2_@parcel+watcher@2.5.1_@types+node@22.19.5_@vercel+functions@3.3.4_@aws-sdk+c_a8a578365309b057deeacd460c566b8e/node_modules/nuxt/dist/pages/runtime/page.js?v=316d8820:136:21)

=== CONSOLE ERRORS ===

=== PAGE HTML (first 2000 chars) ===
<!DOCTYPE html><html class="light" data-theme="light" style="--vueuse-safe-area-top: env(safe-area-inset-top, 0px); --vueuse-safe-area-right: env(safe-area-inset-right, 0px); --vueuse-safe-area-bottom: env(safe-area-inset-bottom, 0px); --vueuse-safe-area-left: env(safe-area-inset-left, 0px);"><head><meta charset="utf-8"><meta name="viewport" content="width=device-width, initial-scale=1, maximum-scale=1, user-scalable=no, viewport-fit=cover"><title>Riddle Rush - Credits</title><link rel="modulepreload" as="script" crossorigin="" href="/_nuxt/home/cloudcrusader/projects/riddle-rush-mono-repo/node_modules/.pnpm/nuxt@4.2.2_@parcel+watcher@2.5.1_@types+node@22.19.5_@vercel+functions@3.3.4_@aws-sdk+c_a8a578365309b057deeacd460c566b8e/node_modules/nuxt/dist/app/entry.async.js"><script type="module" src="/_nuxt/@vite/client" crossorigin=""></script><script type="module" src="/_nuxt/home/cloudcrusader/projects/riddle-rush-mono-repo/node_modules/.pnpm/nuxt@4.2.2_@parcel+watcher@2.5.1_@types+node@22.19.5_@vercel+functions@3.3.4_@aws-sdk+c_a8a578365309b057deeacd460c566b8e/node_modules/nuxt/dist/app/entry.async.js" crossorigin=""></script><meta name="apple-mobile-web-app-capable" content="yes"><meta name="apple-mobile-web-app-status-bar-style" content="black-translucent"><script id="unhead:payload" type="application/json">{"title":"Riddle Rush - Fun Party Game"}</script><script>
if (!window.__NUXT_DEVTOOLS_TIME_METRIC__) {
  Object.defineProperty(window, '__NUXT_DEVTOOLS_TIME_METRIC__', {
    value: {},
    enumerable: false,
    configurable: true,
  })
}
window.__NUXT_DEVTOOLS_TIME_METRIC__.appInit = Date.now()
</script><script>"use strict";(()=>{const t=window,e=document.documentElement,c=["dark","light"],n=getStorageValue("localStorage","riddle-rush-color-mode")||"light";let i=n==="system"?u():n;const r=e.getAttribute("data-color-mode-forced");r&&(i=r),l(i),t["__NUXT_COLOR_MODE__"]={preference:n,value:i,getColorScheme:u,addColorScheme:l,removeColorScheme:d};function l(o){cons

=== #__nuxt content ===
<div id="app" class="app-container"><div data-v-f2d967f7="" class="splash-screen fade-out-leave-active fade-out-leave-to"><!-- Background Image --><img data-v-f2d967f7="" src="/assets/splash/background.png" alt="Background" class="splash-bg"><!-- Logo --><div data-v-f2d967f7="" class="logo-container animate-fade-in"><img data-v-f2d967f7="" src="/assets/splash/LOGO.png" alt="Logo" class="logo-image"></div><!-- Loading Bar --><div data-v-f2d967f7="" class="loading-container animate-slide-up"><img data-v-f2d967f7="" src="/assets/splash/LOADING_.png" alt="Loading" class="loading-text"><div data-v-f2d967f7="" class="loading-bar-wrapper"><img data-v-f2d967f7="" src="/assets/splash/loading-down.png" alt="Loading bar background" class="loading-bar-bg-img"><div data-v-f2d967f7="" class="loading-bar-track"><img data-v-f2d967f7="" src="/assets/splash/loading-top.png" alt="Loading bar fill" class="loading-bar-fill-img" style="clip-path: inset(0px 0% 0px 0px);"></div></div><div data-v-f2d967f7="" class="loading-percentage">100%</div></div></div><!--v-if--><div data-v-433a9abd="" class="layout-container"><!-- Connection Status Indicator --><!--v-if--><!-- Background Image (if provided by page) --><!--v-if--><!-- Main Content --><div data-v-433a9abd="" class="page-content"><div data-v-78ad16e9="" class="credits-page"><!-- Background Image --><img data-v-78ad16e9="" src="/assets/main-menu/BACKGROUND.png" alt="Background" class="page-bg"><!-- Back Button --><button data-v-78ad16e9="" class="back-btn tap-highlight no-select"><img data-v-78ad16e9="" src="/assets/language/back.png" alt="Back"></button><!-- Main Container --><div data-v-78ad16e9="" class="container"><!-- Title --><div data-v-78ad16e9="" class="title-container animate-fade-in"><img data-v-78ad16e9="" src="/assets/main-menu/CREDITS.png" alt="CREDITS" class="title-image"></div><!-- Credits Panel --><div class="credits-panel animate-scale-in" data-v-78ad16e9=""><!-- Game Design --><div class="credit-section" data-v-78ad16e9=""><h2 class="section-heading" data-v-78ad16e9="">Game Design</h2><div class="credit-box" data-v-78ad16e9=""><span class="credit-name" data-v-78ad16e9="">Tobi</span><span class="credit-divider" data-v-78ad16e9=""></span><span class="credit-name" data-v-78ad16e9="">Sophia</span></div></div><!-- Programming --><div class="credit-section" data-v-78ad16e9=""><h2 class="section-heading" data-v-78ad16e9="">Programming</h2><div class="credit-box" data-v-78ad16e9=""><span class="credit-name" data-v-78ad16e9="">Markus</span></div></div><!-- Art --><div class="credit-section" data-v-78ad16e9=""><h2 class="section-heading" data-v-78ad16e9="">Art</h2><div class="credit-box" data-v-78ad16e9=""><span class="credit-name" data-v-78ad16e9="">Sarmad Ali</span></div></div></div><!-- OK Button --><button data-v-78ad16e9="" class="ok-btn tap-highlight no-select animate-slide-up"><img data-v-78ad16e9="" src="/assets/leaderboard/ok.png" alt="OK"></button></div></div></div><!-- Global Loading Overlay --><!--v-if--></div><div data-v-3fc632e9="" class="toast-container"></div><!--v-if--><!--teleport start--><!--teleport end--></div>
]]>
</system-out>
</testcase>
</testsuite>
<testsuite name="game-complete-flow.spec.ts" timestamp="2026-01-11T22:30:22.316Z" hostname="mobile-chrome" tests="14" failures="8" skipped="0" time="385.759" errors="0">
<testcase name="Complete Game Flow › Single Player Flow › should complete full game flow from menu to leaderboard" classname="game-complete-flow.spec.ts" time="14.063">
<failure message="game-complete-flow.spec.ts:16:5 should complete full game flow from menu to leaderboard" type="FAILURE">
<![CDATA[  [mobile-chrome] › game-complete-flow.spec.ts:16:5 › Complete Game Flow › Single Player Flow › should complete full game flow from menu to leaderboard 

    Error: expect(locator).toBeVisible() failed

    Locator: locator('.round-indicator')
    Expected: visible
    Timeout: 5000ms
    Error: element(s) not found

    Call log:
      - Expect "toBeVisible" with timeout 5000ms
      - waiting for locator('.round-indicator')


      50 |       // Verify we're on game page
      51 |       const roundIndicator = page.locator('.round-indicator')
    > 52 |       await expect(roundIndicator).toBeVisible()
         |                                    ^
      53 |     })
      54 |
      55 |     test('should display game elements correctly', async ({ page }) => {
        at /home/cloudcrusader/projects/riddle-rush-mono-repo/apps/game/tests/e2e/game-complete-flow.spec.ts:52:36

    attachment #1: screenshot (image/png) ──────────────────────────────────────────────────────────
    ../../test-results/game-complete-flow-Complet-a358b-ow-from-menu-to-leaderboard-mobile-chrome/test-failed-1.png
    ────────────────────────────────────────────────────────────────────────────────────────────────

    Error Context: ../../test-results/game-complete-flow-Complet-a358b-ow-from-menu-to-leaderboard-mobile-chrome/error-context.md
]]>
</failure>
<system-out>
<![CDATA[
[[ATTACHMENT|apps/game/test-results/game-complete-flow-Complet-a358b-ow-from-menu-to-leaderboard-mobile-chrome/test-failed-1.png]]

[[ATTACHMENT|apps/game/test-results/game-complete-flow-Complet-a358b-ow-from-menu-to-leaderboard-mobile-chrome/error-context.md]]
]]>
</system-out>
</testcase>
<testcase name="Complete Game Flow › Single Player Flow › should display game elements correctly" classname="game-complete-flow.spec.ts" time="3.119">
</testcase>
<testcase name="Complete Game Flow › Single Player Flow › should handle game input" classname="game-complete-flow.spec.ts" time="3.105">
</testcase>
<testcase name="Complete Game Flow › Single Player Flow › should not show player turn indicator in single player mode" classname="game-complete-flow.spec.ts" time="1.379">
</testcase>
<testcase name="Complete Game Flow › Navigation › should navigate through scoring to leaderboard" classname="game-complete-flow.spec.ts" time="14.485">
</testcase>
<testcase name="Complete Game Flow › Navigation › should return to menu from leaderboard when game completed" classname="game-complete-flow.spec.ts" time="6.547">
</testcase>
<testcase name="Complete Game Flow › Navigation › should handle browser back button navigation" classname="game-complete-flow.spec.ts" time="12.519">
<failure message="game-complete-flow.spec.ts:170:5 should handle browser back button navigation" type="FAILURE">
<![CDATA[  [mobile-chrome] › game-complete-flow.spec.ts:170:5 › Complete Game Flow › Navigation › should handle browser back button navigation 

    Error: expect(page).toHaveURL(expected) failed

    Expected pattern: /\/players/
    Received string:  "http://localhost:3000/game/470a25b4-419f-414b-b5c6-3273a21593de"
    Timeout: 5000ms

    Call log:
      - Expect "toHaveURL" with timeout 5000ms
        9 × unexpected value "http://localhost:3000/game/470a25b4-419f-414b-b5c6-3273a21593de"


      178 |       await page.goBack()
      179 |       await page.waitForTimeout(300)
    > 180 |       await expect(page).toHaveURL(/\/players/)
          |                          ^
      181 |
      182 |       await page.goBack()
      183 |       await page.waitForTimeout(300)
        at /home/cloudcrusader/projects/riddle-rush-mono-repo/apps/game/tests/e2e/game-complete-flow.spec.ts:180:26

    attachment #1: screenshot (image/png) ──────────────────────────────────────────────────────────
    ../../test-results/game-complete-flow-Complet-60490-wser-back-button-navigation-mobile-chrome/test-failed-1.png
    ────────────────────────────────────────────────────────────────────────────────────────────────

    Error Context: ../../test-results/game-complete-flow-Complet-60490-wser-back-button-navigation-mobile-chrome/error-context.md
]]>
</failure>
<system-out>
<![CDATA[
[[ATTACHMENT|apps/game/test-results/game-complete-flow-Complet-60490-wser-back-button-navigation-mobile-chrome/test-failed-1.png]]

[[ATTACHMENT|apps/game/test-results/game-complete-flow-Complet-60490-wser-back-button-navigation-mobile-chrome/error-context.md]]
]]>
</system-out>
</testcase>
<testcase name="Complete Game Flow › Navigation › should maintain score changes through navigation" classname="game-complete-flow.spec.ts" time="13.993">
</testcase>
<testcase name="Complete Game Flow › Multi-Player Flow › complete multi-player game: players → round-start → game → results → leaderboard → next round" classname="game-complete-flow.spec.ts" time="60.269">
<failure message="game-complete-flow.spec.ts:243:5 complete multi-player game: players → round-start → game → results → leaderboard → next round" type="FAILURE">
<![CDATA[  [mobile-chrome] › game-complete-flow.spec.ts:243:5 › Complete Game Flow › Multi-Player Flow › complete multi-player game: players → round-start → game → results → leaderboard → next round 

    Test timeout of 60000ms exceeded.

    Error: locator.click: Test timeout of 60000ms exceeded.
    Call log:
      - waiting for locator('.add-btn')


      248 |         await dialog.accept(player3Name)
      249 |       })
    > 250 |       await addBtn.click()
          |                    ^
      251 |       await page.waitForTimeout(300)
      252 |
      253 |       // Verify 3 players
        at /home/cloudcrusader/projects/riddle-rush-mono-repo/apps/game/tests/e2e/game-complete-flow.spec.ts:250:20

    attachment #1: screenshot (image/png) ──────────────────────────────────────────────────────────
    ../../test-results/game-complete-flow-Complet-fcd0f--→-leaderboard-→-next-round-mobile-chrome/test-failed-1.png
    ────────────────────────────────────────────────────────────────────────────────────────────────

    Error Context: ../../test-results/game-complete-flow-Complet-fcd0f--→-leaderboard-→-next-round-mobile-chrome/error-context.md
]]>
</failure>
<system-out>
<![CDATA[
[[ATTACHMENT|apps/game/test-results/game-complete-flow-Complet-fcd0f--→-leaderboard-→-next-round-mobile-chrome/test-failed-1.png]]

[[ATTACHMENT|apps/game/test-results/game-complete-flow-Complet-fcd0f--→-leaderboard-→-next-round-mobile-chrome/error-context.md]]
]]>
</system-out>
</testcase>
<testcase name="Complete Game Flow › Multi-Player Flow › should show NEXT button only when all players submitted" classname="game-complete-flow.spec.ts" time="60.11">
<failure message="game-complete-flow.spec.ts:421:5 should show NEXT button only when all players submitted" type="FAILURE">
<![CDATA[  [mobile-chrome] › game-complete-flow.spec.ts:421:5 › Complete Game Flow › Multi-Player Flow › should show NEXT button only when all players submitted 

    Test timeout of 60000ms exceeded.

    Error: locator.fill: Test timeout of 60000ms exceeded.
    Call log:
      - waiting for locator('.answer-input')


      438 |       // After first player - should NOT show button
      439 |       const ans1 = generateAnswer()
    > 440 |       await answerInput.fill(ans1)
          |                         ^
      441 |       await submitBtn.click()
      442 |       await page.waitForTimeout(500)
      443 |
        at /home/cloudcrusader/projects/riddle-rush-mono-repo/apps/game/tests/e2e/game-complete-flow.spec.ts:440:25

    attachment #1: screenshot (image/png) ──────────────────────────────────────────────────────────
    ../../test-results/game-complete-flow-Complet-4f477--when-all-players-submitted-mobile-chrome/test-failed-1.png
    ────────────────────────────────────────────────────────────────────────────────────────────────

    Error Context: ../../test-results/game-complete-flow-Complet-4f477--when-all-players-submitted-mobile-chrome/error-context.md
]]>
</failure>
<system-out>
<![CDATA[
[[ATTACHMENT|apps/game/test-results/game-complete-flow-Complet-4f477--when-all-players-submitted-mobile-chrome/test-failed-1.png]]

[[ATTACHMENT|apps/game/test-results/game-complete-flow-Complet-4f477--when-all-players-submitted-mobile-chrome/error-context.md]]
]]>
</system-out>
</testcase>
<testcase name="Complete Game Flow › Multi-Player Flow › should preserve player names across rounds" classname="game-complete-flow.spec.ts" time="60.255">
<failure message="game-complete-flow.spec.ts:460:5 should preserve player names across rounds" type="FAILURE">
<![CDATA[  [mobile-chrome] › game-complete-flow.spec.ts:460:5 › Complete Game Flow › Multi-Player Flow › should preserve player names across rounds 

    Test timeout of 60000ms exceeded.

    Error: locator.click: Test timeout of 60000ms exceeded.
    Call log:
      - waiting for locator('.add-btn')


      470 |         await dialog.accept(customPlayer3)
      471 |       })
    > 472 |       await page.locator('.add-btn').click()
          |                                      ^
      473 |       await page.waitForTimeout(300)
      474 |
      475 |       // Start and complete first round
        at /home/cloudcrusader/projects/riddle-rush-mono-repo/apps/game/tests/e2e/game-complete-flow.spec.ts:472:38

    attachment #1: screenshot (image/png) ──────────────────────────────────────────────────────────
    ../../test-results/game-complete-flow-Complet-9724b--player-names-across-rounds-mobile-chrome/test-failed-1.png
    ────────────────────────────────────────────────────────────────────────────────────────────────

    Error Context: ../../test-results/game-complete-flow-Complet-9724b--player-names-across-rounds-mobile-chrome/error-context.md
]]>
</failure>
<system-out>
<![CDATA[
[[ATTACHMENT|apps/game/test-results/game-complete-flow-Complet-9724b--player-names-across-rounds-mobile-chrome/test-failed-1.png]]

[[ATTACHMENT|apps/game/test-results/game-complete-flow-Complet-9724b--player-names-across-rounds-mobile-chrome/error-context.md]]
]]>
</system-out>
</testcase>
<testcase name="Complete Game Flow › Multi-Round Games with Champion › should play multiple rounds with accumulating points and declare champion" classname="game-complete-flow.spec.ts" time="15.707">
<failure message="game-complete-flow.spec.ts:531:5 should play multiple rounds with accumulating points and declare champion" type="FAILURE">
<![CDATA[  [mobile-chrome] › game-complete-flow.spec.ts:531:5 › Complete Game Flow › Multi-Round Games with Champion › should play multiple rounds with accumulating points and declare champion 

    Error: expect(locator).toBeVisible() failed

    Locator: locator('.round-indicator')
    Expected: visible
    Timeout: 5000ms
    Error: element(s) not found

    Call log:
      - Expect "toBeVisible" with timeout 5000ms
      - waiting for locator('.round-indicator')


      583 |
      584 |       const roundIndicator = page.locator('.round-indicator')
    > 585 |       await expect(roundIndicator).toBeVisible()
          |                                    ^
      586 |       await expect(roundIndicator).toContainText('1')
      587 |
      588 |       // 5. Navigate to results for Round 1
        at /home/cloudcrusader/projects/riddle-rush-mono-repo/apps/game/tests/e2e/game-complete-flow.spec.ts:585:36

    attachment #1: screenshot (image/png) ──────────────────────────────────────────────────────────
    ../../test-results/game-complete-flow-Complet-ac6b6-points-and-declare-champion-mobile-chrome/test-failed-1.png
    ────────────────────────────────────────────────────────────────────────────────────────────────

    Error Context: ../../test-results/game-complete-flow-Complet-ac6b6-points-and-declare-champion-mobile-chrome/error-context.md
]]>
</failure>
<system-out>
<![CDATA[
[[ATTACHMENT|apps/game/test-results/game-complete-flow-Complet-ac6b6-points-and-declare-champion-mobile-chrome/test-failed-1.png]]

[[ATTACHMENT|apps/game/test-results/game-complete-flow-Complet-ac6b6-points-and-declare-champion-mobile-chrome/error-context.md]]
]]>
</system-out>
</testcase>
<testcase name="Complete Game Flow › Multi-Round Games with Champion › should handle 3 rounds with point accumulation" classname="game-complete-flow.spec.ts" time="60.115">
<failure message="game-complete-flow.spec.ts:683:5 should handle 3 rounds with point accumulation" type="FAILURE">
<![CDATA[  [mobile-chrome] › game-complete-flow.spec.ts:683:5 › Complete Game Flow › Multi-Round Games with Champion › should handle 3 rounds with point accumulation 

    Test timeout of 60000ms exceeded.

    Error: locator.textContent: Test timeout of 60000ms exceeded.
    Call log:
      - waiting for locator('.leaderboard-item').first().locator('.player-total-score')


      762 |             .nth(i)
      763 |             .locator('.player-total-score')
    > 764 |             .textContent()
          |              ^
      765 |           scores.push(Number.parseInt(scoreText || '0'))
      766 |         }
      767 |
        at /home/cloudcrusader/projects/riddle-rush-mono-repo/apps/game/tests/e2e/game-complete-flow.spec.ts:764:14

    attachment #1: screenshot (image/png) ──────────────────────────────────────────────────────────
    ../../test-results/game-complete-flow-Complet-c8cdc-nds-with-point-accumulation-mobile-chrome/test-failed-1.png
    ────────────────────────────────────────────────────────────────────────────────────────────────

    Error Context: ../../test-results/game-complete-flow-Complet-c8cdc-nds-with-point-accumulation-mobile-chrome/error-context.md
]]>
</failure>
<system-out>
<![CDATA[
[[ATTACHMENT|apps/game/test-results/game-complete-flow-Complet-c8cdc-nds-with-point-accumulation-mobile-chrome/test-failed-1.png]]

[[ATTACHMENT|apps/game/test-results/game-complete-flow-Complet-c8cdc-nds-with-point-accumulation-mobile-chrome/error-context.md]]
]]>
</system-out>
</testcase>
<testcase name="Complete Game Flow › Multi-Round Games with Champion › should correctly calculate and display cumulative scores" classname="game-complete-flow.spec.ts" time="60.093">
<failure message="game-complete-flow.spec.ts:781:5 should correctly calculate and display cumulative scores" type="FAILURE">
<![CDATA[  [mobile-chrome] › game-complete-flow.spec.ts:781:5 › Complete Game Flow › Multi-Round Games with Champion › should correctly calculate and display cumulative scores 

    Test timeout of 60000ms exceeded.

    Error: locator.fill: Test timeout of 60000ms exceeded.
    Call log:
      - waiting for locator('.answer-input')


      818 |       // Round 1
      819 |       const r1ans1 = generateAnswer()
    > 820 |       await answerInput.fill(r1ans1)
          |                         ^
      821 |       await submitBtn.click()
      822 |       await page.waitForTimeout(300)
      823 |
        at /home/cloudcrusader/projects/riddle-rush-mono-repo/apps/game/tests/e2e/game-complete-flow.spec.ts:820:25

    attachment #1: screenshot (image/png) ──────────────────────────────────────────────────────────
    ../../test-results/game-complete-flow-Complet-914f4-d-display-cumulative-scores-mobile-chrome/test-failed-1.png
    ────────────────────────────────────────────────────────────────────────────────────────────────

    Error Context: ../../test-results/game-complete-flow-Complet-914f4-d-display-cumulative-scores-mobile-chrome/error-context.md
]]>
</failure>
<system-out>
<![CDATA[
[[ATTACHMENT|apps/game/test-results/game-complete-flow-Complet-914f4-d-display-cumulative-scores-mobile-chrome/test-failed-1.png]]

[[ATTACHMENT|apps/game/test-results/game-complete-flow-Complet-914f4-d-display-cumulative-scores-mobile-chrome/error-context.md]]
]]>
</system-out>
</testcase>
</testsuite>
<testsuite name="language.spec.ts" timestamp="2026-01-11T22:30:22.316Z" hostname="mobile-chrome" tests="12" failures="4" skipped="0" time="111.789" errors="0">
<testcase name="Language Selection Page › should load language page successfully" classname="language.spec.ts" time="1.412">
</testcase>
<testcase name="Language Selection Page › should display language options" classname="language.spec.ts" time="1.972">
</testcase>
<testcase name="Language Selection Page › should show checkmark on selected language" classname="language.spec.ts" time="2.677">
</testcase>
<testcase name="Language Selection Page › should allow selecting English" classname="language.spec.ts" time="4.864">
</testcase>
<testcase name="Language Selection Page › should allow selecting German" classname="language.spec.ts" time="4.709">
</testcase>
<testcase name="Language Selection Page › should switch between languages" classname="language.spec.ts" time="4.735">
</testcase>
<testcase name="Language Selection Page › should have working OK button" classname="language.spec.ts" time="5.368">
<failure message="language.spec.ts:121:3 should have working OK button" type="FAILURE">
<![CDATA[  [mobile-chrome] › language.spec.ts:121:3 › Language Selection Page › should have working OK button 

    Error: expect(received).not.toContain(expected) // indexOf

    Expected substring: not "/language"
    Received string:        "http://localhost:3000/language?lang=en"

      128 |       await page.waitForTimeout(500)
      129 |       const url = page.url()
    > 130 |       expect(url).not.toContain('/language')
          |                       ^
      131 |     }
      132 |   })
      133 |
        at /home/cloudcrusader/projects/riddle-rush-mono-repo/apps/game/tests/e2e/language.spec.ts:130:23

    attachment #1: screenshot (image/png) ──────────────────────────────────────────────────────────
    ../../test-results/language-Language-Selectio-721cf-ould-have-working-OK-button-mobile-chrome/test-failed-1.png
    ────────────────────────────────────────────────────────────────────────────────────────────────

    Error Context: ../../test-results/language-Language-Selectio-721cf-ould-have-working-OK-button-mobile-chrome/error-context.md
]]>
</failure>
<system-out>
<![CDATA[
[[ATTACHMENT|apps/game/test-results/language-Language-Selectio-721cf-ould-have-working-OK-button-mobile-chrome/test-failed-1.png]]

[[ATTACHMENT|apps/game/test-results/language-Language-Selectio-721cf-ould-have-working-OK-button-mobile-chrome/error-context.md]]
]]>
</system-out>
</testcase>
<testcase name="Language Selection Page › should confirm language selection with OK button" classname="language.spec.ts" time="5.211">
<failure message="language.spec.ts:148:3 should confirm language selection with OK button" type="FAILURE">
<![CDATA[  [mobile-chrome] › language.spec.ts:148:3 › Language Selection Page › should confirm language selection with OK button 

    Error: expect(received).not.toContain(expected) // indexOf

    Expected substring: not "/language"
    Received string:        "http://localhost:3000/language?lang=en"

      153 |     await page.waitForTimeout(500)
      154 |     const url = page.url()
    > 155 |     expect(url).not.toContain('/language')
          |                     ^
      156 |   })
      157 |
      158 |   test('should display flags correctly', async ({ page }) => {
        at /home/cloudcrusader/projects/riddle-rush-mono-repo/apps/game/tests/e2e/language.spec.ts:155:21

    attachment #1: screenshot (image/png) ──────────────────────────────────────────────────────────
    ../../test-results/language-Language-Selectio-8ebef-ge-selection-with-OK-button-mobile-chrome/test-failed-1.png
    ────────────────────────────────────────────────────────────────────────────────────────────────

    Error Context: ../../test-results/language-Language-Selectio-8ebef-ge-selection-with-OK-button-mobile-chrome/error-context.md
]]>
</failure>
<system-out>
<![CDATA[
[[ATTACHMENT|apps/game/test-results/language-Language-Selectio-8ebef-ge-selection-with-OK-button-mobile-chrome/test-failed-1.png]]

[[ATTACHMENT|apps/game/test-results/language-Language-Selectio-8ebef-ge-selection-with-OK-button-mobile-chrome/error-context.md]]
]]>
</system-out>
</testcase>
<testcase name="Language Selection Page › should display flags correctly" classname="language.spec.ts" time="2.395">
</testcase>
<testcase name="Language Selection Page › should have proper page styling" classname="language.spec.ts" time="1.933">
</testcase>
<testcase name="Language Switching Behavior › uses browser language by default and persists selection" classname="language.spec.ts" time="16.222">
<failure message="language.spec.ts:220:3 uses browser language by default and persists selection" type="FAILURE">
<![CDATA[  [mobile-chrome] › language.spec.ts:220:3 › Language Switching Behavior › uses browser language by default and persists selection 

    Error: expect(locator).toBeVisible() failed

    Locator: locator('.menu-item').filter({ hasText: 'Sprache' })
    Expected: visible
    Timeout: 5000ms
    Error: element(s) not found

    Call log:
      - Expect "toBeVisible" with timeout 5000ms
      - waiting for locator('.menu-item').filter({ hasText: 'Sprache' })


      224 |
      225 |     await page.locator('.options-btn').click()
    > 226 |     await expect(page.locator('.menu-item').filter({ hasText: 'Sprache' })).toBeVisible()
          |                                                                             ^
      227 |     await expect(page.locator('.menu-item').filter({ hasText: 'Einstellungen' })).toBeVisible()
      228 |   })
      229 |
        at /home/cloudcrusader/projects/riddle-rush-mono-repo/apps/game/tests/e2e/language.spec.ts:226:77

    attachment #1: screenshot (image/png) ──────────────────────────────────────────────────────────
    ../../test-results/language-Language-Switchin-89134-ault-and-persists-selection-mobile-chrome/test-failed-1.png
    ────────────────────────────────────────────────────────────────────────────────────────────────

    Error Context: ../../test-results/language-Language-Switchin-89134-ault-and-persists-selection-mobile-chrome/error-context.md
]]>
</failure>
<system-out>
<![CDATA[
[[ATTACHMENT|apps/game/test-results/language-Language-Switchin-89134-ault-and-persists-selection-mobile-chrome/test-failed-1.png]]

[[ATTACHMENT|apps/game/test-results/language-Language-Switchin-89134-ault-and-persists-selection-mobile-chrome/error-context.md]]
]]>
</system-out>
</testcase>
<testcase name="Language Switching Behavior › respects ?lang query and preserves it when selecting a different locale" classname="language.spec.ts" time="60.291">
<failure message="language.spec.ts:260:3 respects ?lang query and preserves it when selecting a different locale" type="FAILURE">
<![CDATA[  [mobile-chrome] › language.spec.ts:260:3 › Language Switching Behavior › respects ?lang query and preserves it when selecting a different locale 

    Test timeout of 60000ms exceeded.

    Error: locator.click: Test timeout of 60000ms exceeded.
    Call log:
      - waiting for locator('.options-btn')
        - waiting for" http://localhost:3000/language?lang=en" navigation to finish...
        - navigated to "http://localhost:3000/language?lang=en"


      252 |     expect(page.url()).toContain('lang=en')
      253 |
    > 254 |     await page.locator('.options-btn').click()
          |                                        ^
      255 |     await expect(page.locator('.menu-item').filter({ hasText: 'Language' })).toBeVisible()
      256 |   })
      257 | })
        at /home/cloudcrusader/projects/riddle-rush-mono-repo/apps/game/tests/e2e/language.spec.ts:254:40

    attachment #1: screenshot (image/png) ──────────────────────────────────────────────────────────
    ../../test-results/language-Language-Switchin-95417-electing-a-different-locale-mobile-chrome/test-failed-1.png
    ────────────────────────────────────────────────────────────────────────────────────────────────

    Error Context: ../../test-results/language-Language-Switchin-95417-electing-a-different-locale-mobile-chrome/error-context.md
]]>
</failure>
<system-out>
<![CDATA[
[[ATTACHMENT|apps/game/test-results/language-Language-Switchin-95417-electing-a-different-locale-mobile-chrome/test-failed-1.png]]

[[ATTACHMENT|apps/game/test-results/language-Language-Switchin-95417-electing-a-different-locale-mobile-chrome/error-context.md]]
]]>
</system-out>
</testcase>
</testsuite>
<testsuite name="leaderboard.spec.ts" timestamp="2026-01-11T22:30:22.316Z" hostname="mobile-chrome" tests="13" failures="13" skipped="0" time="216.83" errors="0">
<testcase name="Leaderboard Page › should display leaderboard page with all elements" classname="leaderboard.spec.ts" time="16.857">
<failure message="leaderboard.spec.ts:24:3 should display leaderboard page with all elements" type="FAILURE">
<![CDATA[  [mobile-chrome] › leaderboard.spec.ts:24:3 › Leaderboard Page › should display leaderboard page with all elements 

    Error: expect(page).toHaveURL(expected) failed

    Expected pattern: /\/round-start/
    Received string:  "http://localhost:3000/game/fd1eb427-e330-470d-a22f-9260040930a3"
    Timeout: 10000ms

    Call log:
      - Expect "toHaveURL" with timeout 10000ms
        14 × unexpected value "http://localhost:3000/game/fd1eb427-e330-470d-a22f-9260040930a3"


      13 |
      14 |     // Wait for round-start to complete
    > 15 |     await expect(page).toHaveURL(/\/round-start/, { timeout: 10000 })
         |                        ^
      16 |     await page.waitForTimeout(2000)
      17 |
      18 |     // Now navigate to leaderboard
        at /home/cloudcrusader/projects/riddle-rush-mono-repo/apps/game/tests/e2e/leaderboard.spec.ts:15:24

    attachment #1: screenshot (image/png) ──────────────────────────────────────────────────────────
    ../../test-results/leaderboard-Leaderboard-Pa-f6c9d-oard-page-with-all-elements-mobile-chrome/test-failed-1.png
    ────────────────────────────────────────────────────────────────────────────────────────────────

    Error Context: ../../test-results/leaderboard-Leaderboard-Pa-f6c9d-oard-page-with-all-elements-mobile-chrome/error-context.md
]]>
</failure>
<system-out>
<![CDATA[
[[ATTACHMENT|apps/game/test-results/leaderboard-Leaderboard-Pa-f6c9d-oard-page-with-all-elements-mobile-chrome/test-failed-1.png]]

[[ATTACHMENT|apps/game/test-results/leaderboard-Leaderboard-Pa-f6c9d-oard-page-with-all-elements-mobile-chrome/error-context.md]]
]]>
</system-out>
</testcase>
<testcase name="Leaderboard Page › should display leaderboard entries" classname="leaderboard.spec.ts" time="16.732">
<failure message="leaderboard.spec.ts:43:3 should display leaderboard entries" type="FAILURE">
<![CDATA[  [mobile-chrome] › leaderboard.spec.ts:43:3 › Leaderboard Page › should display leaderboard entries 

    Error: expect(page).toHaveURL(expected) failed

    Expected pattern: /\/round-start/
    Received string:  "http://localhost:3000/game/9bd3ab7b-97bf-42e8-8b8a-c70f316cd136"
    Timeout: 10000ms

    Call log:
      - Expect "toHaveURL" with timeout 10000ms
        14 × unexpected value "http://localhost:3000/game/9bd3ab7b-97bf-42e8-8b8a-c70f316cd136"


      13 |
      14 |     // Wait for round-start to complete
    > 15 |     await expect(page).toHaveURL(/\/round-start/, { timeout: 10000 })
         |                        ^
      16 |     await page.waitForTimeout(2000)
      17 |
      18 |     // Now navigate to leaderboard
        at /home/cloudcrusader/projects/riddle-rush-mono-repo/apps/game/tests/e2e/leaderboard.spec.ts:15:24

    attachment #1: screenshot (image/png) ──────────────────────────────────────────────────────────
    ../../test-results/leaderboard-Leaderboard-Pa-063a3-display-leaderboard-entries-mobile-chrome/test-failed-1.png
    ────────────────────────────────────────────────────────────────────────────────────────────────

    Error Context: ../../test-results/leaderboard-Leaderboard-Pa-063a3-display-leaderboard-entries-mobile-chrome/error-context.md
]]>
</failure>
<system-out>
<![CDATA[
[[ATTACHMENT|apps/game/test-results/leaderboard-Leaderboard-Pa-063a3-display-leaderboard-entries-mobile-chrome/test-failed-1.png]]

[[ATTACHMENT|apps/game/test-results/leaderboard-Leaderboard-Pa-063a3-display-leaderboard-entries-mobile-chrome/error-context.md]]
]]>
</system-out>
</testcase>
<testcase name="Leaderboard Page › should display rank badges" classname="leaderboard.spec.ts" time="16.701">
<failure message="leaderboard.spec.ts:57:3 should display rank badges" type="FAILURE">
<![CDATA[  [mobile-chrome] › leaderboard.spec.ts:57:3 › Leaderboard Page › should display rank badges ───────

    Error: expect(page).toHaveURL(expected) failed

    Expected pattern: /\/round-start/
    Received string:  "http://localhost:3000/game/1de195b5-41b1-4e41-b453-d1de2e604e0e"
    Timeout: 10000ms

    Call log:
      - Expect "toHaveURL" with timeout 10000ms
        14 × unexpected value "http://localhost:3000/game/1de195b5-41b1-4e41-b453-d1de2e604e0e"


      13 |
      14 |     // Wait for round-start to complete
    > 15 |     await expect(page).toHaveURL(/\/round-start/, { timeout: 10000 })
         |                        ^
      16 |     await page.waitForTimeout(2000)
      17 |
      18 |     // Now navigate to leaderboard
        at /home/cloudcrusader/projects/riddle-rush-mono-repo/apps/game/tests/e2e/leaderboard.spec.ts:15:24

    attachment #1: screenshot (image/png) ──────────────────────────────────────────────────────────
    ../../test-results/leaderboard-Leaderboard-Page-should-display-rank-badges-mobile-chrome/test-failed-1.png
    ────────────────────────────────────────────────────────────────────────────────────────────────

    Error Context: ../../test-results/leaderboard-Leaderboard-Page-should-display-rank-badges-mobile-chrome/error-context.md
]]>
</failure>
<system-out>
<![CDATA[
[[ATTACHMENT|apps/game/test-results/leaderboard-Leaderboard-Page-should-display-rank-badges-mobile-chrome/test-failed-1.png]]

[[ATTACHMENT|apps/game/test-results/leaderboard-Leaderboard-Page-should-display-rank-badges-mobile-chrome/error-context.md]]
]]>
</system-out>
</testcase>
<testcase name="Leaderboard Page › should display player info in each entry" classname="leaderboard.spec.ts" time="16.629">
<failure message="leaderboard.spec.ts:64:3 should display player info in each entry" type="FAILURE">
<![CDATA[  [mobile-chrome] › leaderboard.spec.ts:64:3 › Leaderboard Page › should display player info in each entry 

    Error: expect(page).toHaveURL(expected) failed

    Expected pattern: /\/round-start/
    Received string:  "http://localhost:3000/game/b642b805-84ef-4a28-a047-d25a8e7880f8"
    Timeout: 10000ms

    Call log:
      - Expect "toHaveURL" with timeout 10000ms
        14 × unexpected value "http://localhost:3000/game/b642b805-84ef-4a28-a047-d25a8e7880f8"


      13 |
      14 |     // Wait for round-start to complete
    > 15 |     await expect(page).toHaveURL(/\/round-start/, { timeout: 10000 })
         |                        ^
      16 |     await page.waitForTimeout(2000)
      17 |
      18 |     // Now navigate to leaderboard
        at /home/cloudcrusader/projects/riddle-rush-mono-repo/apps/game/tests/e2e/leaderboard.spec.ts:15:24

    attachment #1: screenshot (image/png) ──────────────────────────────────────────────────────────
    ../../test-results/leaderboard-Leaderboard-Pa-5b63b-y-player-info-in-each-entry-mobile-chrome/test-failed-1.png
    ────────────────────────────────────────────────────────────────────────────────────────────────

    Error Context: ../../test-results/leaderboard-Leaderboard-Pa-5b63b-y-player-info-in-each-entry-mobile-chrome/error-context.md
]]>
</failure>
<system-out>
<![CDATA[
[[ATTACHMENT|apps/game/test-results/leaderboard-Leaderboard-Pa-5b63b-y-player-info-in-each-entry-mobile-chrome/test-failed-1.png]]

[[ATTACHMENT|apps/game/test-results/leaderboard-Leaderboard-Pa-5b63b-y-player-info-in-each-entry-mobile-chrome/error-context.md]]
]]>
</system-out>
</testcase>
<testcase name="Leaderboard Page › should display player avatars" classname="leaderboard.spec.ts" time="16.634">
<failure message="leaderboard.spec.ts:74:3 should display player avatars" type="FAILURE">
<![CDATA[  [mobile-chrome] › leaderboard.spec.ts:74:3 › Leaderboard Page › should display player avatars ────

    Error: expect(page).toHaveURL(expected) failed

    Expected pattern: /\/round-start/
    Received string:  "http://localhost:3000/game/9a3e5e46-071e-4d1c-a510-32f4d286064d"
    Timeout: 10000ms

    Call log:
      - Expect "toHaveURL" with timeout 10000ms
        14 × unexpected value "http://localhost:3000/game/9a3e5e46-071e-4d1c-a510-32f4d286064d"


      13 |
      14 |     // Wait for round-start to complete
    > 15 |     await expect(page).toHaveURL(/\/round-start/, { timeout: 10000 })
         |                        ^
      16 |     await page.waitForTimeout(2000)
      17 |
      18 |     // Now navigate to leaderboard
        at /home/cloudcrusader/projects/riddle-rush-mono-repo/apps/game/tests/e2e/leaderboard.spec.ts:15:24

    attachment #1: screenshot (image/png) ──────────────────────────────────────────────────────────
    ../../test-results/leaderboard-Leaderboard-Page-should-display-player-avatars-mobile-chrome/test-failed-1.png
    ────────────────────────────────────────────────────────────────────────────────────────────────

    Error Context: ../../test-results/leaderboard-Leaderboard-Page-should-display-player-avatars-mobile-chrome/error-context.md
]]>
</failure>
<system-out>
<![CDATA[
[[ATTACHMENT|apps/game/test-results/leaderboard-Leaderboard-Page-should-display-player-avatars-mobile-chrome/test-failed-1.png]]

[[ATTACHMENT|apps/game/test-results/leaderboard-Leaderboard-Page-should-display-player-avatars-mobile-chrome/error-context.md]]
]]>
</system-out>
</testcase>
<testcase name="Leaderboard Page › should navigate to menu when clicking finish (game completed)" classname="leaderboard.spec.ts" time="16.628">
<failure message="leaderboard.spec.ts:81:3 should navigate to menu when clicking finish (game completed)" type="FAILURE">
<![CDATA[  [mobile-chrome] › leaderboard.spec.ts:81:3 › Leaderboard Page › should navigate to menu when clicking finish (game completed) 

    Error: expect(page).toHaveURL(expected) failed

    Expected pattern: /\/round-start/
    Received string:  "http://localhost:3000/game/59ed9d20-3c9d-4c6b-a4c0-fcc5cd7453d1"
    Timeout: 10000ms

    Call log:
      - Expect "toHaveURL" with timeout 10000ms
        14 × unexpected value "http://localhost:3000/game/59ed9d20-3c9d-4c6b-a4c0-fcc5cd7453d1"


      13 |
      14 |     // Wait for round-start to complete
    > 15 |     await expect(page).toHaveURL(/\/round-start/, { timeout: 10000 })
         |                        ^
      16 |     await page.waitForTimeout(2000)
      17 |
      18 |     // Now navigate to leaderboard
        at /home/cloudcrusader/projects/riddle-rush-mono-repo/apps/game/tests/e2e/leaderboard.spec.ts:15:24

    attachment #1: screenshot (image/png) ──────────────────────────────────────────────────────────
    ../../test-results/leaderboard-Leaderboard-Pa-825b4-king-finish-game-completed--mobile-chrome/test-failed-1.png
    ────────────────────────────────────────────────────────────────────────────────────────────────

    Error Context: ../../test-results/leaderboard-Leaderboard-Pa-825b4-king-finish-game-completed--mobile-chrome/error-context.md
]]>
</failure>
<system-out>
<![CDATA[
[[ATTACHMENT|apps/game/test-results/leaderboard-Leaderboard-Pa-825b4-king-finish-game-completed--mobile-chrome/test-failed-1.png]]

[[ATTACHMENT|apps/game/test-results/leaderboard-Leaderboard-Pa-825b4-king-finish-game-completed--mobile-chrome/error-context.md]]
]]>
</system-out>
</testcase>
<testcase name="Leaderboard Page › should show back button when game is not completed" classname="leaderboard.spec.ts" time="16.695">
<failure message="leaderboard.spec.ts:92:3 should show back button when game is not completed" type="FAILURE">
<![CDATA[  [mobile-chrome] › leaderboard.spec.ts:92:3 › Leaderboard Page › should show back button when game is not completed 

    Error: expect(page).toHaveURL(expected) failed

    Expected pattern: /\/round-start/
    Received string:  "http://localhost:3000/game/c7aff1f6-ae3a-4879-bc2d-824d647d140e"
    Timeout: 10000ms

    Call log:
      - Expect "toHaveURL" with timeout 10000ms
        14 × unexpected value "http://localhost:3000/game/c7aff1f6-ae3a-4879-bc2d-824d647d140e"


      13 |
      14 |     // Wait for round-start to complete
    > 15 |     await expect(page).toHaveURL(/\/round-start/, { timeout: 10000 })
         |                        ^
      16 |     await page.waitForTimeout(2000)
      17 |
      18 |     // Now navigate to leaderboard
        at /home/cloudcrusader/projects/riddle-rush-mono-repo/apps/game/tests/e2e/leaderboard.spec.ts:15:24

    attachment #1: screenshot (image/png) ──────────────────────────────────────────────────────────
    ../../test-results/leaderboard-Leaderboard-Pa-5bf6d--when-game-is-not-completed-mobile-chrome/test-failed-1.png
    ────────────────────────────────────────────────────────────────────────────────────────────────

    Error Context: ../../test-results/leaderboard-Leaderboard-Pa-5bf6d--when-game-is-not-completed-mobile-chrome/error-context.md
]]>
</failure>
<system-out>
<![CDATA[
[[ATTACHMENT|apps/game/test-results/leaderboard-Leaderboard-Pa-5bf6d--when-game-is-not-completed-mobile-chrome/test-failed-1.png]]

[[ATTACHMENT|apps/game/test-results/leaderboard-Leaderboard-Pa-5bf6d--when-game-is-not-completed-mobile-chrome/error-context.md]]
]]>
</system-out>
</testcase>
<testcase name="Leaderboard Page › should not show back button when game is completed" classname="leaderboard.spec.ts" time="16.712">
<failure message="leaderboard.spec.ts:104:3 should not show back button when game is completed" type="FAILURE">
<![CDATA[  [mobile-chrome] › leaderboard.spec.ts:104:3 › Leaderboard Page › should not show back button when game is completed 

    Error: expect(page).toHaveURL(expected) failed

    Expected pattern: /\/round-start/
    Received string:  "http://localhost:3000/game/b4faae78-8cae-419f-9c89-56233210ea1e"
    Timeout: 10000ms

    Call log:
      - Expect "toHaveURL" with timeout 10000ms
        14 × unexpected value "http://localhost:3000/game/b4faae78-8cae-419f-9c89-56233210ea1e"


      13 |
      14 |     // Wait for round-start to complete
    > 15 |     await expect(page).toHaveURL(/\/round-start/, { timeout: 10000 })
         |                        ^
      16 |     await page.waitForTimeout(2000)
      17 |
      18 |     // Now navigate to leaderboard
        at /home/cloudcrusader/projects/riddle-rush-mono-repo/apps/game/tests/e2e/leaderboard.spec.ts:15:24

    attachment #1: screenshot (image/png) ──────────────────────────────────────────────────────────
    ../../test-results/leaderboard-Leaderboard-Pa-526f6-tton-when-game-is-completed-mobile-chrome/test-failed-1.png
    ────────────────────────────────────────────────────────────────────────────────────────────────

    Error Context: ../../test-results/leaderboard-Leaderboard-Pa-526f6-tton-when-game-is-completed-mobile-chrome/error-context.md
]]>
</failure>
<system-out>
<![CDATA[
[[ATTACHMENT|apps/game/test-results/leaderboard-Leaderboard-Pa-526f6-tton-when-game-is-completed-mobile-chrome/test-failed-1.png]]

[[ATTACHMENT|apps/game/test-results/leaderboard-Leaderboard-Pa-526f6-tton-when-game-is-completed-mobile-chrome/error-context.md]]
]]>
</system-out>
</testcase>
<testcase name="Leaderboard Page › should show game complete message when game is completed" classname="leaderboard.spec.ts" time="16.667">
<failure message="leaderboard.spec.ts:113:3 should show game complete message when game is completed" type="FAILURE">
<![CDATA[  [mobile-chrome] › leaderboard.spec.ts:113:3 › Leaderboard Page › should show game complete message when game is completed 

    Error: expect(page).toHaveURL(expected) failed

    Expected pattern: /\/round-start/
    Received string:  "http://localhost:3000/game/e320faa3-f9d2-447b-92e2-9fba1e74d9a7"
    Timeout: 10000ms

    Call log:
      - Expect "toHaveURL" with timeout 10000ms
        14 × unexpected value "http://localhost:3000/game/e320faa3-f9d2-447b-92e2-9fba1e74d9a7"


      13 |
      14 |     // Wait for round-start to complete
    > 15 |     await expect(page).toHaveURL(/\/round-start/, { timeout: 10000 })
         |                        ^
      16 |     await page.waitForTimeout(2000)
      17 |
      18 |     // Now navigate to leaderboard
        at /home/cloudcrusader/projects/riddle-rush-mono-repo/apps/game/tests/e2e/leaderboard.spec.ts:15:24

    attachment #1: screenshot (image/png) ──────────────────────────────────────────────────────────
    ../../test-results/leaderboard-Leaderboard-Pa-4f842-sage-when-game-is-completed-mobile-chrome/test-failed-1.png
    ────────────────────────────────────────────────────────────────────────────────────────────────

    Error Context: ../../test-results/leaderboard-Leaderboard-Pa-4f842-sage-when-game-is-completed-mobile-chrome/error-context.md
]]>
</failure>
<system-out>
<![CDATA[
[[ATTACHMENT|apps/game/test-results/leaderboard-Leaderboard-Pa-4f842-sage-when-game-is-completed-mobile-chrome/test-failed-1.png]]

[[ATTACHMENT|apps/game/test-results/leaderboard-Leaderboard-Pa-4f842-sage-when-game-is-completed-mobile-chrome/error-context.md]]
]]>
</system-out>
</testcase>
<testcase name="Leaderboard Page › should have scroll bar decoration" classname="leaderboard.spec.ts" time="16.648">
<failure message="leaderboard.spec.ts:124:3 should have scroll bar decoration" type="FAILURE">
<![CDATA[  [mobile-chrome] › leaderboard.spec.ts:124:3 › Leaderboard Page › should have scroll bar decoration 

    Error: expect(page).toHaveURL(expected) failed

    Expected pattern: /\/round-start/
    Received string:  "http://localhost:3000/game/96035f29-91dc-4d42-8cd0-6cbff20cab6e"
    Timeout: 10000ms

    Call log:
      - Expect "toHaveURL" with timeout 10000ms
        14 × unexpected value "http://localhost:3000/game/96035f29-91dc-4d42-8cd0-6cbff20cab6e"


      13 |
      14 |     // Wait for round-start to complete
    > 15 |     await expect(page).toHaveURL(/\/round-start/, { timeout: 10000 })
         |                        ^
      16 |     await page.waitForTimeout(2000)
      17 |
      18 |     // Now navigate to leaderboard
        at /home/cloudcrusader/projects/riddle-rush-mono-repo/apps/game/tests/e2e/leaderboard.spec.ts:15:24

    attachment #1: screenshot (image/png) ──────────────────────────────────────────────────────────
    ../../test-results/leaderboard-Leaderboard-Pa-1b5d3--have-scroll-bar-decoration-mobile-chrome/test-failed-1.png
    ────────────────────────────────────────────────────────────────────────────────────────────────

    Error Context: ../../test-results/leaderboard-Leaderboard-Pa-1b5d3--have-scroll-bar-decoration-mobile-chrome/error-context.md
]]>
</failure>
<system-out>
<![CDATA[
[[ATTACHMENT|apps/game/test-results/leaderboard-Leaderboard-Pa-1b5d3--have-scroll-bar-decoration-mobile-chrome/test-failed-1.png]]

[[ATTACHMENT|apps/game/test-results/leaderboard-Leaderboard-Pa-1b5d3--have-scroll-bar-decoration-mobile-chrome/error-context.md]]
]]>
</system-out>
</testcase>
<testcase name="Leaderboard Page › should be responsive on mobile" classname="leaderboard.spec.ts" time="16.508">
<failure message="leaderboard.spec.ts:130:3 should be responsive on mobile" type="FAILURE">
<![CDATA[  [mobile-chrome] › leaderboard.spec.ts:130:3 › Leaderboard Page › should be responsive on mobile ──

    Error: expect(page).toHaveURL(expected) failed

    Expected pattern: /\/round-start/
    Received string:  "http://localhost:3000/game/97d2f6bf-90b5-4479-b4ff-b9d51e6aef2a"
    Timeout: 10000ms

    Call log:
      - Expect "toHaveURL" with timeout 10000ms
        14 × unexpected value "http://localhost:3000/game/97d2f6bf-90b5-4479-b4ff-b9d51e6aef2a"


      13 |
      14 |     // Wait for round-start to complete
    > 15 |     await expect(page).toHaveURL(/\/round-start/, { timeout: 10000 })
         |                        ^
      16 |     await page.waitForTimeout(2000)
      17 |
      18 |     // Now navigate to leaderboard
        at /home/cloudcrusader/projects/riddle-rush-mono-repo/apps/game/tests/e2e/leaderboard.spec.ts:15:24

    attachment #1: screenshot (image/png) ──────────────────────────────────────────────────────────
    ../../test-results/leaderboard-Leaderboard-Page-should-be-responsive-on-mobile-mobile-chrome/test-failed-1.png
    ────────────────────────────────────────────────────────────────────────────────────────────────

    Error Context: ../../test-results/leaderboard-Leaderboard-Page-should-be-responsive-on-mobile-mobile-chrome/error-context.md
]]>
</failure>
<system-out>
<![CDATA[
[[ATTACHMENT|apps/game/test-results/leaderboard-Leaderboard-Page-should-be-responsive-on-mobile-mobile-chrome/test-failed-1.png]]

[[ATTACHMENT|apps/game/test-results/leaderboard-Leaderboard-Page-should-be-responsive-on-mobile-mobile-chrome/error-context.md]]
]]>
</system-out>
</testcase>
<testcase name="Leaderboard Page › should have entries sorted by score descending" classname="leaderboard.spec.ts" time="16.686">
<failure message="leaderboard.spec.ts:144:3 should have entries sorted by score descending" type="FAILURE">
<![CDATA[  [mobile-chrome] › leaderboard.spec.ts:144:3 › Leaderboard Page › should have entries sorted by score descending 

    Error: expect(page).toHaveURL(expected) failed

    Expected pattern: /\/round-start/
    Received string:  "http://localhost:3000/game/b7c05b3b-1004-486c-a637-49fe414ccb15"
    Timeout: 10000ms

    Call log:
      - Expect "toHaveURL" with timeout 10000ms
        14 × unexpected value "http://localhost:3000/game/b7c05b3b-1004-486c-a637-49fe414ccb15"


      13 |
      14 |     // Wait for round-start to complete
    > 15 |     await expect(page).toHaveURL(/\/round-start/, { timeout: 10000 })
         |                        ^
      16 |     await page.waitForTimeout(2000)
      17 |
      18 |     // Now navigate to leaderboard
        at /home/cloudcrusader/projects/riddle-rush-mono-repo/apps/game/tests/e2e/leaderboard.spec.ts:15:24

    attachment #1: screenshot (image/png) ──────────────────────────────────────────────────────────
    ../../test-results/leaderboard-Leaderboard-Pa-325a9--sorted-by-score-descending-mobile-chrome/test-failed-1.png
    ────────────────────────────────────────────────────────────────────────────────────────────────

    Error Context: ../../test-results/leaderboard-Leaderboard-Pa-325a9--sorted-by-score-descending-mobile-chrome/error-context.md
]]>
</failure>
<system-out>
<![CDATA[
[[ATTACHMENT|apps/game/test-results/leaderboard-Leaderboard-Pa-325a9--sorted-by-score-descending-mobile-chrome/test-failed-1.png]]

[[ATTACHMENT|apps/game/test-results/leaderboard-Leaderboard-Pa-325a9--sorted-by-score-descending-mobile-chrome/error-context.md]]
]]>
</system-out>
</testcase>
<testcase name="Leaderboard Page › should navigate to round-start when next round clicked (game not completed)" classname="leaderboard.spec.ts" time="16.733">
<failure message="leaderboard.spec.ts:159:3 should navigate to round-start when next round clicked (game not completed)" type="FAILURE">
<![CDATA[  [mobile-chrome] › leaderboard.spec.ts:159:3 › Leaderboard Page › should navigate to round-start when next round clicked (game not completed) 

    Error: expect(page).toHaveURL(expected) failed

    Expected pattern: /\/round-start/
    Received string:  "http://localhost:3000/game/83509ab3-a544-48ee-919d-8ceb78b0e67d"
    Timeout: 10000ms

    Call log:
      - Expect "toHaveURL" with timeout 10000ms
        14 × unexpected value "http://localhost:3000/game/83509ab3-a544-48ee-919d-8ceb78b0e67d"


      13 |
      14 |     // Wait for round-start to complete
    > 15 |     await expect(page).toHaveURL(/\/round-start/, { timeout: 10000 })
         |                        ^
      16 |     await page.waitForTimeout(2000)
      17 |
      18 |     // Now navigate to leaderboard
        at /home/cloudcrusader/projects/riddle-rush-mono-repo/apps/game/tests/e2e/leaderboard.spec.ts:15:24

    attachment #1: screenshot (image/png) ──────────────────────────────────────────────────────────
    ../../test-results/leaderboard-Leaderboard-Pa-53d9b-clicked-game-not-completed--mobile-chrome/test-failed-1.png
    ────────────────────────────────────────────────────────────────────────────────────────────────

    Error Context: ../../test-results/leaderboard-Leaderboard-Pa-53d9b-clicked-game-not-completed--mobile-chrome/error-context.md
]]>
</failure>
<system-out>
<![CDATA[
[[ATTACHMENT|apps/game/test-results/leaderboard-Leaderboard-Pa-53d9b-clicked-game-not-completed--mobile-chrome/test-failed-1.png]]

[[ATTACHMENT|apps/game/test-results/leaderboard-Leaderboard-Pa-53d9b-clicked-game-not-completed--mobile-chrome/error-context.md]]
]]>
</system-out>
</testcase>
</testsuite>
<testsuite name="offline.spec.ts" timestamp="2026-01-11T22:30:22.316Z" hostname="mobile-chrome" tests="3" failures="1" skipped="0" time="15.368" errors="0">
<testcase name="Offline Functionality › should work offline after initial load" classname="offline.spec.ts" time="9.515">
<failure message="offline.spec.ts:3:3 should work offline after initial load" type="FAILURE">
<![CDATA[  [mobile-chrome] › offline.spec.ts:3:3 › Offline Functionality › should work offline after initial load 

    Error: expect(locator).toBeVisible() failed

    Locator:  locator('body')
    Expected: visible
    Received: hidden
    Timeout:  5000ms

    Call log:
      - Expect "toBeVisible" with timeout 5000ms
      - waiting for locator('body')
        9 × locator resolved to <body>…</body>
          - unexpected value "hidden"


      17 |
      18 |     // Page should still load from cache
    > 19 |     await expect(page.locator('body')).toBeVisible()
         |                                        ^
      20 |
      21 |     // Check if app is still functional
      22 |     const heading = page.locator('h1, h2').first()
        at /home/cloudcrusader/projects/riddle-rush-mono-repo/apps/game/tests/e2e/offline.spec.ts:19:40

    attachment #1: screenshot (image/png) ──────────────────────────────────────────────────────────
    ../../test-results/offline-Offline-Functional-91c72--offline-after-initial-load-mobile-chrome/test-failed-1.png
    ────────────────────────────────────────────────────────────────────────────────────────────────
]]>
</failure>
<system-out>
<![CDATA[
[[ATTACHMENT|apps/game/test-results/offline-Offline-Functional-91c72--offline-after-initial-load-mobile-chrome/test-failed-1.png]]
]]>
</system-out>
</testcase>
<testcase name="Offline Functionality › should show offline indicator when offline" classname="offline.spec.ts" time="2.773">
</testcase>
<testcase name="Offline Functionality › should restore online state" classname="offline.spec.ts" time="3.08">
</testcase>
</testsuite>
<testsuite name="players.spec.ts" timestamp="2026-01-11T22:30:22.316Z" hostname="mobile-chrome" tests="10" failures="4" skipped="0" time="43.088" errors="0">
<testcase name="Players Management Page › should display players page with all elements" classname="players.spec.ts" time="1.461">
</testcase>
<testcase name="Players Management Page › should display initial player" classname="players.spec.ts" time="1.522">
</testcase>
<testcase name="Players Management Page › should show empty slots for remaining players" classname="players.spec.ts" time="0.261">
<failure message="players.spec.ts:42:3 should show empty slots for remaining players" type="FAILURE">
<![CDATA[  [mobile-chrome] › players.spec.ts:42:3 › Players Management Page › should show empty slots for remaining players 

    Error: expect(received).toBe(expected) // Object.is equality

    Expected: 6
    Received: 0

      41 |     const totalSlots = (await playerItems.count()) + (await emptySlots.count())
      42 |     // Total slots should be 6
    > 43 |     expect(totalSlots).toBe(6)
         |                        ^
      44 |   })
      45 |
      46 |   test('should add a player when clicking add button', async ({ page }) => {
        at /home/cloudcrusader/projects/riddle-rush-mono-repo/apps/game/tests/e2e/players.spec.ts:43:24

    attachment #1: screenshot (image/png) ──────────────────────────────────────────────────────────
    ../../test-results/players-Players-Management-e59b0-slots-for-remaining-players-mobile-chrome/test-failed-1.png
    ────────────────────────────────────────────────────────────────────────────────────────────────
]]>
</failure>
<system-out>
<![CDATA[
[[ATTACHMENT|apps/game/test-results/players-Players-Management-e59b0-slots-for-remaining-players-mobile-chrome/test-failed-1.png]]
]]>
</system-out>
</testcase>
<testcase name="Players Management Page › should add a player when clicking add button" classname="players.spec.ts" time="10.171">
<failure message="players.spec.ts:51:3 should add a player when clicking add button" type="FAILURE">
<![CDATA[  [mobile-chrome] › players.spec.ts:51:3 › Players Management Page › should add a player when clicking add button 

    Error: expect(locator).toHaveCount(expected) failed

    Locator:  locator('.player-item:not(.empty)')
    Expected: 3
    Received: 2
    Timeout:  5000ms

    Call log:
      - Expect "toHaveCount" with timeout 5000ms
      - waiting for locator('.player-item:not(.empty)')
        9 × locator resolved to 2 elements
          - unexpected value "2"


      62 |
      63 |     const playerItemsAfter = page.locator('.player-item:not(.empty)')
    > 64 |     await expect(playerItemsAfter).toHaveCount(countBefore + 1)
         |                                    ^
      65 |   })
      66 |
      67 |   test('should remove a player when clicking remove button', async ({ page }) => {
        at /home/cloudcrusader/projects/riddle-rush-mono-repo/apps/game/tests/e2e/players.spec.ts:64:36

    attachment #1: screenshot (image/png) ──────────────────────────────────────────────────────────
    ../../test-results/players-Players-Management-84e6b-er-when-clicking-add-button-mobile-chrome/test-failed-1.png
    ────────────────────────────────────────────────────────────────────────────────────────────────

    Error Context: ../../test-results/players-Players-Management-84e6b-er-when-clicking-add-button-mobile-chrome/error-context.md
]]>
</failure>
<system-out>
<![CDATA[
[[ATTACHMENT|apps/game/test-results/players-Players-Management-84e6b-er-when-clicking-add-button-mobile-chrome/test-failed-1.png]]

[[ATTACHMENT|apps/game/test-results/players-Players-Management-84e6b-er-when-clicking-add-button-mobile-chrome/error-context.md]]
]]>
</system-out>
</testcase>
<testcase name="Players Management Page › should remove a player when clicking remove button" classname="players.spec.ts" time="10.077">
<failure message="players.spec.ts:70:3 should remove a player when clicking remove button" type="FAILURE">
<![CDATA[  [mobile-chrome] › players.spec.ts:70:3 › Players Management Page › should remove a player when clicking remove button 

    Error: expect(locator).toHaveCount(expected) failed

    Locator:  locator('.player-item:not(.empty)')
    Expected: -1
    Received: 2
    Timeout:  5000ms

    Call log:
      - Expect "toHaveCount" with timeout 5000ms
      - waiting for locator('.player-item:not(.empty)')
        9 × locator resolved to 2 elements
          - unexpected value "2"


      74 |
      75 |     const playerItemsAfter = page.locator('.player-item:not(.empty)')
    > 76 |     await expect(playerItemsAfter).toHaveCount(countBefore - 1)
         |                                    ^
      77 |   })
      78 |
      79 |   test('should enable start button when players exist', async ({ page }) => {
        at /home/cloudcrusader/projects/riddle-rush-mono-repo/apps/game/tests/e2e/players.spec.ts:76:36

    attachment #1: screenshot (image/png) ──────────────────────────────────────────────────────────
    ../../test-results/players-Players-Management-f32fa-when-clicking-remove-button-mobile-chrome/test-failed-1.png
    ────────────────────────────────────────────────────────────────────────────────────────────────

    Error Context: ../../test-results/players-Players-Management-f32fa-when-clicking-remove-button-mobile-chrome/error-context.md
]]>
</failure>
<system-out>
<![CDATA[
[[ATTACHMENT|apps/game/test-results/players-Players-Management-f32fa-when-clicking-remove-button-mobile-chrome/test-failed-1.png]]

[[ATTACHMENT|apps/game/test-results/players-Players-Management-f32fa-when-clicking-remove-button-mobile-chrome/error-context.md]]
]]>
</system-out>
</testcase>
<testcase name="Players Management Page › should enable start button when players exist" classname="players.spec.ts" time="1.476">
</testcase>
<testcase name="Players Management Page › should navigate to alphabet when clicking start" classname="players.spec.ts" time="5.904">
</testcase>
<testcase name="Players Management Page › should navigate back when clicking back button" classname="players.spec.ts" time="5.384">
</testcase>
<testcase name="Players Management Page › should have scroll bar decoration" classname="players.spec.ts" time="1.512">
</testcase>
<testcase name="Players Management Page › should be responsive on mobile" classname="players.spec.ts" time="5.32">
<failure message="players.spec.ts:112:3 should be responsive on mobile" type="FAILURE">
<![CDATA[  [mobile-chrome] › players.spec.ts:112:3 › Players Management Page › should be responsive on mobile 

    Error: expect(locator).toBeVisible() failed

    Locator: locator('.title-image')
    Expected: visible
    Timeout: 5000ms
    Error: element(s) not found

    Call log:
      - Expect "toBeVisible" with timeout 5000ms
      - waiting for locator('.title-image')


      110 |     const startBtn = page.locator('.start-btn')
      111 |
    > 112 |     await expect(title).toBeVisible()
          |                         ^
      113 |     await expect(startBtn).toBeVisible()
      114 |   })
      115 | })
        at /home/cloudcrusader/projects/riddle-rush-mono-repo/apps/game/tests/e2e/players.spec.ts:112:25

    attachment #1: screenshot (image/png) ──────────────────────────────────────────────────────────
    ../../test-results/players-Players-Management-1c8a4-uld-be-responsive-on-mobile-mobile-chrome/test-failed-1.png
    ────────────────────────────────────────────────────────────────────────────────────────────────

    Error Context: ../../test-results/players-Players-Management-1c8a4-uld-be-responsive-on-mobile-mobile-chrome/error-context.md
]]>
</failure>
<system-out>
<![CDATA[
[[ATTACHMENT|apps/game/test-results/players-Players-Management-1c8a4-uld-be-responsive-on-mobile-mobile-chrome/test-failed-1.png]]

[[ATTACHMENT|apps/game/test-results/players-Players-Management-1c8a4-uld-be-responsive-on-mobile-mobile-chrome/error-context.md]]
]]>
</system-out>
</testcase>
</testsuite>
<testsuite name="results.spec.ts" timestamp="2026-01-11T22:30:22.316Z" hostname="mobile-chrome" tests="17" failures="11" skipped="6" time="661.409" errors="0">
<testcase name="Results/Scoring Page › should display results page with all elements" classname="results.spec.ts" time="60.114">
<failure message="results.spec.ts:18:3 should display results page with all elements" type="FAILURE">
<![CDATA[  [mobile-chrome] › results.spec.ts:18:3 › Results/Scoring Page › should display results page with all elements 

    Test timeout of 60000ms exceeded while running "beforeEach" hook.

      2 |
      3 | test.describe('Results/Scoring Page', () => {
    > 4 |   test.beforeEach(async ({ page }) => {
        |        ^
      5 |     // Set up game state first by going through players page
      6 |     await page.goto('/players')
      7 |     await page.waitForLoadState('networkidle')
        at /home/cloudcrusader/projects/riddle-rush-mono-repo/apps/game/tests/e2e/results.spec.ts:4:8

    Error: locator.click: Test timeout of 60000ms exceeded.
    Call log:
      - waiting for locator('.start-btn')


       9 |     // Start game with default player to initialize store
      10 |     const startBtn = page.locator('.start-btn')
    > 11 |     await startBtn.click()
         |                    ^
      12 |     await page.waitForTimeout(500)
      13 |
      14 |     // Now navigate to results
        at /home/cloudcrusader/projects/riddle-rush-mono-repo/apps/game/tests/e2e/results.spec.ts:11:20

    attachment #1: screenshot (image/png) ──────────────────────────────────────────────────────────
    ../../test-results/results-Results-Scoring-Pa-e43d8-ults-page-with-all-elements-mobile-chrome/test-failed-1.png
    ────────────────────────────────────────────────────────────────────────────────────────────────

    Error Context: ../../test-results/results-Results-Scoring-Pa-e43d8-ults-page-with-all-elements-mobile-chrome/error-context.md
]]>
</failure>
<system-out>
<![CDATA[
[[ATTACHMENT|apps/game/test-results/results-Results-Scoring-Pa-e43d8-ults-page-with-all-elements-mobile-chrome/test-failed-1.png]]

[[ATTACHMENT|apps/game/test-results/results-Results-Scoring-Pa-e43d8-ults-page-with-all-elements-mobile-chrome/error-context.md]]
]]>
</system-out>
</testcase>
<testcase name="Results/Scoring Page › should display player score items" classname="results.spec.ts" time="0">
<properties>
<property name="skip" value="">
</property>
</properties>
<skipped>
</skipped>
</testcase>
<testcase name="Results/Scoring Page › should display player info in each score item" classname="results.spec.ts" time="0">
<properties>
<property name="skip" value="">
</property>
</properties>
<skipped>
</skipped>
</testcase>
<testcase name="Results/Scoring Page › should display add and minus buttons for each player" classname="results.spec.ts" time="0">
<properties>
<property name="skip" value="">
</property>
</properties>
<skipped>
</skipped>
</testcase>
<testcase name="Results/Scoring Page › should increase score when clicking add button" classname="results.spec.ts" time="0">
<properties>
<property name="skip" value="">
</property>
</properties>
<skipped>
</skipped>
</testcase>
<testcase name="Results/Scoring Page › should decrease score when clicking minus button" classname="results.spec.ts" time="0">
<properties>
<property name="skip" value="">
</property>
</properties>
<skipped>
</skipped>
</testcase>
<testcase name="Results/Scoring Page › should navigate to leaderboard when clicking next" classname="results.spec.ts" time="60.111">
<failure message="results.spec.ts:103:3 should navigate to leaderboard when clicking next" type="FAILURE">
<![CDATA[  [mobile-chrome] › results.spec.ts:103:3 › Results/Scoring Page › should navigate to leaderboard when clicking next 

    Test timeout of 60000ms exceeded while running "beforeEach" hook.

      2 |
      3 | test.describe('Results/Scoring Page', () => {
    > 4 |   test.beforeEach(async ({ page }) => {
        |        ^
      5 |     // Set up game state first by going through players page
      6 |     await page.goto('/players')
      7 |     await page.waitForLoadState('networkidle')
        at /home/cloudcrusader/projects/riddle-rush-mono-repo/apps/game/tests/e2e/results.spec.ts:4:8

    Error: locator.click: Test timeout of 60000ms exceeded.
    Call log:
      - waiting for locator('.start-btn')


       9 |     // Start game with default player to initialize store
      10 |     const startBtn = page.locator('.start-btn')
    > 11 |     await startBtn.click()
         |                    ^
      12 |     await page.waitForTimeout(500)
      13 |
      14 |     // Now navigate to results
        at /home/cloudcrusader/projects/riddle-rush-mono-repo/apps/game/tests/e2e/results.spec.ts:11:20

    attachment #1: screenshot (image/png) ──────────────────────────────────────────────────────────
    ../../test-results/results-Results-Scoring-Pa-8723b-derboard-when-clicking-next-mobile-chrome/test-failed-1.png
    ────────────────────────────────────────────────────────────────────────────────────────────────

    Error Context: ../../test-results/results-Results-Scoring-Pa-8723b-derboard-when-clicking-next-mobile-chrome/error-context.md
]]>
</failure>
<system-out>
<![CDATA[
[[ATTACHMENT|apps/game/test-results/results-Results-Scoring-Pa-8723b-derboard-when-clicking-next-mobile-chrome/test-failed-1.png]]

[[ATTACHMENT|apps/game/test-results/results-Results-Scoring-Pa-8723b-derboard-when-clicking-next-mobile-chrome/error-context.md]]
]]>
</system-out>
</testcase>
<testcase name="Results/Scoring Page › should navigate to game when clicking back large button" classname="results.spec.ts" time="60.111">
<failure message="results.spec.ts:111:3 should navigate to game when clicking back large button" type="FAILURE">
<![CDATA[  [mobile-chrome] › results.spec.ts:111:3 › Results/Scoring Page › should navigate to game when clicking back large button 

    Test timeout of 60000ms exceeded while running "beforeEach" hook.

      2 |
      3 | test.describe('Results/Scoring Page', () => {
    > 4 |   test.beforeEach(async ({ page }) => {
        |        ^
      5 |     // Set up game state first by going through players page
      6 |     await page.goto('/players')
      7 |     await page.waitForLoadState('networkidle')
        at /home/cloudcrusader/projects/riddle-rush-mono-repo/apps/game/tests/e2e/results.spec.ts:4:8

    Error: locator.click: Test timeout of 60000ms exceeded.
    Call log:
      - waiting for locator('.start-btn')


       9 |     // Start game with default player to initialize store
      10 |     const startBtn = page.locator('.start-btn')
    > 11 |     await startBtn.click()
         |                    ^
      12 |     await page.waitForTimeout(500)
      13 |
      14 |     // Now navigate to results
        at /home/cloudcrusader/projects/riddle-rush-mono-repo/apps/game/tests/e2e/results.spec.ts:11:20

    attachment #1: screenshot (image/png) ──────────────────────────────────────────────────────────
    ../../test-results/results-Results-Scoring-Pa-a24c8--clicking-back-large-button-mobile-chrome/test-failed-1.png
    ────────────────────────────────────────────────────────────────────────────────────────────────

    Error Context: ../../test-results/results-Results-Scoring-Pa-a24c8--clicking-back-large-button-mobile-chrome/error-context.md
]]>
</failure>
<system-out>
<![CDATA[
[[ATTACHMENT|apps/game/test-results/results-Results-Scoring-Pa-a24c8--clicking-back-large-button-mobile-chrome/test-failed-1.png]]

[[ATTACHMENT|apps/game/test-results/results-Results-Scoring-Pa-a24c8--clicking-back-large-button-mobile-chrome/error-context.md]]
]]>
</system-out>
</testcase>
<testcase name="Results/Scoring Page › should navigate back when clicking back button" classname="results.spec.ts" time="60.116">
<failure message="results.spec.ts:119:3 should navigate back when clicking back button" type="FAILURE">
<![CDATA[  [mobile-chrome] › results.spec.ts:119:3 › Results/Scoring Page › should navigate back when clicking back button 

    Test timeout of 60000ms exceeded while running "beforeEach" hook.

      2 |
      3 | test.describe('Results/Scoring Page', () => {
    > 4 |   test.beforeEach(async ({ page }) => {
        |        ^
      5 |     // Set up game state first by going through players page
      6 |     await page.goto('/players')
      7 |     await page.waitForLoadState('networkidle')
        at /home/cloudcrusader/projects/riddle-rush-mono-repo/apps/game/tests/e2e/results.spec.ts:4:8

    Error: locator.click: Test timeout of 60000ms exceeded.
    Call log:
      - waiting for locator('.start-btn')


       9 |     // Start game with default player to initialize store
      10 |     const startBtn = page.locator('.start-btn')
    > 11 |     await startBtn.click()
         |                    ^
      12 |     await page.waitForTimeout(500)
      13 |
      14 |     // Now navigate to results
        at /home/cloudcrusader/projects/riddle-rush-mono-repo/apps/game/tests/e2e/results.spec.ts:11:20

    attachment #1: screenshot (image/png) ──────────────────────────────────────────────────────────
    ../../test-results/results-Results-Scoring-Pa-1ee14-k-when-clicking-back-button-mobile-chrome/test-failed-1.png
    ────────────────────────────────────────────────────────────────────────────────────────────────

    Error Context: ../../test-results/results-Results-Scoring-Pa-1ee14-k-when-clicking-back-button-mobile-chrome/error-context.md
]]>
</failure>
<system-out>
<![CDATA[
[[ATTACHMENT|apps/game/test-results/results-Results-Scoring-Pa-1ee14-k-when-clicking-back-button-mobile-chrome/test-failed-1.png]]

[[ATTACHMENT|apps/game/test-results/results-Results-Scoring-Pa-1ee14-k-when-clicking-back-button-mobile-chrome/error-context.md]]
]]>
</system-out>
</testcase>
<testcase name="Results/Scoring Page › should display scroll bar decoration" classname="results.spec.ts" time="60.124">
<failure message="results.spec.ts:126:3 should display scroll bar decoration" type="FAILURE">
<![CDATA[  [mobile-chrome] › results.spec.ts:126:3 › Results/Scoring Page › should display scroll bar decoration 

    Test timeout of 60000ms exceeded while running "beforeEach" hook.

      2 |
      3 | test.describe('Results/Scoring Page', () => {
    > 4 |   test.beforeEach(async ({ page }) => {
        |        ^
      5 |     // Set up game state first by going through players page
      6 |     await page.goto('/players')
      7 |     await page.waitForLoadState('networkidle')
        at /home/cloudcrusader/projects/riddle-rush-mono-repo/apps/game/tests/e2e/results.spec.ts:4:8

    Error: locator.click: Test timeout of 60000ms exceeded.
    Call log:
      - waiting for locator('.start-btn')


       9 |     // Start game with default player to initialize store
      10 |     const startBtn = page.locator('.start-btn')
    > 11 |     await startBtn.click()
         |                    ^
      12 |     await page.waitForTimeout(500)
      13 |
      14 |     // Now navigate to results
        at /home/cloudcrusader/projects/riddle-rush-mono-repo/apps/game/tests/e2e/results.spec.ts:11:20

    attachment #1: screenshot (image/png) ──────────────────────────────────────────────────────────
[...]

    attachment #1: screenshot (image/png) ──────────────────────────────────────────────────────────
    ../../test-results/results-Results-Scoring-Pa-d9fe1-r-effects-on-action-buttons-mobile-chrome/test-failed-1.png
    ────────────────────────────────────────────────────────────────────────────────────────────────

    Error Context: ../../test-results/results-Results-Scoring-Pa-d9fe1-r-effects-on-action-buttons-mobile-chrome/error-context.md
]]>
</failure>
<system-out>
<![CDATA[
[[ATTACHMENT|apps/game/test-results/results-Results-Scoring-Pa-d9fe1-r-effects-on-action-buttons-mobile-chrome/test-failed-1.png]]

[[ATTACHMENT|apps/game/test-results/results-Results-Scoring-Pa-d9fe1-r-effects-on-action-buttons-mobile-chrome/error-context.md]]
]]>
</system-out>
</testcase>
<testcase name="Results/Scoring Page › should have hover effects on score action buttons" classname="results.spec.ts" time="0">
<properties>
<property name="skip" value="">
</property>
</properties>
<skipped>
</skipped>
</testcase>
<testcase name="Results/Scoring Page › should have fade-in animation on title" classname="results.spec.ts" time="60.17">
<failure message="results.spec.ts:178:3 should have fade-in animation on title" type="FAILURE">
<![CDATA[  [mobile-chrome] › results.spec.ts:178:3 › Results/Scoring Page › should have fade-in animation on title 

    Test timeout of 60000ms exceeded while running "beforeEach" hook.

      2 |
      3 | test.describe('Results/Scoring Page', () => {
    > 4 |   test.beforeEach(async ({ page }) => {
        |        ^
      5 |     // Set up game state first by going through players page
      6 |     await page.goto('/players')
      7 |     await page.waitForLoadState('networkidle')
        at /home/cloudcrusader/projects/riddle-rush-mono-repo/apps/game/tests/e2e/results.spec.ts:4:8

    Error: locator.click: Test timeout of 60000ms exceeded.
    Call log:
      - waiting for locator('.start-btn')


       9 |     // Start game with default player to initialize store
      10 |     const startBtn = page.locator('.start-btn')
    > 11 |     await startBtn.click()
         |                    ^
      12 |     await page.waitForTimeout(500)
      13 |
      14 |     // Now navigate to results
        at /home/cloudcrusader/projects/riddle-rush-mono-repo/apps/game/tests/e2e/results.spec.ts:11:20

    attachment #1: screenshot (image/png) ──────────────────────────────────────────────────────────
    ../../test-results/results-Results-Scoring-Pa-7cd26--fade-in-animation-on-title-mobile-chrome/test-failed-1.png
    ────────────────────────────────────────────────────────────────────────────────────────────────

    Error Context: ../../test-results/results-Results-Scoring-Pa-7cd26--fade-in-animation-on-title-mobile-chrome/error-context.md
]]>
</failure>
<system-out>
<![CDATA[
[[ATTACHMENT|apps/game/test-results/results-Results-Scoring-Pa-7cd26--fade-in-animation-on-title-mobile-chrome/test-failed-1.png]]

[[ATTACHMENT|apps/game/test-results/results-Results-Scoring-Pa-7cd26--fade-in-animation-on-title-mobile-chrome/error-context.md]]
]]>
</system-out>
</testcase>
<testcase name="Results/Scoring Page › should have scale-in animation on scores list" classname="results.spec.ts" time="60.127">
<failure message="results.spec.ts:185:3 should have scale-in animation on scores list" type="FAILURE">
<![CDATA[  [mobile-chrome] › results.spec.ts:185:3 › Results/Scoring Page › should have scale-in animation on scores list 

    Test timeout of 60000ms exceeded while running "beforeEach" hook.

      2 |
      3 | test.describe('Results/Scoring Page', () => {
    > 4 |   test.beforeEach(async ({ page }) => {
        |        ^
      5 |     // Set up game state first by going through players page
      6 |     await page.goto('/players')
      7 |     await page.waitForLoadState('networkidle')
        at /home/cloudcrusader/projects/riddle-rush-mono-repo/apps/game/tests/e2e/results.spec.ts:4:8

    Error: locator.click: Test timeout of 60000ms exceeded.
    Call log:
      - waiting for locator('.start-btn')


       9 |     // Start game with default player to initialize store
      10 |     const startBtn = page.locator('.start-btn')
    > 11 |     await startBtn.click()
         |                    ^
      12 |     await page.waitForTimeout(500)
      13 |
      14 |     // Now navigate to results
        at /home/cloudcrusader/projects/riddle-rush-mono-repo/apps/game/tests/e2e/results.spec.ts:11:20

    attachment #1: screenshot (image/png) ──────────────────────────────────────────────────────────
    ../../test-results/results-Results-Scoring-Pa-da0c7-in-animation-on-scores-list-mobile-chrome/test-failed-1.png
    ────────────────────────────────────────────────────────────────────────────────────────────────

    Error Context: ../../test-results/results-Results-Scoring-Pa-da0c7-in-animation-on-scores-list-mobile-chrome/error-context.md
]]>
</failure>
<system-out>
<![CDATA[
[[ATTACHMENT|apps/game/test-results/results-Results-Scoring-Pa-da0c7-in-animation-on-scores-list-mobile-chrome/test-failed-1.png]]

[[ATTACHMENT|apps/game/test-results/results-Results-Scoring-Pa-da0c7-in-animation-on-scores-list-mobile-chrome/error-context.md]]
]]>
</system-out>
</testcase>
<testcase name="Results/Scoring Page › should have slide-up animation on action buttons" classname="results.spec.ts" time="60.109">
<failure message="results.spec.ts:192:3 should have slide-up animation on action buttons" type="FAILURE">
<![CDATA[  [mobile-chrome] › results.spec.ts:192:3 › Results/Scoring Page › should have slide-up animation on action buttons 

    Test timeout of 60000ms exceeded while running "beforeEach" hook.

      2 |
      3 | test.describe('Results/Scoring Page', () => {
    > 4 |   test.beforeEach(async ({ page }) => {
        |        ^
      5 |     // Set up game state first by going through players page
      6 |     await page.goto('/players')
      7 |     await page.waitForLoadState('networkidle')
        at /home/cloudcrusader/projects/riddle-rush-mono-repo/apps/game/tests/e2e/results.spec.ts:4:8

    Error: locator.click: Test timeout of 60000ms exceeded.
    Call log:
      - waiting for locator('.start-btn')


       9 |     // Start game with default player to initialize store
      10 |     const startBtn = page.locator('.start-btn')
    > 11 |     await startBtn.click()
         |                    ^
      12 |     await page.waitForTimeout(500)
      13 |
      14 |     // Now navigate to results
        at /home/cloudcrusader/projects/riddle-rush-mono-repo/apps/game/tests/e2e/results.spec.ts:11:20

    attachment #1: screenshot (image/png) ──────────────────────────────────────────────────────────
    ../../test-results/results-Results-Scoring-Pa-563c6-animation-on-action-buttons-mobile-chrome/test-failed-1.png
    ────────────────────────────────────────────────────────────────────────────────────────────────

    Error Context: ../../test-results/results-Results-Scoring-Pa-563c6-animation-on-action-buttons-mobile-chrome/error-context.md
]]>
</failure>
<system-out>
<![CDATA[
[[ATTACHMENT|apps/game/test-results/results-Results-Scoring-Pa-563c6-animation-on-action-buttons-mobile-chrome/test-failed-1.png]]

[[ATTACHMENT|apps/game/test-results/results-Results-Scoring-Pa-563c6-animation-on-action-buttons-mobile-chrome/error-context.md]]
]]>
</system-out>
</testcase>
</testsuite>
<testsuite name="round-start.spec.ts" timestamp="2026-01-11T22:30:22.316Z" hostname="mobile-chrome" tests="6" failures="6" skipped="0" time="360.762" errors="0">
<testcase name="Round Start Page › should display round-start page with all elements" classname="round-start.spec.ts" time="60.165">
<failure message="round-start.spec.ts:16:3 should display round-start page with all elements" type="FAILURE">
<![CDATA[  [mobile-chrome] › round-start.spec.ts:16:3 › Round Start Page › should display round-start page with all elements 

    Test timeout of 60000ms exceeded while running "beforeEach" hook.

      2 |
      3 | test.describe('Round Start Page', () => {
    > 4 |   test.beforeEach(async ({ page }) => {
        |        ^
      5 |     // Set up game state first
      6 |     await page.goto('/players')
      7 |     await page.waitForLoadState('networkidle')
        at /home/cloudcrusader/projects/riddle-rush-mono-repo/apps/game/tests/e2e/round-start.spec.ts:4:8

    Error: locator.click: Test timeout of 60000ms exceeded.
    Call log:
      - waiting for locator('.start-btn')


       8 |
       9 |     const startBtn = page.locator('.start-btn')
    > 10 |     await startBtn.click()
         |                    ^
      11 |     await page.waitForTimeout(500)
      12 |
      13 |     // Should navigate to round-start
        at /home/cloudcrusader/projects/riddle-rush-mono-repo/apps/game/tests/e2e/round-start.spec.ts:10:20

    attachment #1: screenshot (image/png) ──────────────────────────────────────────────────────────
    ../../test-results/round-start-Round-Start-Pa-ee94f-tart-page-with-all-elements-mobile-chrome/test-failed-1.png
    ────────────────────────────────────────────────────────────────────────────────────────────────

    Error Context: ../../test-results/round-start-Round-Start-Pa-ee94f-tart-page-with-all-elements-mobile-chrome/error-context.md
]]>
</failure>
<system-out>
<![CDATA[
[[ATTACHMENT|apps/game/test-results/round-start-Round-Start-Pa-ee94f-tart-page-with-all-elements-mobile-chrome/test-failed-1.png]]

[[ATTACHMENT|apps/game/test-results/round-start-Round-Start-Pa-ee94f-tart-page-with-all-elements-mobile-chrome/error-context.md]]
]]>
</system-out>
</testcase>
<testcase name="Round Start Page › should spin both wheels automatically" classname="round-start.spec.ts" time="60.12">
<failure message="round-start.spec.ts:35:3 should spin both wheels automatically" type="FAILURE">
<![CDATA[  [mobile-chrome] › round-start.spec.ts:35:3 › Round Start Page › should spin both wheels automatically 

    Test timeout of 60000ms exceeded while running "beforeEach" hook.

      2 |
      3 | test.describe('Round Start Page', () => {
    > 4 |   test.beforeEach(async ({ page }) => {
        |        ^
      5 |     // Set up game state first
      6 |     await page.goto('/players')
      7 |     await page.waitForLoadState('networkidle')
        at /home/cloudcrusader/projects/riddle-rush-mono-repo/apps/game/tests/e2e/round-start.spec.ts:4:8

    Error: locator.click: Test timeout of 60000ms exceeded.
    Call log:
      - waiting for locator('.start-btn')


       8 |
       9 |     const startBtn = page.locator('.start-btn')
    > 10 |     await startBtn.click()
         |                    ^
      11 |     await page.waitForTimeout(500)
      12 |
      13 |     // Should navigate to round-start
        at /home/cloudcrusader/projects/riddle-rush-mono-repo/apps/game/tests/e2e/round-start.spec.ts:10:20

    attachment #1: screenshot (image/png) ──────────────────────────────────────────────────────────
    ../../test-results/round-start-Round-Start-Pa-d9480-n-both-wheels-automatically-mobile-chrome/test-failed-1.png
    ────────────────────────────────────────────────────────────────────────────────────────────────

    Error Context: ../../test-results/round-start-Round-Start-Pa-d9480-n-both-wheels-automatically-mobile-chrome/error-context.md
]]>
</failure>
<system-out>
<![CDATA[
[[ATTACHMENT|apps/game/test-results/round-start-Round-Start-Pa-d9480-n-both-wheels-automatically-mobile-chrome/test-failed-1.png]]

[[ATTACHMENT|apps/game/test-results/round-start-Round-Start-Pa-d9480-n-both-wheels-automatically-mobile-chrome/error-context.md]]
]]>
</system-out>
</testcase>
<testcase name="Round Start Page › should display selected category and letter after spinning" classname="round-start.spec.ts" time="60.119">
<failure message="round-start.spec.ts:51:3 should display selected category and letter after spinning" type="FAILURE">
<![CDATA[  [mobile-chrome] › round-start.spec.ts:51:3 › Round Start Page › should display selected category and letter after spinning 

    Test timeout of 60000ms exceeded while running "beforeEach" hook.

      2 |
      3 | test.describe('Round Start Page', () => {
    > 4 |   test.beforeEach(async ({ page }) => {
        |        ^
      5 |     // Set up game state first
      6 |     await page.goto('/players')
      7 |     await page.waitForLoadState('networkidle')
        at /home/cloudcrusader/projects/riddle-rush-mono-repo/apps/game/tests/e2e/round-start.spec.ts:4:8

    Error: locator.click: Test timeout of 60000ms exceeded.
    Call log:
      - waiting for locator('.start-btn')


       8 |
       9 |     const startBtn = page.locator('.start-btn')
    > 10 |     await startBtn.click()
         |                    ^
      11 |     await page.waitForTimeout(500)
      12 |
      13 |     // Should navigate to round-start
        at /home/cloudcrusader/projects/riddle-rush-mono-repo/apps/game/tests/e2e/round-start.spec.ts:10:20

    attachment #1: screenshot (image/png) ──────────────────────────────────────────────────────────
    ../../test-results/round-start-Round-Start-Pa-8d8ad-y-and-letter-after-spinning-mobile-chrome/test-failed-1.png
    ────────────────────────────────────────────────────────────────────────────────────────────────

    Error Context: ../../test-results/round-start-Round-Start-Pa-8d8ad-y-and-letter-after-spinning-mobile-chrome/error-context.md
]]>
</failure>
<system-out>
<![CDATA[
[[ATTACHMENT|apps/game/test-results/round-start-Round-Start-Pa-8d8ad-y-and-letter-after-spinning-mobile-chrome/test-failed-1.png]]

[[ATTACHMENT|apps/game/test-results/round-start-Round-Start-Pa-8d8ad-y-and-letter-after-spinning-mobile-chrome/error-context.md]]
]]>
</system-out>
</testcase>
<testcase name="Round Start Page › should automatically navigate to game after selection" classname="round-start.spec.ts" time="60.122">
<failure message="round-start.spec.ts:66:3 should automatically navigate to game after selection" type="FAILURE">
<![CDATA[  [mobile-chrome] › round-start.spec.ts:66:3 › Round Start Page › should automatically navigate to game after selection 

    Test timeout of 60000ms exceeded while running "beforeEach" hook.

      2 |
      3 | test.describe('Round Start Page', () => {
    > 4 |   test.beforeEach(async ({ page }) => {
        |        ^
      5 |     // Set up game state first
      6 |     await page.goto('/players')
      7 |     await page.waitForLoadState('networkidle')
        at /home/cloudcrusader/projects/riddle-rush-mono-repo/apps/game/tests/e2e/round-start.spec.ts:4:8

    Error: locator.click: Test timeout of 60000ms exceeded.
    Call log:
      - waiting for locator('.start-btn')


       8 |
       9 |     const startBtn = page.locator('.start-btn')
    > 10 |     await startBtn.click()
         |                    ^
      11 |     await page.waitForTimeout(500)
      12 |
      13 |     // Should navigate to round-start
        at /home/cloudcrusader/projects/riddle-rush-mono-repo/apps/game/tests/e2e/round-start.spec.ts:10:20

    attachment #1: screenshot (image/png) ──────────────────────────────────────────────────────────
    ../../test-results/round-start-Round-Start-Pa-f2f6a-ate-to-game-after-selection-mobile-chrome/test-failed-1.png
    ────────────────────────────────────────────────────────────────────────────────────────────────

    Error Context: ../../test-results/round-start-Round-Start-Pa-f2f6a-ate-to-game-after-selection-mobile-chrome/error-context.md
]]>
</failure>
<system-out>
<![CDATA[
[[ATTACHMENT|apps/game/test-results/round-start-Round-Start-Pa-f2f6a-ate-to-game-after-selection-mobile-chrome/test-failed-1.png]]

[[ATTACHMENT|apps/game/test-results/round-start-Round-Start-Pa-f2f6a-ate-to-game-after-selection-mobile-chrome/error-context.md]]
]]>
</system-out>
</testcase>
<testcase name="Round Start Page › should display round indicator" classname="round-start.spec.ts" time="60.122">
<failure message="round-start.spec.ts:79:3 should display round indicator" type="FAILURE">
<![CDATA[  [mobile-chrome] › round-start.spec.ts:79:3 › Round Start Page › should display round indicator ───

    Test timeout of 60000ms exceeded while running "beforeEach" hook.

      2 |
      3 | test.describe('Round Start Page', () => {
    > 4 |   test.beforeEach(async ({ page }) => {
        |        ^
      5 |     // Set up game state first
      6 |     await page.goto('/players')
      7 |     await page.waitForLoadState('networkidle')
        at /home/cloudcrusader/projects/riddle-rush-mono-repo/apps/game/tests/e2e/round-start.spec.ts:4:8

    Error: locator.click: Test timeout of 60000ms exceeded.
    Call log:
      - waiting for locator('.start-btn')


       8 |
       9 |     const startBtn = page.locator('.start-btn')
    > 10 |     await startBtn.click()
         |                    ^
      11 |     await page.waitForTimeout(500)
      12 |
      13 |     // Should navigate to round-start
        at /home/cloudcrusader/projects/riddle-rush-mono-repo/apps/game/tests/e2e/round-start.spec.ts:10:20

    attachment #1: screenshot (image/png) ──────────────────────────────────────────────────────────
    ../../test-results/round-start-Round-Start-Page-should-display-round-indicator-mobile-chrome/test-failed-1.png
    ────────────────────────────────────────────────────────────────────────────────────────────────

    Error Context: ../../test-results/round-start-Round-Start-Page-should-display-round-indicator-mobile-chrome/error-context.md
]]>
</failure>
<system-out>
<![CDATA[
[[ATTACHMENT|apps/game/test-results/round-start-Round-Start-Page-should-display-round-indicator-mobile-chrome/test-failed-1.png]]

[[ATTACHMENT|apps/game/test-results/round-start-Round-Start-Page-should-display-round-indicator-mobile-chrome/error-context.md]]
]]>
</system-out>
</testcase>
<testcase name="Round Start Page › should be responsive on mobile" classname="round-start.spec.ts" time="60.114">
<failure message="round-start.spec.ts:85:3 should be responsive on mobile" type="FAILURE">
<![CDATA[  [mobile-chrome] › round-start.spec.ts:85:3 › Round Start Page › should be responsive on mobile ───

    Test timeout of 60000ms exceeded while running "beforeEach" hook.

      2 |
      3 | test.describe('Round Start Page', () => {
    > 4 |   test.beforeEach(async ({ page }) => {
        |        ^
      5 |     // Set up game state first
      6 |     await page.goto('/players')
      7 |     await page.waitForLoadState('networkidle')
        at /home/cloudcrusader/projects/riddle-rush-mono-repo/apps/game/tests/e2e/round-start.spec.ts:4:8

    Error: locator.click: Test timeout of 60000ms exceeded.
    Call log:
      - waiting for locator('.start-btn')


       8 |
       9 |     const startBtn = page.locator('.start-btn')
    > 10 |     await startBtn.click()
         |                    ^
      11 |     await page.waitForTimeout(500)
      12 |
      13 |     // Should navigate to round-start
        at /home/cloudcrusader/projects/riddle-rush-mono-repo/apps/game/tests/e2e/round-start.spec.ts:10:20

    attachment #1: screenshot (image/png) ──────────────────────────────────────────────────────────
    ../../test-results/round-start-Round-Start-Page-should-be-responsive-on-mobile-mobile-chrome/test-failed-1.png
    ────────────────────────────────────────────────────────────────────────────────────────────────

    Error Context: ../../test-results/round-start-Round-Start-Page-should-be-responsive-on-mobile-mobile-chrome/error-context.md
]]>
</failure>
<system-out>
<![CDATA[
[[ATTACHMENT|apps/game/test-results/round-start-Round-Start-Page-should-be-responsive-on-mobile-mobile-chrome/test-failed-1.png]]

[[ATTACHMENT|apps/game/test-results/round-start-Round-Start-Page-should-be-responsive-on-mobile-mobile-chrome/error-context.md]]
]]>
</system-out>
</testcase>
</testsuite>
</testsuites>