<testsuites id="" name="" tests="344" failures="264" skipped="28" errors="0" time="2181.5312610000005">
<testsuite name="credits.spec.ts" timestamp="2026-02-13T13:08:42.362Z" hostname="mobile-chrome-pixel5" tests="6" failures="0" skipped="1" time="46.97" errors="0">
<testcase name="Credits Page › should load credits page successfully" classname="credits.spec.ts" time="9.278">
</testcase>
<testcase name="Credits Page › should display team credits" classname="credits.spec.ts" time="9.35">
</testcase>
<testcase name="Credits Page › should have working back button" classname="credits.spec.ts" time="9.857">
</testcase>
<testcase name="Credits Page › should have working OK button" classname="credits.spec.ts" time="9.243">
</testcase>
<testcase name="Credits Page › should display coins UI element" classname="credits.spec.ts" time="0">
<properties>
<property name="skip" value="">
</property>
</properties>
<skipped>
</skipped>
</testcase>
<testcase name="Credits Page › should have proper page styling" classname="credits.spec.ts" time="9.242">
</testcase>
</testsuite>
<testsuite name="debug-console.spec.ts" timestamp="2026-02-13T13:08:42.362Z" hostname="mobile-chrome-pixel5" tests="1" failures="0" skipped="0" time="4.167" errors="0">
<testcase name="Debug Console Errors › should capture console errors and page content" classname="debug-console.spec.ts" time="4.167">
<system-out>
<![CDATA[
=== CONSOLE MESSAGES ===
[debug] [vite] connecting...
[debug] [vite] connected.
[warning] [Vue warn]: Directive "motion-slide-left" has already been registered in target app.
[warning] [Vue warn]: Directive "motion-slide-right" has already been registered in target app.
[warning] [Vue warn]: Directive "motion-fade" has already been registered in target app.
[warning] [intlify] Legacy API mode has been deprecated in v11. Use Composition API mode instead.
About how to use the Composition API mode, see https://vue-i18n.intlify.dev/guide/advanced/composition.html
[warning] [WARN] [Feature Flags] GitLab Feature Flags not configured. Using fallback to local settings.
[log] [LOG] Performance mark: app-init-start
[log] [LOG] Performance tools available at window.__performance__
[warning] [Vue warn]: onUnmounted is called when there is no active component instance to be associated with. Lifecycle injection APIs can only be used during execution of setup(). If you are using async setup(), make sure to register lifecycle hooks before the first await statement.
[log] [LOG] Performance mark: vue-setup-start
[info] <Suspense> is an experimental feature and its API will likely change.
[log] [LOG] Performance measure: app-init = 8.00ms
[log] [LOG] App mounted
[log] 🔌 WebSocket feature disabled - skipping auto-connect
[error] Failed to load resource: net::ERR_INTERNET_DISCONNECTED
[warning] [nuxt] Your project has pages but the `<NuxtPage />` component has not been used. You might be using the `<RouterView />` component instead, which will not work correctly in Nuxt. You can set `pages: false` in `nuxt.config` if you do not wish to use the Nuxt `vue-router` integration.
[warning] [nuxt] Your project has layouts but the `<NuxtLayout />` component has not been used.
[log] ✨ %cNuxt DevTools %c Press Shift + Option + D to open DevTools color: black; border-radius: 3px 0 0 3px; padding: 2px 2px 1px 10px; background: #00DC82 border-radius: 0 3px 3px 0; padding: 2px 10px 1px 2px; background: #00DC8220 
[debug] [vite] hot updated: /__uno.css
[debug] [vite] hot updated: /__uno.css
[debug] [vite] hot updated: /__uno.css
[debug] [vite] hot updated: /__uno.css
[debug] [vite] hot updated: /__uno.css
[debug] [vite] hot updated: /__uno.css
[debug] [vite] hot updated: /__uno.css
[debug] [vite] hot updated: /__uno.css
[debug] [vite] hot updated: /__uno.css
[debug] [vite] hot updated: /__uno.css
[debug] [vite] hot updated: /__uno.css
[debug] [vite] hot updated: /__uno.css
[debug] [vite] hot updated: /__uno.css
[debug] [vite] hot updated: /__uno.css
[debug] [vite] hot updated: /__uno.css
[debug] [vite] hot updated: /__uno.css
[debug] [vite] hot updated: /__uno.css
[debug] [vite] hot updated: /__uno.css
[log] 🍍 "loading" store installed 🆕
[warning] [WARN] Failed to measure performance: page-transition SyntaxError: Failed to execute 'measure' on 'Performance': The mark 'page-transition-start' does not exist.
    at measure (http://localhost:3000/_nuxt/composables/usePerformance.ts:29:19)
    at http://localhost:3000/_nuxt/plugins/performance.client.ts:24:5
    at http://localhost:3000/_nuxt/@fs/Users/markuswagner/projects/riddle-rush-mono-repo/node_modules/.pnpm/hookable@5.5.3/node_modules/hookable/dist/index.mjs?v=d775c19d:48:66
    at http://localhost:3000/_nuxt/@fs/Users/markuswagner/projects/riddle-rush-mono-repo/node_modules/.pnpm/hookable@5.5.3/node_modules/hookable/dist/index.mjs?v=d775c19d:48:56
    at async onResolve (http://localhost:3000/_nuxt/@fs/Users/markuswagner/projects/riddle-rush-mono-repo/node_modules/.pnpm/nuxt@4.3.0_@parcel+watcher@2.5.1_@types+node@22.19.5_@vercel+functions@3.3.4_@aws-sdk+c_27830d78cbf124f7a1a53fc7709f21a2/node_modules/nuxt/dist/pages/runtime/page.js?v=d775c19d:146:21)

=== CONSOLE ERRORS ===
Failed to load resource: net::ERR_INTERNET_DISCONNECTED

=== PAGE HTML (first 2000 chars) ===
<!DOCTYPE html><html class="light" data-theme="light" style="--vueuse-safe-area-top: env(safe-area-inset-top, 0px); --vueuse-safe-area-right: env(safe-area-inset-right, 0px); --vueuse-safe-area-bottom: env(safe-area-inset-bottom, 0px); --vueuse-safe-area-left: env(safe-area-inset-left, 0px);"><head><meta charset="utf-8"><meta name="viewport" content="width=device-width, initial-scale=1, maximum-scale=1, user-scalable=no, viewport-fit=cover"><title>Riddle Rush - Credits</title><link rel="modulepreload" as="script" crossorigin="" href="/_nuxt/Users/markuswagner/projects/riddle-rush-mono-repo/node_modules/.pnpm/nuxt@4.3.0_@parcel+watcher@2.5.1_@types+node@22.19.5_@vercel+functions@3.3.4_@aws-sdk+c_27830d78cbf124f7a1a53fc7709f21a2/node_modules/nuxt/dist/app/entry.async.js"><script type="module" src="/_nuxt/@vite/client" crossorigin=""></script><script type="module" src="/_nuxt/Users/markuswagner/projects/riddle-rush-mono-repo/node_modules/.pnpm/nuxt@4.3.0_@parcel+watcher@2.5.1_@types+node@22.19.5_@vercel+functions@3.3.4_@aws-sdk+c_27830d78cbf124f7a1a53fc7709f21a2/node_modules/nuxt/dist/app/entry.async.js" crossorigin=""></script><meta name="mobile-web-app-capable" content="yes"><meta name="apple-mobile-web-app-capable" content="yes"><meta name="apple-mobile-web-app-status-bar-style" content="black-translucent"><script id="unhead:payload" type="application/json">{"title":"Riddle Rush - Fun Party Game"}</script><script>
if (!window.__NUXT_DEVTOOLS_TIME_METRIC__) {
  Object.defineProperty(window, '__NUXT_DEVTOOLS_TIME_METRIC__', {
    value: {},
    enumerable: false,
    configurable: true,
  })
}
window.__NUXT_DEVTOOLS_TIME_METRIC__.appInit = Date.now()
</script><script>"use strict";(()=>{const t=window,e=document.documentElement,c=["dark","light"],n=getStorageValue("localStorage","riddle-rush-color-mode")||"light";let i=n==="system"?u():n;const r=e.getAttribute("data-color-mode-forced");r&&(i=r),l(i),t["__NUXT_COLOR_MODE__"]={preference:n,value:i,getColorScheme:u,addCol

=== #__nuxt content ===
<div id="app" class="app-container"><div class="main-content splash-fade-enter-active splash-fade-enter-to"><div class="layout-container"><!-- Connection Status Indicator --><!--v-if--><!-- Background Image (if provided by page) --><!--v-if--><!-- Main Content --><div class="page-content"><div data-v-78ad16e9="" class="credits-page"><!-- Background Image --><img data-v-78ad16e9="" src="/assets/main-menu/BACKGROUND.png" alt="Background" class="page-bg"><!-- Back Button --><button data-v-78ad16e9="" class="back-btn tap-highlight no-select"><img data-v-78ad16e9="" src="/assets/language/back.png" alt="Back"></button><!-- Main Container --><div data-v-78ad16e9="" class="container"><!-- Title --><div data-v-78ad16e9="" class="title-container animate-fade-in"><img data-v-78ad16e9="" src="/assets/main-menu/CREDITS.png" alt="CREDITS" class="title-image"></div><!-- Credits Panel --><div data-v-78ad16e9="" class="credits-panel animate-scale-in"><!-- Game Design --><div class="credit-section" data-v-78ad16e9=""><h2 class="section-heading" data-v-78ad16e9="">Game Design</h2><div class="credit-box" data-v-78ad16e9=""><span class="credit-name" data-v-78ad16e9="">Tobi</span><span class="credit-divider" data-v-78ad16e9=""></span><span class="credit-name" data-v-78ad16e9="">Sophia</span></div></div><!-- Programming --><div data-v-78ad16e9="" class="credit-section"><h2 data-v-78ad16e9="" class="section-heading">Programming</h2><div data-v-78ad16e9="" class="credit-box"><span data-v-78ad16e9="" class="credit-name">Markus</span></div></div><!-- Art --><div data-v-78ad16e9="" class="credit-section"><h2 data-v-78ad16e9="" class="section-heading">Art</h2><div data-v-78ad16e9="" class="credit-box"><span data-v-78ad16e9="" class="credit-name">Sarmad Ali</span></div></div><!-- Version --><div data-v-78ad16e9="" class="version-info">v1.0.0</div></div><!-- OK Button --><button data-v-78ad16e9="" class="ok-btn tap-highlight no-select animate-slide-up"><img data-v-78ad16e9="" src="/assets/leaderboard/ok.png" alt="OK"></button></div></div></div><!-- Global Loading Overlay --><!--v-if--><div class="footer"></div></div><div data-v-3fc632e9="" class="toast-container"></div><!--v-if--><!--teleport start--><!--teleport end--></div></div>
]]>
</system-out>
</testcase>
</testsuite>
<testsuite name="game-complete-flow.spec.ts" timestamp="2026-02-13T13:08:42.362Z" hostname="mobile-chrome-pixel5" tests="14" failures="11" skipped="0" time="518.566" errors="0">
<testcase name="Complete Game Flow › Single Player Flow › should complete full game flow from menu to leaderboard" classname="game-complete-flow.spec.ts" time="14.593">
<failure message="game-complete-flow.spec.ts:16:5 should complete full game flow from menu to leaderboard" type="FAILURE">
<![CDATA[  [mobile-chrome-pixel5] › game-complete-flow.spec.ts:16:5 › Complete Game Flow › Single Player Flow › should complete full game flow from menu to leaderboard 

    Error: expect(locator).toBeVisible() failed

    Locator: locator('.play-btn')
    Expected: visible
    Timeout: 10000ms
    Error: element(s) not found

    Call log:
      - Expect "toBeVisible" with timeout 10000ms
      - waiting for locator('.play-btn')


      25 |
      26 |       const playBtn = page.locator('.play-btn')
    > 27 |       await expect(playBtn).toBeVisible({ timeout: 10000 })
         |                             ^
      28 |
      29 |       // 2. Navigate to players page
      30 |       await playBtn.click()
        at /Users/markuswagner/projects/riddle-rush-mono-repo/apps/game/tests/e2e/game-complete-flow.spec.ts:27:29

    attachment #1: screenshot (image/png) ──────────────────────────────────────────────────────────
    ../../test-results/game-complete-flow-Complet-a358b-ow-from-menu-to-leaderboard-mobile-chrome-pixel5/test-failed-1.png
    ────────────────────────────────────────────────────────────────────────────────────────────────

    Error Context: ../../test-results/game-complete-flow-Complet-a358b-ow-from-menu-to-leaderboard-mobile-chrome-pixel5/error-context.md
]]>
</failure>
<system-out>
<![CDATA[
[[ATTACHMENT|apps/game/test-results/game-complete-flow-Complet-a358b-ow-from-menu-to-leaderboard-mobile-chrome-pixel5/test-failed-1.png]]

[[ATTACHMENT|apps/game/test-results/game-complete-flow-Complet-a358b-ow-from-menu-to-leaderboard-mobile-chrome-pixel5/error-context.md]]
]]>
</system-out>
</testcase>
<testcase name="Complete Game Flow › Single Player Flow › should display game elements correctly" classname="game-complete-flow.spec.ts" time="1.567">
</testcase>
<testcase name="Complete Game Flow › Single Player Flow › should handle game input" classname="game-complete-flow.spec.ts" time="1.499">
</testcase>
<testcase name="Complete Game Flow › Single Player Flow › should not show player turn indicator in single player mode" classname="game-complete-flow.spec.ts" time="1.395">
</testcase>
<testcase name="Complete Game Flow › Navigation › should navigate through scoring to leaderboard" classname="game-complete-flow.spec.ts" time="60.366">
<failure message="game-complete-flow.spec.ts:116:5 should navigate through scoring to leaderboard" type="FAILURE">
<![CDATA[  [mobile-chrome-pixel5] › game-complete-flow.spec.ts:116:5 › Complete Game Flow › Navigation › should navigate through scoring to leaderboard 

    Test timeout of 60000ms exceeded.

    Error: locator.click: Test timeout of 60000ms exceeded.
    Call log:
      - waiting for locator('.start-btn')


      111 |
      112 |       const startBtn = page.locator('.start-btn')
    > 113 |       await startBtn.click()
          |                      ^
      114 |       await page.waitForTimeout(2000)
      115 |
      116 |       // Wait for game to start
        at /Users/markuswagner/projects/riddle-rush-mono-repo/apps/game/tests/e2e/game-complete-flow.spec.ts:113:22

    attachment #1: screenshot (image/png) ──────────────────────────────────────────────────────────
    ../../test-results/game-complete-flow-Complet-4fdce-ough-scoring-to-leaderboard-mobile-chrome-pixel5/test-failed-1.png
    ────────────────────────────────────────────────────────────────────────────────────────────────

    Error Context: ../../test-results/game-complete-flow-Complet-4fdce-ough-scoring-to-leaderboard-mobile-chrome-pixel5/error-context.md
]]>
</failure>
<system-out>
<![CDATA[
[[ATTACHMENT|apps/game/test-results/game-complete-flow-Complet-4fdce-ough-scoring-to-leaderboard-mobile-chrome-pixel5/test-failed-1.png]]

[[ATTACHMENT|apps/game/test-results/game-complete-flow-Complet-4fdce-ough-scoring-to-leaderboard-mobile-chrome-pixel5/error-context.md]]
]]>
</system-out>
</testcase>
<testcase name="Complete Game Flow › Navigation › should return to menu from leaderboard when game completed" classname="game-complete-flow.spec.ts" time="6.576">
<failure message="game-complete-flow.spec.ts:153:5 should return to menu from leaderboard when game completed" type="FAILURE">
<![CDATA[  [mobile-chrome-pixel5] › game-complete-flow.spec.ts:153:5 › Complete Game Flow › Navigation › should return to menu from leaderboard when game completed 

    Error: expect(locator).toBeVisible() failed

    Locator: locator('.leaderboard-list')
    Expected: visible
    Timeout: 5000ms
    Error: element(s) not found

    Call log:
      - Expect "toBeVisible" with timeout 5000ms
      - waiting for locator('.leaderboard-list')


      144 |
      145 |       const leaderboardList = page.locator('.leaderboard-list')
    > 146 |       await expect(leaderboardList).toBeVisible()
          |                                     ^
      147 |
      148 |       const finishBtn = page.locator('.finish-btn')
      149 |       await expect(finishBtn).toBeVisible()
        at /Users/markuswagner/projects/riddle-rush-mono-repo/apps/game/tests/e2e/game-complete-flow.spec.ts:146:37

    attachment #1: screenshot (image/png) ──────────────────────────────────────────────────────────
    ../../test-results/game-complete-flow-Complet-85561-erboard-when-game-completed-mobile-chrome-pixel5/test-failed-1.png
    ────────────────────────────────────────────────────────────────────────────────────────────────

    Error Context: ../../test-results/game-complete-flow-Complet-85561-erboard-when-game-completed-mobile-chrome-pixel5/error-context.md
]]>
</failure>
<system-out>
<![CDATA[
[[ATTACHMENT|apps/game/test-results/game-complete-flow-Complet-85561-erboard-when-game-completed-mobile-chrome-pixel5/test-failed-1.png]]

[[ATTACHMENT|apps/game/test-results/game-complete-flow-Complet-85561-erboard-when-game-completed-mobile-chrome-pixel5/error-context.md]]
]]>
</system-out>
</testcase>
<testcase name="Complete Game Flow › Navigation › should handle browser back button navigation" classname="game-complete-flow.spec.ts" time="60.272">
<failure message="game-complete-flow.spec.ts:170:5 should handle browser back button navigation" type="FAILURE">
<![CDATA[  [mobile-chrome-pixel5] › game-complete-flow.spec.ts:170:5 › Complete Game Flow › Navigation › should handle browser back button navigation 

    Test timeout of 60000ms exceeded.

    Error: locator.click: Test timeout of 60000ms exceeded.
    Call log:
      - waiting for locator('.play-btn')


      166 |
      167 |       const playBtn = page.locator('.play-btn')
    > 168 |       await playBtn.click()
          |                     ^
      169 |       await expect(page).toHaveURL(/\/players/)
      170 |       await page.waitForTimeout(500)
      171 |
        at /Users/markuswagner/projects/riddle-rush-mono-repo/apps/game/tests/e2e/game-complete-flow.spec.ts:168:21

    attachment #1: screenshot (image/png) ──────────────────────────────────────────────────────────
    ../../test-results/game-complete-flow-Complet-60490-wser-back-button-navigation-mobile-chrome-pixel5/test-failed-1.png
    ────────────────────────────────────────────────────────────────────────────────────────────────

    Error Context: ../../test-results/game-complete-flow-Complet-60490-wser-back-button-navigation-mobile-chrome-pixel5/error-context.md
]]>
</failure>
<system-out>
<![CDATA[
[[ATTACHMENT|apps/game/test-results/game-complete-flow-Complet-60490-wser-back-button-navigation-mobile-chrome-pixel5/test-failed-1.png]]

[[ATTACHMENT|apps/game/test-results/game-complete-flow-Complet-60490-wser-back-button-navigation-mobile-chrome-pixel5/error-context.md]]
]]>
</system-out>
</testcase>
<testcase name="Complete Game Flow › Navigation › should maintain score changes through navigation" classname="game-complete-flow.spec.ts" time="60.514">
<failure message="game-complete-flow.spec.ts:201:5 should maintain score changes through navigation" type="FAILURE">
<![CDATA[  [mobile-chrome-pixel5] › game-complete-flow.spec.ts:201:5 › Complete Game Flow › Navigation › should maintain score changes through navigation 

    Test timeout of 60000ms exceeded.

    Error: locator.click: Test timeout of 60000ms exceeded.
    Call log:
      - waiting for locator('.start-btn')


      191 |
      192 |       const startBtn = page.locator('.start-btn')
    > 193 |       await startBtn.click()
          |                      ^
      194 |       await page.waitForTimeout(2000)
      195 |
      196 |       await expect(page).toHaveURL(/\/game/, { timeout: 10000 })
        at /Users/markuswagner/projects/riddle-rush-mono-repo/apps/game/tests/e2e/game-complete-flow.spec.ts:193:22

    attachment #1: screenshot (image/png) ──────────────────────────────────────────────────────────
    ../../test-results/game-complete-flow-Complet-6fc1a--changes-through-navigation-mobile-chrome-pixel5/test-failed-1.png
    ────────────────────────────────────────────────────────────────────────────────────────────────

    Error Context: ../../test-results/game-complete-flow-Complet-6fc1a--changes-through-navigation-mobile-chrome-pixel5/error-context.md
]]>
</failure>
<system-out>
<![CDATA[
[[ATTACHMENT|apps/game/test-results/game-complete-flow-Complet-6fc1a--changes-through-navigation-mobile-chrome-pixel5/test-failed-1.png]]

[[ATTACHMENT|apps/game/test-results/game-complete-flow-Complet-6fc1a--changes-through-navigation-mobile-chrome-pixel5/error-context.md]]
]]>
</system-out>
</testcase>
<testcase name="Complete Game Flow › Multi-Player Flow › complete multi-player game: players → round-start → game → results → leaderboard → next round" classname="game-complete-flow.spec.ts" time="60.379">
<failure message="game-complete-flow.spec.ts:243:5 complete multi-player game: players → round-start → game → results → leaderboard → next round" type="FAILURE">
<![CDATA[  [mobile-chrome-pixel5] › game-complete-flow.spec.ts:243:5 › Complete Game Flow › Multi-Player Flow › complete multi-player game: players → round-start → game → results → leaderboard → next round 

    Test timeout of 60000ms exceeded.

    Error: locator.click: Test timeout of 60000ms exceeded.
    Call log:
      - waiting for locator('.add-btn')


      241 |         await dialog.accept(player2Name)
      242 |       })
    > 243 |       await addBtn.click()
          |                    ^
      244 |       await page.waitForTimeout(300)
      245 |
      246 |       page.once('dialog', async (dialog) => {
        at /Users/markuswagner/projects/riddle-rush-mono-repo/apps/game/tests/e2e/game-complete-flow.spec.ts:243:20

    attachment #1: screenshot (image/png) ──────────────────────────────────────────────────────────
    ../../test-results/game-complete-flow-Complet-fcd0f--→-leaderboard-→-next-round-mobile-chrome-pixel5/test-failed-1.png
    ────────────────────────────────────────────────────────────────────────────────────────────────

    Error Context: ../../test-results/game-complete-flow-Complet-fcd0f--→-leaderboard-→-next-round-mobile-chrome-pixel5/error-context.md
]]>
</failure>
<system-out>
<![CDATA[
[[ATTACHMENT|apps/game/test-results/game-complete-flow-Complet-fcd0f--→-leaderboard-→-next-round-mobile-chrome-pixel5/test-failed-1.png]]

[[ATTACHMENT|apps/game/test-results/game-complete-flow-Complet-fcd0f--→-leaderboard-→-next-round-mobile-chrome-pixel5/error-context.md]]
]]>
</system-out>
</testcase>
<testcase name="Complete Game Flow › Multi-Player Flow › should show NEXT button only when all players submitted" classname="game-complete-flow.spec.ts" time="60.337">
<failure message="game-complete-flow.spec.ts:421:5 should show NEXT button only when all players submitted" type="FAILURE">
<![CDATA[  [mobile-chrome-pixel5] › game-complete-flow.spec.ts:421:5 › Complete Game Flow › Multi-Player Flow › should show NEXT button only when all players submitted 

    Test timeout of 60000ms exceeded.

    Error: locator.click: Test timeout of 60000ms exceeded.
    Call log:
      - waiting for locator('.add-btn')


      421 |       })
      422 |       const addBtn = page.locator('.add-btn')
    > 423 |       await addBtn.click()
          |                    ^
      424 |       await page.waitForTimeout(300)
      425 |
      426 |       await page.locator('.start-btn').click()
        at /Users/markuswagner/projects/riddle-rush-mono-repo/apps/game/tests/e2e/game-complete-flow.spec.ts:423:20

    attachment #1: screenshot (image/png) ──────────────────────────────────────────────────────────
    ../../test-results/game-complete-flow-Complet-4f477--when-all-players-submitted-mobile-chrome-pixel5/test-failed-1.png
    ────────────────────────────────────────────────────────────────────────────────────────────────

    Error Context: ../../test-results/game-complete-flow-Complet-4f477--when-all-players-submitted-mobile-chrome-pixel5/error-context.md
]]>
</failure>
<system-out>
<![CDATA[
[[ATTACHMENT|apps/game/test-results/game-complete-flow-Complet-4f477--when-all-players-submitted-mobile-chrome-pixel5/test-failed-1.png]]

[[ATTACHMENT|apps/game/test-results/game-complete-flow-Complet-4f477--when-all-players-submitted-mobile-chrome-pixel5/error-context.md]]
]]>
</system-out>
</testcase>
<testcase name="Complete Game Flow › Multi-Player Flow › should preserve player names across rounds" classname="game-complete-flow.spec.ts" time="60.58">
<failure message="game-complete-flow.spec.ts:460:5 should preserve player names across rounds" type="FAILURE">
<![CDATA[  [mobile-chrome-pixel5] › game-complete-flow.spec.ts:460:5 › Complete Game Flow › Multi-Player Flow › should preserve player names across rounds 

    Test timeout of 60000ms exceeded.

    Error: locator.click: Test timeout of 60000ms exceeded.
    Call log:
      - waiting for locator('.add-btn')


      464 |         await dialog.accept(customPlayer2)
      465 |       })
    > 466 |       await page.locator('.add-btn').click()
          |                                      ^
      467 |       await page.waitForTimeout(300)
      468 |
      469 |       page.once('dialog', async (dialog) => {
        at /Users/markuswagner/projects/riddle-rush-mono-repo/apps/game/tests/e2e/game-complete-flow.spec.ts:466:38

    attachment #1: screenshot (image/png) ──────────────────────────────────────────────────────────
    ../../test-results/game-complete-flow-Complet-9724b--player-names-across-rounds-mobile-chrome-pixel5/test-failed-1.png
    ────────────────────────────────────────────────────────────────────────────────────────────────

    Error Context: ../../test-results/game-complete-flow-Complet-9724b--player-names-across-rounds-mobile-chrome-pixel5/error-context.md
]]>
</failure>
<system-out>
<![CDATA[
[[ATTACHMENT|apps/game/test-results/game-complete-flow-Complet-9724b--player-names-across-rounds-mobile-chrome-pixel5/test-failed-1.png]]

[[ATTACHMENT|apps/game/test-results/game-complete-flow-Complet-9724b--player-names-across-rounds-mobile-chrome-pixel5/error-context.md]]
]]>
</system-out>
</testcase>
<testcase name="Complete Game Flow › Multi-Round Games with Champion › should play multiple rounds with accumulating points and declare champion" classname="game-complete-flow.spec.ts" time="9.25">
<failure message="game-complete-flow.spec.ts:531:5 should play multiple rounds with accumulating points and declare champion" type="FAILURE">
<![CDATA[  [mobile-chrome-pixel5] › game-complete-flow.spec.ts:531:5 › Complete Game Flow › Multi-Round Games with Champion › should play multiple rounds with accumulating points and declare champion 

    Error: expect(locator).toBeVisible() failed

    Locator: locator('.play-btn')
    Expected: visible
    Timeout: 5000ms
    Error: element(s) not found

    Call log:
      - Expect "toBeVisible" with timeout 5000ms
      - waiting for locator('.play-btn')


      542 |       // 2. Navigate to players
      543 |       const playBtn = page.locator('.play-btn')
    > 544 |       await expect(playBtn).toBeVisible()
          |                             ^
      545 |       await playBtn.click()
      546 |       await expect(page).toHaveURL(/\/players/)
      547 |       await page.waitForTimeout(500)
        at /Users/markuswagner/projects/riddle-rush-mono-repo/apps/game/tests/e2e/game-complete-flow.spec.ts:544:29

    attachment #1: screenshot (image/png) ──────────────────────────────────────────────────────────
    ../../test-results/game-complete-flow-Complet-ac6b6-points-and-declare-champion-mobile-chrome-pixel5/test-failed-1.png
    ────────────────────────────────────────────────────────────────────────────────────────────────

    Error Context: ../../test-results/game-complete-flow-Complet-ac6b6-points-and-declare-champion-mobile-chrome-pixel5/error-context.md
]]>
</failure>
<system-out>
<![CDATA[
[[ATTACHMENT|apps/game/test-results/game-complete-flow-Complet-ac6b6-points-and-declare-champion-mobile-chrome-pixel5/test-failed-1.png]]

[[ATTACHMENT|apps/game/test-results/game-complete-flow-Complet-ac6b6-points-and-declare-champion-mobile-chrome-pixel5/error-context.md]]
]]>
</system-out>
</testcase>
<testcase name="Complete Game Flow › Multi-Round Games with Champion › should handle 3 rounds with point accumulation" classname="game-complete-flow.spec.ts" time="60.783">
<failure message="game-complete-flow.spec.ts:683:5 should handle 3 rounds with point accumulation" type="FAILURE">
<![CDATA[  [mobile-chrome-pixel5] › game-complete-flow.spec.ts:683:5 › Complete Game Flow › Multi-Round Games with Champion › should handle 3 rounds with point accumulation 

    Test timeout of 60000ms exceeded.

    Error: locator.click: Test timeout of 60000ms exceeded.
    Call log:
      - waiting for locator('.start-btn')


      709 |
      710 |       const startBtn = page.locator('.start-btn')
    > 711 |       await startBtn.click()
          |                      ^
      712 |       await page.waitForTimeout(3000)
      713 |
      714 |       await expect(page).toHaveURL(/\/game/, { timeout: 10000 })
        at /Users/markuswagner/projects/riddle-rush-mono-repo/apps/game/tests/e2e/game-complete-flow.spec.ts:711:22

    attachment #1: screenshot (image/png) ──────────────────────────────────────────────────────────
    ../../test-results/game-complete-flow-Complet-c8cdc-nds-with-point-accumulation-mobile-chrome-pixel5/test-failed-1.png
    ────────────────────────────────────────────────────────────────────────────────────────────────

    Error Context: ../../test-results/game-complete-flow-Complet-c8cdc-nds-with-point-accumulation-mobile-chrome-pixel5/error-context.md
]]>
</failure>
<system-out>
<![CDATA[
[[ATTACHMENT|apps/game/test-results/game-complete-flow-Complet-c8cdc-nds-with-point-accumulation-mobile-chrome-pixel5/test-failed-1.png]]

[[ATTACHMENT|apps/game/test-results/game-complete-flow-Complet-c8cdc-nds-with-point-accumulation-mobile-chrome-pixel5/error-context.md]]
]]>
</system-out>
</testcase>
<testcase name="Complete Game Flow › Multi-Round Games with Champion › should correctly calculate and display cumulative scores" classname="game-complete-flow.spec.ts" time="60.455">
<failure message="game-complete-flow.spec.ts:781:5 should correctly calculate and display cumulative scores" type="FAILURE">
<![CDATA[  [mobile-chrome-pixel5] › game-complete-flow.spec.ts:781:5 › Complete Game Flow › Multi-Round Games with Champion › should correctly calculate and display cumulative scores 

    Test timeout of 60000ms exceeded.

    Error: locator.click: Test timeout of 60000ms exceeded.
    Call log:
      - waiting for locator('.add-btn')


      803 |         await dialog.accept(testPlayer2)
      804 |       })
    > 805 |       await page.locator('.add-btn').click()
          |                                      ^
      806 |       await page.waitForTimeout(300)
      807 |
      808 |       await page.locator('.start-btn').click()
        at /Users/markuswagner/projects/riddle-rush-mono-repo/apps/game/tests/e2e/game-complete-flow.spec.ts:805:38

    attachment #1: screenshot (image/png) ──────────────────────────────────────────────────────────
    ../../test-results/game-complete-flow-Complet-914f4-d-display-cumulative-scores-mobile-chrome-pixel5/test-failed-1.png
    ────────────────────────────────────────────────────────────────────────────────────────────────

    Error Context: ../../test-results/game-complete-flow-Complet-914f4-d-display-cumulative-scores-mobile-chrome-pixel5/error-context.md
]]>
</failure>
<system-out>
<![CDATA[
[[ATTACHMENT|apps/game/test-results/game-complete-flow-Complet-914f4-d-display-cumulative-scores-mobile-chrome-pixel5/test-failed-1.png]]

[[ATTACHMENT|apps/game/test-results/game-complete-flow-Complet-914f4-d-display-cumulative-scores-mobile-chrome-pixel5/error-context.md]]
]]>
</system-out>
</testcase>
</testsuite>
<testsuite name="language.spec.ts" timestamp="2026-02-13T13:08:42.362Z" hostname="mobile-chrome-pixel5" tests="12" failures="10" skipped="0" time="438.543" errors="0">
<testcase name="Language Selection Page › should load language page successfully" classname="language.spec.ts" time="5.298">
<failure message="language.spec.ts:3:3 should load language page successfully" type="FAILURE">
<![CDATA[  [mobile-chrome-pixel5] › language.spec.ts:3:3 › Language Selection Page › should load language page successfully 

    Error: expect(locator).toBeVisible() failed

    Locator: locator('.title-image, img[alt*="Language" i], img[alt*="Sprache" i]').first()
    Expected: visible
    Timeout: 5000ms
    Error: element(s) not found

    Call log:
      - Expect "toBeVisible" with timeout 5000ms
      - waiting for locator('.title-image, img[alt*="Language" i], img[alt*="Sprache" i]').first()


      12 |       .locator('.title-image, img[alt*="Language" i], img[alt*="Sprache" i]')
      13 |       .first()
    > 14 |     await expect(titleImage).toBeVisible({ timeout: 5000 })
         |                              ^
      15 |   })
      16 |
      17 |   test('should display language options', async ({ page }) => {
        at /Users/markuswagner/projects/riddle-rush-mono-repo/apps/game/tests/e2e/language.spec.ts:14:30

    attachment #1: screenshot (image/png) ──────────────────────────────────────────────────────────
    ../../test-results/language-Language-Selectio-26f99--language-page-successfully-mobile-chrome-pixel5/test-failed-1.png
    ────────────────────────────────────────────────────────────────────────────────────────────────

    Error Context: ../../test-results/language-Language-Selectio-26f99--language-page-successfully-mobile-chrome-pixel5/error-context.md
]]>
</failure>
<system-out>
<![CDATA[
[[ATTACHMENT|apps/game/test-results/language-Language-Selectio-26f99--language-page-successfully-mobile-chrome-pixel5/test-failed-1.png]]

[[ATTACHMENT|apps/game/test-results/language-Language-Selectio-26f99--language-page-successfully-mobile-chrome-pixel5/error-context.md]]
]]>
</system-out>
</testcase>
<testcase name="Language Selection Page › should display language options" classname="language.spec.ts" time="6.075">
<failure message="language.spec.ts:17:3 should display language options" type="FAILURE">
<![CDATA[  [mobile-chrome-pixel5] › language.spec.ts:17:3 › Language Selection Page › should display language options 

    Error: expect(locator).toBeVisible() failed

    Locator: locator('.language-option').filter({ hasText: /ENGLISH/i })
    Expected: visible
    Timeout: 5000ms
    Error: element(s) not found

    Call log:
      - Expect "toBeVisible" with timeout 5000ms
      - waiting for locator('.language-option').filter({ hasText: /ENGLISH/i })


      23 |     // Check for English option
      24 |     const englishOption = page.locator('.language-option').filter({ hasText: /ENGLISH/i })
    > 25 |     await expect(englishOption).toBeVisible()
         |                                 ^
      26 |
      27 |     // Check for German option
      28 |     const germanOption = page.locator('.language-option').filter({ hasText: /GERMAN/i })
        at /Users/markuswagner/projects/riddle-rush-mono-repo/apps/game/tests/e2e/language.spec.ts:25:33

    attachment #1: screenshot (image/png) ──────────────────────────────────────────────────────────
    ../../test-results/language-Language-Selectio-ded40-ld-display-language-options-mobile-chrome-pixel5/test-failed-1.png
    ────────────────────────────────────────────────────────────────────────────────────────────────

    Error Context: ../../test-results/language-Language-Selectio-ded40-ld-display-language-options-mobile-chrome-pixel5/error-context.md
]]>
</failure>
<system-out>
<![CDATA[
[[ATTACHMENT|apps/game/test-results/language-Language-Selectio-ded40-ld-display-language-options-mobile-chrome-pixel5/test-failed-1.png]]

[[ATTACHMENT|apps/game/test-results/language-Language-Selectio-ded40-ld-display-language-options-mobile-chrome-pixel5/error-context.md]]
]]>
</system-out>
</testcase>
<testcase name="Language Selection Page › should show checkmark on selected language" classname="language.spec.ts" time="1.605">
</testcase>
<testcase name="Language Selection Page › should allow selecting English" classname="language.spec.ts" time="60.308">
<failure message="language.spec.ts:59:3 should allow selecting English" type="FAILURE">
<![CDATA[  [mobile-chrome-pixel5] › language.spec.ts:59:3 › Language Selection Page › should allow selecting English 

    Test timeout of 60000ms exceeded.

    Error: locator.click: Test timeout of 60000ms exceeded.
    Call log:
      - waiting for locator('.language-option').filter({ hasText: /ENGLISH/i })


      59 |     // Click on English option
      60 |     const englishOption = page.locator('.language-option').filter({ hasText: /ENGLISH/i })
    > 61 |     await englishOption.click()
         |                         ^
      62 |
      63 |     // Wait for state update
      64 |     await page.waitForTimeout(300)
        at /Users/markuswagner/projects/riddle-rush-mono-repo/apps/game/tests/e2e/language.spec.ts:61:25

    attachment #1: screenshot (image/png) ──────────────────────────────────────────────────────────
    ../../test-results/language-Language-Selectio-9456a-uld-allow-selecting-English-mobile-chrome-pixel5/test-failed-1.png
    ────────────────────────────────────────────────────────────────────────────────────────────────

    Error Context: ../../test-results/language-Language-Selectio-9456a-uld-allow-selecting-English-mobile-chrome-pixel5/error-context.md
]]>
</failure>
<system-out>
<![CDATA[
[[ATTACHMENT|apps/game/test-results/language-Language-Selectio-9456a-uld-allow-selecting-English-mobile-chrome-pixel5/test-failed-1.png]]

[[ATTACHMENT|apps/game/test-results/language-Language-Selectio-9456a-uld-allow-selecting-English-mobile-chrome-pixel5/error-context.md]]
]]>
</system-out>
</testcase>
<testcase name="Language Selection Page › should allow selecting German" classname="language.spec.ts" time="60.464">
<failure message="language.spec.ts:77:3 should allow selecting German" type="FAILURE">
<![CDATA[  [mobile-chrome-pixel5] › language.spec.ts:77:3 › Language Selection Page › should allow selecting German 

    Test timeout of 60000ms exceeded.

    Error: locator.click: Test timeout of 60000ms exceeded.
    Call log:
      - waiting for locator('.language-option').filter({ hasText: /GERMAN/i })


      75 |     // Click on German option
      76 |     const germanOption = page.locator('.language-option').filter({ hasText: /GERMAN/i })
    > 77 |     await germanOption.click()
         |                        ^
      78 |
      79 |     // Wait for state update
      80 |     await page.waitForTimeout(300)
        at /Users/markuswagner/projects/riddle-rush-mono-repo/apps/game/tests/e2e/language.spec.ts:77:24

    attachment #1: screenshot (image/png) ──────────────────────────────────────────────────────────
    ../../test-results/language-Language-Selectio-d1047-ould-allow-selecting-German-mobile-chrome-pixel5/test-failed-1.png
    ────────────────────────────────────────────────────────────────────────────────────────────────

    Error Context: ../../test-results/language-Language-Selectio-d1047-ould-allow-selecting-German-mobile-chrome-pixel5/error-context.md
]]>
</failure>
<system-out>
<![CDATA[
[[ATTACHMENT|apps/game/test-results/language-Language-Selectio-d1047-ould-allow-selecting-German-mobile-chrome-pixel5/test-failed-1.png]]

[[ATTACHMENT|apps/game/test-results/language-Language-Selectio-d1047-ould-allow-selecting-German-mobile-chrome-pixel5/error-context.md]]
]]>
</system-out>
</testcase>
<testcase name="Language Selection Page › should switch between languages" classname="language.spec.ts" time="60.533">
<failure message="language.spec.ts:95:3 should switch between languages" type="FAILURE">
<![CDATA[  [mobile-chrome-pixel5] › language.spec.ts:95:3 › Language Selection Page › should switch between languages 

    Test timeout of 60000ms exceeded.

    Error: locator.click: Test timeout of 60000ms exceeded.
    Call log:
      - waiting for locator('.language-option').filter({ hasText: /ENGLISH/i })


      91 |     // Click English
      92 |     const englishOption = page.locator('.language-option').filter({ hasText: /ENGLISH/i })
    > 93 |     await englishOption.click()
         |                         ^
      94 |     await page.waitForTimeout(200)
      95 |
      96 |     // English should be selected
        at /Users/markuswagner/projects/riddle-rush-mono-repo/apps/game/tests/e2e/language.spec.ts:93:25

    attachment #1: screenshot (image/png) ──────────────────────────────────────────────────────────
    ../../test-results/language-Language-Selectio-9669c-ld-switch-between-languages-mobile-chrome-pixel5/test-failed-1.png
    ────────────────────────────────────────────────────────────────────────────────────────────────

    Error Context: ../../test-results/language-Language-Selectio-9669c-ld-switch-between-languages-mobile-chrome-pixel5/error-context.md
]]>
</failure>
<system-out>
<![CDATA[
[[ATTACHMENT|apps/game/test-results/language-Language-Selectio-9669c-ld-switch-between-languages-mobile-chrome-pixel5/test-failed-1.png]]

[[ATTACHMENT|apps/game/test-results/language-Language-Selectio-9669c-ld-switch-between-languages-mobile-chrome-pixel5/error-context.md]]
]]>
</system-out>
</testcase>
<testcase name="Language Selection Page › should have working OK button" classname="language.spec.ts" time="60.499">
<failure message="language.spec.ts:121:3 should have working OK button" type="FAILURE">
<![CDATA[  [mobile-chrome-pixel5] › language.spec.ts:121:3 › Language Selection Page › should have working OK button 

    Test timeout of 60000ms exceeded.

    Error: locator.click: Test timeout of 60000ms exceeded.
    Call log:
      - waiting for locator('.language-option').filter({ hasText: /ENGLISH/i })


      113 |     // Select a language first
      114 |     const englishOption = page.locator('.language-option').filter({ hasText: /ENGLISH/i })
    > 115 |     await englishOption.click()
          |                         ^
      116 |     await page.waitForTimeout(200)
      117 |
      118 |     // Look for OK button (OK button contains an image, not text)
        at /Users/markuswagner/projects/riddle-rush-mono-repo/apps/game/tests/e2e/language.spec.ts:115:25

    attachment #1: screenshot (image/png) ──────────────────────────────────────────────────────────
    ../../test-results/language-Language-Selectio-721cf-ould-have-working-OK-button-mobile-chrome-pixel5/test-failed-1.png
    ────────────────────────────────────────────────────────────────────────────────────────────────

    Error Context: ../../test-results/language-Language-Selectio-721cf-ould-have-working-OK-button-mobile-chrome-pixel5/error-context.md
]]>
</failure>
<system-out>
<![CDATA[
[[ATTACHMENT|apps/game/test-results/language-Language-Selectio-721cf-ould-have-working-OK-button-mobile-chrome-pixel5/test-failed-1.png]]

[[ATTACHMENT|apps/game/test-results/language-Language-Selectio-721cf-ould-have-working-OK-button-mobile-chrome-pixel5/error-context.md]]
]]>
</system-out>
</testcase>
<testcase name="Language Selection Page › should confirm language selection with OK button" classname="language.spec.ts" time="60.347">
<failure message="language.spec.ts:148:3 should confirm language selection with OK button" type="FAILURE">
<![CDATA[  [mobile-chrome-pixel5] › language.spec.ts:148:3 › Language Selection Page › should confirm language selection with OK button 

    Test timeout of 60000ms exceeded.

    Error: locator.click: Test timeout of 60000ms exceeded.
    Call log:
      - waiting for locator('.language-option').filter({ hasText: /ENGLISH/i })


      139 |     // Select English
      140 |     const englishOption = page.locator('.language-option').filter({ hasText: /ENGLISH/i })
    > 141 |     await englishOption.click()
          |                         ^
      142 |     await page.waitForTimeout(200)
      143 |
      144 |     // Verify English is selected
        at /Users/markuswagner/projects/riddle-rush-mono-repo/apps/game/tests/e2e/language.spec.ts:141:25

    attachment #1: screenshot (image/png) ──────────────────────────────────────────────────────────
    ../../test-results/language-Language-Selectio-8ebef-ge-selection-with-OK-button-mobile-chrome-pixel5/test-failed-1.png
    ────────────────────────────────────────────────────────────────────────────────────────────────

    Error Context: ../../test-results/language-Language-Selectio-8ebef-ge-selection-with-OK-button-mobile-chrome-pixel5/error-context.md
]]>
</failure>
<system-out>
<![CDATA[
[[ATTACHMENT|apps/game/test-results/language-Language-Selectio-8ebef-ge-selection-with-OK-button-mobile-chrome-pixel5/test-failed-1.png]]

[[ATTACHMENT|apps/game/test-results/language-Language-Selectio-8ebef-ge-selection-with-OK-button-mobile-chrome-pixel5/error-context.md]]
]]>
</system-out>
</testcase>
<testcase name="Language Selection Page › should display flags correctly" classname="language.spec.ts" time="1.359">
<failure message="language.spec.ts:176:3 should display flags correctly" type="FAILURE">
<![CDATA[  [mobile-chrome-pixel5] › language.spec.ts:176:3 › Language Selection Page › should display flags correctly 

    Error: expect(received).toBe(expected) // Object.is equality

    Expected: 2
    Received: 0

      163 |     // Check for flag containers
      164 |     const flagContainers = page.locator('.flag-container')
    > 165 |     expect(await flagContainers.count()).toBe(2)
          |                                          ^
      166 |
      167 |     // Check that flags are visible
      168 |     for (let i = 0; i < (await flagContainers.count()); i++) {
        at /Users/markuswagner/projects/riddle-rush-mono-repo/apps/game/tests/e2e/language.spec.ts:165:42

    attachment #1: screenshot (image/png) ──────────────────────────────────────────────────────────
    ../../test-results/language-Language-Selectio-769ee-uld-display-flags-correctly-mobile-chrome-pixel5/test-failed-1.png
    ────────────────────────────────────────────────────────────────────────────────────────────────

    Error Context: ../../test-results/language-Language-Selectio-769ee-uld-display-flags-correctly-mobile-chrome-pixel5/error-context.md
]]>
</failure>
<system-out>
<![CDATA[
[[ATTACHMENT|apps/game/test-results/language-Language-Selectio-769ee-uld-display-flags-correctly-mobile-chrome-pixel5/test-failed-1.png]]

[[ATTACHMENT|apps/game/test-results/language-Language-Selectio-769ee-uld-display-flags-correctly-mobile-chrome-pixel5/error-context.md]]
]]>
</system-out>
</testcase>
<testcase name="Language Selection Page › should have proper page styling" classname="language.spec.ts" time="1.322">
</testcase>
<testcase name="Language Switching Behavior › uses browser language by default and persists selection" classname="language.spec.ts" time="60.35">
<failure message="language.spec.ts:220:3 uses browser language by default and persists selection" type="FAILURE">
<![CDATA[  [mobile-chrome-pixel5] › language.spec.ts:220:3 › Language Switching Behavior › uses browser language by default and persists selection 

    Test timeout of 60000ms exceeded.

    Error: locator.click: Test timeout of 60000ms exceeded.
    Call log:
      - waiting for locator('.options-btn')


      203 |     await page.goto('/', { waitUntil: 'networkidle' })
      204 |
    > 205 |     await page.locator('.options-btn').click()
          |                                        ^
      206 |
      207 |     const languageItem = page.locator('.menu-item').filter({ hasText: 'Language' })
      208 |     const settingsItem = page.locator('.menu-item').filter({ hasText: 'Settings' })
        at /Users/markuswagner/projects/riddle-rush-mono-repo/apps/game/tests/e2e/language.spec.ts:205:40

    attachment #1: screenshot (image/png) ──────────────────────────────────────────────────────────
    ../../test-results/language-Language-Switchin-89134-ault-and-persists-selection-mobile-chrome-pixel5/test-failed-1.png
    ────────────────────────────────────────────────────────────────────────────────────────────────

    Error Context: ../../test-results/language-Language-Switchin-89134-ault-and-persists-selection-mobile-chrome-pixel5/error-context.md
]]>
</failure>
<system-out>
<![CDATA[
[[ATTACHMENT|apps/game/test-results/language-Language-Switchin-89134-ault-and-persists-selection-mobile-chrome-pixel5/test-failed-1.png]]

[[ATTACHMENT|apps/game/test-results/language-Language-Switchin-89134-ault-and-persists-selection-mobile-chrome-pixel5/error-context.md]]
]]>
</system-out>
</testcase>
<testcase name="Language Switching Behavior › respects ?lang query and preserves it when selecting a different locale" classname="language.spec.ts" time="60.383">
<failure message="language.spec.ts:260:3 respects ?lang query and preserves it when selecting a different locale" type="FAILURE">
<![CDATA[  [mobile-chrome-pixel5] › language.spec.ts:260:3 › Language Switching Behavior › respects ?lang query and preserves it when selecting a different locale 

    Test timeout of 60000ms exceeded.

    Error: locator.click: Test timeout of 60000ms exceeded.
    Call log:
      - waiting for locator('.options-btn')


      234 |     await page.goto('/?lang=de', { waitUntil: 'networkidle' })
      235 |
    > 236 |     await page.locator('.options-btn').click()
          |                                        ^
      237 |     const germanMenuItem = page.locator('.menu-item').filter({ hasText: 'Sprache' })
      238 |     await expect(germanMenuItem).toBeVisible()
      239 |
        at /Users/markuswagner/projects/riddle-rush-mono-repo/apps/game/tests/e2e/language.spec.ts:236:40

    attachment #1: screenshot (image/png) ──────────────────────────────────────────────────────────
    ../../test-results/language-Language-Switchin-95417-electing-a-different-locale-mobile-chrome-pixel5/test-failed-1.png
    ────────────────────────────────────────────────────────────────────────────────────────────────

    Error Context: ../../test-results/language-Language-Switchin-95417-electing-a-different-locale-mobile-chrome-pixel5/error-context.md
]]>
</failure>
<system-out>
<![CDATA[
[[ATTACHMENT|apps/game/test-results/language-Language-Switchin-95417-electing-a-different-locale-mobile-chrome-pixel5/test-failed-1.png]]

[[ATTACHMENT|apps/game/test-results/language-Language-Switchin-95417-electing-a-different-locale-mobile-chrome-pixel5/error-context.md]]
]]>
</system-out>
</testcase>
</testsuite>
<testsuite name="leaderboard.spec.ts" timestamp="2026-02-13T13:08:42.362Z" hostname="mobile-chrome-pixel5" tests="13" failures="13" skipped="0" time="787.784" errors="0">
<testcase name="Leaderboard Page › should display leaderboard page with all elements" classname="leaderboard.spec.ts" time="60.853">
<failure message="leaderboard.spec.ts:24:3 should display leaderboard page with all elements" type="FAILURE">
<![CDATA[  [mobile-chrome-pixel5] › leaderboard.spec.ts:24:3 › Leaderboard Page › should display leaderboard page with all elements 

    Test timeout of 60000ms exceeded while running "beforeEach" hook.

      2 |
      3 | test.describe('Leaderboard Page', () => {
    > 4 |   test.beforeEach(async ({ page }) => {
        |        ^
      5 |     // Set up game state first by going through players page
      6 |     await page.goto('/players')
      7 |     await page.waitForLoadState('networkidle')
        at /Users/markuswagner/projects/riddle-rush-mono-repo/apps/game/tests/e2e/leaderboard.spec.ts:4:8

    Error: locator.click: Test timeout of 60000ms exceeded.
    Call log:
      - waiting for locator('.start-btn')


       9 |     // Start game with default player to initialize store
      10 |     const startBtn = page.locator('.start-btn')
    > 11 |     await startBtn.click()
         |                    ^
      12 |     await page.waitForTimeout(2000)
      13 |
      14 |     // Wait for round-start to complete
        at /Users/markuswagner/projects/riddle-rush-mono-repo/apps/game/tests/e2e/leaderboard.spec.ts:11:20

    attachment #1: screenshot (image/png) ──────────────────────────────────────────────────────────
    ../../test-results/leaderboard-Leaderboard-Pa-f6c9d-oard-page-with-all-elements-mobile-chrome-pixel5/test-failed-1.png
    ────────────────────────────────────────────────────────────────────────────────────────────────

    Error Context: ../../test-results/leaderboard-Leaderboard-Pa-f6c9d-oard-page-with-all-elements-mobile-chrome-pixel5/error-context.md
]]>
</failure>
<system-out>
<![CDATA[
[[ATTACHMENT|apps/game/test-results/leaderboard-Leaderboard-Pa-f6c9d-oard-page-with-all-elements-mobile-chrome-pixel5/test-failed-1.png]]

[[ATTACHMENT|apps/game/test-results/leaderboard-Leaderboard-Pa-f6c9d-oard-page-with-all-elements-mobile-chrome-pixel5/error-context.md]]
]]>
</system-out>
</testcase>
<testcase name="Leaderboard Page › should display leaderboard entries" classname="leaderboard.spec.ts" time="60.724">
<failure message="leaderboard.spec.ts:43:3 should display leaderboard entries" type="FAILURE">
<![CDATA[  [mobile-chrome-pixel5] › leaderboard.spec.ts:43:3 › Leaderboard Page › should display leaderboard entries 

    Test timeout of 60000ms exceeded while running "beforeEach" hook.

      2 |
      3 | test.describe('Leaderboard Page', () => {
    > 4 |   test.beforeEach(async ({ page }) => {
        |        ^
      5 |     // Set up game state first by going through players page
      6 |     await page.goto('/players')
      7 |     await page.waitForLoadState('networkidle')
        at /Users/markuswagner/projects/riddle-rush-mono-repo/apps/game/tests/e2e/leaderboard.spec.ts:4:8

    Error: locator.click: Test timeout of 60000ms exceeded.
    Call log:
      - waiting for locator('.start-btn')


       9 |     // Start game with default player to initialize store
      10 |     const startBtn = page.locator('.start-btn')
    > 11 |     await startBtn.click()
         |                    ^
      12 |     await page.waitForTimeout(2000)
      13 |
      14 |     // Wait for round-start to complete
        at /Users/markuswagner/projects/riddle-rush-mono-repo/apps/game/tests/e2e/leaderboard.spec.ts:11:20

    attachment #1: screenshot (image/png) ──────────────────────────────────────────────────────────
    ../../test-results/leaderboard-Leaderboard-Pa-063a3-display-leaderboard-entries-mobile-chrome-pixel5/test-failed-1.png
    ────────────────────────────────────────────────────────────────────────────────────────────────

    Error Context: ../../test-results/leaderboard-Leaderboard-Pa-063a3-display-leaderboard-entries-mobile-chrome-pixel5/error-context.md
]]>
</failure>
<system-out>
<![CDATA[
[[ATTACHMENT|apps/game/test-results/leaderboard-Leaderboard-Pa-063a3-display-leaderboard-entries-mobile-chrome-pixel5/test-failed-1.png]]

[[ATTACHMENT|apps/game/test-results/leaderboard-Leaderboard-Pa-063a3-display-leaderboard-entries-mobile-chrome-pixel5/error-context.md]]
]]>
</system-out>
</testcase>
<testcase name="Leaderboard Page › should display rank badges" classname="leaderboard.spec.ts" time="60.677">
<failure message="leaderboard.spec.ts:57:3 should display rank badges" type="FAILURE">
<![CDATA[  [mobile-chrome-pixel5] › leaderboard.spec.ts:57:3 › Leaderboard Page › should display rank badges 

    Test timeout of 60000ms exceeded while running "beforeEach" hook.

      2 |
      3 | test.describe('Leaderboard Page', () => {
    > 4 |   test.beforeEach(async ({ page }) => {
        |        ^
      5 |     // Set up game state first by going through players page
      6 |     await page.goto('/players')
      7 |     await page.waitForLoadState('networkidle')
        at /Users/markuswagner/projects/riddle-rush-mono-repo/apps/game/tests/e2e/leaderboard.spec.ts:4:8

    Error: locator.click: Test timeout of 60000ms exceeded.
    Call log:
      - waiting for locator('.start-btn')


       9 |     // Start game with default player to initialize store
      10 |     const startBtn = page.locator('.start-btn')
    > 11 |     await startBtn.click()
         |                    ^
      12 |     await page.waitForTimeout(2000)
      13 |
      14 |     // Wait for round-start to complete
        at /Users/markuswagner/projects/riddle-rush-mono-repo/apps/game/tests/e2e/leaderboard.spec.ts:11:20

    attachment #1: screenshot (image/png) ──────────────────────────────────────────────────────────
    ../../test-results/leaderboard-Leaderboard-Page-should-display-rank-badges-mobile-chrome-pixel5/test-failed-1.png
    ────────────────────────────────────────────────────────────────────────────────────────────────

    Error Context: ../../test-results/leaderboard-Leaderboard-Page-should-display-rank-badges-mobile-chrome-pixel5/error-context.md
]]>
</failure>
<system-out>
<![CDATA[
[[ATTACHMENT|apps/game/test-results/leaderboard-Leaderboard-Page-should-display-rank-badges-mobile-chrome-pixel5/test-failed-1.png]]

[[ATTACHMENT|apps/game/test-results/leaderboard-Leaderboard-Page-should-display-rank-badges-mobile-chrome-pixel5/error-context.md]]
]]>
</system-out>
</testcase>
<testcase name="Leaderboard Page › should display player info in each entry" classname="leaderboard.spec.ts" time="60.604">
<failure message="leaderboard.spec.ts:64:3 should display player info in each entry" type="FAILURE">
<![CDATA[  [mobile-chrome-pixel5] › leaderboard.spec.ts:64:3 › Leaderboard Page › should display player info in each entry 

    Test timeout of 60000ms exceeded while running "beforeEach" hook.

      2 |
      3 | test.describe('Leaderboard Page', () => {
    > 4 |   test.beforeEach(async ({ page }) => {
        |        ^
      5 |     // Set up game state first by going through players page
      6 |     await page.goto('/players')
      7 |     await page.waitForLoadState('networkidle')
        at /Users/markuswagner/projects/riddle-rush-mono-repo/apps/game/tests/e2e/leaderboard.spec.ts:4:8

    Error: locator.click: Test timeout of 60000ms exceeded.
    Call log:
      - waiting for locator('.start-btn')


       9 |     // Start game with default player to initialize store
      10 |     const startBtn = page.locator('.start-btn')
    > 11 |     await startBtn.click()
         |                    ^
      12 |     await page.waitForTimeout(2000)
      13 |
      14 |     // Wait for round-start to complete
        at /Users/markuswagner/projects/riddle-rush-mono-repo/apps/game/tests/e2e/leaderboard.spec.ts:11:20

    attachment #1: screenshot (image/png) ──────────────────────────────────────────────────────────
    ../../test-results/leaderboard-Leaderboard-Pa-5b63b-y-player-info-in-each-entry-mobile-chrome-pixel5/test-failed-1.png
    ────────────────────────────────────────────────────────────────────────────────────────────────

    Error Context: ../../test-results/leaderboard-Leaderboard-Pa-5b63b-y-player-info-in-each-entry-mobile-chrome-pixel5/error-context.md
]]>
</failure>
<system-out>
<![CDATA[
[[ATTACHMENT|apps/game/test-results/leaderboard-Leaderboard-Pa-5b63b-y-player-info-in-each-entry-mobile-chrome-pixel5/test-failed-1.png]]

[[ATTACHMENT|apps/game/test-results/leaderboard-Leaderboard-Pa-5b63b-y-player-info-in-each-entry-mobile-chrome-pixel5/error-context.md]]
]]>
</system-out>
</testcase>
<testcase name="Leaderboard Page › should display player avatars" classname="leaderboard.spec.ts" time="60.548">
<failure message="leaderboard.spec.ts:74:3 should display player avatars" type="FAILURE">
<![CDATA[  [mobile-chrome-pixel5] › leaderboard.spec.ts:74:3 › Leaderboard Page › should display player avatars 

    Test timeout of 60000ms exceeded while running "beforeEach" hook.

      2 |
      3 | test.describe('Leaderboard Page', () => {
    > 4 |   test.beforeEach(async ({ page }) => {
        |        ^
      5 |     // Set up game state first by going through players page
      6 |     await page.goto('/players')
      7 |     await page.waitForLoadState('networkidle')
        at /Users/markuswagner/projects/riddle-rush-mono-repo/apps/game/tests/e2e/leaderboard.spec.ts:4:8

    Error: locator.click: Test timeout of 60000ms exceeded.
    Call log:
      - waiting for locator('.start-btn')


       9 |     // Start game with default player to initialize store
      10 |     const startBtn = page.locator('.start-btn')
    > 11 |     await startBtn.click()
         |                    ^
      12 |     await page.waitForTimeout(2000)
      13 |
      14 |     // Wait for round-start to complete
        at /Users/markuswagner/projects/riddle-rush-mono-repo/apps/game/tests/e2e/leaderboard.spec.ts:11:20

    attachment #1: screenshot (image/png) ──────────────────────────────────────────────────────────
    ../../test-results/leaderboard-Leaderboard-Page-should-display-player-avatars-mobile-chrome-pixel5/test-failed-1.png
    ────────────────────────────────────────────────────────────────────────────────────────────────

    Error Context: ../../test-results/leaderboard-Leaderboard-Page-should-display-player-avatars-mobile-chrome-pixel5/error-context.md
]]>
</failure>
<system-out>
<![CDATA[
[[ATTACHMENT|apps/game/test-results/leaderboard-Leaderboard-Page-should-display-player-avatars-mobile-chrome-pixel5/test-failed-1.png]]

[[ATTACHMENT|apps/game/test-results/leaderboard-Leaderboard-Page-should-display-player-avatars-mobile-chrome-pixel5/error-context.md]]
]]>
</system-out>
</testcase>
<testcase name="Leaderboard Page › should navigate to menu when clicking finish (game completed)" classname="leaderboard.spec.ts" time="60.667">
<failure message="leaderboard.spec.ts:81:3 should navigate to menu when clicking finish (game completed)" type="FAILURE">
<![CDATA[  [mobile-chrome-pixel5] › leaderboard.spec.ts:81:3 › Leaderboard Page › should navigate to menu when clicking finish (game completed) 

    Test timeout of 60000ms exceeded while running "beforeEach" hook.

      2 |
      3 | test.describe('Leaderboard Page', () => {
    > 4 |   test.beforeEach(async ({ page }) => {
        |        ^
      5 |     // Set up game state first by going through players page
      6 |     await page.goto('/players')
      7 |     await page.waitForLoadState('networkidle')
        at /Users/markuswagner/projects/riddle-rush-mono-repo/apps/game/tests/e2e/leaderboard.spec.ts:4:8

    Error: locator.click: Test timeout of 60000ms exceeded.
    Call log:
      - waiting for locator('.start-btn')


       9 |     // Start game with default player to initialize store
      10 |     const startBtn = page.locator('.start-btn')
    > 11 |     await startBtn.click()
         |                    ^
      12 |     await page.waitForTimeout(2000)
      13 |
      14 |     // Wait for round-start to complete
        at /Users/markuswagner/projects/riddle-rush-mono-repo/apps/game/tests/e2e/leaderboard.spec.ts:11:20

    attachment #1: screenshot (image/png) ──────────────────────────────────────────────────────────
    ../../test-results/leaderboard-Leaderboard-Pa-825b4-king-finish-game-completed--mobile-chrome-pixel5/test-failed-1.png
    ────────────────────────────────────────────────────────────────────────────────────────────────

    Error Context: ../../test-results/leaderboard-Leaderboard-Pa-825b4-king-finish-game-completed--mobile-chrome-pixel5/error-context.md
]]>
</failure>
<system-out>
<![CDATA[
[[ATTACHMENT|apps/game/test-results/leaderboard-Leaderboard-Pa-825b4-king-finish-game-completed--mobile-chrome-pixel5/test-failed-1.png]]

[[ATTACHMENT|apps/game/test-results/leaderboard-Leaderboard-Pa-825b4-king-finish-game-completed--mobile-chrome-pixel5/error-context.md]]
]]>
</system-out>
</testcase>
<testcase name="Leaderboard Page › should show back button when game is not completed" classname="leaderboard.spec.ts" time="60.484">
<failure message="leaderboard.spec.ts:92:3 should show back button when game is not completed" type="FAILURE">
<![CDATA[  [mobile-chrome-pixel5] › leaderboard.spec.ts:92:3 › Leaderboard Page › should show back button when game is not completed 

    Test timeout of 60000ms exceeded while running "beforeEach" hook.

      2 |
      3 | test.describe('Leaderboard Page', () => {
    > 4 |   test.beforeEach(async ({ page }) => {
        |        ^
      5 |     // Set up game state first by going through players page
      6 |     await page.goto('/players')
      7 |     await page.waitForLoadState('networkidle')
        at /Users/markuswagner/projects/riddle-rush-mono-repo/apps/game/tests/e2e/leaderboard.spec.ts:4:8

    Error: locator.click: Test timeout of 60000ms exceeded.
    Call log:
      - waiting for locator('.start-btn')


       9 |     // Start game with default player to initialize store
      10 |     const startBtn = page.locator('.start-btn')
    > 11 |     await startBtn.click()
         |                    ^
      12 |     await page.waitForTimeout(2000)
      13 |
      14 |     // Wait for round-start to complete
        at /Users/markuswagner/projects/riddle-rush-mono-repo/apps/game/tests/e2e/leaderboard.spec.ts:11:20

    attachment #1: screenshot (image/png) ──────────────────────────────────────────────────────────
    ../../test-results/leaderboard-Leaderboard-Pa-5bf6d--when-game-is-not-completed-mobile-chrome-pixel5/test-failed-1.png
    ────────────────────────────────────────────────────────────────────────────────────────────────

    Error Context: ../../test-results/leaderboard-Leaderboard-Pa-5bf6d--when-game-is-not-completed-mobile-chrome-pixel5/error-context.md
]]>
</failure>
<system-out>
<![CDATA[
[[ATTACHMENT|apps/game/test-results/leaderboard-Leaderboard-Pa-5bf6d--when-game-is-not-completed-mobile-chrome-pixel5/test-failed-1.png]]

[[ATTACHMENT|apps/game/test-results/leaderboard-Leaderboard-Pa-5bf6d--when-game-is-not-completed-mobile-chrome-pixel5/error-context.md]]
]]>
</system-out>
</testcase>
<testcase name="Leaderboard Page › should not show back button when game is completed" classname="leaderboard.spec.ts" time="60.558">
<failure message="leaderboard.spec.ts:104:3 should not show back button when game is completed" type="FAILURE">
<![CDATA[  [mobile-chrome-pixel5] › leaderboard.spec.ts:104:3 › Leaderboard Page › should not show back button when game is completed 

    Test timeout of 60000ms exceeded while running "beforeEach" hook.

      2 |
      3 | test.describe('Leaderboard Page', () => {
    > 4 |   test.beforeEach(async ({ page }) => {
        |        ^
      5 |     // Set up game state first by going through players page
      6 |     await page.goto('/players')
      7 |     await page.waitForLoadState('networkidle')
        at /Users/markuswagner/projects/riddle-rush-mono-repo/apps/game/tests/e2e/leaderboard.spec.ts:4:8

    Error: locator.click: Test timeout of 60000ms exceeded.
    Call log:
      - waiting for locator('.start-btn')


       9 |     // Start game with default player to initialize store
      10 |     const startBtn = page.locator('.start-btn')
    > 11 |     await startBtn.click()
         |                    ^
      12 |     await page.waitForTimeout(2000)
      13 |
      14 |     // Wait for round-start to complete
        at /Users/markuswagner/projects/riddle-rush-mono-repo/apps/game/tests/e2e/leaderboard.spec.ts:11:20

    attachment #1: screenshot (image/png) ──────────────────────────────────────────────────────────
    ../../test-results/leaderboard-Leaderboard-Pa-526f6-tton-when-game-is-completed-mobile-chrome-pixel5/test-failed-1.png
    ────────────────────────────────────────────────────────────────────────────────────────────────

    Error Context: ../../test-results/leaderboard-Leaderboard-Pa-526f6-tton-when-game-is-completed-mobile-chrome-pixel5/error-context.md
]]>
</failure>
<system-out>
<![CDATA[
[[ATTACHMENT|apps/game/test-results/leaderboard-Leaderboard-Pa-526f6-tton-when-game-is-completed-mobile-chrome-pixel5/test-failed-1.png]]

[[ATTACHMENT|apps/game/test-results/leaderboard-Leaderboard-Pa-526f6-tton-when-game-is-completed-mobile-chrome-pixel5/error-context.md]]
]]>
</system-out>
</testcase>
<testcase name="Leaderboard Page › should show game complete message when game is completed" classname="leaderboard.spec.ts" time="60.535">
<failure message="leaderboard.spec.ts:113:3 should show game complete message when game is completed" type="FAILURE">
<![CDATA[  [mobile-chrome-pixel5] › leaderboard.spec.ts:113:3 › Leaderboard Page › should show game complete message when game is completed 

    Test timeout of 60000ms exceeded while running "beforeEach" hook.

      2 |
      3 | test.describe('Leaderboard Page', () => {
    > 4 |   test.beforeEach(async ({ page }) => {
        |        ^
      5 |     // Set up game state first by going through players page
      6 |     await page.goto('/players')
      7 |     await page.waitForLoadState('networkidle')
        at /Users/markuswagner/projects/riddle-rush-mono-repo/apps/game/tests/e2e/leaderboard.spec.ts:4:8

    Error: locator.click: Test timeout of 60000ms exceeded.
    Call log:
      - waiting for locator('.start-btn')


       9 |     // Start game with default player to initialize store
      10 |     const startBtn = page.locator('.start-btn')
    > 11 |     await startBtn.click()
         |                    ^
      12 |     await page.waitForTimeout(2000)
      13 |
      14 |     // Wait for round-start to complete
        at /Users/markuswagner/projects/riddle-rush-mono-repo/apps/game/tests/e2e/leaderboard.spec.ts:11:20

    attachment #1: screenshot (image/png) ──────────────────────────────────────────────────────────
    ../../test-results/leaderboard-Leaderboard-Pa-4f842-sage-when-game-is-completed-mobile-chrome-pixel5/test-failed-1.png
    ────────────────────────────────────────────────────────────────────────────────────────────────

    Error Context: ../../test-results/leaderboard-Leaderboard-Pa-4f842-sage-when-game-is-completed-mobile-chrome-pixel5/error-context.md
]]>
</failure>
<system-out>
<![CDATA[
[[ATTACHMENT|apps/game/test-results/leaderboard-Leaderboard-Pa-4f842-sage-when-game-is-completed-mobile-chrome-pixel5/test-failed-1.png]]

[[ATTACHMENT|apps/game/test-results/leaderboard-Leaderboard-Pa-4f842-sage-when-game-is-completed-mobile-chrome-pixel5/error-context.md]]
]]>
</system-out>
</testcase>
<testcase name="Leaderboard Page › should have scroll bar decoration" classname="leaderboard.spec.ts" time="60.748">
<failure message="leaderboard.spec.ts:124:3 should have scroll bar decoration" type="FAILURE">
<![CDATA[  [mobile-chrome-pixel5] › leaderboard.spec.ts:124:3 › Leaderboard Page › should have scroll bar decoration 

    Test timeout of 60000ms exceeded while running "beforeEach" hook.

      2 |
      3 | test.describe('Leaderboard Page', () => {
    > 4 |   test.beforeEach(async ({ page }) => {
        |        ^
      5 |     // Set up game state first by going through players page
      6 |     await page.goto('/players')
      7 |     await page.waitForLoadState('networkidle')
        at /Users/markuswagner/projects/riddle-rush-mono-repo/apps/game/tests/e2e/leaderboard.spec.ts:4:8

    Error: locator.click: Test timeout of 60000ms exceeded.
    Call log:
      - waiting for locator('.start-btn')


       9 |     // Start game with default player to initialize store
      10 |     const startBtn = page.locator('.start-btn')
    > 11 |     await startBtn.click()
         |                    ^
      12 |     await page.waitForTimeout(2000)
      13 |
      14 |     // Wait for round-start to complete
        at /Users/markuswagner/projects/riddle-rush-mono-repo/apps/game/tests/e2e/leaderboard.spec.ts:11:20

    attachment #1: screenshot (image/png) ──────────────────────────────────────────────────────────
    ../../test-results/leaderboard-Leaderboard-Pa-1b5d3--have-scroll-bar-decoration-mobile-chrome-pixel5/test-failed-1.png
    ────────────────────────────────────────────────────────────────────────────────────────────────

    Error Context: ../../test-results/leaderboard-Leaderboard-Pa-1b5d3--have-scroll-bar-decoration-mobile-chrome-pixel5/error-context.md
]]>
</failure>
<system-out>
<![CDATA[
[[ATTACHMENT|apps/game/test-results/leaderboard-Leaderboard-Pa-1b5d3--have-scroll-bar-decoration-mobile-chrome-pixel5/test-failed-1.png]]

[[ATTACHMENT|apps/game/test-results/leaderboard-Leaderboard-Pa-1b5d3--have-scroll-bar-decoration-mobile-chrome-pixel5/error-context.md]]
]]>
</system-out>
</testcase>
<testcase name="Leaderboard Page › should be responsive on mobile" classname="leaderboard.spec.ts" time="60.481">
<failure message="leaderboard.spec.ts:130:3 should be responsive on mobile" type="FAILURE">
<![CDATA[  [mobile-chrome-pixel5] › leaderboard.spec.ts:130:3 › Leaderboard Page › should be responsive on mobile 

    Test timeout of 60000ms exceeded while running "beforeEach" hook.

      2 |
      3 | test.describe('Leaderboard Page', () => {
    > 4 |   test.beforeEach(async ({ page }) => {
        |        ^
      5 |     // Set up game state first by going through players page
      6 |     await page.goto('/players')
      7 |     await page.waitForLoadState('networkidle')
        at /Users/markuswagner/projects/riddle-rush-mono-repo/apps/game/tests/e2e/leaderboard.spec.ts:4:8

    Error: locator.click: Test timeout of 60000ms exceeded.
    Call log:
      - waiting for locator('.start-btn')


       9 |     // Start game with default player to initialize store
      10 |     const startBtn = page.locator('.start-btn')
    > 11 |     await startBtn.click()
         |                    ^
      12 |     await page.waitForTimeout(2000)
      13 |
      14 |     // Wait for round-start to complete
        at /Users/markuswagner/projects/riddle-rush-mono-repo/apps/game/tests/e2e/leaderboard.spec.ts:11:20

    attachment #1: screenshot (image/png) ──────────────────────────────────────────────────────────
    ../../test-results/leaderboard-Leaderboard-Page-should-be-responsive-on-mobile-mobile-chrome-pixel5/test-failed-1.png
    ────────────────────────────────────────────────────────────────────────────────────────────────

    Error Context: ../../test-results/leaderboard-Leaderboard-Page-should-be-responsive-on-mobile-mobile-chrome-pixel5/error-context.md
]]>
</failure>
<system-out>
<![CDATA[
[[ATTACHMENT|apps/game/test-results/leaderboard-Leaderboard-Page-should-be-responsive-on-mobile-mobile-chrome-pixel5/test-failed-1.png]]

[[ATTACHMENT|apps/game/test-results/leaderboard-Leaderboard-Page-should-be-responsive-on-mobile-mobile-chrome-pixel5/error-context.md]]
]]>
</system-out>
</testcase>
<testcase name="Leaderboard Page › should have entries sorted by score descending" classname="leaderboard.spec.ts" time="60.435">
<failure message="leaderboard.spec.ts:144:3 should have entries sorted by score descending" type="FAILURE">
<![CDATA[  [mobile-chrome-pixel5] › leaderboard.spec.ts:144:3 › Leaderboard Page › should have entries sorted by score descending 

    Test timeout of 60000ms exceeded while running "beforeEach" hook.

      2 |
      3 | test.describe('Leaderboard Page', () => {
    > 4 |   test.beforeEach(async ({ page }) => {
        |        ^
      5 |     // Set up game state first by going through players page
      6 |     await page.goto('/players')
      7 |     await page.waitForLoadState('networkidle')
        at /Users/markuswagner/projects/riddle-rush-mono-repo/apps/game/tests/e2e/leaderboard.spec.ts:4:8

    Error: locator.click: Test timeout of 60000ms exceeded.
    Call log:
      - waiting for locator('.start-btn')


       9 |     // Start game with default player to initialize store
      10 |     const startBtn = page.locator('.start-btn')
    > 11 |     await startBtn.click()
         |                    ^
      12 |     await page.waitForTimeout(2000)
      13 |
      14 |     // Wait for round-start to complete
        at /Users/markuswagner/projects/riddle-rush-mono-repo/apps/game/tests/e2e/leaderboard.spec.ts:11:20

    attachment #1: screenshot (image/png) ──────────────────────────────────────────────────────────
    ../../test-results/leaderboard-Leaderboard-Pa-325a9--sorted-by-score-descending-mobile-chrome-pixel5/test-failed-1.png
    ────────────────────────────────────────────────────────────────────────────────────────────────

    Error Context: ../../test-results/leaderboard-Leaderboard-Pa-325a9--sorted-by-score-descending-mobile-chrome-pixel5/error-context.md
]]>
</failure>
<system-out>
<![CDATA[
[[ATTACHMENT|apps/game/test-results/leaderboard-Leaderboard-Pa-325a9--sorted-by-score-descending-mobile-chrome-pixel5/test-failed-1.png]]

[[ATTACHMENT|apps/game/test-results/leaderboard-Leaderboard-Pa-325a9--sorted-by-score-descending-mobile-chrome-pixel5/error-context.md]]
]]>
</system-out>
</testcase>
<testcase name="Leaderboard Page › should navigate to round-start when next round clicked (game not completed)" classname="leaderboard.spec.ts" time="60.47">
<failure message="leaderboard.spec.ts:159:3 should navigate to round-start when next round clicked (game not completed)" type="FAILURE">
<![CDATA[  [mobile-chrome-pixel5] › leaderboard.spec.ts:159:3 › Leaderboard Page › should navigate to round-start when next round clicked (game not completed) 

    Test timeout of 60000ms exceeded while running "beforeEach" hook.

      2 |
      3 | test.describe('Leaderboard Page', () => {
    > 4 |   test.beforeEach(async ({ page }) => {
        |        ^
      5 |     // Set up game state first by going through players page
      6 |     await page.goto('/players')
      7 |     await page.waitForLoadState('networkidle')
        at /Users/markuswagner/projects/riddle-rush-mono-repo/apps/game/tests/e2e/leaderboard.spec.ts:4:8

    Error: locator.click: Test timeout of 60000ms exceeded.
    Call log:
      - waiting for locator('.start-btn')


       9 |     // Start game with default player to initialize store
      10 |     const startBtn = page.locator('.start-btn')
    > 11 |     await startBtn.click()
         |                    ^
      12 |     await page.waitForTimeout(2000)
      13 |
      14 |     // Wait for round-start to complete
        at /Users/markuswagner/projects/riddle-rush-mono-repo/apps/game/tests/e2e/leaderboard.spec.ts:11:20

    attachment #1: screenshot (image/png) ──────────────────────────────────────────────────────────
    ../../test-results/leaderboard-Leaderboard-Pa-53d9b-clicked-game-not-completed--mobile-chrome-pixel5/test-failed-1.png
    ────────────────────────────────────────────────────────────────────────────────────────────────

    Error Context: ../../test-results/leaderboard-Leaderboard-Pa-53d9b-clicked-game-not-completed--mobile-chrome-pixel5/error-context.md
]]>
</failure>
<system-out>
<![CDATA[
[[ATTACHMENT|apps/game/test-results/leaderboard-Leaderboard-Pa-53d9b-clicked-game-not-completed--mobile-chrome-pixel5/test-failed-1.png]]

[[ATTACHMENT|apps/game/test-results/leaderboard-Leaderboard-Pa-53d9b-clicked-game-not-completed--mobile-chrome-pixel5/error-context.md]]
]]>
</system-out>
</testcase>
</testsuite>
<testsuite name="offline.spec.ts" timestamp="2026-02-13T13:08:42.362Z" hostname="mobile-chrome-pixel5" tests="3" failures="1" skipped="0" time="14.984" errors="0">
<testcase name="Offline Functionality › should work offline after initial load" classname="offline.spec.ts" time="9.977">
<failure message="offline.spec.ts:3:3 should work offline after initial load" type="FAILURE">
<![CDATA[  [mobile-chrome-pixel5] › offline.spec.ts:3:3 › Offline Functionality › should work offline after initial load 

    Error: expect(locator).toBeVisible() failed

    Locator:  locator('body')
    Expected: visible
    Received: hidden
    Timeout:  5000ms

    Call log:
      - Expect "toBeVisible" with timeout 5000ms
      - waiting for locator('body')
        9 × locator resolved to <body>…</body>
          - unexpected value "hidden"


      17 |
      18 |     // Page should still load from cache
    > 19 |     await expect(page.locator('body')).toBeVisible()
         |                                        ^
      20 |
      21 |     // Check if app is still functional
      22 |     const heading = page.locator('h1, h2').first()
        at /Users/markuswagner/projects/riddle-rush-mono-repo/apps/game/tests/e2e/offline.spec.ts:19:40

    attachment #1: screenshot (image/png) ──────────────────────────────────────────────────────────
    ../../test-results/offline-Offline-Functional-91c72--offline-after-initial-load-mobile-chrome-pixel5/test-failed-1.png
    ────────────────────────────────────────────────────────────────────────────────────────────────
]]>
</failure>
<system-out>
<![CDATA[
[[ATTACHMENT|apps/game/test-results/offline-Offline-Functional-91c72--offline-after-initial-load-mobile-chrome-pixel5/test-failed-1.png]]
]]>
</system-out>
</testcase>
[...]

[[ATTACHMENT|apps/game/test-results/results-Results-Scoring-Pa-563c6-animation-on-action-buttons-mobile-chrome-galaxy/error-context.md]]
]]>
</system-out>
</testcase>
</testsuite>
<testsuite name="round-start.spec.ts" timestamp="2026-02-13T13:08:42.362Z" hostname="mobile-chrome-galaxy" tests="10" failures="10" skipped="0" time="607.856" errors="0">
<testcase name="Round Start Page › should display round-start page with all elements" classname="round-start.spec.ts" time="60.946">
<failure message="round-start.spec.ts:25:3 should display round-start page with all elements" type="FAILURE">
<![CDATA[  [mobile-chrome-galaxy] › round-start.spec.ts:25:3 › Round Start Page › should display round-start page with all elements 

    Test timeout of 60000ms exceeded while running "beforeEach" hook.

      2 |
      3 | test.describe('Round Start Page', () => {
    > 4 |   test.beforeEach(async ({ page }) => {
        |        ^
      5 |     // Clear any existing session data
      6 |     await page.goto('/')
      7 |     await page.evaluate(() => {
        at /Users/markuswagner/projects/riddle-rush-mono-repo/apps/game/tests/e2e/round-start.spec.ts:4:8

    Error: locator.click: Test timeout of 60000ms exceeded.
    Call log:
      - waiting for locator('.start-btn')


      17 |
      18 |     const startBtn = page.locator('.start-btn')
    > 19 |     await startBtn.click()
         |                    ^
      20 |     await page.waitForTimeout(500)
      21 |
      22 |     // Should navigate to round-start
        at /Users/markuswagner/projects/riddle-rush-mono-repo/apps/game/tests/e2e/round-start.spec.ts:19:20

    attachment #1: screenshot (image/png) ──────────────────────────────────────────────────────────
    ../../test-results/round-start-Round-Start-Pa-ee94f-tart-page-with-all-elements-mobile-chrome-galaxy/test-failed-1.png
    ────────────────────────────────────────────────────────────────────────────────────────────────

    Error Context: ../../test-results/round-start-Round-Start-Pa-ee94f-tart-page-with-all-elements-mobile-chrome-galaxy/error-context.md
]]>
</failure>
<system-out>
<![CDATA[
[[ATTACHMENT|apps/game/test-results/round-start-Round-Start-Pa-ee94f-tart-page-with-all-elements-mobile-chrome-galaxy/test-failed-1.png]]

[[ATTACHMENT|apps/game/test-results/round-start-Round-Start-Pa-ee94f-tart-page-with-all-elements-mobile-chrome-galaxy/error-context.md]]
]]>
</system-out>
</testcase>
<testcase name="Round Start Page › should spin both wheels automatically" classname="round-start.spec.ts" time="60.965">
<failure message="round-start.spec.ts:44:3 should spin both wheels automatically" type="FAILURE">
<![CDATA[  [mobile-chrome-galaxy] › round-start.spec.ts:44:3 › Round Start Page › should spin both wheels automatically 

    Test timeout of 60000ms exceeded while running "beforeEach" hook.

      2 |
      3 | test.describe('Round Start Page', () => {
    > 4 |   test.beforeEach(async ({ page }) => {
        |        ^
      5 |     // Clear any existing session data
      6 |     await page.goto('/')
      7 |     await page.evaluate(() => {
        at /Users/markuswagner/projects/riddle-rush-mono-repo/apps/game/tests/e2e/round-start.spec.ts:4:8

    Error: locator.click: Test timeout of 60000ms exceeded.
    Call log:
      - waiting for locator('.start-btn')


      17 |
      18 |     const startBtn = page.locator('.start-btn')
    > 19 |     await startBtn.click()
         |                    ^
      20 |     await page.waitForTimeout(500)
      21 |
      22 |     // Should navigate to round-start
        at /Users/markuswagner/projects/riddle-rush-mono-repo/apps/game/tests/e2e/round-start.spec.ts:19:20

    attachment #1: screenshot (image/png) ──────────────────────────────────────────────────────────
    ../../test-results/round-start-Round-Start-Pa-d9480-n-both-wheels-automatically-mobile-chrome-galaxy/test-failed-1.png
    ────────────────────────────────────────────────────────────────────────────────────────────────

    Error Context: ../../test-results/round-start-Round-Start-Pa-d9480-n-both-wheels-automatically-mobile-chrome-galaxy/error-context.md
]]>
</failure>
<system-out>
<![CDATA[
[[ATTACHMENT|apps/game/test-results/round-start-Round-Start-Pa-d9480-n-both-wheels-automatically-mobile-chrome-galaxy/test-failed-1.png]]

[[ATTACHMENT|apps/game/test-results/round-start-Round-Start-Pa-d9480-n-both-wheels-automatically-mobile-chrome-galaxy/error-context.md]]
]]>
</system-out>
</testcase>
<testcase name="Round Start Page › should display selected category and letter after spinning" classname="round-start.spec.ts" time="60.716">
<failure message="round-start.spec.ts:60:3 should display selected category and letter after spinning" type="FAILURE">
<![CDATA[  [mobile-chrome-galaxy] › round-start.spec.ts:60:3 › Round Start Page › should display selected category and letter after spinning 

    Test timeout of 60000ms exceeded while running "beforeEach" hook.

      2 |
      3 | test.describe('Round Start Page', () => {
    > 4 |   test.beforeEach(async ({ page }) => {
        |        ^
      5 |     // Clear any existing session data
      6 |     await page.goto('/')
      7 |     await page.evaluate(() => {
        at /Users/markuswagner/projects/riddle-rush-mono-repo/apps/game/tests/e2e/round-start.spec.ts:4:8

    Error: locator.click: Test timeout of 60000ms exceeded.
    Call log:
      - waiting for locator('.start-btn')


      17 |
      18 |     const startBtn = page.locator('.start-btn')
    > 19 |     await startBtn.click()
         |                    ^
      20 |     await page.waitForTimeout(500)
      21 |
      22 |     // Should navigate to round-start
        at /Users/markuswagner/projects/riddle-rush-mono-repo/apps/game/tests/e2e/round-start.spec.ts:19:20

    attachment #1: screenshot (image/png) ──────────────────────────────────────────────────────────
    ../../test-results/round-start-Round-Start-Pa-8d8ad-y-and-letter-after-spinning-mobile-chrome-galaxy/test-failed-1.png
    ────────────────────────────────────────────────────────────────────────────────────────────────

    Error Context: ../../test-results/round-start-Round-Start-Pa-8d8ad-y-and-letter-after-spinning-mobile-chrome-galaxy/error-context.md
]]>
</failure>
<system-out>
<![CDATA[
[[ATTACHMENT|apps/game/test-results/round-start-Round-Start-Pa-8d8ad-y-and-letter-after-spinning-mobile-chrome-galaxy/test-failed-1.png]]

[[ATTACHMENT|apps/game/test-results/round-start-Round-Start-Pa-8d8ad-y-and-letter-after-spinning-mobile-chrome-galaxy/error-context.md]]
]]>
</system-out>
</testcase>
<testcase name="Round Start Page › should automatically navigate to game after selection" classname="round-start.spec.ts" time="60.658">
<failure message="round-start.spec.ts:75:3 should automatically navigate to game after selection" type="FAILURE">
<![CDATA[  [mobile-chrome-galaxy] › round-start.spec.ts:75:3 › Round Start Page › should automatically navigate to game after selection 

    Test timeout of 60000ms exceeded while running "beforeEach" hook.

      2 |
      3 | test.describe('Round Start Page', () => {
    > 4 |   test.beforeEach(async ({ page }) => {
        |        ^
      5 |     // Clear any existing session data
      6 |     await page.goto('/')
      7 |     await page.evaluate(() => {
        at /Users/markuswagner/projects/riddle-rush-mono-repo/apps/game/tests/e2e/round-start.spec.ts:4:8

    Error: locator.click: Test timeout of 60000ms exceeded.
    Call log:
      - waiting for locator('.start-btn')


      17 |
      18 |     const startBtn = page.locator('.start-btn')
    > 19 |     await startBtn.click()
         |                    ^
      20 |     await page.waitForTimeout(500)
      21 |
      22 |     // Should navigate to round-start
        at /Users/markuswagner/projects/riddle-rush-mono-repo/apps/game/tests/e2e/round-start.spec.ts:19:20

    attachment #1: screenshot (image/png) ──────────────────────────────────────────────────────────
    ../../test-results/round-start-Round-Start-Pa-f2f6a-ate-to-game-after-selection-mobile-chrome-galaxy/test-failed-1.png
    ────────────────────────────────────────────────────────────────────────────────────────────────

    Error Context: ../../test-results/round-start-Round-Start-Pa-f2f6a-ate-to-game-after-selection-mobile-chrome-galaxy/error-context.md
]]>
</failure>
<system-out>
<![CDATA[
[[ATTACHMENT|apps/game/test-results/round-start-Round-Start-Pa-f2f6a-ate-to-game-after-selection-mobile-chrome-galaxy/test-failed-1.png]]

[[ATTACHMENT|apps/game/test-results/round-start-Round-Start-Pa-f2f6a-ate-to-game-after-selection-mobile-chrome-galaxy/error-context.md]]
]]>
</system-out>
</testcase>
<testcase name="Round Start Page › should display round indicator" classname="round-start.spec.ts" time="60.673">
<failure message="round-start.spec.ts:88:3 should display round indicator" type="FAILURE">
<![CDATA[  [mobile-chrome-galaxy] › round-start.spec.ts:88:3 › Round Start Page › should display round indicator 

    Test timeout of 60000ms exceeded while running "beforeEach" hook.

      2 |
      3 | test.describe('Round Start Page', () => {
    > 4 |   test.beforeEach(async ({ page }) => {
        |        ^
      5 |     // Clear any existing session data
      6 |     await page.goto('/')
      7 |     await page.evaluate(() => {
        at /Users/markuswagner/projects/riddle-rush-mono-repo/apps/game/tests/e2e/round-start.spec.ts:4:8

    Error: locator.click: Test timeout of 60000ms exceeded.
    Call log:
      - waiting for locator('.start-btn')


      17 |
      18 |     const startBtn = page.locator('.start-btn')
    > 19 |     await startBtn.click()
         |                    ^
      20 |     await page.waitForTimeout(500)
      21 |
      22 |     // Should navigate to round-start
        at /Users/markuswagner/projects/riddle-rush-mono-repo/apps/game/tests/e2e/round-start.spec.ts:19:20

    attachment #1: screenshot (image/png) ──────────────────────────────────────────────────────────
    ../../test-results/round-start-Round-Start-Page-should-display-round-indicator-mobile-chrome-galaxy/test-failed-1.png
    ────────────────────────────────────────────────────────────────────────────────────────────────

    Error Context: ../../test-results/round-start-Round-Start-Page-should-display-round-indicator-mobile-chrome-galaxy/error-context.md
]]>
</failure>
<system-out>
<![CDATA[
[[ATTACHMENT|apps/game/test-results/round-start-Round-Start-Page-should-display-round-indicator-mobile-chrome-galaxy/test-failed-1.png]]

[[ATTACHMENT|apps/game/test-results/round-start-Round-Start-Page-should-display-round-indicator-mobile-chrome-galaxy/error-context.md]]
]]>
</system-out>
</testcase>
<testcase name="Round Start Page › should be responsive on mobile" classname="round-start.spec.ts" time="60.805">
<failure message="round-start.spec.ts:94:3 should be responsive on mobile" type="FAILURE">
<![CDATA[  [mobile-chrome-galaxy] › round-start.spec.ts:94:3 › Round Start Page › should be responsive on mobile 

    Test timeout of 60000ms exceeded while running "beforeEach" hook.

      2 |
      3 | test.describe('Round Start Page', () => {
    > 4 |   test.beforeEach(async ({ page }) => {
        |        ^
      5 |     // Clear any existing session data
      6 |     await page.goto('/')
      7 |     await page.evaluate(() => {
        at /Users/markuswagner/projects/riddle-rush-mono-repo/apps/game/tests/e2e/round-start.spec.ts:4:8

    Error: locator.click: Test timeout of 60000ms exceeded.
    Call log:
      - waiting for locator('.start-btn')


      17 |
      18 |     const startBtn = page.locator('.start-btn')
    > 19 |     await startBtn.click()
         |                    ^
      20 |     await page.waitForTimeout(500)
      21 |
      22 |     // Should navigate to round-start
        at /Users/markuswagner/projects/riddle-rush-mono-repo/apps/game/tests/e2e/round-start.spec.ts:19:20

    attachment #1: screenshot (image/png) ──────────────────────────────────────────────────────────
    ../../test-results/round-start-Round-Start-Page-should-be-responsive-on-mobile-mobile-chrome-galaxy/test-failed-1.png
    ────────────────────────────────────────────────────────────────────────────────────────────────

    Error Context: ../../test-results/round-start-Round-Start-Page-should-be-responsive-on-mobile-mobile-chrome-galaxy/error-context.md
]]>
</failure>
<system-out>
<![CDATA[
[[ATTACHMENT|apps/game/test-results/round-start-Round-Start-Page-should-be-responsive-on-mobile-mobile-chrome-galaxy/test-failed-1.png]]

[[ATTACHMENT|apps/game/test-results/round-start-Round-Start-Page-should-be-responsive-on-mobile-mobile-chrome-galaxy/error-context.md]]
]]>
</system-out>
</testcase>
<testcase name="Round Counter Logic › should display &quot;Round 1&quot; on initial game start" classname="round-start.spec.ts" time="60.796">
<failure message="round-start.spec.ts:118:3 should display &quot;Round 1&quot; on initial game start" type="FAILURE">
<![CDATA[  [mobile-chrome-galaxy] › round-start.spec.ts:118:3 › Round Counter Logic › should display "Round 1" on initial game start 

    Test timeout of 60000ms exceeded.

    Error: locator.click: Test timeout of 60000ms exceeded.
    Call log:
      - waiting for locator('.start-btn')


      109 |
      110 |     const startBtn = page.locator('.start-btn')
    > 111 |     await startBtn.click()
          |                    ^
      112 |
      113 |     // Should navigate to round-start
      114 |     await expect(page).toHaveURL(/\/round-start/)
        at /Users/markuswagner/projects/riddle-rush-mono-repo/apps/game/tests/e2e/round-start.spec.ts:111:20

    attachment #1: screenshot (image/png) ──────────────────────────────────────────────────────────
    ../../test-results/round-start-Round-Counter--306df-und-1-on-initial-game-start-mobile-chrome-galaxy/test-failed-1.png
    ────────────────────────────────────────────────────────────────────────────────────────────────

    Error Context: ../../test-results/round-start-Round-Counter--306df-und-1-on-initial-game-start-mobile-chrome-galaxy/error-context.md
]]>
</failure>
<system-out>
<![CDATA[
[[ATTACHMENT|apps/game/test-results/round-start-Round-Counter--306df-und-1-on-initial-game-start-mobile-chrome-galaxy/test-failed-1.png]]

[[ATTACHMENT|apps/game/test-results/round-start-Round-Counter--306df-und-1-on-initial-game-start-mobile-chrome-galaxy/error-context.md]]
]]>
</system-out>
</testcase>
<testcase name="Round Counter Logic › should show &quot;Round 2&quot; after completing round 1 and clicking next round" classname="round-start.spec.ts" time="60.722">
<failure message="round-start.spec.ts:135:3 should show &quot;Round 2&quot; after completing round 1 and clicking next round" type="FAILURE">
<![CDATA[  [mobile-chrome-galaxy] › round-start.spec.ts:135:3 › Round Counter Logic › should show "Round 2" after completing round 1 and clicking next round 

    Test timeout of 60000ms exceeded.

    Error: locator.click: Test timeout of 60000ms exceeded.
    Call log:
      - waiting for locator('.start-btn')


      128 |
      129 |     const startBtn = page.locator('.start-btn')
    > 130 |     await startBtn.click()
          |                    ^
      131 |     await expect(page).toHaveURL(/\/round-start/)
      132 |
      133 |     // Wait for automatic navigation to game
        at /Users/markuswagner/projects/riddle-rush-mono-repo/apps/game/tests/e2e/round-start.spec.ts:130:20

    attachment #1: screenshot (image/png) ──────────────────────────────────────────────────────────
    ../../test-results/round-start-Round-Counter--085c9-d-1-and-clicking-next-round-mobile-chrome-galaxy/test-failed-1.png
    ────────────────────────────────────────────────────────────────────────────────────────────────

    Error Context: ../../test-results/round-start-Round-Counter--085c9-d-1-and-clicking-next-round-mobile-chrome-galaxy/error-context.md
]]>
</failure>
<system-out>
<![CDATA[
[[ATTACHMENT|apps/game/test-results/round-start-Round-Counter--085c9-d-1-and-clicking-next-round-mobile-chrome-galaxy/test-failed-1.png]]

[[ATTACHMENT|apps/game/test-results/round-start-Round-Counter--085c9-d-1-and-clicking-next-round-mobile-chrome-galaxy/error-context.md]]
]]>
</system-out>
</testcase>
<testcase name="Round Counter Logic › page refresh should not increment round counter" classname="round-start.spec.ts" time="60.683">
<failure message="round-start.spec.ts:206:3 page refresh should not increment round counter" type="FAILURE">
<![CDATA[  [mobile-chrome-galaxy] › round-start.spec.ts:206:3 › Round Counter Logic › page refresh should not increment round counter 

    Test timeout of 60000ms exceeded.

    Error: locator.click: Test timeout of 60000ms exceeded.
    Call log:
      - waiting for locator('.start-btn')


      191 |
      192 |     const startBtn = page.locator('.start-btn')
    > 193 |     await startBtn.click()
          |                    ^
      194 |
      195 |     // Wait for round-start page
      196 |     await expect(page).toHaveURL(/\/round-start/)
        at /Users/markuswagner/projects/riddle-rush-mono-repo/apps/game/tests/e2e/round-start.spec.ts:193:20

    attachment #1: screenshot (image/png) ──────────────────────────────────────────────────────────
    ../../test-results/round-start-Round-Counter--15628-not-increment-round-counter-mobile-chrome-galaxy/test-failed-1.png
    ────────────────────────────────────────────────────────────────────────────────────────────────

    Error Context: ../../test-results/round-start-Round-Counter--15628-not-increment-round-counter-mobile-chrome-galaxy/error-context.md
]]>
</failure>
<system-out>
<![CDATA[
[[ATTACHMENT|apps/game/test-results/round-start-Round-Counter--15628-not-increment-round-counter-mobile-chrome-galaxy/test-failed-1.png]]

[[ATTACHMENT|apps/game/test-results/round-start-Round-Counter--15628-not-increment-round-counter-mobile-chrome-galaxy/error-context.md]]
]]>
</system-out>
</testcase>
<testcase name="Round Counter Logic › navigating back to round-start during active game should not increment round" classname="round-start.spec.ts" time="60.892">
<failure message="round-start.spec.ts:232:3 navigating back to round-start during active game should not increment round" type="FAILURE">
<![CDATA[  [mobile-chrome-galaxy] › round-start.spec.ts:232:3 › Round Counter Logic › navigating back to round-start during active game should not increment round 

    Test timeout of 60000ms exceeded.

    Error: locator.click: Test timeout of 60000ms exceeded.
    Call log:
      - waiting for locator('.start-btn')


      219 |
      220 |     const startBtn = page.locator('.start-btn')
    > 221 |     await startBtn.click()
          |                    ^
      222 |     await expect(page).toHaveURL(/\/round-start/)
      223 |
      224 |     // Wait for automatic navigation to game page
        at /Users/markuswagner/projects/riddle-rush-mono-repo/apps/game/tests/e2e/round-start.spec.ts:221:20

    attachment #1: screenshot (image/png) ──────────────────────────────────────────────────────────
    ../../test-results/round-start-Round-Counter--5a07d--should-not-increment-round-mobile-chrome-galaxy/test-failed-1.png
    ────────────────────────────────────────────────────────────────────────────────────────────────

    Error Context: ../../test-results/round-start-Round-Counter--5a07d--should-not-increment-round-mobile-chrome-galaxy/error-context.md
]]>
</failure>
<system-out>
<![CDATA[
[[ATTACHMENT|apps/game/test-results/round-start-Round-Counter--5a07d--should-not-increment-round-mobile-chrome-galaxy/test-failed-1.png]]

[[ATTACHMENT|apps/game/test-results/round-start-Round-Counter--5a07d--should-not-increment-round-mobile-chrome-galaxy/error-context.md]]
]]>
</system-out>
</testcase>
</testsuite>
</testsuites>