<testsuites id="" name="" tests="2" failures="0" skipped="0" errors="0" time="31.991322">
<testsuite name="translations-check.spec.ts" timestamp="2026-02-13T04:36:23.979Z" hostname="mobile-chrome-pixel5" tests="2" failures="0" skipped="0" time="29.282" errors="0">
<testcase name="Translation Checks › should not show raw translation keys on home page" classname="translations-check.spec.ts" time="4.983">
</testcase>
<testcase name="Translation Checks › should show category in English and not as a key" classname="translations-check.spec.ts" time="24.299">
<system-out>
<![CDATA[Detected category name: PROFESSION
]]>
</system-out>
</testcase>
</testsuite>
</testsuites>