<testsuites id="" name="" tests="344" failures="276" skipped="28" errors="0" time="1190.111372">
<testsuite name="credits.spec.ts" timestamp="2026-01-31T23:08:18.129Z" hostname="mobile-chrome-pixel5" tests="6" failures="1" skipped="1" time="83.752" errors="0">
<testcase name="Credits Page › should load credits page successfully" classname="credits.spec.ts" time="5.823">
</testcase>
<testcase name="Credits Page › should display team credits" classname="credits.spec.ts" time="5.929">
</testcase>
<testcase name="Credits Page › should have working back button" classname="credits.spec.ts" time="60.199">
<failure message="credits.spec.ts:106:3 should have working back button" type="FAILURE">
<![CDATA[  [mobile-chrome-pixel5] › credits.spec.ts:106:3 › Credits Page › should have working back button ──

    Test timeout of 60000ms exceeded.

    Error: locator.click: Test timeout of 60000ms exceeded.
    Call log:
      - waiting for locator('.back-btn, button:has-text("←")').first()
        - locator resolved to <button data-v-78ad16e9="" class="back-btn tap-highlight no-select">…</button>
      - attempting click action
        2 × waiting for element to be visible, enabled and stable
          - element is visible, enabled and stable
          - scrolling into view if needed
          - done scrolling
          - <vite-error-overlay></vite-error-overlay> intercepts pointer events
        - retrying click action
        - waiting 20ms
        2 × waiting for element to be visible, enabled and stable
          - element is visible, enabled and stable
          - scrolling into view if needed
          - done scrolling
          - <vite-error-overlay></vite-error-overlay> intercepts pointer events
        - retrying click action
          - waiting 100ms
        105 × waiting for element to be visible, enabled and stable
            - element is visible, enabled and stable
            - scrolling into view if needed
            - done scrolling
            - <vite-error-overlay></vite-error-overlay> intercepts pointer events
          - retrying click action
            - waiting 500ms


      91 |
      92 |       // Click back button
    > 93 |       await backButton.first().click()
         |                                ^
      94 |
      95 |       // Should navigate back (URL should change)
      96 |       await page.waitForTimeout(500)
        at /home/cloudcrusader/projects/riddle-rush-mono-repo/apps/game/tests/e2e/credits.spec.ts:93:32

    attachment #1: screenshot (image/png) ──────────────────────────────────────────────────────────
    ../../test-results/credits-Credits-Page-should-have-working-back-button-mobile-chrome-pixel5/test-failed-1.png
    ────────────────────────────────────────────────────────────────────────────────────────────────

    Error Context: ../../test-results/credits-Credits-Page-should-have-working-back-button-mobile-chrome-pixel5/error-context.md
]]>
</failure>
<system-out>
<![CDATA[
[[ATTACHMENT|apps/game/test-results/credits-Credits-Page-should-have-working-back-button-mobile-chrome-pixel5/test-failed-1.png]]

[[ATTACHMENT|apps/game/test-results/credits-Credits-Page-should-have-working-back-button-mobile-chrome-pixel5/error-context.md]]
]]>
</system-out>
</testcase>
<testcase name="Credits Page › should have working OK button" classname="credits.spec.ts" time="5.83">
</testcase>
<testcase name="Credits Page › should display coins UI element" classname="credits.spec.ts" time="0">
<properties>
<property name="skip" value="">
</property>
</properties>
<skipped>
</skipped>
</testcase>
<testcase name="Credits Page › should have proper page styling" classname="credits.spec.ts" time="5.971">
</testcase>
</testsuite>
<testsuite name="debug-console.spec.ts" timestamp="2026-01-31T23:08:18.129Z" hostname="mobile-chrome-pixel5" tests="1" failures="0" skipped="0" time="4.464" errors="0">
<testcase name="Debug Console Errors › should capture console errors and page content" classname="debug-console.spec.ts" time="4.464">
<system-out>
<![CDATA[
=== CONSOLE MESSAGES ===
[debug] [vite] connecting...
[debug] [vite] connected.
[warning] [Vue warn]: Directive "motion-slide-left" has already been registered in target app.
[warning] [Vue warn]: Directive "motion-slide-right" has already been registered in target app.
[warning] [Vue warn]: Directive "motion-fade" has already been registered in target app.
[warning] [WARN] [Feature Flags] GitLab Feature Flags not configured. Using fallback to local settings.
[log] [LOG] Performance mark: app-init-start
[log] [LOG] Performance tools available at window.__performance__
[warning] [Vue warn]: onUnmounted is called when there is no active component instance to be associated with. Lifecycle injection APIs can only be used during execution of setup(). If you are using async setup(), make sure to register lifecycle hooks before the first await statement.
[log] [LOG] Performance mark: vue-setup-start
[info] <Suspense> is an experimental feature and its API will likely change.
[log] [LOG] Performance measure: app-init = 21.90ms
[log] [LOG] App mounted
[log] 🔌 WebSocket feature disabled - skipping auto-connect
[warning] [nuxt] Your project has pages but the `<NuxtPage />` component has not been used. You might be using the `<RouterView />` component instead, which will not work correctly in Nuxt. You can set `pages: false` in `nuxt.config` if you do not wish to use the Nuxt `vue-router` integration.
[warning] [nuxt] Your project has layouts but the `<NuxtLayout />` component has not been used.
[error] The script has an unsupported MIME type ('text/html').
[log] ✨ %cNuxt DevTools %c Press Shift + Alt + D to open DevTools color: black; border-radius: 3px 0 0 3px; padding: 2px 2px 1px 10px; background: #00DC82 border-radius: 0 3px 3px 0; padding: 2px 10px 1px 2px; background: #00DC8220 

=== CONSOLE ERRORS ===
The script has an unsupported MIME type ('text/html').

=== PAGE HTML (first 2000 chars) ===
<!DOCTYPE html><html class="light" data-theme="light" style="--vueuse-safe-area-top: env(safe-area-inset-top, 0px); --vueuse-safe-area-right: env(safe-area-inset-right, 0px); --vueuse-safe-area-bottom: env(safe-area-inset-bottom, 0px); --vueuse-safe-area-left: env(safe-area-inset-left, 0px);"><head><meta charset="utf-8"><meta name="viewport" content="width=device-width, initial-scale=1, maximum-scale=1, user-scalable=no, viewport-fit=cover"><title>Riddle Rush - Fun Party Game</title><link rel="modulepreload" as="script" crossorigin="" href="/_nuxt/home/cloudcrusader/projects/riddle-rush-mono-repo/node_modules/.pnpm/nuxt@4.2.2_@parcel+watcher@2.5.1_@types+node@22.19.5_@vercel+functions@3.3.4_@aws-sdk+c_506fe2963c2087da7c7da97798384497/node_modules/nuxt/dist/app/entry.async.js"><script type="module" src="/_nuxt/@vite/client" crossorigin=""></script><script type="module" src="/_nuxt/home/cloudcrusader/projects/riddle-rush-mono-repo/node_modules/.pnpm/nuxt@4.2.2_@parcel+watcher@2.5.1_@types+node@22.19.5_@vercel+functions@3.3.4_@aws-sdk+c_506fe2963c2087da7c7da97798384497/node_modules/nuxt/dist/app/entry.async.js" crossorigin=""></script><meta name="mobile-web-app-capable" content="yes"><meta name="apple-mobile-web-app-capable" content="yes"><meta name="apple-mobile-web-app-status-bar-style" content="black-translucent"><script id="unhead:payload" type="application/json">{"title":"Riddle Rush - Fun Party Game"}</script><script>
if (!window.__NUXT_DEVTOOLS_TIME_METRIC__) {
  Object.defineProperty(window, '__NUXT_DEVTOOLS_TIME_METRIC__', {
    value: {},
    enumerable: false,
    configurable: true,
  })
}
window.__NUXT_DEVTOOLS_TIME_METRIC__.appInit = Date.now()
</script><script>"use strict";(()=>{const t=window,e=document.documentElement,c=["dark","light"],n=getStorageValue("localStorage","riddle-rush-color-mode")||"light";let i=n==="system"?u():n;const r=e.getAttribute("data-color-mode-forced");r&&(i=r),l(i),t["__NUXT_COLOR_MODE__"]={preference:n,value:i,getColorScheme:u

=== #__nuxt content ===
<div id="app" class="app-container"><div data-v-f2d967f7="" class="splash-screen fade-out-leave-from fade-out-leave-active"><!-- Background Image --><img data-v-f2d967f7="" src="/assets/splash/background.png" alt="Background" class="splash-bg"><!-- Logo --><div data-v-f2d967f7="" class="logo-container animate-fade-in"><img data-v-f2d967f7="" src="/assets/splash/LOGO.png" alt="Logo" class="logo-image"></div><!-- Loading Bar --><div data-v-f2d967f7="" class="loading-container animate-slide-up"><img data-v-f2d967f7="" src="/assets/splash/LOADING_.png" alt="Loading" class="loading-text"><div data-v-f2d967f7="" class="loading-bar-wrapper"><img data-v-f2d967f7="" src="/assets/splash/loading-down.png" alt="Loading bar background" class="loading-bar-bg-img"><div data-v-f2d967f7="" class="loading-bar-track"><img data-v-f2d967f7="" src="/assets/splash/loading-top.png" alt="Loading bar fill" class="loading-bar-fill-img" style="clip-path: inset(0px 0% 0px 0px);"></div></div><div data-v-f2d967f7="" class="loading-percentage">100%</div></div></div><!--v-if--></div>
]]>
</system-out>
</testcase>
</testsuite>
<testsuite name="game-complete-flow.spec.ts" timestamp="2026-01-31T23:08:18.129Z" hostname="mobile-chrome-pixel5" tests="14" failures="11" skipped="0" time="567.039" errors="0">
<testcase name="Complete Game Flow › Single Player Flow › should complete full game flow from menu to leaderboard" classname="game-complete-flow.spec.ts" time="11.366">
<failure message="game-complete-flow.spec.ts:16:5 should complete full game flow from menu to leaderboard" type="FAILURE">
<![CDATA[  [mobile-chrome-pixel5] › game-complete-flow.spec.ts:16:5 › Complete Game Flow › Single Player Flow › should complete full game flow from menu to leaderboard 

    TimeoutError: page.waitForSelector: Timeout 10000ms exceeded.
    Call log:
      - waiting for locator('.menu-page, .splash-screen') to be visible


       8 | async function waitForPageReady(page: Page, selector: string, timeout = 10000) {
       9 |   await page.waitForLoadState('networkidle')
    > 10 |   await page.waitForSelector(selector, { timeout })
         |              ^
      11 | }
      12 |
      13 | test.describe('Complete Game Flow', () => {
        at waitForPageReady (/home/cloudcrusader/projects/riddle-rush-mono-repo/apps/game/tests/e2e/game-complete-flow.spec.ts:10:14)
        at /home/cloudcrusader/projects/riddle-rush-mono-repo/apps/game/tests/e2e/game-complete-flow.spec.ts:19:7

    attachment #1: screenshot (image/png) ──────────────────────────────────────────────────────────
    ../../test-results/game-complete-flow-Complet-a358b-ow-from-menu-to-leaderboard-mobile-chrome-pixel5/test-failed-1.png
    ────────────────────────────────────────────────────────────────────────────────────────────────

    Error Context: ../../test-results/game-complete-flow-Complet-a358b-ow-from-menu-to-leaderboard-mobile-chrome-pixel5/error-context.md
]]>
</failure>
<system-out>
<![CDATA[
[[ATTACHMENT|apps/game/test-results/game-complete-flow-Complet-a358b-ow-from-menu-to-leaderboard-mobile-chrome-pixel5/test-failed-1.png]]

[[ATTACHMENT|apps/game/test-results/game-complete-flow-Complet-a358b-ow-from-menu-to-leaderboard-mobile-chrome-pixel5/error-context.md]]
]]>
</system-out>
</testcase>
<testcase name="Complete Game Flow › Single Player Flow › should display game elements correctly" classname="game-complete-flow.spec.ts" time="1.946">
</testcase>
<testcase name="Complete Game Flow › Single Player Flow › should handle game input" classname="game-complete-flow.spec.ts" time="1.921">
</testcase>
<testcase name="Complete Game Flow › Single Player Flow › should not show player turn indicator in single player mode" classname="game-complete-flow.spec.ts" time="1.379">
</testcase>
<testcase name="Complete Game Flow › Navigation › should navigate through scoring to leaderboard" classname="game-complete-flow.spec.ts" time="60.183">
<failure message="game-complete-flow.spec.ts:116:5 should navigate through scoring to leaderboard" type="FAILURE">
<![CDATA[  [mobile-chrome-pixel5] › game-complete-flow.spec.ts:116:5 › Complete Game Flow › Navigation › should navigate through scoring to leaderboard 

    Test timeout of 60000ms exceeded.

    Error: locator.click: Test timeout of 60000ms exceeded.
    Call log:
      - waiting for locator('.start-btn')
        - locator resolved to <button data-v-df8c94bb="" class="action-btn start-btn tap-highlight no-select">…</button>
      - attempting click action
        2 × waiting for element to be visible, enabled and stable
          - element is not stable
        - retrying click action
        - waiting 20ms
        2 × waiting for element to be visible, enabled and stable
          - element is not stable
        - retrying click action
          - waiting 100ms
        - waiting for element to be visible, enabled and stable
        - element is not stable
      106 × retrying click action
            - waiting 500ms
            - waiting for element to be visible, enabled and stable
            - element is visible, enabled and stable
            - scrolling into view if needed
            - done scrolling
            - <vite-error-overlay></vite-error-overlay> intercepts pointer events
      - retrying click action
        - waiting 500ms
        - waiting for element to be visible, enabled and stable


      111 |
      112 |       const startBtn = page.locator('.start-btn')
    > 113 |       await startBtn.click()
          |                      ^
      114 |       await page.waitForTimeout(2000)
      115 |
      116 |       // Wait for game to start
        at /home/cloudcrusader/projects/riddle-rush-mono-repo/apps/game/tests/e2e/game-complete-flow.spec.ts:113:22

    attachment #1: screenshot (image/png) ──────────────────────────────────────────────────────────
    ../../test-results/game-complete-flow-Complet-4fdce-ough-scoring-to-leaderboard-mobile-chrome-pixel5/test-failed-1.png
    ────────────────────────────────────────────────────────────────────────────────────────────────

    Error Context: ../../test-results/game-complete-flow-Complet-4fdce-ough-scoring-to-leaderboard-mobile-chrome-pixel5/error-context.md
]]>
</failure>
<system-out>
<![CDATA[
[[ATTACHMENT|apps/game/test-results/game-complete-flow-Complet-4fdce-ough-scoring-to-leaderboard-mobile-chrome-pixel5/test-failed-1.png]]

[[ATTACHMENT|apps/game/test-results/game-complete-flow-Complet-4fdce-ough-scoring-to-leaderboard-mobile-chrome-pixel5/error-context.md]]
]]>
</system-out>
</testcase>
<testcase name="Complete Game Flow › Navigation › should return to menu from leaderboard when game completed" classname="game-complete-flow.spec.ts" time="60.182">
<failure message="game-complete-flow.spec.ts:153:5 should return to menu from leaderboard when game completed" type="FAILURE">
<![CDATA[  [mobile-chrome-pixel5] › game-complete-flow.spec.ts:153:5 › Complete Game Flow › Navigation › should return to menu from leaderboard when game completed 

    Test timeout of 60000ms exceeded.

    Error: locator.click: Test timeout of 60000ms exceeded.
    Call log:
      - waiting for locator('.finish-btn')
        - locator resolved to <button data-v-11163183="" title="Finish Game" class="finish-btn tap-highlight no-select">…</button>
      - attempting click action
        2 × waiting for element to be visible, enabled and stable
          - element is visible, enabled and stable
          - scrolling into view if needed
          - done scrolling
          - <vite-error-overlay></vite-error-overlay> intercepts pointer events
        - retrying click action
        - waiting 20ms
        - waiting for element to be visible, enabled and stable
        - element is visible, enabled and stable
        - scrolling into view if needed
        - done scrolling
        - <vite-error-overlay></vite-error-overlay> intercepts pointer events
      2 × retrying click action
          - waiting 100ms
          - waiting for element to be visible, enabled and stable
          - element is not stable
      107 × retrying click action
            - waiting 500ms
            - waiting for element to be visible, enabled and stable
            - element is visible, enabled and stable
            - scrolling into view if needed
            - done scrolling
            - <vite-error-overlay></vite-error-overlay> intercepts pointer events
      - retrying click action
        - waiting 500ms


      148 |       const finishBtn = page.locator('.finish-btn')
      149 |       await expect(finishBtn).toBeVisible()
    > 150 |       await finishBtn.click()
          |                       ^
      151 |       await expect(page).toHaveURL(/\/$/)
      152 |       await page.waitForTimeout(500)
      153 |
        at /home/cloudcrusader/projects/riddle-rush-mono-repo/apps/game/tests/e2e/game-complete-flow.spec.ts:150:23

    attachment #1: screenshot (image/png) ──────────────────────────────────────────────────────────
    ../../test-results/game-complete-flow-Complet-85561-erboard-when-game-completed-mobile-chrome-pixel5/test-failed-1.png
    ────────────────────────────────────────────────────────────────────────────────────────────────

    Error Context: ../../test-results/game-complete-flow-Complet-85561-erboard-when-game-completed-mobile-chrome-pixel5/error-context.md
]]>
</failure>
<system-out>
<![CDATA[
[[ATTACHMENT|apps/game/test-results/game-complete-flow-Complet-85561-erboard-when-game-completed-mobile-chrome-pixel5/test-failed-1.png]]

[[ATTACHMENT|apps/game/test-results/game-complete-flow-Complet-85561-erboard-when-game-completed-mobile-chrome-pixel5/error-context.md]]
]]>
</system-out>
</testcase>
<testcase name="Complete Game Flow › Navigation › should handle browser back button navigation" classname="game-complete-flow.spec.ts" time="60.148">
<failure message="game-complete-flow.spec.ts:170:5 should handle browser back button navigation" type="FAILURE">
<![CDATA[  [mobile-chrome-pixel5] › game-complete-flow.spec.ts:170:5 › Complete Game Flow › Navigation › should handle browser back button navigation 

    Test timeout of 60000ms exceeded.

    Error: locator.click: Test timeout of 60000ms exceeded.
    Call log:
      - waiting for locator('.play-btn')


      166 |
      167 |       const playBtn = page.locator('.play-btn')
    > 168 |       await playBtn.click()
          |                     ^
      169 |       await expect(page).toHaveURL(/\/players/)
      170 |       await page.waitForTimeout(500)
      171 |
        at /home/cloudcrusader/projects/riddle-rush-mono-repo/apps/game/tests/e2e/game-complete-flow.spec.ts:168:21

    attachment #1: screenshot (image/png) ──────────────────────────────────────────────────────────
    ../../test-results/game-complete-flow-Complet-60490-wser-back-button-navigation-mobile-chrome-pixel5/test-failed-1.png
    ────────────────────────────────────────────────────────────────────────────────────────────────

    Error Context: ../../test-results/game-complete-flow-Complet-60490-wser-back-button-navigation-mobile-chrome-pixel5/error-context.md
]]>
</failure>
<system-out>
<![CDATA[
[[ATTACHMENT|apps/game/test-results/game-complete-flow-Complet-60490-wser-back-button-navigation-mobile-chrome-pixel5/test-failed-1.png]]

[[ATTACHMENT|apps/game/test-results/game-complete-flow-Complet-60490-wser-back-button-navigation-mobile-chrome-pixel5/error-context.md]]
]]>
</system-out>
</testcase>
<testcase name="Complete Game Flow › Navigation › should maintain score changes through navigation" classname="game-complete-flow.spec.ts" time="60.243">
<failure message="game-complete-flow.spec.ts:201:5 should maintain score changes through navigation" type="FAILURE">
<![CDATA[  [mobile-chrome-pixel5] › game-complete-flow.spec.ts:201:5 › Complete Game Flow › Navigation › should maintain score changes through navigation 

    Test timeout of 60000ms exceeded.

    Error: locator.click: Test timeout of 60000ms exceeded.
    Call log:
      - waiting for locator('.start-btn')
        - locator resolved to <button data-v-df8c94bb="" class="action-btn start-btn tap-highlight no-select">…</button>
      - attempting click action
        2 × waiting for element to be visible, enabled and stable
          - element is not stable
        - retrying click action
        - waiting 20ms
        2 × waiting for element to be visible, enabled and stable
          - element is not stable
        - retrying click action
          - waiting 100ms
        - waiting for element to be visible, enabled and stable
        - element is not stable
      107 × retrying click action
            - waiting 500ms
            - waiting for element to be visible, enabled and stable
            - element is visible, enabled and stable
            - scrolling into view if needed
            - done scrolling
            - <vite-error-overlay></vite-error-overlay> intercepts pointer events
      - retrying click action
        - waiting 500ms


      191 |
      192 |       const startBtn = page.locator('.start-btn')
    > 193 |       await startBtn.click()
          |                      ^
      194 |       await page.waitForTimeout(2000)
      195 |
      196 |       await expect(page).toHaveURL(/\/game/, { timeout: 10000 })
        at /home/cloudcrusader/projects/riddle-rush-mono-repo/apps/game/tests/e2e/game-complete-flow.spec.ts:193:22

    attachment #1: screenshot (image/png) ──────────────────────────────────────────────────────────
    ../../test-results/game-complete-flow-Complet-6fc1a--changes-through-navigation-mobile-chrome-pixel5/test-failed-1.png
    ────────────────────────────────────────────────────────────────────────────────────────────────

    Error Context: ../../test-results/game-complete-flow-Complet-6fc1a--changes-through-navigation-mobile-chrome-pixel5/error-context.md
]]>
</failure>
<system-out>
<![CDATA[
[[ATTACHMENT|apps/game/test-results/game-complete-flow-Complet-6fc1a--changes-through-navigation-mobile-chrome-pixel5/test-failed-1.png]]

[[ATTACHMENT|apps/game/test-results/game-complete-flow-Complet-6fc1a--changes-through-navigation-mobile-chrome-pixel5/error-context.md]]
]]>
</system-out>
</testcase>
<testcase name="Complete Game Flow › Multi-Player Flow › complete multi-player game: players → round-start → game → results → leaderboard → next round" classname="game-complete-flow.spec.ts" time="60.21">
<failure message="game-complete-flow.spec.ts:243:5 complete multi-player game: players → round-start → game → results → leaderboard → next round" type="FAILURE">
<![CDATA[  [mobile-chrome-pixel5] › game-complete-flow.spec.ts:243:5 › Complete Game Flow › Multi-Player Flow › complete multi-player game: players → round-start → game → results → leaderboard → next round 

    Test timeout of 60000ms exceeded.

    Error: locator.click: Test timeout of 60000ms exceeded.
    Call log:
      - waiting for locator('.add-btn')
        - locator resolved to <button data-v-df8c94bb="" class="action-btn add-btn tap-highlight no-select">…</button>
      - attempting click action
        2 × waiting for element to be visible, enabled and stable
          - element is not stable
        - retrying click action
        - waiting 20ms
        - waiting for element to be visible, enabled and stable
        - element is not stable
      2 × retrying click action
          - waiting 100ms
          - waiting for element to be visible, enabled and stable
          - element is visible, enabled and stable
          - scrolling into view if needed
          - done scrolling
          - <vite-error-overlay></vite-error-overlay> intercepts pointer events
      107 × retrying click action
            - waiting 500ms
            - waiting for element to be visible, enabled and stable
            - element is visible, enabled and stable
            - scrolling into view if needed
            - done scrolling
            - <vite-error-overlay></vite-error-overlay> intercepts pointer events
      - retrying click action
        - waiting 500ms


      241 |         await dialog.accept(player2Name)
      242 |       })
    > 243 |       await addBtn.click()
          |                    ^
      244 |       await page.waitForTimeout(300)
      245 |
      246 |       page.once('dialog', async (dialog) => {
        at /home/cloudcrusader/projects/riddle-rush-mono-repo/apps/game/tests/e2e/game-complete-flow.spec.ts:243:20

    attachment #1: screenshot (image/png) ──────────────────────────────────────────────────────────
    ../../test-results/game-complete-flow-Complet-fcd0f--→-leaderboard-→-next-round-mobile-chrome-pixel5/test-failed-1.png
    ────────────────────────────────────────────────────────────────────────────────────────────────

    Error Context: ../../test-results/game-complete-flow-Complet-fcd0f--→-leaderboard-→-next-round-mobile-chrome-pixel5/error-context.md
]]>
</failure>
<system-out>
<![CDATA[
[[ATTACHMENT|apps/game/test-results/game-complete-flow-Complet-fcd0f--→-leaderboard-→-next-round-mobile-chrome-pixel5/test-failed-1.png]]

[[ATTACHMENT|apps/game/test-results/game-complete-flow-Complet-fcd0f--→-leaderboard-→-next-round-mobile-chrome-pixel5/error-context.md]]
]]>
</system-out>
</testcase>
<testcase name="Complete Game Flow › Multi-Player Flow › should show NEXT button only when all players submitted" classname="game-complete-flow.spec.ts" time="60.23">
<failure message="game-complete-flow.spec.ts:421:5 should show NEXT button only when all players submitted" type="FAILURE">
<![CDATA[  [mobile-chrome-pixel5] › game-complete-flow.spec.ts:421:5 › Complete Game Flow › Multi-Player Flow › should show NEXT button only when all players submitted 

    Test timeout of 60000ms exceeded.

    Error: locator.click: Test timeout of 60000ms exceeded.
    Call log:
      - waiting for locator('.add-btn')
        - locator resolved to <button data-v-df8c94bb="" class="action-btn add-btn tap-highlight no-select">…</button>
      - attempting click action
        2 × waiting for element to be visible, enabled and stable
          - element is not stable
        - retrying click action
        - waiting 20ms
        - waiting for element to be visible, enabled and stable
        - element is not stable
      2 × retrying click action
          - waiting 100ms
          - waiting for element to be visible, enabled and stable
          - element is visible, enabled and stable
          - scrolling into view if needed
          - done scrolling
          - <vite-error-overlay></vite-error-overlay> intercepts pointer events
      107 × retrying click action
            - waiting 500ms
            - waiting for element to be visible, enabled and stable
            - element is visible, enabled and stable
            - scrolling into view if needed
            - done scrolling
            - <vite-error-overlay></vite-error-overlay> intercepts pointer events
      - retrying click action
        - waiting 500ms


      421 |       })
      422 |       const addBtn = page.locator('.add-btn')
    > 423 |       await addBtn.click()
          |                    ^
      424 |       await page.waitForTimeout(300)
      425 |
      426 |       await page.locator('.start-btn').click()
        at /home/cloudcrusader/projects/riddle-rush-mono-repo/apps/game/tests/e2e/game-complete-flow.spec.ts:423:20

    attachment #1: screenshot (image/png) ──────────────────────────────────────────────────────────
    ../../test-results/game-complete-flow-Complet-4f477--when-all-players-submitted-mobile-chrome-pixel5/test-failed-1.png
    ────────────────────────────────────────────────────────────────────────────────────────────────

    Error Context: ../../test-results/game-complete-flow-Complet-4f477--when-all-players-submitted-mobile-chrome-pixel5/error-context.md
]]>
</failure>
<system-out>
<![CDATA[
[[ATTACHMENT|apps/game/test-results/game-complete-flow-Complet-4f477--when-all-players-submitted-mobile-chrome-pixel5/test-failed-1.png]]

[[ATTACHMENT|apps/game/test-results/game-complete-flow-Complet-4f477--when-all-players-submitted-mobile-chrome-pixel5/error-context.md]]
]]>
</system-out>
</testcase>
<testcase name="Complete Game Flow › Multi-Player Flow › should preserve player names across rounds" classname="game-complete-flow.spec.ts" time="60.234">
<failure message="game-complete-flow.spec.ts:460:5 should preserve player names across rounds" type="FAILURE">
<![CDATA[  [mobile-chrome-pixel5] › game-complete-flow.spec.ts:460:5 › Complete Game Flow › Multi-Player Flow › should preserve player names across rounds 

    Test timeout of 60000ms exceeded.

    Error: locator.click: Test timeout of 60000ms exceeded.
    Call log:
      - waiting for locator('.add-btn')
        - locator resolved to <button data-v-df8c94bb="" class="action-btn add-btn tap-highlight no-select">…</button>
      - attempting click action
        2 × waiting for element to be visible, enabled and stable
          - element is not stable
        - retrying click action
        - waiting 20ms
        - waiting for element to be visible, enabled and stable
        - element is not stable
      2 × retrying click action
          - waiting 100ms
          - waiting for element to be visible, enabled and stable
          - element is visible, enabled and stable
          - scrolling into view if needed
          - done scrolling
          - <vite-error-overlay></vite-error-overlay> intercepts pointer events
      107 × retrying click action
            - waiting 500ms
            - waiting for element to be visible, enabled and stable
            - element is visible, enabled and stable
            - scrolling into view if needed
            - done scrolling
            - <vite-error-overlay></vite-error-overlay> intercepts pointer events
      - retrying click action
        - waiting 500ms


      464 |         await dialog.accept(customPlayer2)
      465 |       })
    > 466 |       await page.locator('.add-btn').click()
          |                                      ^
      467 |       await page.waitForTimeout(300)
      468 |
      469 |       page.once('dialog', async (dialog) => {
        at /home/cloudcrusader/projects/riddle-rush-mono-repo/apps/game/tests/e2e/game-complete-flow.spec.ts:466:38

    attachment #1: screenshot (image/png) ──────────────────────────────────────────────────────────
    ../../test-results/game-complete-flow-Complet-9724b--player-names-across-rounds-mobile-chrome-pixel5/test-failed-1.png
    ────────────────────────────────────────────────────────────────────────────────────────────────

    Error Context: ../../test-results/game-complete-flow-Complet-9724b--player-names-across-rounds-mobile-chrome-pixel5/error-context.md
]]>
</failure>
<system-out>
<![CDATA[
[[ATTACHMENT|apps/game/test-results/game-complete-flow-Complet-9724b--player-names-across-rounds-mobile-chrome-pixel5/test-failed-1.png]]

[[ATTACHMENT|apps/game/test-results/game-complete-flow-Complet-9724b--player-names-across-rounds-mobile-chrome-pixel5/error-context.md]]
]]>
</system-out>
</testcase>
<testcase name="Complete Game Flow › Multi-Round Games with Champion › should play multiple rounds with accumulating points and declare champion" classname="game-complete-flow.spec.ts" time="8.539">
<failure message="game-complete-flow.spec.ts:531:5 should play multiple rounds with accumulating points and declare champion" type="FAILURE">
<![CDATA[  [mobile-chrome-pixel5] › game-complete-flow.spec.ts:531:5 › Complete Game Flow › Multi-Round Games with Champion › should play multiple rounds with accumulating points and declare champion 

    Error: expect(locator).toBeVisible() failed

    Locator: locator('.play-btn')
    Expected: visible
    Timeout: 5000ms
    Error: element(s) not found

    Call log:
      - Expect "toBeVisible" with timeout 5000ms
      - waiting for locator('.play-btn')


      542 |       // 2. Navigate to players
      543 |       const playBtn = page.locator('.play-btn')
    > 544 |       await expect(playBtn).toBeVisible()
          |                             ^
      545 |       await playBtn.click()
      546 |       await expect(page).toHaveURL(/\/players/)
      547 |       await page.waitForTimeout(500)
        at /home/cloudcrusader/projects/riddle-rush-mono-repo/apps/game/tests/e2e/game-complete-flow.spec.ts:544:29

    attachment #1: screenshot (image/png) ──────────────────────────────────────────────────────────
    ../../test-results/game-complete-flow-Complet-ac6b6-points-and-declare-champion-mobile-chrome-pixel5/test-failed-1.png
    ────────────────────────────────────────────────────────────────────────────────────────────────

    Error Context: ../../test-results/game-complete-flow-Complet-ac6b6-points-and-declare-champion-mobile-chrome-pixel5/error-context.md
]]>
</failure>
<system-out>
<![CDATA[
[[ATTACHMENT|apps/game/test-results/game-complete-flow-Complet-ac6b6-points-and-declare-champion-mobile-chrome-pixel5/test-failed-1.png]]

[[ATTACHMENT|apps/game/test-results/game-complete-flow-Complet-ac6b6-points-and-declare-champion-mobile-chrome-pixel5/error-context.md]]
]]>
</system-out>
</testcase>
<testcase name="Complete Game Flow › Multi-Round Games with Champion › should handle 3 rounds with point accumulation" classname="game-complete-flow.spec.ts" time="60.218">
<failure message="game-complete-flow.spec.ts:683:5 should handle 3 rounds with point accumulation" type="FAILURE">
<![CDATA[  [mobile-chrome-pixel5] › game-complete-flow.spec.ts:683:5 › Complete Game Flow › Multi-Round Games with Champion › should handle 3 rounds with point accumulation 

    Test timeout of 60000ms exceeded.

    Error: locator.click: Test timeout of 60000ms exceeded.
    Call log:
      - waiting for locator('.start-btn')
        - locator resolved to <button data-v-df8c94bb="" class="action-btn start-btn tap-highlight no-select">…</button>
      - attempting click action
        2 × waiting for element to be visible, enabled and stable
          - element is not stable
        - retrying click action
        - waiting 20ms
        2 × waiting for element to be visible, enabled and stable
          - element is not stable
        - retrying click action
          - waiting 100ms
        107 × waiting for element to be visible, enabled and stable
            - element is visible, enabled and stable
            - scrolling into view if needed
            - done scrolling
            - <vite-error-overlay></vite-error-overlay> intercepts pointer events
          - retrying click action
            - waiting 500ms
        - waiting for element to be visible, enabled and stable
        - element is visible, enabled and stable
        - scrolling into view if needed


      709 |
      710 |       const startBtn = page.locator('.start-btn')
    > 711 |       await startBtn.click()
          |                      ^
      712 |       await page.waitForTimeout(3000)
      713 |
      714 |       await expect(page).toHaveURL(/\/game/, { timeout: 10000 })
        at /home/cloudcrusader/projects/riddle-rush-mono-repo/apps/game/tests/e2e/game-complete-flow.spec.ts:711:22

    attachment #1: screenshot (image/png) ──────────────────────────────────────────────────────────
    ../../test-results/game-complete-flow-Complet-c8cdc-nds-with-point-accumulation-mobile-chrome-pixel5/test-failed-1.png
    ────────────────────────────────────────────────────────────────────────────────────────────────

    Error Context: ../../test-results/game-complete-flow-Complet-c8cdc-nds-with-point-accumulation-mobile-chrome-pixel5/error-context.md
]]>
</failure>
<system-out>
<![CDATA[
[[ATTACHMENT|apps/game/test-results/game-complete-flow-Complet-c8cdc-nds-with-point-accumulation-mobile-chrome-pixel5/test-failed-1.png]]

[[ATTACHMENT|apps/game/test-results/game-complete-flow-Complet-c8cdc-nds-with-point-accumulation-mobile-chrome-pixel5/error-context.md]]
]]>
</system-out>
</testcase>
<testcase name="Complete Game Flow › Multi-Round Games with Champion › should correctly calculate and display cumulative scores" classname="game-complete-flow.spec.ts" time="60.24">
<failure message="game-complete-flow.spec.ts:781:5 should correctly calculate and display cumulative scores" type="FAILURE">
<![CDATA[  [mobile-chrome-pixel5] › game-complete-flow.spec.ts:781:5 › Complete Game Flow › Multi-Round Games with Champion › should correctly calculate and display cumulative scores 

    Test timeout of 60000ms exceeded.

    Error: locator.click: Test timeout of 60000ms exceeded.
    Call log:
      - waiting for locator('.add-btn')
        - locator resolved to <button data-v-df8c94bb="" class="action-btn add-btn tap-highlight no-select">…</button>
      - attempting click action
        2 × waiting for element to be visible, enabled and stable
          - element is not stable
        - retrying click action
        - waiting 20ms
        2 × waiting for element to be visible, enabled and stable
          - element is not stable
        - retrying click action
          - waiting 100ms
        107 × waiting for element to be visible, enabled and stable
            - element is visible, enabled and stable
            - scrolling into view if needed
            - done scrolling
            - <vite-error-overlay></vite-error-overlay> intercepts pointer events
          - retrying click action
            - waiting 500ms
        - waiting for element to be visible, enabled and stable
        - element is visible, enabled and stable
        - scrolling into view if needed
        - done scrolling


      803 |         await dialog.accept(testPlayer2)
      804 |       })
    > 805 |       await page.locator('.add-btn').click()
          |                                      ^
      806 |       await page.waitForTimeout(300)
      807 |
      808 |       await page.locator('.start-btn').click()
        at /home/cloudcrusader/projects/riddle-rush-mono-repo/apps/game/tests/e2e/game-complete-flow.spec.ts:805:38

    attachment #1: screenshot (image/png) ──────────────────────────────────────────────────────────
    ../../test-results/game-complete-flow-Complet-914f4-d-display-cumulative-scores-mobile-chrome-pixel5/test-failed-1.png
    ────────────────────────────────────────────────────────────────────────────────────────────────

    Error Context: ../../test-results/game-complete-flow-Complet-914f4-d-display-cumulative-scores-mobile-chrome-pixel5/error-context.md
]]>
</failure>
<system-out>
<![CDATA[
[[ATTACHMENT|apps/game/test-results/game-complete-flow-Complet-914f4-d-display-cumulative-scores-mobile-chrome-pixel5/test-failed-1.png]]

[[ATTACHMENT|apps/game/test-results/game-complete-flow-Complet-914f4-d-display-cumulative-scores-mobile-chrome-pixel5/error-context.md]]
]]>
</system-out>
</testcase>
</testsuite>
<testsuite name="language.spec.ts" timestamp="2026-01-31T23:08:18.129Z" hostname="mobile-chrome-pixel5" tests="12" failures="8" skipped="0" time="453.961" errors="0">
<testcase name="Language Selection Page › should load language page successfully" classname="language.spec.ts" time="5.23">
</testcase>
<testcase name="Language Selection Page › should display language options" classname="language.spec.ts" time="4.594">
</testcase>
<testcase name="Language Selection Page › should show checkmark on selected language" classname="language.spec.ts" time="2.273">
</testcase>
<testcase name="Language Selection Page › should allow selecting English" classname="language.spec.ts" time="60.222">
<failure message="language.spec.ts:59:3 should allow selecting English" type="FAILURE">
<![CDATA[  [mobile-chrome-pixel5] › language.spec.ts:59:3 › Language Selection Page › should allow selecting English 

    Test timeout of 60000ms exceeded.

    Error: locator.click: Test timeout of 60000ms exceeded.
    Call log:
      - waiting for locator('.language-option').filter({ hasText: /ENGLISH/i })
        - locator resolved to <button data-v-36bd4d53="" class="language-option tap-highlight no-select selected">…</button>
      - attempting click action
        2 × waiting for element to be visible, enabled and stable
          - element is not stable
        - retrying click action
        - waiting 20ms
        2 × waiting for element to be visible, enabled and stable
          - element is not stable
        - retrying click action
          - waiting 100ms
        - waiting for element to be visible, enabled and stable
        - element is not stable
      107 × retrying click action
            - waiting 500ms
            - waiting for element to be visible, enabled and stable
            - element is visible, enabled and stable
            - scrolling into view if needed
            - done scrolling
            - <vite-error-overlay></vite-error-overlay> intercepts pointer events
      - retrying click action
        - waiting 500ms


      59 |     // Click on English option
      60 |     const englishOption = page.locator('.language-option').filter({ hasText: /ENGLISH/i })
    > 61 |     await englishOption.click()
         |                         ^
      62 |
      63 |     // Wait for state update
      64 |     await page.waitForTimeout(300)
        at /home/cloudcrusader/projects/riddle-rush-mono-repo/apps/game/tests/e2e/language.spec.ts:61:25

    attachment #1: screenshot (image/png) ──────────────────────────────────────────────────────────
    ../../test-results/language-Language-Selectio-9456a-uld-allow-selecting-English-mobile-chrome-pixel5/test-failed-1.png
    ────────────────────────────────────────────────────────────────────────────────────────────────

    Error Context: ../../test-results/language-Language-Selectio-9456a-uld-allow-selecting-English-mobile-chrome-pixel5/error-context.md
]]>
</failure>
<system-out>
<![CDATA[
[[ATTACHMENT|apps/game/test-results/language-Language-Selectio-9456a-uld-allow-selecting-English-mobile-chrome-pixel5/test-failed-1.png]]

[[ATTACHMENT|apps/game/test-results/language-Language-Selectio-9456a-uld-allow-selecting-English-mobile-chrome-pixel5/error-context.md]]
]]>
</system-out>
</testcase>
<testcase name="Language Selection Page › should allow selecting German" classname="language.spec.ts" time="60.225">
<failure message="language.spec.ts:77:3 should allow selecting German" type="FAILURE">
<![CDATA[  [mobile-chrome-pixel5] › language.spec.ts:77:3 › Language Selection Page › should allow selecting German 

    Test timeout of 60000ms exceeded.

    Error: locator.click: Test timeout of 60000ms exceeded.
    Call log:
      - waiting for locator('.language-option').filter({ hasText: /GERMAN/i })
        - locator resolved to <button data-v-36bd4d53="" class="language-option tap-highlight no-select">…</button>
      - attempting click action
        - waiting for element to be visible, enabled and stable
        - element is visible, enabled and stable
        - scrolling into view if needed
        - done scrolling
        - <vite-error-overlay></vite-error-overlay> intercepts pointer events
      - retrying click action
        - waiting for element to be visible, enabled and stable
        - element is not stable
      - retrying click action
        - waiting 20ms
        2 × waiting for element to be visible, enabled and stable
          - element is not stable
        - retrying click action
          - waiting 100ms
        - waiting for element to be visible, enabled and stable
        - element is not stable
      107 × retrying click action
            - waiting 500ms
            - waiting for element to be visible, enabled and stable
            - element is visible, enabled and stable
            - scrolling into view if needed
            - done scrolling
            - <vite-error-overlay></vite-error-overlay> intercepts pointer events
      - retrying click action
        - waiting 500ms


      75 |     // Click on German option
      76 |     const germanOption = page.locator('.language-option').filter({ hasText: /GERMAN/i })
    > 77 |     await germanOption.click()
         |                        ^
      78 |
      79 |     // Wait for state update
      80 |     await page.waitForTimeout(300)
        at /home/cloudcrusader/projects/riddle-rush-mono-repo/apps/game/tests/e2e/language.spec.ts:77:24

    attachment #1: screenshot (image/png) ──────────────────────────────────────────────────────────
    ../../test-results/language-Language-Selectio-d1047-ould-allow-selecting-German-mobile-chrome-pixel5/test-failed-1.png
    ────────────────────────────────────────────────────────────────────────────────────────────────

    Error Context: ../../test-results/language-Language-Selectio-d1047-ould-allow-selecting-German-mobile-chrome-pixel5/error-context.md
]]>
</failure>
<system-out>
<![CDATA[
[[ATTACHMENT|apps/game/test-results/language-Language-Selectio-d1047-ould-allow-selecting-German-mobile-chrome-pixel5/test-failed-1.png]]

[[ATTACHMENT|apps/game/test-results/language-Language-Selectio-d1047-ould-allow-selecting-German-mobile-chrome-pixel5/error-context.md]]
]]>
</system-out>
</testcase>
<testcase name="Language Selection Page › should switch between languages" classname="language.spec.ts" time="60.207">
<failure message="language.spec.ts:95:3 should switch between languages" type="FAILURE">
<![CDATA[  [mobile-chrome-pixel5] › language.spec.ts:95:3 › Language Selection Page › should switch between languages 

    Test timeout of 60000ms exceeded.

    Error: locator.click: Test timeout of 60000ms exceeded.
    Call log:
      - waiting for locator('.language-option').filter({ hasText: /ENGLISH/i })
        - locator resolved to <button data-v-36bd4d53="" class="language-option tap-highlight no-select selected">…</button>
      - attempting click action
        2 × waiting for element to be visible, enabled and stable
          - element is visible, enabled and stable
          - scrolling into view if needed
          - done scrolling
          - <vite-error-overlay></vite-error-overlay> intercepts pointer events
        - retrying click action
        - waiting 20ms
        2 × waiting for element to be visible, enabled and stable
          - element is not stable
        - retrying click action
          - waiting 100ms
        - waiting for element to be visible, enabled and stable
        - element is not stable
      107 × retrying click action
            - waiting 500ms
            - waiting for element to be visible, enabled and stable
            - element is visible, enabled and stable
            - scrolling into view if needed
            - done scrolling
            - <vite-error-overlay></vite-error-overlay> intercepts pointer events
      - retrying click action
        - waiting 500ms


      91 |     // Click English
      92 |     const englishOption = page.locator('.language-option').filter({ hasText: /ENGLISH/i })
    > 93 |     await englishOption.click()
         |                         ^
      94 |     await page.waitForTimeout(200)
      95 |
      96 |     // English should be selected
        at /home/cloudcrusader/projects/riddle-rush-mono-repo/apps/game/tests/e2e/language.spec.ts:93:25

    attachment #1: screenshot (image/png) ──────────────────────────────────────────────────────────
    ../../test-results/language-Language-Selectio-9669c-ld-switch-between-languages-mobile-chrome-pixel5/test-failed-1.png
    ────────────────────────────────────────────────────────────────────────────────────────────────

    Error Context: ../../test-results/language-Language-Selectio-9669c-ld-switch-between-languages-mobile-chrome-pixel5/error-context.md
]]>
</failure>
<system-out>
<![CDATA[
[[ATTACHMENT|apps/game/test-results/language-Language-Selectio-9669c-ld-switch-between-languages-mobile-chrome-pixel5/test-failed-1.png]]

[[ATTACHMENT|apps/game/test-results/language-Language-Selectio-9669c-ld-switch-between-languages-mobile-chrome-pixel5/error-context.md]]
]]>
</system-out>
</testcase>
<testcase name="Language Selection Page › should have working OK button" classname="language.spec.ts" time="65.469">
<failure message="language.spec.ts:121:3 should have working OK button" type="FAILURE">
<![CDATA[  [mobile-chrome-pixel5] › language.spec.ts:121:3 › Language Selection Page › should have working OK button 

    Test timeout of 60000ms exceeded.

    Error: locator.click: Test timeout of 60000ms exceeded.
    Call log:
      - waiting for locator('.language-option').filter({ hasText: /ENGLISH/i })
        - locator resolved to <button data-v-36bd4d53="" class="language-option tap-highlight no-select selected">…</button>
      - attempting click action
        2 × waiting for element to be visible, enabled and stable
          - element is not stable
        - retrying click action
        - waiting 20ms
        2 × waiting for element to be visible, enabled and stable
          - element is not stable
        - retrying click action
          - waiting 100ms
        - waiting for element to be visible, enabled and stable
        - element is not stable
      107 × retrying click action
            - waiting 500ms
            - waiting for element to be visible, enabled and stable
            - element is visible, enabled and stable
            - scrolling into view if needed
            - done scrolling
            - <vite-error-overlay></vite-error-overlay> intercepts pointer events
      - retrying click action
        - waiting 500ms


      113 |     // Select a language first
      114 |     const englishOption = page.locator('.language-option').filter({ hasText: /ENGLISH/i })
    > 115 |     await englishOption.click()
          |                         ^
      116 |     await page.waitForTimeout(200)
      117 |
      118 |     // Look for OK button (OK button contains an image, not text)
        at /home/cloudcrusader/projects/riddle-rush-mono-repo/apps/game/tests/e2e/language.spec.ts:115:25

    Error Context: ../../test-results/language-Language-Selectio-721cf-ould-have-working-OK-button-mobile-chrome-pixel5/error-context.md
]]>
</failure>
<system-out>
<![CDATA[
[[ATTACHMENT|apps/game/test-results/language-Language-Selectio-721cf-ould-have-working-OK-button-mobile-chrome-pixel5/error-context.md]]
]]>
</system-out>
</testcase>
<testcase name="Language Selection Page › should confirm language selection with OK button" classname="language.spec.ts" time="67.777">
<failure message="language.spec.ts:148:3 should confirm language selection with OK button" type="FAILURE">
<![CDATA[  [mobile-chrome-pixel5] › language.spec.ts:148:3 › Language Selection Page › should confirm language selection with OK button 

    Test timeout of 60000ms exceeded.

    Error: locator.click: Test timeout of 60000ms exceeded.
    Call log:
      - waiting for locator('.language-option').filter({ hasText: /ENGLISH/i })
        - locator resolved to <button data-v-36bd4d53="" class="language-option tap-highlight no-select selected">…</button>
      - attempting click action
        - waiting for element to be visible, enabled and stable
        - element is visible, enabled and stable
        - scrolling into view if needed
        - done scrolling
        - <vite-error-overlay></vite-error-overlay> intercepts pointer events
      - retrying click action
        - waiting for element to be visible, enabled and stable
        - element is not stable
      - retrying click action
        - waiting 20ms
        2 × waiting for element to be visible, enabled and stable
          - element is not stable
        - retrying click action
          - waiting 100ms
        - waiting for element to be visible, enabled and stable
        - element is not stable
      110 × retrying click action
            - waiting 500ms
            - waiting for element to be visible, enabled and stable
            - element is visible, enabled and stable
            - scrolling into view if needed
            - done scrolling
            - <vite-error-overlay></vite-error-overlay> intercepts pointer events
      - retrying click action
        - waiting 500ms
        - waiting for element to be visible, enabled and stable


      139 |     // Select English
      140 |     const englishOption = page.locator('.language-option').filter({ hasText: /ENGLISH/i })
    > 141 |     await englishOption.click()
          |                         ^
      142 |     await page.waitForTimeout(200)
      143 |
      144 |     // Verify English is selected
        at /home/cloudcrusader/projects/riddle-rush-mono-repo/apps/game/tests/e2e/language.spec.ts:141:25

    attachment #1: screenshot (image/png) ──────────────────────────────────────────────────────────
    ../../test-results/language-Language-Selectio-8ebef-ge-selection-with-OK-button-mobile-chrome-pixel5/test-failed-1.png
    ────────────────────────────────────────────────────────────────────────────────────────────────

    Error Context: ../../test-results/language-Language-Selectio-8ebef-ge-selection-with-OK-button-mobile-chrome-pixel5/error-context.md
]]>
</failure>
<system-out>
<![CDATA[
[[ATTACHMENT|apps/game/test-results/language-Language-Selectio-8ebef-ge-selection-with-OK-button-mobile-chrome-pixel5/test-failed-1.png]]

[[ATTACHMENT|apps/game/test-results/language-Language-Selectio-8ebef-ge-selection-with-OK-button-mobile-chrome-pixel5/error-context.md]]
]]>
</system-out>
</testcase>
<testcase name="Language Selection Page › should display flags correctly" classname="language.spec.ts" time="1.716">
<failure message="language.spec.ts:176:3 should display flags correctly" type="FAILURE">
<![CDATA[  [mobile-chrome-pixel5] › language.spec.ts:176:3 › Language Selection Page › should display flags correctly 

    Error: expect(received).toBe(expected) // Object.is equality

    Expected: 2
    Received: 0

      163 |     // Check for flag containers
      164 |     const flagContainers = page.locator('.flag-container')
    > 165 |     expect(await flagContainers.count()).toBe(2)
          |                                          ^
      166 |
      167 |     // Check that flags are visible
      168 |     for (let i = 0; i < (await flagContainers.count()); i++) {
        at /home/cloudcrusader/projects/riddle-rush-mono-repo/apps/game/tests/e2e/language.spec.ts:165:42

    attachment #1: screenshot (image/png) ──────────────────────────────────────────────────────────
    ../../test-results/language-Language-Selectio-769ee-uld-display-flags-correctly-mobile-chrome-pixel5/test-failed-1.png
    ────────────────────────────────────────────────────────────────────────────────────────────────

    Error Context: ../../test-results/language-Language-Selectio-769ee-uld-display-flags-correctly-mobile-chrome-pixel5/error-context.md
]]>
</failure>
<system-out>
<![CDATA[
[[ATTACHMENT|apps/game/test-results/language-Language-Selectio-769ee-uld-display-flags-correctly-mobile-chrome-pixel5/test-failed-1.png]]

[[ATTACHMENT|apps/game/test-results/language-Language-Selectio-769ee-uld-display-flags-correctly-mobile-chrome-pixel5/error-context.md]]
]]>
</system-out>
</testcase>
<testcase name="Language Selection Page › should have proper page styling" classname="language.spec.ts" time="1.614">
</testcase>
<testcase name="Language Switching Behavior › uses browser language by default and persists selection" classname="language.spec.ts" time="64.467">
<failure message="language.spec.ts:220:3 uses browser language by default and persists selection" type="FAILURE">
<![CDATA[  [mobile-chrome-pixel5] › language.spec.ts:220:3 › Language Switching Behavior › uses browser language by default and persists selection 

    Test timeout of 60000ms exceeded.

    Error: locator.click: Test timeout of 60000ms exceeded.
    Call log:
      - waiting for locator('.options-btn')


      203 |     await page.goto('/', { waitUntil: 'networkidle' })
      204 |
    > 205 |     await page.locator('.options-btn').click()
          |                                        ^
      206 |
      207 |     const languageItem = page.locator('.menu-item').filter({ hasText: 'Language' })
      208 |     const settingsItem = page.locator('.menu-item').filter({ hasText: 'Settings' })
        at /home/cloudcrusader/projects/riddle-rush-mono-repo/apps/game/tests/e2e/language.spec.ts:205:40

    attachment #1: screenshot (image/png) ──────────────────────────────────────────────────────────
    ../../test-results/language-Language-Switchin-89134-ault-and-persists-selection-mobile-chrome-pixel5/test-failed-1.png
    ────────────────────────────────────────────────────────────────────────────────────────────────

    Error Context: ../../test-results/language-Language-Switchin-89134-ault-and-persists-selection-mobile-chrome-pixel5/error-context.md
]]>
</failure>
<system-out>
<![CDATA[
[[ATTACHMENT|apps/game/test-results/language-Language-Switchin-89134-ault-and-persists-selection-mobile-chrome-pixel5/test-failed-1.png]]

[[ATTACHMENT|apps/game/test-results/language-Language-Switchin-89134-ault-and-persists-selection-mobile-chrome-pixel5/error-context.md]]
]]>
</system-out>
</testcase>
<testcase name="Language Switching Behavior › respects ?lang query and preserves it when selecting a different locale" classname="language.spec.ts" time="60.167">
<failure message="language.spec.ts:260:3 respects ?lang query and preserves it when selecting a different locale" type="FAILURE">
<![CDATA[  [mobile-chrome-pixel5] › language.spec.ts:260:3 › Language Switching Behavior › respects ?lang query and preserves it when selecting a different locale 

    Test timeout of 60000ms exceeded.

    Error: locator.click: Test timeout of 60000ms exceeded.
    Call log:
      - waiting for locator('.options-btn')


      234 |     await page.goto('/?lang=de', { waitUntil: 'networkidle' })
      235 |
    > 236 |     await page.locator('.options-btn').click()
          |                                        ^
      237 |     const germanMenuItem = page.locator('.menu-item').filter({ hasText: 'Sprache' })
      238 |     await expect(germanMenuItem).toBeVisible()
      239 |
        at /home/cloudcrusader/projects/riddle-rush-mono-repo/apps/game/tests/e2e/language.spec.ts:236:40

    attachment #1: screenshot (image/png) ──────────────────────────────────────────────────────────
    ../../test-results/language-Language-Switchin-95417-electing-a-different-locale-mobile-chrome-pixel5/test-failed-1.png
    ────────────────────────────────────────────────────────────────────────────────────────────────

    Error Context: ../../test-results/language-Language-Switchin-95417-electing-a-different-locale-mobile-chrome-pixel5/error-context.md
]]>
</failure>
<system-out>
<![CDATA[
[[ATTACHMENT|apps/game/test-results/language-Language-Switchin-95417-electing-a-different-locale-mobile-chrome-pixel5/test-failed-1.png]]

[[ATTACHMENT|apps/game/test-results/language-Language-Switchin-95417-electing-a-different-locale-mobile-chrome-pixel5/error-context.md]]
]]>
</system-out>
</testcase>
</testsuite>
<testsuite name="leaderboard.spec.ts" timestamp="2026-01-31T23:08:18.129Z" hostname="mobile-chrome-pixel5" tests="13" failures="13" skipped="0" time="783.122" errors="0">
<testcase name="Leaderboard Page › should display leaderboard page with all elements" classname="leaderboard.spec.ts" time="60.24">
<failure message="leaderboard.spec.ts:24:3 should display leaderboard page with all elements" type="FAILURE">
<![CDATA[  [mobile-chrome-pixel5] › leaderboard.spec.ts:24:3 › Leaderboard Page › should display leaderboard page with all elements 

    Test timeout of 60000ms exceeded while running "beforeEach" hook.

      2 |
      3 | test.describe('Leaderboard Page', () => {
    > 4 |   test.beforeEach(async ({ page }) => {
        |        ^
      5 |     // Set up game state first by going through players page
      6 |     await page.goto('/players')
      7 |     await page.waitForLoadState('networkidle')
        at /home/cloudcrusader/projects/riddle-rush-mono-repo/apps/game/tests/e2e/leaderboard.spec.ts:4:8

    Error: locator.click: Test timeout of 60000ms exceeded.
    Call log:
      - waiting for locator('.start-btn')
        - locator resolved to <button data-v-df8c94bb="" class="action-btn start-btn tap-highlight no-select">…</button>
      - attempting click action
        2 × waiting for element to be visible, enabled and stable
          - element is not stable
        - retrying click action
        - waiting 20ms
        2 × waiting for element to be visible, enabled and stable
          - element is not stable
        - retrying click action
          - waiting 100ms
        99 × waiting for element to be visible, enabled and stable
           - element is visible, enabled and stable
           - scrolling into view if needed
           - done scrolling
           - <vite-error-overlay></vite-error-overlay> intercepts pointer events
         - retrying click action
           - waiting 500ms


       9 |     // Start game with default player to initialize store
      10 |     const startBtn = page.locator('.start-btn')
    > 11 |     await startBtn.click()
         |                    ^
      12 |     await page.waitForTimeout(2000)
      13 |
      14 |     // Wait for round-start to complete
        at /home/cloudcrusader/projects/riddle-rush-mono-repo/apps/game/tests/e2e/leaderboard.spec.ts:11:20

    attachment #1: screenshot (image/png) ──────────────────────────────────────────────────────────
    ../../test-results/leaderboard-Leaderboard-Pa-f6c9d-oard-page-with-all-elements-mobile-chrome-pixel5/test-failed-1.png
    ────────────────────────────────────────────────────────────────────────────────────────────────

    Error Context: ../../test-results/leaderboard-Leaderboard-Pa-f6c9d-oard-page-with-all-elements-mobile-chrome-pixel5/error-context.md
]]>
</failure>
<system-out>
<![CDATA[
[[ATTACHMENT|apps/game/test-results/leaderboard-Leaderboard-Pa-f6c9d-oard-page-with-all-elements-mobile-chrome-pixel5/test-failed-1.png]]

[[ATTACHMENT|apps/game/test-results/leaderboard-Leaderboard-Pa-f6c9d-oard-page-with-all-elements-mobile-chrome-pixel5/error-context.md]]
]]>
</system-out>
</testcase>
<testcase name="Leaderboard Page › should display leaderboard entries" classname="leaderboard.spec.ts" time="60.19">
<failure message="leaderboard.spec.ts:43:3 should display leaderboard entries" type="FAILURE">
<![CDATA[  [mobile-chrome-pixel5] › leaderboard.spec.ts:43:3 › Leaderboard Page › should display leaderboard entries 

    Test timeout of 60000ms exceeded while running "beforeEach" hook.

      2 |
      3 | test.describe('Leaderboard Page', () => {
    > 4 |   test.beforeEach(async ({ page }) => {
        |        ^
      5 |     // Set up game state first by going through players page
      6 |     await page.goto('/players')
      7 |     await page.waitForLoadState('networkidle')
        at /home/cloudcrusader/projects/riddle-rush-mono-repo/apps/game/tests/e2e/leaderboard.spec.ts:4:8

    Error: locator.click: Test timeout of 60000ms exceeded.
    Call log:
      - waiting for locator('.start-btn')
        - locator resolved to <button data-v-df8c94bb="" class="action-btn start-btn tap-highlight no-select">…</button>
      - attempting click action
        2 × waiting for element to be visible, enabled and stable
          - element is not stable
        - retrying click action
        - waiting 20ms
        2 × waiting for element to be visible, enabled and stable
          - element is not stable
        - retrying click action
          - waiting 100ms
        - waiting for element to be visible, enabled and stable
        - element is not stable
      76 × retrying click action
           - waiting 500ms
           - waiting for element to be visible, enabled and stable
           - element is visible, enabled and stable
           - scrolling into view if needed
           - done scrolling
           - <vite-error-overlay></vite-error-overlay> intercepts pointer events
      - retrying click action
        - waiting 500ms


       9 |     // Start game with default player to initialize store
      10 |     const startBtn = page.locator('.start-btn')
    > 11 |     await startBtn.click()
         |                    ^
      12 |     await page.waitForTimeout(2000)
      13 |
      14 |     // Wait for round-start to complete
        at /home/cloudcrusader/projects/riddle-rush-mono-repo/apps/game/tests/e2e/leaderboard.spec.ts:11:20

    attachment #1: screenshot (image/png) ──────────────────────────────────────────────────────────
    ../../test-results/leaderboard-Leaderboard-Pa-063a3-display-leaderboard-entries-mobile-chrome-pixel5/test-failed-1.png
    ────────────────────────────────────────────────────────────────────────────────────────────────

    Error Context: ../../test-results/leaderboard-Leaderboard-Pa-063a3-display-leaderboard-entries-mobile-chrome-pixel5/error-context.md
]]>
</failure>
<system-out>
<![CDATA[
[[ATTACHMENT|apps/game/test-results/leaderboard-Leaderboard-Pa-063a3-display-leaderboard-entries-mobile-chrome-pixel5/test-failed-1.png]]

[[ATTACHMENT|apps/game/test-results/leaderboard-Leaderboard-Pa-063a3-display-leaderboard-entries-mobile-chrome-pixel5/error-context.md]]
]]>
</system-out>
</testcase>
<testcase name="Leaderboard Page › should display rank badges" classname="leaderboard.spec.ts" time="60.245">
<failure message="leaderboard.spec.ts:57:3 should display rank badges" type="FAILURE">
<![CDATA[  [mobile-chrome-pixel5] › leaderboard.spec.ts:57:3 › Leaderboard Page › should display rank badges 

    Test timeout of 60000ms exceeded while running "beforeEach" hook.

      2 |
      3 | test.describe('Leaderboard Page', () => {
    > 4 |   test.beforeEach(async ({ page }) => {
        |        ^
      5 |     // Set up game state first by going through players page
      6 |     await page.goto('/players')
      7 |     await page.waitForLoadState('networkidle')
        at /home/cloudcrusader/projects/riddle-rush-mono-repo/apps/game/tests/e2e/leaderboard.spec.ts:4:8

    Error: locator.click: Test timeout of 60000ms exceeded.
    Call log:
      - waiting for locator('.start-btn')
        - locator resolved to <button data-v-df8c94bb="" class="action-btn start-btn tap-highlight no-select">…</button>
      - attempting click action
        2 × waiting for element to be visible, enabled and stable
          - element is visible, enabled and stable
          - scrolling into view if needed
          - done scrolling
          - <vite-error-overlay></vite-error-overlay> intercepts pointer events
        - retrying click action
        - waiting 20ms
        2 × waiting for element to be visible, enabled and stable
          - element is not stable
        - retrying click action
          - waiting 100ms
        - waiting for element to be visible, enabled and stable
        - element is not stable
      106 × retrying click action
            - waiting 500ms
            - waiting for element to be visible, enabled and stable
            - element is visible, enabled and stable
            - scrolling into view if needed
            - done scrolling
            - <vite-error-overlay></vite-error-overlay> intercepts pointer events
      - retrying click action
        - waiting 500ms


       9 |     // Start game with default player to initialize store
      10 |     const startBtn = page.locator('.start-btn')
    > 11 |     await startBtn.click()
         |                    ^
      12 |     await page.waitForTimeout(2000)
      13 |
      14 |     // Wait for round-start to complete
        at /home/cloudcrusader/projects/riddle-rush-mono-repo/apps/game/tests/e2e/leaderboard.spec.ts:11:20

    attachment #1: screenshot (image/png) ──────────────────────────────────────────────────────────
    ../../test-results/leaderboard-Leaderboard-Page-should-display-rank-badges-mobile-chrome-pixel5/test-failed-1.png
    ────────────────────────────────────────────────────────────────────────────────────────────────

    Error Context: ../../test-results/leaderboard-Leaderboard-Page-should-display-rank-badges-mobile-chrome-pixel5/error-context.md
]]>
</failure>
<system-out>
<![CDATA[
[[ATTACHMENT|apps/game/test-results/leaderboard-Leaderboard-Page-should-display-rank-badges-mobile-chrome-pixel5/test-failed-1.png]]

[[ATTACHMENT|apps/game/test-results/leaderboard-Leaderboard-Page-should-display-rank-badges-mobile-chrome-pixel5/error-context.md]]
]]>
</system-out>
</testcase>
<testcase name="Leaderboard Page › should display player info in each entry" classname="leaderboard.spec.ts" time="60.254">
<failure message="leaderboard.spec.ts:64:3 should display player info in each entry" type="FAILURE">
<![CDATA[  [mobile-chrome-pixel5] › leaderboard.spec.ts:64:3 › Leaderboard Page › should display player info in each entry 

    Test timeout of 60000ms exceeded while running "beforeEach" hook.

      2 |
      3 | test.describe('Leaderboard Page', () => {
    > 4 |   test.beforeEach(async ({ page }) => {
        |        ^
      5 |     // Set up game state first by going through players page
      6 |     await page.goto('/players')
      7 |     await page.waitForLoadState('networkidle')
        at /home/cloudcrusader/projects/riddle-rush-mono-repo/apps/game/tests/e2e/leaderboard.spec.ts:4:8

    Error: locator.click: Test timeout of 60000ms exceeded.
    Call log:
      - waiting for locator('.start-btn')
        - locator resolved to <button data-v-df8c94bb="" class="action-btn start-btn tap-highlight no-select">…</button>
      - attempting click action
        2 × waiting for element to be visible, enabled and stable
          - element is not stable
        - retrying click action
        - waiting 20ms
        2 × waiting for element to be visible, enabled and stable
          - element is not stable
        - retrying click action
          - waiting 100ms
        - waiting for element to be visible, enabled and stable
        - element is not stable
      106 × retrying click action
            - waiting 500ms
            - waiting for element to be visible, enabled and stable
            - element is visible, enabled and stable
            - scrolling into view if needed
            - done scrolling
            - <vite-error-overlay></vite-error-overlay> intercepts pointer events
      - retrying click action
        - waiting 500ms


       9 |     // Start game with default player to initialize store
      10 |     const startBtn = page.locator('.start-btn')
    > 11 |     await startBtn.click()
         |                    ^
      12 |     await page.waitForTimeout(2000)
      13 |
      14 |     // Wait for round-start to complete
        at /home/cloudcrusader/projects/riddle-rush-mono-repo/apps/game/tests/e2e/leaderboard.spec.ts:11:20

    attachment #1: screenshot (image/png) ──────────────────────────────────────────────────────────
    ../../test-results/leaderboard-Leaderboard-Pa-5b63b-y-player-info-in-each-entry-mobile-chrome-pixel5/test-failed-1.png
    ────────────────────────────────────────────────────────────────────────────────────────────────

    Error Context: ../../test-results/leaderboard-Leaderboard-Pa-5b63b-y-player-info-in-each-entry-mobile-chrome-pixel5/error-context.md
]]>
</failure>
<system-out>
<![CDATA[
[[ATTACHMENT|apps/game/test-results/leaderboard-Leaderboard-Pa-5b63b-y-player-info-in-each-entry-mobile-chrome-pixel5/test-failed-1.png]]

[[ATTACHMENT|apps/game/test-results/leaderboard-Leaderboard-Pa-5b63b-y-player-info-in-each-entry-mobile-chrome-pixel5/error-context.md]]
]]>
</system-out>
</testcase>
<testcase name="Leaderboard Page › should display player avatars" classname="leaderboard.spec.ts" time="60.237">
<failure message="leaderboard.spec.ts:74:3 should display player avatars" type="FAILURE">
<![CDATA[  [mobile-chrome-pixel5] › leaderboard.spec.ts:74:3 › Leaderboard Page › should display player avatars 

    Test timeout of 60000ms exceeded while running "beforeEach" hook.

      2 |
      3 | test.describe('Leaderboard Page', () => {
    > 4 |   test.beforeEach(async ({ page }) => {
        |        ^
      5 |     // Set up game state first by going through players page
      6 |     await page.goto('/players')
      7 |     await page.waitForLoadState('networkidle')
        at /home/cloudcrusader/projects/riddle-rush-mono-repo/apps/game/tests/e2e/leaderboard.spec.ts:4:8

    Error: locator.click: Test timeout of 60000ms exceeded.
    Call log:
      - waiting for locator('.start-btn')
        - locator resolved to <button data-v-df8c94bb="" class="action-btn start-btn tap-highlight no-select">…</button>
      - attempting click action
        2 × waiting for element to be visible, enabled and stable
          - element is not stable
        - retrying click action
        - waiting 20ms
        2 × waiting for element to be visible, enabled and stable
          - element is not stable
        - retrying click action
          - waiting 100ms
        107 × waiting for element to be visible, enabled and stable
            - element is visible, enabled and stable
            - scrolling into view if needed
            - done scrolling
            - <vite-error-overlay></vite-error-overlay> intercepts pointer events
          - retrying click action
            - waiting 500ms


       9 |     // Start game with default player to initialize store
      10 |     const startBtn = page.locator('.start-btn')
    > 11 |     await startBtn.click()
         |                    ^
      12 |     await page.waitForTimeout(2000)
      13 |
      14 |     // Wait for round-start to complete
        at /home/cloudcrusader/projects/riddle-rush-mono-repo/apps/game/tests/e2e/leaderboard.spec.ts:11:20

    attachment #1: screenshot (image/png) ──────────────────────────────────────────────────────────
    ../../test-results/leaderboard-Leaderboard-Page-should-display-player-avatars-mobile-chrome-pixel5/test-failed-1.png
    ────────────────────────────────────────────────────────────────────────────────────────────────

    Error Context: ../../test-results/leaderboard-Leaderboard-Page-should-display-player-avatars-mobile-chrome-pixel5/error-context.md
]]>
</failure>
<system-out>
<![CDATA[
[[ATTACHMENT|apps/game/test-results/leaderboard-Leaderboard-Page-should-display-player-avatars-mobile-chrome-pixel5/test-failed-1.png]]

[[ATTACHMENT|apps/game/test-results/leaderboard-Leaderboard-Page-should-display-player-avatars-mobile-chrome-pixel5/error-context.md]]
]]>
</system-out>
</testcase>
<testcase name="Leaderboard Page › should navigate to menu when clicking finish (game completed)" classname="leaderboard.spec.ts" time="60.212">
<failure message="leaderboard.spec.ts:81:3 should navigate to menu when clicking finish (game completed)" type="FAILURE">
<![CDATA[  [mobile-chrome-pixel5] › leaderboard.spec.ts:81:3 › Leaderboard Page › should navigate to menu when clicking finish (game completed) 

    Test timeout of 60000ms exceeded while running "beforeEach" hook.

      2 |
      3 | test.describe('Leaderboard Page', () => {
    > 4 |   test.beforeEach(async ({ page }) => {
        |        ^
      5 |     // Set up game state first by going through players page
      6 |     await page.goto('/players')
      7 |     await page.waitForLoadState('networkidle')
        at /home/cloudcrusader/projects/riddle-rush-mono-repo/apps/game/tests/e2e/leaderboard.spec.ts:4:8

    Error: locator.click: Test timeout of 60000ms exceeded.
    Call log:
      - waiting for locator('.start-btn')
        - locator resolved to <button data-v-df8c94bb="" class="action-btn start-btn tap-highlight no-select">…</button>
      - attempting click action
        2 × waiting for element to be visible, enabled and stable
          - element is not stable
        - retrying click action
        - waiting 20ms
        2 × waiting for element to be visible, enabled and stable
          - element is not stable
        - retrying click action
          - waiting 100ms
        108 × waiting for element to be visible, enabled and stable
            - element is visible, enabled and stable
            - scrolling into view if needed
            - done scrolling
            - <vite-error-overlay></vite-error-overlay> intercepts pointer events
          - retrying click action
            - waiting 500ms


       9 |     // Start game with default player to initialize store
      10 |     const startBtn = page.locator('.start-btn')
    > 11 |     await startBtn.click()
         |                    ^
      12 |     await page.waitForTimeout(2000)
      13 |
      14 |     // Wait for round-start to complete
        at /home/cloudcrusader/projects/riddle-rush-mono-repo/apps/game/tests/e2e/leaderboard.spec.ts:11:20

    attachment #1: screenshot (image/png) ──────────────────────────────────────────────────────────
    ../../test-results/leaderboard-Leaderboard-Pa-825b4-king-finish-game-completed--mobile-chrome-pixel5/test-failed-1.png
    ────────────────────────────────────────────────────────────────────────────────────────────────

    Error Context: ../../test-results/leaderboard-Leaderboard-Pa-825b4-king-finish-game-completed--mobile-chrome-pixel5/error-context.md
]]>
</failure>
<system-out>
<![CDATA[
[[ATTACHMENT|apps/game/test-results/leaderboard-Leaderboard-Pa-825b4-king-finish-game-completed--mobile-chrome-pixel5/test-failed-1.png]]

[[ATTACHMENT|apps/game/test-results/leaderboard-Leaderboard-Pa-825b4-king-finish-game-completed--mobile-chrome-pixel5/error-context.md]]
]]>
</system-out>
</testcase>
<testcase name="Leaderboard Page › should show back button when game is not completed" classname="leaderboard.spec.ts" time="60.235">
<failure message="leaderboard.spec.ts:92:3 should show back button when game is not completed" type="FAILURE">
<![CDATA[  [mobile-chrome-pixel5] › leaderboard.spec.ts:92:3 › Leaderboard Page › should show back button when game is not completed 

    Test timeout of 60000ms exceeded while running "beforeEach" hook.

      2 |
      3 | test.describe('Leaderboard Page', () => {
    > 4 |   test.beforeEach(async ({ page }) => {
        |        ^
      5 |     // Set up game state first by going through players page
      6 |     await page.goto('/players')
      7 |     await page.waitForLoadState('networkidle')
        at /home/cloudcrusader/projects/riddle-rush-mono-repo/apps/game/tests/e2e/leaderboard.spec.ts:4:8

    Error: locator.click: Test timeout of 60000ms exceeded.
    Call log:
      - waiting for locator('.start-btn')
        - locator resolved to <button data-v-df8c94bb="" class="action-btn start-btn tap-highlight no-select">…</button>
      - attempting click action
        2 × waiting for element to be visible, enabled and stable
          - element is not stable
        - retrying click action
        - waiting 20ms
        2 × waiting for element to be visible, enabled and stable
          - element is not stable
        - retrying click action
          - waiting 100ms
        - waiting for element to be visible, enabled and stable
        - element is not stable
      107 × retrying click action
            - waiting 500ms
            - waiting for element to be visible, enabled and stable
            - element is visible, enabled and stable
            - scrolling into view if needed
            - done scrolling
            - <vite-error-overlay></vite-error-overlay> intercepts pointer events
      - retrying click action
        - waiting 500ms


       9 |     // Start game with default player to initialize store
      10 |     const startBtn = page.locator('.start-btn')
    > 11 |     await startBtn.click()
         |                    ^
      12 |     await page.waitForTimeout(2000)
      13 |
      14 |     // Wait for round-start to complete
        at /home/cloudcrusader/projects/riddle-rush-mono-repo/apps/game/tests/e2e/leaderboard.spec.ts:11:20

[...]

    Error: locator.click: Test timeout of 60000ms exceeded.
    Call log:
      - waiting for locator('.start-btn')
        - locator resolved to <button data-v-df8c94bb="" class="action-btn start-btn tap-highlight no-select">…</button>
      - attempting click action
        2 × waiting for element to be visible, enabled and stable
          - element is not stable
        - retrying click action
        - waiting 20ms
        2 × waiting for element to be visible, enabled and stable
          - element is not stable
        - retrying click action
          - waiting 100ms
        - waiting for element to be visible, enabled and stable
        - element is not stable
      107 × retrying click action
            - waiting 500ms
            - waiting for element to be visible, enabled and stable
            - element is visible, enabled and stable
            - scrolling into view if needed
            - done scrolling
            - <vite-error-overlay></vite-error-overlay> intercepts pointer events
      - retrying click action
        - waiting 500ms


      17 |
      18 |     const startBtn = page.locator('.start-btn')
    > 19 |     await startBtn.click()
         |                    ^
      20 |     await page.waitForTimeout(500)
      21 |
      22 |     // Should navigate to round-start
        at /home/cloudcrusader/projects/riddle-rush-mono-repo/apps/game/tests/e2e/round-start.spec.ts:19:20

    attachment #1: screenshot (image/png) ──────────────────────────────────────────────────────────
    ../../test-results/round-start-Round-Start-Pa-f2f6a-ate-to-game-after-selection-mobile-chrome-galaxy/test-failed-1.png
    ────────────────────────────────────────────────────────────────────────────────────────────────

    Error Context: ../../test-results/round-start-Round-Start-Pa-f2f6a-ate-to-game-after-selection-mobile-chrome-galaxy/error-context.md
]]>
</failure>
<system-out>
<![CDATA[
[[ATTACHMENT|apps/game/test-results/round-start-Round-Start-Pa-f2f6a-ate-to-game-after-selection-mobile-chrome-galaxy/test-failed-1.png]]

[[ATTACHMENT|apps/game/test-results/round-start-Round-Start-Pa-f2f6a-ate-to-game-after-selection-mobile-chrome-galaxy/error-context.md]]
]]>
</system-out>
</testcase>
<testcase name="Round Start Page › should display round indicator" classname="round-start.spec.ts" time="60.344">
<failure message="round-start.spec.ts:88:3 should display round indicator" type="FAILURE">
<![CDATA[  [mobile-chrome-galaxy] › round-start.spec.ts:88:3 › Round Start Page › should display round indicator 

    Test timeout of 60000ms exceeded while running "beforeEach" hook.

      2 |
      3 | test.describe('Round Start Page', () => {
    > 4 |   test.beforeEach(async ({ page }) => {
        |        ^
      5 |     // Clear any existing session data
      6 |     await page.goto('/')
      7 |     await page.evaluate(() => {
        at /home/cloudcrusader/projects/riddle-rush-mono-repo/apps/game/tests/e2e/round-start.spec.ts:4:8

    Error: locator.click: Test timeout of 60000ms exceeded.
    Call log:
      - waiting for locator('.start-btn')
        - locator resolved to <button data-v-df8c94bb="" class="action-btn start-btn tap-highlight no-select">…</button>
      - attempting click action
        2 × waiting for element to be visible, enabled and stable
          - element is not stable
        - retrying click action
        - waiting 20ms
        - waiting for element to be visible, enabled and stable
        - element is not stable
      2 × retrying click action
          - waiting 100ms
          - waiting for element to be visible, enabled and stable
          - element is visible, enabled and stable
          - scrolling into view if needed
          - done scrolling
          - <vite-error-overlay></vite-error-overlay> intercepts pointer events
      107 × retrying click action
            - waiting 500ms
            - waiting for element to be visible, enabled and stable
            - element is visible, enabled and stable
            - scrolling into view if needed
            - done scrolling
            - <vite-error-overlay></vite-error-overlay> intercepts pointer events
      - retrying click action
        - waiting 500ms


      17 |
      18 |     const startBtn = page.locator('.start-btn')
    > 19 |     await startBtn.click()
         |                    ^
      20 |     await page.waitForTimeout(500)
      21 |
      22 |     // Should navigate to round-start
        at /home/cloudcrusader/projects/riddle-rush-mono-repo/apps/game/tests/e2e/round-start.spec.ts:19:20

    attachment #1: screenshot (image/png) ──────────────────────────────────────────────────────────
    ../../test-results/round-start-Round-Start-Page-should-display-round-indicator-mobile-chrome-galaxy/test-failed-1.png
    ────────────────────────────────────────────────────────────────────────────────────────────────

    Error Context: ../../test-results/round-start-Round-Start-Page-should-display-round-indicator-mobile-chrome-galaxy/error-context.md
]]>
</failure>
<system-out>
<![CDATA[
[[ATTACHMENT|apps/game/test-results/round-start-Round-Start-Page-should-display-round-indicator-mobile-chrome-galaxy/test-failed-1.png]]

[[ATTACHMENT|apps/game/test-results/round-start-Round-Start-Page-should-display-round-indicator-mobile-chrome-galaxy/error-context.md]]
]]>
</system-out>
</testcase>
<testcase name="Round Start Page › should be responsive on mobile" classname="round-start.spec.ts" time="60.332">
<failure message="round-start.spec.ts:94:3 should be responsive on mobile" type="FAILURE">
<![CDATA[  [mobile-chrome-galaxy] › round-start.spec.ts:94:3 › Round Start Page › should be responsive on mobile 

    Test timeout of 60000ms exceeded while running "beforeEach" hook.

      2 |
      3 | test.describe('Round Start Page', () => {
    > 4 |   test.beforeEach(async ({ page }) => {
        |        ^
      5 |     // Clear any existing session data
      6 |     await page.goto('/')
      7 |     await page.evaluate(() => {
        at /home/cloudcrusader/projects/riddle-rush-mono-repo/apps/game/tests/e2e/round-start.spec.ts:4:8

    Error: locator.click: Test timeout of 60000ms exceeded.
    Call log:
      - waiting for locator('.start-btn')
        - locator resolved to <button data-v-df8c94bb="" class="action-btn start-btn tap-highlight no-select">…</button>
      - attempting click action
        2 × waiting for element to be visible, enabled and stable
          - element is not stable
        - retrying click action
        - waiting 20ms
        2 × waiting for element to be visible, enabled and stable
          - element is not stable
        - retrying click action
          - waiting 100ms
        108 × waiting for element to be visible, enabled and stable
            - element is visible, enabled and stable
            - scrolling into view if needed
            - done scrolling
            - <vite-error-overlay></vite-error-overlay> intercepts pointer events
          - retrying click action
            - waiting 500ms


      17 |
      18 |     const startBtn = page.locator('.start-btn')
    > 19 |     await startBtn.click()
         |                    ^
      20 |     await page.waitForTimeout(500)
      21 |
      22 |     // Should navigate to round-start
        at /home/cloudcrusader/projects/riddle-rush-mono-repo/apps/game/tests/e2e/round-start.spec.ts:19:20

    attachment #1: screenshot (image/png) ──────────────────────────────────────────────────────────
    ../../test-results/round-start-Round-Start-Page-should-be-responsive-on-mobile-mobile-chrome-galaxy/test-failed-1.png
    ────────────────────────────────────────────────────────────────────────────────────────────────

    Error Context: ../../test-results/round-start-Round-Start-Page-should-be-responsive-on-mobile-mobile-chrome-galaxy/error-context.md
]]>
</failure>
<system-out>
<![CDATA[
[[ATTACHMENT|apps/game/test-results/round-start-Round-Start-Page-should-be-responsive-on-mobile-mobile-chrome-galaxy/test-failed-1.png]]

[[ATTACHMENT|apps/game/test-results/round-start-Round-Start-Page-should-be-responsive-on-mobile-mobile-chrome-galaxy/error-context.md]]
]]>
</system-out>
</testcase>
<testcase name="Round Counter Logic › should display &quot;Round 1&quot; on initial game start" classname="round-start.spec.ts" time="60.349">
<failure message="round-start.spec.ts:118:3 should display &quot;Round 1&quot; on initial game start" type="FAILURE">
<![CDATA[  [mobile-chrome-galaxy] › round-start.spec.ts:118:3 › Round Counter Logic › should display "Round 1" on initial game start 

    Test timeout of 60000ms exceeded.

    Error: locator.click: Test timeout of 60000ms exceeded.
    Call log:
      - waiting for locator('.start-btn')
        - locator resolved to <button data-v-df8c94bb="" class="action-btn start-btn tap-highlight no-select">…</button>
      - attempting click action
        2 × waiting for element to be visible, enabled and stable
          - element is visible, enabled and stable
          - scrolling into view if needed
          - done scrolling
          - <vite-error-overlay></vite-error-overlay> intercepts pointer events
        - retrying click action
        - waiting 20ms
        - waiting for element to be visible, enabled and stable
        - element is visible, enabled and stable
        - scrolling into view if needed
        - done scrolling
        - <vite-error-overlay></vite-error-overlay> intercepts pointer events
      2 × retrying click action
          - waiting 100ms
          - waiting for element to be visible, enabled and stable
          - element is not stable
      107 × retrying click action
            - waiting 500ms
            - waiting for element to be visible, enabled and stable
            - element is visible, enabled and stable
            - scrolling into view if needed
            - done scrolling
            - <vite-error-overlay></vite-error-overlay> intercepts pointer events
      - retrying click action
        - waiting 500ms
        - waiting for element to be visible, enabled and stable


      109 |
      110 |     const startBtn = page.locator('.start-btn')
    > 111 |     await startBtn.click()
          |                    ^
      112 |
      113 |     // Should navigate to round-start
      114 |     await expect(page).toHaveURL(/\/round-start/)
        at /home/cloudcrusader/projects/riddle-rush-mono-repo/apps/game/tests/e2e/round-start.spec.ts:111:20

    attachment #1: screenshot (image/png) ──────────────────────────────────────────────────────────
    ../../test-results/round-start-Round-Counter--306df-und-1-on-initial-game-start-mobile-chrome-galaxy/test-failed-1.png
    ────────────────────────────────────────────────────────────────────────────────────────────────

    Error Context: ../../test-results/round-start-Round-Counter--306df-und-1-on-initial-game-start-mobile-chrome-galaxy/error-context.md
]]>
</failure>
<system-out>
<![CDATA[
[[ATTACHMENT|apps/game/test-results/round-start-Round-Counter--306df-und-1-on-initial-game-start-mobile-chrome-galaxy/test-failed-1.png]]

[[ATTACHMENT|apps/game/test-results/round-start-Round-Counter--306df-und-1-on-initial-game-start-mobile-chrome-galaxy/error-context.md]]
]]>
</system-out>
</testcase>
<testcase name="Round Counter Logic › should show &quot;Round 2&quot; after completing round 1 and clicking next round" classname="round-start.spec.ts" time="60.349">
<failure message="round-start.spec.ts:135:3 should show &quot;Round 2&quot; after completing round 1 and clicking next round" type="FAILURE">
<![CDATA[  [mobile-chrome-galaxy] › round-start.spec.ts:135:3 › Round Counter Logic › should show "Round 2" after completing round 1 and clicking next round 

    Test timeout of 60000ms exceeded.

    Error: locator.click: Test timeout of 60000ms exceeded.
    Call log:
      - waiting for locator('.start-btn')
        - locator resolved to <button data-v-df8c94bb="" class="action-btn start-btn tap-highlight no-select">…</button>
      - attempting click action
        2 × waiting for element to be visible, enabled and stable
          - element is not stable
        - retrying click action
        - waiting 20ms
        - waiting for element to be visible, enabled and stable
        - element is not stable
      2 × retrying click action
          - waiting 100ms
          - waiting for element to be visible, enabled and stable
          - element is visible, enabled and stable
          - scrolling into view if needed
          - done scrolling
          - <vite-error-overlay></vite-error-overlay> intercepts pointer events
      107 × retrying click action
            - waiting 500ms
            - waiting for element to be visible, enabled and stable
            - element is visible, enabled and stable
            - scrolling into view if needed
            - done scrolling
            - <vite-error-overlay></vite-error-overlay> intercepts pointer events
      - retrying click action
        - waiting 500ms


      128 |
      129 |     const startBtn = page.locator('.start-btn')
    > 130 |     await startBtn.click()
          |                    ^
      131 |     await expect(page).toHaveURL(/\/round-start/)
      132 |
      133 |     // Wait for automatic navigation to game
        at /home/cloudcrusader/projects/riddle-rush-mono-repo/apps/game/tests/e2e/round-start.spec.ts:130:20

    attachment #1: screenshot (image/png) ──────────────────────────────────────────────────────────
    ../../test-results/round-start-Round-Counter--085c9-d-1-and-clicking-next-round-mobile-chrome-galaxy/test-failed-1.png
    ────────────────────────────────────────────────────────────────────────────────────────────────

    Error Context: ../../test-results/round-start-Round-Counter--085c9-d-1-and-clicking-next-round-mobile-chrome-galaxy/error-context.md
]]>
</failure>
<system-out>
<![CDATA[
[[ATTACHMENT|apps/game/test-results/round-start-Round-Counter--085c9-d-1-and-clicking-next-round-mobile-chrome-galaxy/test-failed-1.png]]

[[ATTACHMENT|apps/game/test-results/round-start-Round-Counter--085c9-d-1-and-clicking-next-round-mobile-chrome-galaxy/error-context.md]]
]]>
</system-out>
</testcase>
<testcase name="Round Counter Logic › page refresh should not increment round counter" classname="round-start.spec.ts" time="60.336">
<failure message="round-start.spec.ts:206:3 page refresh should not increment round counter" type="FAILURE">
<![CDATA[  [mobile-chrome-galaxy] › round-start.spec.ts:206:3 › Round Counter Logic › page refresh should not increment round counter 

    Test timeout of 60000ms exceeded.

    Error: locator.click: Test timeout of 60000ms exceeded.
    Call log:
      - waiting for locator('.start-btn')
        - locator resolved to <button data-v-df8c94bb="" class="action-btn start-btn tap-highlight no-select">…</button>
      - attempting click action
        2 × waiting for element to be visible, enabled and stable
          - element is not stable
        - retrying click action
        - waiting 20ms
        2 × waiting for element to be visible, enabled and stable
          - element is not stable
        - retrying click action
          - waiting 100ms
        - waiting for element to be visible, enabled and stable
        - element is not stable
      107 × retrying click action
            - waiting 500ms
            - waiting for element to be visible, enabled and stable
            - element is visible, enabled and stable
            - scrolling into view if needed
            - done scrolling
            - <vite-error-overlay></vite-error-overlay> intercepts pointer events
      - retrying click action
        - waiting 500ms


      191 |
      192 |     const startBtn = page.locator('.start-btn')
    > 193 |     await startBtn.click()
          |                    ^
      194 |
      195 |     // Wait for round-start page
      196 |     await expect(page).toHaveURL(/\/round-start/)
        at /home/cloudcrusader/projects/riddle-rush-mono-repo/apps/game/tests/e2e/round-start.spec.ts:193:20

    attachment #1: screenshot (image/png) ──────────────────────────────────────────────────────────
    ../../test-results/round-start-Round-Counter--15628-not-increment-round-counter-mobile-chrome-galaxy/test-failed-1.png
    ────────────────────────────────────────────────────────────────────────────────────────────────

    Error Context: ../../test-results/round-start-Round-Counter--15628-not-increment-round-counter-mobile-chrome-galaxy/error-context.md
]]>
</failure>
<system-out>
<![CDATA[
[[ATTACHMENT|apps/game/test-results/round-start-Round-Counter--15628-not-increment-round-counter-mobile-chrome-galaxy/test-failed-1.png]]

[[ATTACHMENT|apps/game/test-results/round-start-Round-Counter--15628-not-increment-round-counter-mobile-chrome-galaxy/error-context.md]]
]]>
</system-out>
</testcase>
<testcase name="Round Counter Logic › navigating back to round-start during active game should not increment round" classname="round-start.spec.ts" time="60.351">
<failure message="round-start.spec.ts:232:3 navigating back to round-start during active game should not increment round" type="FAILURE">
<![CDATA[  [mobile-chrome-galaxy] › round-start.spec.ts:232:3 › Round Counter Logic › navigating back to round-start during active game should not increment round 

    Test timeout of 60000ms exceeded.

    Error: locator.click: Test timeout of 60000ms exceeded.
    Call log:
      - waiting for locator('.start-btn')
        - locator resolved to <button data-v-df8c94bb="" class="action-btn start-btn tap-highlight no-select">…</button>
      - attempting click action
        - waiting for element to be visible, enabled and stable
        - element is visible, enabled and stable
        - scrolling into view if needed
        - done scrolling
        - <vite-error-overlay></vite-error-overlay> intercepts pointer events
      - retrying click action
        - waiting for element to be visible, enabled and stable
        - element is not stable
      - retrying click action
        - waiting 20ms
        2 × waiting for element to be visible, enabled and stable
          - element is not stable
        - retrying click action
          - waiting 100ms
        - waiting for element to be visible, enabled and stable
        - element is not stable
      107 × retrying click action
            - waiting 500ms
            - waiting for element to be visible, enabled and stable
            - element is visible, enabled and stable
            - scrolling into view if needed
            - done scrolling
            - <vite-error-overlay></vite-error-overlay> intercepts pointer events
      - retrying click action
        - waiting 500ms


      219 |
      220 |     const startBtn = page.locator('.start-btn')
    > 221 |     await startBtn.click()
          |                    ^
      222 |     await expect(page).toHaveURL(/\/round-start/)
      223 |
      224 |     // Wait for automatic navigation to game page
        at /home/cloudcrusader/projects/riddle-rush-mono-repo/apps/game/tests/e2e/round-start.spec.ts:221:20

    attachment #1: screenshot (image/png) ──────────────────────────────────────────────────────────
    ../../test-results/round-start-Round-Counter--5a07d--should-not-increment-round-mobile-chrome-galaxy/test-failed-1.png
    ────────────────────────────────────────────────────────────────────────────────────────────────

    Error Context: ../../test-results/round-start-Round-Counter--5a07d--should-not-increment-round-mobile-chrome-galaxy/error-context.md
]]>
</failure>
<system-out>
<![CDATA[
[[ATTACHMENT|apps/game/test-results/round-start-Round-Counter--5a07d--should-not-increment-round-mobile-chrome-galaxy/test-failed-1.png]]

[[ATTACHMENT|apps/game/test-results/round-start-Round-Counter--5a07d--should-not-increment-round-mobile-chrome-galaxy/error-context.md]]
]]>
</system-out>
</testcase>
</testsuite>
</testsuites>