<testsuites id="" name="" tests="344" failures="11" skipped="333" errors="0" time="8.683233">
<testsuite name="credits.spec.ts" timestamp="2026-01-31T02:50:04.023Z" hostname="mobile-chrome-pixel5" tests="6" failures="5" skipped="1" time="2.772" errors="0">
<testcase name="Credits Page › should load credits page successfully" classname="credits.spec.ts" time="0.578">
<failure message="credits.spec.ts:18:3 should load credits page successfully" type="FAILURE">
<![CDATA[  [mobile-chrome-pixel5] › credits.spec.ts:18:3 › Credits Page › should load credits page successfully 

    Error: page.goto: net::ERR_CONNECTION_REFUSED at http://localhost:3000/credits
    Call log:
      - navigating to "http://localhost:3000/credits", waiting until "load"


      16 | test.describe('Credits Page', () => {
      17 |   test('should load credits page successfully', async ({ page }) => {
    > 18 |     await page.goto('/credits')
         |                ^
      19 |
      20 |     // Wait for page to load and Vue to hydrate
      21 |     await page.waitForLoadState('networkidle')
        at /home/cloudcrusader/projects/riddle-rush-mono-repo/apps/game/tests/e2e/credits.spec.ts:18:16

    attachment #1: screenshot (image/png) ──────────────────────────────────────────────────────────
    ../../test-results/credits-Credits-Page-should-load-credits-page-successfully-mobile-chrome-pixel5/test-failed-1.png
    ────────────────────────────────────────────────────────────────────────────────────────────────
]]>
</failure>
<system-out>
<![CDATA[
[[ATTACHMENT|apps/game/test-results/credits-Credits-Page-should-load-credits-page-successfully-mobile-chrome-pixel5/test-failed-1.png]]
]]>
</system-out>
</testcase>
<testcase name="Credits Page › should display team credits" classname="credits.spec.ts" time="0.518">
<failure message="credits.spec.ts:44:3 should display team credits" type="FAILURE">
<![CDATA[  [mobile-chrome-pixel5] › credits.spec.ts:44:3 › Credits Page › should display team credits ───────

    Error: page.goto: net::ERR_CONNECTION_REFUSED at http://localhost:3000/credits
    Call log:
      - navigating to "http://localhost:3000/credits", waiting until "load"


      35 |
      36 |   test('should display team credits', async ({ page }) => {
    > 37 |     await page.goto('/credits')
         |                ^
      38 |
      39 |     // Wait for page to load and Vue to hydrate
      40 |     await page.waitForLoadState('networkidle')
        at /home/cloudcrusader/projects/riddle-rush-mono-repo/apps/game/tests/e2e/credits.spec.ts:37:16

    attachment #1: screenshot (image/png) ──────────────────────────────────────────────────────────
    ../../test-results/credits-Credits-Page-should-display-team-credits-mobile-chrome-pixel5/test-failed-1.png
    ────────────────────────────────────────────────────────────────────────────────────────────────
]]>
</failure>
<system-out>
<![CDATA[
[[ATTACHMENT|apps/game/test-results/credits-Credits-Page-should-display-team-credits-mobile-chrome-pixel5/test-failed-1.png]]
]]>
</system-out>
</testcase>
<testcase name="Credits Page › should have working back button" classname="credits.spec.ts" time="0.539">
<failure message="credits.spec.ts:106:3 should have working back button" type="FAILURE">
<![CDATA[  [mobile-chrome-pixel5] › credits.spec.ts:106:3 › Credits Page › should have working back button ──

    Error: page.goto: net::ERR_CONNECTION_REFUSED at http://localhost:3000/credits
    Call log:
      - navigating to "http://localhost:3000/credits", waiting until "load"


      78 |
      79 |   test('should have working back button', async ({ page }) => {
    > 80 |     await page.goto('/credits')
         |                ^
      81 |
      82 |     await page.waitForLoadState('networkidle')
      83 |     await waitForSplashComplete(page)
        at /home/cloudcrusader/projects/riddle-rush-mono-repo/apps/game/tests/e2e/credits.spec.ts:80:16

    attachment #1: screenshot (image/png) ──────────────────────────────────────────────────────────
    ../../test-results/credits-Credits-Page-should-have-working-back-button-mobile-chrome-pixel5/test-failed-1.png
    ────────────────────────────────────────────────────────────────────────────────────────────────
]]>
</failure>
<system-out>
<![CDATA[
[[ATTACHMENT|apps/game/test-results/credits-Credits-Page-should-have-working-back-button-mobile-chrome-pixel5/test-failed-1.png]]
]]>
</system-out>
</testcase>
<testcase name="Credits Page › should have working OK button" classname="credits.spec.ts" time="0.559">
<failure message="credits.spec.ts:132:3 should have working OK button" type="FAILURE">
<![CDATA[  [mobile-chrome-pixel5] › credits.spec.ts:132:3 › Credits Page › should have working OK button ────

    Error: page.goto: net::ERR_CONNECTION_REFUSED at http://localhost:3000/credits
    Call log:
      - navigating to "http://localhost:3000/credits", waiting until "load"


      101 |
      102 |   test('should have working OK button', async ({ page }) => {
    > 103 |     await page.goto('/credits')
          |                ^
      104 |
      105 |     await page.waitForLoadState('networkidle')
      106 |     await waitForSplashComplete(page)
        at /home/cloudcrusader/projects/riddle-rush-mono-repo/apps/game/tests/e2e/credits.spec.ts:103:16

    attachment #1: screenshot (image/png) ──────────────────────────────────────────────────────────
    ../../test-results/credits-Credits-Page-should-have-working-OK-button-mobile-chrome-pixel5/test-failed-1.png
    ────────────────────────────────────────────────────────────────────────────────────────────────
]]>
</failure>
<system-out>
<![CDATA[
[[ATTACHMENT|apps/game/test-results/credits-Credits-Page-should-have-working-OK-button-mobile-chrome-pixel5/test-failed-1.png]]
]]>
</system-out>
</testcase>
<testcase name="Credits Page › should display coins UI element" classname="credits.spec.ts" time="0">
<properties>
<property name="skip" value="">
</property>
</properties>
<skipped>
</skipped>
</testcase>
<testcase name="Credits Page › should have proper page styling" classname="credits.spec.ts" time="0.578">
<failure message="credits.spec.ts:169:3 should have proper page styling" type="FAILURE">
<![CDATA[  [mobile-chrome-pixel5] › credits.spec.ts:169:3 › Credits Page › should have proper page styling ──

    Error: page.goto: net::ERR_CONNECTION_REFUSED at http://localhost:3000/credits
    Call log:
      - navigating to "http://localhost:3000/credits", waiting until "load"


      135 |
      136 |   test('should have proper page styling', async ({ page }) => {
    > 137 |     await page.goto('/credits')
          |                ^
      138 |
      139 |     await page.waitForLoadState('networkidle')
      140 |     await waitForSplashComplete(page)
        at /home/cloudcrusader/projects/riddle-rush-mono-repo/apps/game/tests/e2e/credits.spec.ts:137:16

    attachment #1: screenshot (image/png) ──────────────────────────────────────────────────────────
    ../../test-results/credits-Credits-Page-should-have-proper-page-styling-mobile-chrome-pixel5/test-failed-1.png
    ────────────────────────────────────────────────────────────────────────────────────────────────
]]>
</failure>
<system-out>
<![CDATA[
[[ATTACHMENT|apps/game/test-results/credits-Credits-Page-should-have-proper-page-styling-mobile-chrome-pixel5/test-failed-1.png]]
]]>
</system-out>
</testcase>
</testsuite>
<testsuite name="debug-console.spec.ts" timestamp="2026-01-31T02:50:04.023Z" hostname="mobile-chrome-pixel5" tests="1" failures="1" skipped="0" time="0.591" errors="0">
<testcase name="Debug Console Errors › should capture console errors and page content" classname="debug-console.spec.ts" time="0.591">
<failure message="debug-console.spec.ts:3:3 should capture console errors and page content" type="FAILURE">
<![CDATA[  [mobile-chrome-pixel5] › debug-console.spec.ts:3:3 › Debug Console Errors › should capture console errors and page content 

    Error: page.goto: net::ERR_CONNECTION_REFUSED at http://localhost:3000/credits
    Call log:
      - navigating to "http://localhost:3000/credits", waiting until "load"


      21 |
      22 |     // Navigate to credits page
    > 23 |     await page.goto('/credits')
         |                ^
      24 |     await page.waitForLoadState('networkidle')
      25 |
      26 |     // Wait a bit for any delayed errors
        at /home/cloudcrusader/projects/riddle-rush-mono-repo/apps/game/tests/e2e/debug-console.spec.ts:23:16

    attachment #1: screenshot (image/png) ──────────────────────────────────────────────────────────
    ../../test-results/debug-console-Debug-Consol-9ca10-ole-errors-and-page-content-mobile-chrome-pixel5/test-failed-1.png
    ────────────────────────────────────────────────────────────────────────────────────────────────
]]>
</failure>
<system-out>
<![CDATA[
[[ATTACHMENT|apps/game/test-results/debug-console-Debug-Consol-9ca10-ole-errors-and-page-content-mobile-chrome-pixel5/test-failed-1.png]]
]]>
</system-out>
</testcase>
</testsuite>
<testsuite name="game-complete-flow.spec.ts" timestamp="2026-01-31T02:50:04.023Z" hostname="mobile-chrome-pixel5" tests="14" failures="5" skipped="9" time="1.958" errors="0">
<testcase name="Complete Game Flow › Single Player Flow › should complete full game flow from menu to leaderboard" classname="game-complete-flow.spec.ts" time="0.329">
<failure message="game-complete-flow.spec.ts:16:5 should complete full game flow from menu to leaderboard" type="FAILURE">
<![CDATA[  [mobile-chrome-pixel5] › game-complete-flow.spec.ts:16:5 › Complete Game Flow › Single Player Flow › should complete full game flow from menu to leaderboard 

    Error: page.goto: net::ERR_CONNECTION_REFUSED at http://localhost:3000/
    Call log:
      - navigating to "http://localhost:3000/", waiting until "load"


      16 |     test('should complete full game flow from menu to leaderboard', async ({ page }) => {
      17 |       // 1. Start at menu
    > 18 |       await page.goto('/', { timeout: 30000 })
         |                  ^
      19 |       await waitForPageReady(page, '.menu-page, .splash-screen')
      20 |
      21 |       // Wait for splash screen to finish
        at /home/cloudcrusader/projects/riddle-rush-mono-repo/apps/game/tests/e2e/game-complete-flow.spec.ts:18:18
]]>
</failure>
</testcase>
<testcase name="Complete Game Flow › Single Player Flow › should display game elements correctly" classname="game-complete-flow.spec.ts" time="0.317">
<failure message="game-complete-flow.spec.ts:64:5 should display game elements correctly" type="FAILURE">
<![CDATA[  [mobile-chrome-pixel5] › game-complete-flow.spec.ts:64:5 › Complete Game Flow › Single Player Flow › should display game elements correctly 

    Error: page.goto: net::ERR_CONNECTION_REFUSED at http://localhost:3000/game
    Call log:
      - navigating to "http://localhost:3000/game", waiting until "load"


      55 |     test('should display game elements correctly', async ({ page }) => {
      56 |       // Navigate directly to game page
    > 57 |       await page.goto('/game')
         |                  ^
      58 |       await page.waitForLoadState('networkidle')
      59 |
      60 |       // Wait for game loading spinner to disappear
        at /home/cloudcrusader/projects/riddle-rush-mono-repo/apps/game/tests/e2e/game-complete-flow.spec.ts:57:18
]]>
</failure>
</testcase>
<testcase name="Complete Game Flow › Single Player Flow › should handle game input" classname="game-complete-flow.spec.ts" time="0.341">
<failure message="game-complete-flow.spec.ts:90:5 should handle game input" type="FAILURE">
<![CDATA[  [mobile-chrome-pixel5] › game-complete-flow.spec.ts:90:5 › Complete Game Flow › Single Player Flow › should handle game input 

    Error: page.goto: net::ERR_CONNECTION_REFUSED at http://localhost:3000/game
    Call log:
      - navigating to "http://localhost:3000/game", waiting until "load"


      78 |
      79 |     test('should handle game input', async ({ page }) => {
    > 80 |       await page.goto('/game')
         |                  ^
      81 |       await page.waitForLoadState('networkidle')
      82 |
      83 |       const input = page
        at /home/cloudcrusader/projects/riddle-rush-mono-repo/apps/game/tests/e2e/game-complete-flow.spec.ts:80:18
]]>
</failure>
</testcase>
<testcase name="Complete Game Flow › Single Player Flow › should not show player turn indicator in single player mode" classname="game-complete-flow.spec.ts" time="0.256">
<failure message="game-complete-flow.spec.ts:104:5 should not show player turn indicator in single player mode" type="FAILURE">
<![CDATA[  [mobile-chrome-pixel5] › game-complete-flow.spec.ts:104:5 › Complete Game Flow › Single Player Flow › should not show player turn indicator in single player mode 

    Error: page.goto: net::ERR_CONNECTION_REFUSED at http://localhost:3000/game
    Call log:
      - navigating to "http://localhost:3000/game", waiting until "load"


       95 |
       96 |     test('should not show player turn indicator in single player mode', async ({ page }) => {
    >  97 |       await page.goto('/game')
          |                  ^
       98 |       await page.waitForTimeout(1000)
       99 |
      100 |       const playerTurnIndicator = page.locator('.player-turn-indicator')
        at /home/cloudcrusader/projects/riddle-rush-mono-repo/apps/game/tests/e2e/game-complete-flow.spec.ts:97:18
]]>
</failure>
</testcase>
<testcase name="Complete Game Flow › Navigation › should navigate through scoring to leaderboard" classname="game-complete-flow.spec.ts" time="0.504">
<skipped>
</skipped>
</testcase>
<testcase name="Complete Game Flow › Navigation › should return to menu from leaderboard when game completed" classname="game-complete-flow.spec.ts" time="0.211">
<failure message="game-complete-flow.spec.ts:153:5 should return to menu from leaderboard when game completed" type="FAILURE">
<![CDATA[  [mobile-chrome-pixel5] › game-complete-flow.spec.ts:153:5 › Complete Game Flow › Navigation › should return to menu from leaderboard when game completed 

    Error: page.goto: net::ERR_CONNECTION_REFUSED at http://localhost:3000/leaderboard
    Call log:
      - navigating to "http://localhost:3000/leaderboard", waiting until "load"


      140 |
      141 |     test('should return to menu from leaderboard when game completed', async ({ page }) => {
    > 142 |       await page.goto('/leaderboard', { timeout: 30000 })
          |                  ^
      143 |       await page.waitForLoadState('networkidle')
      144 |
      145 |       const leaderboardList = page.locator('.leaderboard-list')
        at /home/cloudcrusader/projects/riddle-rush-mono-repo/apps/game/tests/e2e/game-complete-flow.spec.ts:142:18
]]>
</failure>
</testcase>
<testcase name="Complete Game Flow › Navigation › should handle browser back button navigation" classname="game-complete-flow.spec.ts" time="0">
<skipped>
</skipped>
</testcase>
<testcase name="Complete Game Flow › Navigation › should maintain score changes through navigation" classname="game-complete-flow.spec.ts" time="0">
<skipped>
</skipped>
</testcase>
<testcase name="Complete Game Flow › Multi-Player Flow › complete multi-player game: players → round-start → game → results → leaderboard → next round" classname="game-complete-flow.spec.ts" time="0">
<skipped>
</skipped>
</testcase>
<testcase name="Complete Game Flow › Multi-Player Flow › should show NEXT button only when all players submitted" classname="game-complete-flow.spec.ts" time="0">
<skipped>
</skipped>
</testcase>
<testcase name="Complete Game Flow › Multi-Player Flow › should preserve player names across rounds" classname="game-complete-flow.spec.ts" time="0">
<skipped>
</skipped>
</testcase>
<testcase name="Complete Game Flow › Multi-Round Games with Champion › should play multiple rounds with accumulating points and declare champion" classname="game-complete-flow.spec.ts" time="0">
<skipped>
</skipped>
</testcase>
<testcase name="Complete Game Flow › Multi-Round Games with Champion › should handle 3 rounds with point accumulation" classname="game-complete-flow.spec.ts" time="0">
<skipped>
</skipped>
</testcase>
<testcase name="Complete Game Flow › Multi-Round Games with Champion › should correctly calculate and display cumulative scores" classname="game-complete-flow.spec.ts" time="0">
<skipped>
</skipped>
</testcase>
</testsuite>
<testsuite name="language.spec.ts" timestamp="2026-01-31T02:50:04.023Z" hostname="mobile-chrome-pixel5" tests="12" failures="0" skipped="12" time="0" errors="0">
<testcase name="Language Selection Page › should load language page successfully" classname="language.spec.ts" time="0">
<skipped>
</skipped>
</testcase>
<testcase name="Language Selection Page › should display language options" classname="language.spec.ts" time="0">
<skipped>
</skipped>
</testcase>
<testcase name="Language Selection Page › should show checkmark on selected language" classname="language.spec.ts" time="0">
<skipped>
</skipped>
</testcase>
<testcase name="Language Selection Page › should allow selecting English" classname="language.spec.ts" time="0">
<skipped>
</skipped>
</testcase>
<testcase name="Language Selection Page › should allow selecting German" classname="language.spec.ts" time="0">
<skipped>
</skipped>
</testcase>
<testcase name="Language Selection Page › should switch between languages" classname="language.spec.ts" time="0">
<skipped>
</skipped>
</testcase>
<testcase name="Language Selection Page › should have working OK button" classname="language.spec.ts" time="0">
<skipped>
</skipped>
</testcase>
<testcase name="Language Selection Page › should confirm language selection with OK button" classname="language.spec.ts" time="0">
<skipped>
</skipped>
</testcase>
<testcase name="Language Selection Page › should display flags correctly" classname="language.spec.ts" time="0">
<skipped>
</skipped>
</testcase>
<testcase name="Language Selection Page › should have proper page styling" classname="language.spec.ts" time="0">
<skipped>
</skipped>
</testcase>
<testcase name="Language Switching Behavior › uses browser language by default and persists selection" classname="language.spec.ts" time="0">
<skipped>
</skipped>
</testcase>
<testcase name="Language Switching Behavior › respects ?lang query and preserves it when selecting a different locale" classname="language.spec.ts" time="0">
<skipped>
</skipped>
</testcase>
</testsuite>
<testsuite name="leaderboard.spec.ts" timestamp="2026-01-31T02:50:04.023Z" hostname="mobile-chrome-pixel5" tests="13" failures="0" skipped="13" time="0" errors="0">
<testcase name="Leaderboard Page › should display leaderboard page with all elements" classname="leaderboard.spec.ts" time="0">
<skipped>
</skipped>
</testcase>
<testcase name="Leaderboard Page › should display leaderboard entries" classname="leaderboard.spec.ts" time="0">
<skipped>
</skipped>
</testcase>
<testcase name="Leaderboard Page › should display rank badges" classname="leaderboard.spec.ts" time="0">
<skipped>
</skipped>
</testcase>
<testcase name="Leaderboard Page › should display player info in each entry" classname="leaderboard.spec.ts" time="0">
<skipped>
</skipped>
</testcase>
<testcase name="Leaderboard Page › should display player avatars" classname="leaderboard.spec.ts" time="0">
<skipped>
</skipped>
</testcase>
<testcase name="Leaderboard Page › should navigate to menu when clicking finish (game completed)" classname="leaderboard.spec.ts" time="0">
<skipped>
</skipped>
</testcase>
<testcase name="Leaderboard Page › should show back button when game is not completed" classname="leaderboard.spec.ts" time="0">
<skipped>
</skipped>
</testcase>
<testcase name="Leaderboard Page › should not show back button when game is completed" classname="leaderboard.spec.ts" time="0">
<skipped>
</skipped>
</testcase>
<testcase name="Leaderboard Page › should show game complete message when game is completed" classname="leaderboard.spec.ts" time="0">
<skipped>
</skipped>
</testcase>
<testcase name="Leaderboard Page › should have scroll bar decoration" classname="leaderboard.spec.ts" time="0">
<skipped>
</skipped>
</testcase>
<testcase name="Leaderboard Page › should be responsive on mobile" classname="leaderboard.spec.ts" time="0">
<skipped>
</skipped>
</testcase>
<testcase name="Leaderboard Page › should have entries sorted by score descending" classname="leaderboard.spec.ts" time="0">
<skipped>
</skipped>
</testcase>
<testcase name="Leaderboard Page › should navigate to round-start when next round clicked (game not completed)" classname="leaderboard.spec.ts" time="0">
<skipped>
</skipped>
</testcase>
</testsuite>
<testsuite name="offline.spec.ts" timestamp="2026-01-31T02:50:04.023Z" hostname="mobile-chrome-pixel5" tests="3" failures="0" skipped="3" time="0" errors="0">
<testcase name="Offline Functionality › should work offline after initial load" classname="offline.spec.ts" time="0">
<skipped>
</skipped>
</testcase>
<testcase name="Offline Functionality › should show offline indicator when offline" classname="offline.spec.ts" time="0">
<skipped>
</skipped>
</testcase>
<testcase name="Offline Functionality › should restore online state" classname="offline.spec.ts" time="0">
<skipped>
</skipped>
</testcase>
</testsuite>
<testsuite name="players.spec.ts" timestamp="2026-01-31T02:50:04.023Z" hostname="mobile-chrome-pixel5" tests="10" failures="0" skipped="10" time="0" errors="0">
<testcase name="Players Management Page › should display players page with all elements" classname="players.spec.ts" time="0">
<skipped>
</skipped>
</testcase>
<testcase name="Players Management Page › should display initial player" classname="players.spec.ts" time="0">
<skipped>
</skipped>
</testcase>
<testcase name="Players Management Page › should show empty slots for remaining players" classname="players.spec.ts" time="0">
<skipped>
</skipped>
</testcase>
<testcase name="Players Management Page › should add a player when clicking add button" classname="players.spec.ts" time="0">
<skipped>
</skipped>
</testcase>
<testcase name="Players Management Page › should remove a player when clicking remove button" classname="players.spec.ts" time="0">
<skipped>
</skipped>
</testcase>
<testcase name="Players Management Page › should enable start button when players exist" classname="players.spec.ts" time="0">
<skipped>
</skipped>
</testcase>
<testcase name="Players Management Page › should navigate to alphabet when clicking start" classname="players.spec.ts" time="0">
<skipped>
</skipped>
</testcase>
<testcase name="Players Management Page › should navigate back when clicking back button" classname="players.spec.ts" time="0">
<skipped>
</skipped>
</testcase>
<testcase name="Players Management Page › should have scroll bar decoration" classname="players.spec.ts" time="0">
<skipped>
</skipped>
</testcase>
<testcase name="Players Management Page › should be responsive on mobile" classname="players.spec.ts" time="0">
<skipped>
</skipped>
</testcase>
</testsuite>
<testsuite name="results.spec.ts" timestamp="2026-01-31T02:50:04.023Z" hostname="mobile-chrome-pixel5" tests="17" failures="0" skipped="17" time="0" errors="0">
<testcase name="Results/Scoring Page › should display results page with all elements" classname="results.spec.ts" time="0">
<skipped>
</skipped>
</testcase>
<testcase name="Results/Scoring Page › should display player score items" classname="results.spec.ts" time="0">
<properties>
<property name="skip" value="">
</property>
</properties>
<skipped>
</skipped>
</testcase>
<testcase name="Results/Scoring Page › should display player info in each score item" classname="results.spec.ts" time="0">
<properties>
<property name="skip" value="">
</property>
</properties>
<skipped>
</skipped>
</testcase>
<testcase name="Results/Scoring Page › should display add and minus buttons for each player" classname="results.spec.ts" time="0">
<properties>
<property name="skip" value="">
</property>
</properties>
<skipped>
</skipped>
</testcase>
<testcase name="Results/Scoring Page › should increase score when clicking add button" classname="results.spec.ts" time="0">
<properties>
<property name="skip" value="">
</property>
</properties>
<skipped>
</skipped>
</testcase>
<testcase name="Results/Scoring Page › should decrease score when clicking minus button" classname="results.spec.ts" time="0">
<properties>
<property name="skip" value="">
</property>
</properties>
<skipped>
</skipped>
</testcase>
<testcase name="Results/Scoring Page › should navigate to leaderboard when clicking next" classname="results.spec.ts" time="0">
<skipped>
</skipped>
</testcase>
<testcase name="Results/Scoring Page › should navigate to game when clicking back large button" classname="results.spec.ts" time="0">
<skipped>
</skipped>
</testcase>
<testcase name="Results/Scoring Page › should navigate back when clicking back button" classname="results.spec.ts" time="0">
<skipped>
</skipped>
</testcase>
<testcase name="Results/Scoring Page › should display scroll bar decoration" classname="results.spec.ts" time="0">
<skipped>
</skipped>
</testcase>
<testcase name="Results/Scoring Page › should have scrollable scores list" classname="results.spec.ts" time="0">
<skipped>
</skipped>
</testcase>
<testcase name="Results/Scoring Page › should be responsive on mobile" classname="results.spec.ts" time="0">
<skipped>
</skipped>
</testcase>
<testcase name="Results/Scoring Page › should have hover effects on action buttons" classname="results.spec.ts" time="0">
<skipped>
</skipped>
</testcase>
<testcase name="Results/Scoring Page › should have hover effects on score action buttons" classname="results.spec.ts" time="0">
<properties>
<property name="skip" value="">
</property>
</properties>
<skipped>
</skipped>
</testcase>
<testcase name="Results/Scoring Page › should have fade-in animation on title" classname="results.spec.ts" time="0">
<skipped>
</skipped>
</testcase>
<testcase name="Results/Scoring Page › should have scale-in animation on scores list" classname="results.spec.ts" time="0">
<skipped>
</skipped>
</testcase>
<testcase name="Results/Scoring Page › should have slide-up animation on action buttons" classname="results.spec.ts" time="0">
<skipped>
</skipped>
</testcase>
</testsuite>
<testsuite name="round-start.spec.ts" timestamp="2026-01-31T02:50:04.023Z" hostname="mobile-chrome-pixel5" tests="10" failures="0" skipped="10" time="0" errors="0">
<testcase name="Round Start Page › should display round-start page with all elements" classname="round-start.spec.ts" time="0">
<skipped>
</skipped>
</testcase>
<testcase name="Round Start Page › should spin both wheels automatically" classname="round-start.spec.ts" time="0">
<skipped>
</skipped>
</testcase>
<testcase name="Round Start Page › should display selected category and letter after spinning" classname="round-start.spec.ts" time="0">
<skipped>
</skipped>
</testcase>
<testcase name="Round Start Page › should automatically navigate to game after selection" classname="round-start.spec.ts" time="0">
<skipped>
</skipped>
</testcase>
<testcase name="Round Start Page › should display round indicator" classname="round-start.spec.ts" time="0">
<skipped>
</skipped>
</testcase>
<testcase name="Round Start Page › should be responsive on mobile" classname="round-start.spec.ts" time="0">
<skipped>
</skipped>
</testcase>
<testcase name="Round Counter Logic › should display &quot;Round 1&quot; on initial game start" classname="round-start.spec.ts" time="0">
<skipped>
</skipped>
</testcase>
<testcase name="Round Counter Logic › should show &quot;Round 2&quot; after completing round 1 and clicking next round" classname="round-start.spec.ts" time="0">
<skipped>
</skipped>
</testcase>
<testcase name="Round Counter Logic › page refresh should not increment round counter" classname="round-start.spec.ts" time="0">
<skipped>
</skipped>
</testcase>
<testcase name="Round Counter Logic › navigating back to round-start during active game should not increment round" classname="round-start.spec.ts" time="0">
<skipped>
</skipped>
</testcase>
</testsuite>
<testsuite name="credits.spec.ts" timestamp="2026-01-31T02:50:04.023Z" hostname="mobile-safari-iphone15" tests="6" failures="0" skipped="6" time="0" errors="0">
<testcase name="Credits Page › should load credits page successfully" classname="credits.spec.ts" time="0">
<skipped>
</skipped>
</testcase>
<testcase name="Credits Page › should display team credits" classname="credits.spec.ts" time="0">
<skipped>
</skipped>
</testcase>
<testcase name="Credits Page › should have working back button" classname="credits.spec.ts" time="0">
<skipped>
</skipped>
</testcase>
<testcase name="Credits Page › should have working OK button" classname="credits.spec.ts" time="0">
<skipped>
</skipped>
</testcase>
<testcase name="Credits Page › should display coins UI element" classname="credits.spec.ts" time="0">
<properties>
<property name="skip" value="">
</property>
</properties>
<skipped>
</skipped>
</testcase>
<testcase name="Credits Page › should have proper page styling" classname="credits.spec.ts" time="0">
<skipped>
</skipped>
</testcase>
</testsuite>
<testsuite name="debug-console.spec.ts" timestamp="2026-01-31T02:50:04.023Z" hostname="mobile-safari-iphone15" tests="1" failures="0" skipped="1" time="0" errors="0">
<testcase name="Debug Console Errors › should capture console errors and page content" classname="debug-console.spec.ts" time="0">
<skipped>
</skipped>
</testcase>
</testsuite>
<testsuite name="game-complete-flow.spec.ts" timestamp="2026-01-31T02:50:04.023Z" hostname="mobile-safari-iphone15" tests="14" failures="0" skipped="14" time="0" errors="0">
<testcase name="Complete Game Flow › Single Player Flow › should complete full game flow from menu to leaderboard" classname="game-complete-flow.spec.ts" time="0">
<skipped>
</skipped>
</testcase>
<testcase name="Complete Game Flow › Single Player Flow › should display game elements correctly" classname="game-complete-flow.spec.ts" time="0">
<skipped>
</skipped>
</testcase>
<testcase name="Complete Game Flow › Single Player Flow › should handle game input" classname="game-complete-flow.spec.ts" time="0">
<skipped>
</skipped>
</testcase>
<testcase name="Complete Game Flow › Single Player Flow › should not show player turn indicator in single player mode" classname="game-complete-flow.spec.ts" time="0">
<skipped>
</skipped>
</testcase>
<testcase name="Complete Game Flow › Navigation › should navigate through scoring to leaderboard" classname="game-complete-flow.spec.ts" time="0">
<skipped>
</skipped>
</testcase>
<testcase name="Complete Game Flow › Navigation › should return to menu from leaderboard when game completed" classname="game-complete-flow.spec.ts" time="0">
<skipped>
</skipped>
</testcase>
<testcase name="Complete Game Flow › Navigation › should handle browser back button navigation" classname="game-complete-flow.spec.ts" time="0">
<skipped>
</skipped>
</testcase>
<testcase name="Complete Game Flow › Navigation › should maintain score changes through navigation" classname="game-complete-flow.spec.ts" time="0">
<skipped>
</skipped>
</testcase>
<testcase name="Complete Game Flow › Multi-Player Flow › complete multi-player game: players → round-start → game → results → leaderboard → next round" classname="game-complete-flow.spec.ts" time="0">
<skipped>
</skipped>
</testcase>
<testcase name="Complete Game Flow › Multi-Player Flow › should show NEXT button only when all players submitted" classname="game-complete-flow.spec.ts" time="0">
<skipped>
</skipped>
</testcase>
<testcase name="Complete Game Flow › Multi-Player Flow › should preserve player names across rounds" classname="game-complete-flow.spec.ts" time="0">
<skipped>
</skipped>
</testcase>
<testcase name="Complete Game Flow › Multi-Round Games with Champion › should play multiple rounds with accumulating points and declare champion" classname="game-complete-flow.spec.ts" time="0">
<skipped>
</skipped>
</testcase>
<testcase name="Complete Game Flow › Multi-Round Games with Champion › should handle 3 rounds with point accumulation" classname="game-complete-flow.spec.ts" time="0">
<skipped>
</skipped>
</testcase>
<testcase name="Complete Game Flow › Multi-Round Games with Champion › should correctly calculate and display cumulative scores" classname="game-complete-flow.spec.ts" time="0">
<skipped>
</skipped>
</testcase>
</testsuite>
<testsuite name="language.spec.ts" timestamp="2026-01-31T02:50:04.023Z" hostname="mobile-safari-iphone15" tests="12" failures="0" skipped="12" time="0" errors="0">
<testcase name="Language Selection Page › should load language page successfully" classname="language.spec.ts" time="0">
<skipped>
</skipped>
</testcase>
<testcase name="Language Selection Page › should display language options" classname="language.spec.ts" time="0">
<skipped>
</skipped>
</testcase>
<testcase name="Language Selection Page › should show checkmark on selected language" classname="language.spec.ts" time="0">
<skipped>
</skipped>
</testcase>
<testcase name="Language Selection Page › should allow selecting English" classname="language.spec.ts" time="0">
<skipped>
</skipped>
</testcase>
<testcase name="Language Selection Page › should allow selecting German" classname="language.spec.ts" time="0">
<skipped>
</skipped>
</testcase>
<testcase name="Language Selection Page › should switch between languages" classname="language.spec.ts" time="0">
<skipped>
</skipped>
</testcase>
<testcase name="Language Selection Page › should have working OK button" classname="language.spec.ts" time="0">
<skipped>
</skipped>
</testcase>
<testcase name="Language Selection Page › should confirm language selection with OK button" classname="language.spec.ts" time="0">
<skipped>
</skipped>
</testcase>
<testcase name="Language Selection Page › should display flags correctly" classname="language.spec.ts" time="0">
<skipped>
</skipped>
</testcase>
<testcase name="Language Selection Page › should have proper page styling" classname="language.spec.ts" time="0">
<skipped>
</skipped>
</testcase>
<testcase name="Language Switching Behavior › uses browser language by default and persists selection" classname="language.spec.ts" time="0">
<skipped>
</skipped>
</testcase>
<testcase name="Language Switching Behavior › respects ?lang query and preserves it when selecting a different locale" classname="language.spec.ts" time="0">
<skipped>
</skipped>
</testcase>
</testsuite>
<testsuite name="leaderboard.spec.ts" timestamp="2026-01-31T02:50:04.023Z" hostname="mobile-safari-iphone15" tests="13" failures="0" skipped="13" time="0" errors="0">
<testcase name="Leaderboard Page › should display leaderboard page with all elements" classname="leaderboard.spec.ts" time="0">
<skipped>
</skipped>
</testcase>
<testcase name="Leaderboard Page › should display leaderboard entries" classname="leaderboard.spec.ts" time="0">
<skipped>
</skipped>
</testcase>
<testcase name="Leaderboard Page › should display rank badges" classname="leaderboard.spec.ts" time="0">
<skipped>
</skipped>
</testcase>
<testcase name="Leaderboard Page › should display player info in each entry" classname="leaderboard.spec.ts" time="0">
<skipped>
</skipped>
</testcase>
<testcase name="Leaderboard Page › should display player avatars" classname="leaderboard.spec.ts" time="0">
<skipped>
</skipped>
</testcase>
<testcase name="Leaderboard Page › should navigate to menu when clicking finish (game completed)" classname="leaderboard.spec.ts" time="0">
<skipped>
</skipped>
</testcase>
<testcase name="Leaderboard Page › should show back button when game is not completed" classname="leaderboard.spec.ts" time="0">
<skipped>
</skipped>
</testcase>
<testcase name="Leaderboard Page › should not show back button when game is completed" classname="leaderboard.spec.ts" time="0">
<skipped>
</skipped>
</testcase>
<testcase name="Leaderboard Page › should show game complete message when game is completed" classname="leaderboard.spec.ts" time="0">
<skipped>
</skipped>
</testcase>
<testcase name="Leaderboard Page › should have scroll bar decoration" classname="leaderboard.spec.ts" time="0">
<skipped>
</skipped>
</testcase>
<testcase name="Leaderboard Page › should be responsive on mobile" classname="leaderboard.spec.ts" time="0">
<skipped>
</skipped>
</testcase>
<testcase name="Leaderboard Page › should have entries sorted by score descending" classname="leaderboard.spec.ts" time="0">
<skipped>
</skipped>
</testcase>
<testcase name="Leaderboard Page › should navigate to round-start when next round clicked (game not completed)" classname="leaderboard.spec.ts" time="0">
<skipped>
</skipped>
</testcase>
</testsuite>
<testsuite name="offline.spec.ts" timestamp="2026-01-31T02:50:04.023Z" hostname="mobile-safari-iphone15" tests="3" failures="0" skipped="3" time="0" errors="0">
<testcase name="Offline Functionality › should work offline after initial load" classname="offline.spec.ts" time="0">
<skipped>
</skipped>
</testcase>
<testcase name="Offline Functionality › should show offline indicator when offline" classname="offline.spec.ts" time="0">
<skipped>
</skipped>
</testcase>
<testcase name="Offline Functionality › should restore online state" classname="offline.spec.ts" time="0">
<skipped>
</skipped>
</testcase>
</testsuite>
<testsuite name="players.spec.ts" timestamp="2026-01-31T02:50:04.023Z" hostname="mobile-safari-iphone15" tests="10" failures="0" skipped="10" time="0" errors="0">
<testcase name="Players Management Page › should display players page with all elements" classname="players.spec.ts" time="0">
<skipped>
</skipped>
</testcase>
<testcase name="Players Management Page › should display initial player" classname="players.spec.ts" time="0">
<skipped>
</skipped>
</testcase>
<testcase name="Players Management Page › should show empty slots for remaining players" classname="players.spec.ts" time="0">
<skipped>
</skipped>
</testcase>
<testcase name="Players Management Page › should add a player when clicking add button" classname="players.spec.ts" time="0">
<skipped>
</skipped>
</testcase>
<testcase name="Players Management Page › should remove a player when clicking remove button" classname="players.spec.ts" time="0">
<skipped>
</skipped>
</testcase>
<testcase name="Players Management Page › should enable start button when players exist" classname="players.spec.ts" time="0">
<skipped>
</skipped>
</testcase>
<testcase name="Players Management Page › should navigate to alphabet when clicking start" classname="players.spec.ts" time="0">
<skipped>
</skipped>
</testcase>
<testcase name="Players Management Page › should navigate back when clicking back button" classname="players.spec.ts" time="0">
<skipped>
</skipped>
</testcase>
<testcase name="Players Management Page › should have scroll bar decoration" classname="players.spec.ts" time="0">
<skipped>
</skipped>
</testcase>
<testcase name="Players Management Page › should be responsive on mobile" classname="players.spec.ts" time="0">
<skipped>
</skipped>
</testcase>
</testsuite>
<testsuite name="results.spec.ts" timestamp="2026-01-31T02:50:04.023Z" hostname="mobile-safari-iphone15" tests="17" failures="0" skipped="17" time="0" errors="0">
<testcase name="Results/Scoring Page › should display results page with all elements" classname="results.spec.ts" time="0">
<skipped>
</skipped>
</testcase>
<testcase name="Results/Scoring Page › should display player score items" classname="results.spec.ts" time="0">
<properties>
<property name="skip" value="">
</property>
</properties>
<skipped>
</skipped>
</testcase>
<testcase name="Results/Scoring Page › should display player info in each score item" classname="results.spec.ts" time="0">
<properties>
<property name="skip" value="">
</property>
</properties>
<skipped>
</skipped>
</testcase>
<testcase name="Results/Scoring Page › should display add and minus buttons for each player" classname="results.spec.ts" time="0">
<properties>
<property name="skip" value="">
</property>
</properties>
<skipped>
</skipped>
</testcase>
<testcase name="Results/Scoring Page › should increase score when clicking add button" classname="results.spec.ts" time="0">
<properties>
<property name="skip" value="">
</property>
</properties>
<skipped>
</skipped>
</testcase>
<testcase name="Results/Scoring Page › should decrease score when clicking minus button" classname="results.spec.ts" time="0">
<properties>
<property name="skip" value="">
</property>
</properties>
<skipped>
</skipped>
</testcase>
<testcase name="Results/Scoring Page › should navigate to leaderboard when clicking next" classname="results.spec.ts" time="0">
<skipped>
</skipped>
</testcase>
<testcase name="Results/Scoring Page › should navigate to game when clicking back large button" classname="results.spec.ts" time="0">
<skipped>
</skipped>
</testcase>
<testcase name="Results/Scoring Page › should navigate back when clicking back button" classname="results.spec.ts" time="0">
<skipped>
</skipped>
</testcase>
<testcase name="Results/Scoring Page › should display scroll bar decoration" classname="results.spec.ts" time="0">
<skipped>
</skipped>
</testcase>
<testcase name="Results/Scoring Page › should have scrollable scores list" classname="results.spec.ts" time="0">
<skipped>
</skipped>
</testcase>
<testcase name="Results/Scoring Page › should be responsive on mobile" classname="results.spec.ts" time="0">
<skipped>
</skipped>
</testcase>
<testcase name="Results/Scoring Page › should have hover effects on action buttons" classname="results.spec.ts" time="0">
<skipped>
</skipped>
</testcase>
<testcase name="Results/Scoring Page › should have hover effects on score action buttons" classname="results.spec.ts" time="0">
<properties>
<property name="skip" value="">
</property>
</properties>
<skipped>
</skipped>
</testcase>
<testcase name="Results/Scoring Page › should have fade-in animation on title" classname="results.spec.ts" time="0">
<skipped>
</skipped>
</testcase>
<testcase name="Results/Scoring Page › should have scale-in animation on scores list" classname="results.spec.ts" time="0">
<skipped>
</skipped>
</testcase>
<testcase name="Results/Scoring Page › should have slide-up animation on action buttons" classname="results.spec.ts" time="0">
<skipped>
</skipped>
</testcase>
</testsuite>
<testsuite name="round-start.spec.ts" timestamp="2026-01-31T02:50:04.023Z" hostname="mobile-safari-iphone15" tests="10" failures="0" skipped="10" time="0" errors="0">
<testcase name="Round Start Page › should display round-start page with all elements" classname="round-start.spec.ts" time="0">
<skipped>
</skipped>
</testcase>
<testcase name="Round Start Page › should spin both wheels automatically" classname="round-start.spec.ts" time="0">
<skipped>
</skipped>
</testcase>
<testcase name="Round Start Page › should display selected category and letter after spinning" classname="round-start.spec.ts" time="0">
<skipped>
</skipped>
</testcase>
<testcase name="Round Start Page › should automatically navigate to game after selection" classname="round-start.spec.ts" time="0">
<skipped>
</skipped>
</testcase>
<testcase name="Round Start Page › should display round indicator" classname="round-start.spec.ts" time="0">
<skipped>
</skipped>
</testcase>
<testcase name="Round Start Page › should be responsive on mobile" classname="round-start.spec.ts" time="0">
<skipped>
</skipped>
</testcase>
<testcase name="Round Counter Logic › should display &quot;Round 1&quot; on initial game start" classname="round-start.spec.ts" time="0">
<skipped>
</skipped>
</testcase>
<testcase name="Round Counter Logic › should show &quot;Round 2&quot; after completing round 1 and clicking next round" classname="round-start.spec.ts" time="0">
<skipped>
</skipped>
</testcase>
<testcase name="Round Counter Logic › page refresh should not increment round counter" classname="round-start.spec.ts" time="0">
<skipped>
</skipped>
</testcase>
<testcase name="Round Counter Logic › navigating back to round-start during active game should not increment round" classname="round-start.spec.ts" time="0">
<skipped>
</skipped>
</testcase>
</testsuite>
<testsuite name="credits.spec.ts" timestamp="2026-01-31T02:50:04.023Z" hostname="tablet-ipad" tests="6" failures="0" skipped="6" time="0" errors="0">
<testcase name="Credits Page › should load credits page successfully" classname="credits.spec.ts" time="0">
<skipped>
</skipped>
</testcase>
<testcase name="Credits Page › should display team credits" classname="credits.spec.ts" time="0">
<skipped>
</skipped>
</testcase>
<testcase name="Credits Page › should have working back button" classname="credits.spec.ts" time="0">
<skipped>
</skipped>
</testcase>
<testcase name="Credits Page › should have working OK button" classname="credits.spec.ts" time="0">
<skipped>
</skipped>
</testcase>
<testcase name="Credits Page › should display coins UI element" classname="credits.spec.ts" time="0">
<properties>
<property name="skip" value="">
</property>
</properties>
<skipped>
</skipped>
</testcase>
<testcase name="Credits Page › should have proper page styling" classname="credits.spec.ts" time="0">
<skipped>
</skipped>
</testcase>
</testsuite>
<testsuite name="debug-console.spec.ts" timestamp="2026-01-31T02:50:04.023Z" hostname="tablet-ipad" tests="1" failures="0" skipped="1" time="0" errors="0">
<testcase name="Debug Console Errors › should capture console errors and page content" classname="debug-console.spec.ts" time="0">
<skipped>
</skipped>
</testcase>
</testsuite>
<testsuite name="game-complete-flow.spec.ts" timestamp="2026-01-31T02:50:04.023Z" hostname="tablet-ipad" tests="14" failures="0" skipped="14" time="0" errors="0">
<testcase name="Complete Game Flow › Single Player Flow › should complete full game flow from menu to leaderboard" classname="game-complete-flow.spec.ts" time="0">
<skipped>
</skipped>
</testcase>
<testcase name="Complete Game Flow › Single Player Flow › should display game elements correctly" classname="game-complete-flow.spec.ts" time="0">
<skipped>
</skipped>
</testcase>
<testcase name="Complete Game Flow › Single Player Flow › should handle game input" classname="game-complete-flow.spec.ts" time="0">
<skipped>
</skipped>
</testcase>
<testcase name="Complete Game Flow › Single Player Flow › should not show player turn indicator in single player mode" classname="game-complete-flow.spec.ts" time="0">
<skipped>
</skipped>
</testcase>
<testcase name="Complete Game Flow › Navigation › should navigate through scoring to leaderboard" classname="game-complete-flow.spec.ts" time="0">
<skipped>
</skipped>
</testcase>
<testcase name="Complete Game Flow › Navigation › should return to menu from leaderboard when game completed" classname="game-complete-flow.spec.ts" time="0">
<skipped>
</skipped>
</testcase>
<testcase name="Complete Game Flow › Navigation › should handle browser back button navigation" classname="game-complete-flow.spec.ts" time="0">
<skipped>
</skipped>
</testcase>
<testcase name="Complete Game Flow › Navigation › should maintain score changes through navigation" classname="game-complete-flow.spec.ts" time="0">
<skipped>
</skipped>
</testcase>
<testcase name="Complete Game Flow › Multi-Player Flow › complete multi-player game: players → round-start → game → results → leaderboard → next round" classname="game-complete-flow.spec.ts" time="0">
<skipped>
</skipped>
</testcase>
<testcase name="Complete Game Flow › Multi-Player Flow › should show NEXT button only when all players submitted" classname="game-complete-flow.spec.ts" time="0">
<skipped>
</skipped>
</testcase>
<testcase name="Complete Game Flow › Multi-Player Flow › should preserve player names across rounds" classname="game-complete-flow.spec.ts" time="0">
<skipped>
</skipped>
</testcase>
<testcase name="Complete Game Flow › Multi-Round Games with Champion › should play multiple rounds with accumulating points and declare champion" classname="game-complete-flow.spec.ts" time="0">
<skipped>
</skipped>
</testcase>
<testcase name="Complete Game Flow › Multi-Round Games with Champion › should handle 3 rounds with point accumulation" classname="game-complete-flow.spec.ts" time="0">
<skipped>
</skipped>
</testcase>
<testcase name="Complete Game Flow › Multi-Round Games with Champion › should correctly calculate and display cumulative scores" classname="game-complete-flow.spec.ts" time="0">
<skipped>
</skipped>
</testcase>
</testsuite>
<testsuite name="language.spec.ts" timestamp="2026-01-31T02:50:04.023Z" hostname="tablet-ipad" tests="12" failures="0" skipped="12" time="0" errors="0">
<testcase name="Language Selection Page › should load language page successfully" classname="language.spec.ts" time="0">
<skipped>
</skipped>
</testcase>
<testcase name="Language Selection Page › should display language options" classname="language.spec.ts" time="0">
<skipped>
</skipped>
</testcase>
<testcase name="Language Selection Page › should show checkmark on selected language" classname="language.spec.ts" time="0">
<skipped>
</skipped>
</testcase>
<testcase name="Language Selection Page › should allow selecting English" classname="language.spec.ts" time="0">
<skipped>
</skipped>
</testcase>
<testcase name="Language Selection Page › should allow selecting German" classname="language.spec.ts" time="0">
<skipped>
</skipped>
</testcase>
<testcase name="Language Selection Page › should switch between languages" classname="language.spec.ts" time="0">
<skipped>
</skipped>
</testcase>
<testcase name="Language Selection Page › should have working OK button" classname="language.spec.ts" time="0">
<skipped>
</skipped>
</testcase>
<testcase name="Language Selection Page › should confirm language selection with OK button" classname="language.spec.ts" time="0">
<skipped>
</skipped>
</testcase>
<testcase name="Language Selection Page › should display flags correctly" classname="language.spec.ts" time="0">
<skipped>
</skipped>
</testcase>
<testcase name="Language Selection Page › should have proper page styling" classname="language.spec.ts" time="0">
<skipped>
</skipped>
</testcase>
<testcase name="Language Switching Behavior › uses browser language by default and persists selection" classname="language.spec.ts" time="0">
<skipped>
</skipped>
</testcase>
<testcase name="Language Switching Behavior › respects ?lang query and preserves it when selecting a different locale" classname="language.spec.ts" time="0">
<skipped>
</skipped>
</testcase>
</testsuite>
<testsuite name="leaderboard.spec.ts" timestamp="2026-01-31T02:50:04.023Z" hostname="tablet-ipad" tests="13" failures="0" skipped="13" time="0" errors="0">
<testcase name="Leaderboard Page › should display leaderboard page with all elements" classname="leaderboard.spec.ts" time="0">
<skipped>
</skipped>
</testcase>
<testcase name="Leaderboard Page › should display leaderboard entries" classname="leaderboard.spec.ts" time="0">
<skipped>
</skipped>
</testcase>
<testcase name="Leaderboard Page › should display rank badges" classname="leaderboard.spec.ts" time="0">
<skipped>
</skipped>
</testcase>
<testcase name="Leaderboard Page › should display player info in each entry" classname="leaderboard.spec.ts" time="0">
<skipped>
</skipped>
</testcase>
<testcase name="Leaderboard Page › should display player avatars" classname="leaderboard.spec.ts" time="0">
<skipped>
</skipped>
</testcase>
<testcase name="Leaderboard Page › should navigate to menu when clicking finish (game completed)" classname="leaderboard.spec.ts" time="0">
<skipped>
</skipped>
</testcase>
<testcase name="Leaderboard Page › should show back button when game is not completed" classname="leaderboard.spec.ts" time="0">
<skipped>
</skipped>
</testcase>
<testcase name="Leaderboard Page › should not show back button when game is completed" classname="leaderboard.spec.ts" time="0">
<skipped>
</skipped>
</testcase>
<testcase name="Leaderboard Page › should show game complete message when game is completed" classname="leaderboard.spec.ts" time="0">
<skipped>
</skipped>
</testcase>
<testcase name="Leaderboard Page › should have scroll bar decoration" classname="leaderboard.spec.ts" time="0">
<skipped>
</skipped>
</testcase>
<testcase name="Leaderboard Page › should be responsive on mobile" classname="leaderboard.spec.ts" time="0">
<skipped>
</skipped>
</testcase>
<testcase name="Leaderboard Page › should have entries sorted by score descending" classname="leaderboard.spec.ts" time="0">
<skipped>
</skipped>
</testcase>
<testcase name="Leaderboard Page › should navigate to round-start when next round clicked (game not completed)" classname="leaderboard.spec.ts" time="0">
<skipped>
</skipped>
</testcase>
</testsuite>
<testsuite name="offline.spec.ts" timestamp="2026-01-31T02:50:04.023Z" hostname="tablet-ipad" tests="3" failures="0" skipped="3" time="0" errors="0">
<testcase name="Offline Functionality › should work offline after initial load" classname="offline.spec.ts" time="0">
<skipped>
</skipped>
</testcase>
<testcase name="Offline Functionality › should show offline indicator when offline" classname="offline.spec.ts" time="0">
<skipped>
</skipped>
</testcase>
<testcase name="Offline Functionality › should restore online state" classname="offline.spec.ts" time="0">
<skipped>
</skipped>
</testcase>
</testsuite>
<testsuite name="players.spec.ts" timestamp="2026-01-31T02:50:04.023Z" hostname="tablet-ipad" tests="10" failures="0" skipped="10" time="0" errors="0">
<testcase name="Players Management Page › should display players page with all elements" classname="players.spec.ts" time="0">
<skipped>
</skipped>
</testcase>
<testcase name="Players Management Page › should display initial player" classname="players.spec.ts" time="0">
<skipped>
</skipped>
</testcase>
<testcase name="Players Management Page › should show empty slots for remaining players" classname="players.spec.ts" time="0">
<skipped>
</skipped>
</testcase>
<testcase name="Players Management Page › should add a player when clicking add button" classname="players.spec.ts" time="0">
<skipped>
</skipped>
</testcase>
<testcase name="Players Management Page › should remove a player when clicking remove button" classname="players.spec.ts" time="0">
<skipped>
</skipped>
</testcase>
<testcase name="Players Management Page › should enable start button when players exist" classname="players.spec.ts" time="0">
<skipped>
</skipped>
</testcase>
<testcase name="Players Management Page › should navigate to alphabet when clicking start" classname="players.spec.ts" time="0">
<skipped>
</skipped>
</testcase>
<testcase name="Players Management Page › should navigate back when clicking back button" classname="players.spec.ts" time="0">
<skipped>
</skipped>
</testcase>
<testcase name="Players Management Page › should have scroll bar decoration" classname="players.spec.ts" time="0">
<skipped>
</skipped>
</testcase>
<testcase name="Players Management Page › should be responsive on mobile" classname="players.spec.ts" time="0">
<skipped>
</skipped>
</testcase>
</testsuite>
<testsuite name="results.spec.ts" timestamp="2026-01-31T02:50:04.023Z" hostname="tablet-ipad" tests="17" failures="0" skipped="17" time="0" errors="0">
<testcase name="Results/Scoring Page › should display results page with all elements" classname="results.spec.ts" time="0">
<skipped>
</skipped>
</testcase>
<testcase name="Results/Scoring Page › should display player score items" classname="results.spec.ts" time="0">
<properties>
<property name="skip" value="">
</property>
</properties>
<skipped>
</skipped>
</testcase>
<testcase name="Results/Scoring Page › should display player info in each score item" classname="results.spec.ts" time="0">
<properties>
<property name="skip" value="">
</property>
</properties>
<skipped>
</skipped>
</testcase>
<testcase name="Results/Scoring Page › should display add and minus buttons for each player" classname="results.spec.ts" time="0">
<properties>
<property name="skip" value="">
</property>
</properties>
<skipped>
</skipped>
</testcase>
<testcase name="Results/Scoring Page › should increase score when clicking add button" classname="results.spec.ts" time="0">
<properties>
<property name="skip" value="">
</property>
</properties>
<skipped>
</skipped>
</testcase>
<testcase name="Results/Scoring Page › should decrease score when clicking minus button" classname="results.spec.ts" time="0">
<properties>
<property name="skip" value="">
</property>
</properties>
<skipped>
</skipped>
</testcase>
<testcase name="Results/Scoring Page › should navigate to leaderboard when clicking next" classname="results.spec.ts" time="0">
<skipped>
</skipped>
</testcase>
<testcase name="Results/Scoring Page › should navigate to game when clicking back large button" classname="results.spec.ts" time="0">
<skipped>
</skipped>
</testcase>
<testcase name="Results/Scoring Page › should navigate back when clicking back button" classname="results.spec.ts" time="0">
<skipped>
</skipped>
</testcase>
<testcase name="Results/Scoring Page › should display scroll bar decoration" classname="results.spec.ts" time="0">
<skipped>
</skipped>
</testcase>
<testcase name="Results/Scoring Page › should have scrollable scores list" classname="results.spec.ts" time="0">
<skipped>
</skipped>
</testcase>
<testcase name="Results/Scoring Page › should be responsive on mobile" classname="results.spec.ts" time="0">
<skipped>
</skipped>
</testcase>
<testcase name="Results/Scoring Page › should have hover effects on action buttons" classname="results.spec.ts" time="0">
<skipped>
</skipped>
</testcase>
<testcase name="Results/Scoring Page › should have hover effects on score action buttons" classname="results.spec.ts" time="0">
<properties>
<property name="skip" value="">
</property>
</properties>
<skipped>
</skipped>
</testcase>
<testcase name="Results/Scoring Page › should have fade-in animation on title" classname="results.spec.ts" time="0">
<skipped>
</skipped>
</testcase>
<testcase name="Results/Scoring Page › should have scale-in animation on scores list" classname="results.spec.ts" time="0">
<skipped>
</skipped>
</testcase>
<testcase name="Results/Scoring Page › should have slide-up animation on action buttons" classname="results.spec.ts" time="0">
<skipped>
</skipped>
</testcase>
</testsuite>
<testsuite name="round-start.spec.ts" timestamp="2026-01-31T02:50:04.023Z" hostname="tablet-ipad" tests="10" failures="0" skipped="10" time="0" errors="0">
<testcase name="Round Start Page › should display round-start page with all elements" classname="round-start.spec.ts" time="0">
<skipped>
</skipped>
</testcase>
<testcase name="Round Start Page › should spin both wheels automatically" classname="round-start.spec.ts" time="0">
<skipped>
</skipped>
</testcase>
<testcase name="Round Start Page › should display selected category and letter after spinning" classname="round-start.spec.ts" time="0">
<skipped>
</skipped>
</testcase>
<testcase name="Round Start Page › should automatically navigate to game after selection" classname="round-start.spec.ts" time="0">
<skipped>
</skipped>
</testcase>
<testcase name="Round Start Page › should display round indicator" classname="round-start.spec.ts" time="0">
<skipped>
</skipped>
</testcase>
<testcase name="Round Start Page › should be responsive on mobile" classname="round-start.spec.ts" time="0">
<skipped>
</skipped>
</testcase>
<testcase name="Round Counter Logic › should display &quot;Round 1&quot; on initial game start" classname="round-start.spec.ts" time="0">
<skipped>
</skipped>
</testcase>
<testcase name="Round Counter Logic › should show &quot;Round 2&quot; after completing round 1 and clicking next round" classname="round-start.spec.ts" time="0">
<skipped>
</skipped>
</testcase>
<testcase name="Round Counter Logic › page refresh should not increment round counter" classname="round-start.spec.ts" time="0">
<skipped>
</skipped>
</testcase>
<testcase name="Round Counter Logic › navigating back to round-start during active game should not increment round" classname="round-start.spec.ts" time="0">
<skipped>
</skipped>
</testcase>
</testsuite>
<testsuite name="credits.spec.ts" timestamp="2026-01-31T02:50:04.023Z" hostname="mobile-chrome-galaxy" tests="6" failures="0" skipped="6" time="0" errors="0">
<testcase name="Credits Page › should load credits page successfully" classname="credits.spec.ts" time="0">
<skipped>
</skipped>
</testcase>
<testcase name="Credits Page › should display team credits" classname="credits.spec.ts" time="0">
<skipped>
</skipped>
</testcase>
<testcase name="Credits Page › should have working back button" classname="credits.spec.ts" time="0">
<skipped>
</skipped>
</testcase>
<testcase name="Credits Page › should have working OK button" classname="credits.spec.ts" time="0">
<skipped>
</skipped>
</testcase>
<testcase name="Credits Page › should display coins UI element" classname="credits.spec.ts" time="0">
<properties>
<property name="skip" value="">
</property>
</properties>
<skipped>
</skipped>
</testcase>
<testcase name="Credits Page › should have proper page styling" classname="credits.spec.ts" time="0">
<skipped>
</skipped>
</testcase>
</testsuite>
<testsuite name="debug-console.spec.ts" timestamp="2026-01-31T02:50:04.023Z" hostname="mobile-chrome-galaxy" tests="1" failures="0" skipped="1" time="0" errors="0">
<testcase name="Debug Console Errors › should capture console errors and page content" classname="debug-console.spec.ts" time="0">
<skipped>
</skipped>
</testcase>
</testsuite>
<testsuite name="game-complete-flow.spec.ts" timestamp="2026-01-31T02:50:04.023Z" hostname="mobile-chrome-galaxy" tests="14" failures="0" skipped="14" time="0" errors="0">
<testcase name="Complete Game Flow › Single Player Flow › should complete full game flow from menu to leaderboard" classname="game-complete-flow.spec.ts" time="0">
<skipped>
</skipped>
</testcase>
<testcase name="Complete Game Flow › Single Player Flow › should display game elements correctly" classname="game-complete-flow.spec.ts" time="0">
<skipped>
</skipped>
</testcase>
<testcase name="Complete Game Flow › Single Player Flow › should handle game input" classname="game-complete-flow.spec.ts" time="0">
<skipped>
</skipped>
</testcase>
<testcase name="Complete Game Flow › Single Player Flow › should not show player turn indicator in single player mode" classname="game-complete-flow.spec.ts" time="0">
<skipped>
</skipped>
</testcase>
<testcase name="Complete Game Flow › Navigation › should navigate through scoring to leaderboard" classname="game-complete-flow.spec.ts" time="0">
<skipped>
</skipped>
</testcase>
<testcase name="Complete Game Flow › Navigation › should return to menu from leaderboard when game completed" classname="game-complete-flow.spec.ts" time="0">
<skipped>
</skipped>
</testcase>
<testcase name="Complete Game Flow › Navigation › should handle browser back button navigation" classname="game-complete-flow.spec.ts" time="0">
<skipped>
</skipped>
</testcase>
<testcase name="Complete Game Flow › Navigation › should maintain score changes through navigation" classname="game-complete-flow.spec.ts" time="0">
<skipped>
</skipped>
</testcase>
<testcase name="Complete Game Flow › Multi-Player Flow › complete multi-player game: players → round-start → game → results → leaderboard → next round" classname="game-complete-flow.spec.ts" time="0">
<skipped>
</skipped>
</testcase>
<testcase name="Complete Game Flow › Multi-Player Flow › should show NEXT button only when all players submitted" classname="game-complete-flow.spec.ts" time="0">
<skipped>
</skipped>
</testcase>
<testcase name="Complete Game Flow › Multi-Player Flow › should preserve player names across rounds" classname="game-complete-flow.spec.ts" time="0">
<skipped>
</skipped>
</testcase>
<testcase name="Complete Game Flow › Multi-Round Games with Champion › should play multiple rounds with accumulating points and declare champion" classname="game-complete-flow.spec.ts" time="0">
<skipped>
</skipped>
</testcase>
<testcase name="Complete Game Flow › Multi-Round Games with Champion › should handle 3 rounds with point accumulation" classname="game-complete-flow.spec.ts" time="0">
<skipped>
</skipped>
</testcase>
<testcase name="Complete Game Flow › Multi-Round Games with Champion › should correctly calculate and display cumulative scores" classname="game-complete-flow.spec.ts" time="0">
<skipped>
</skipped>
</testcase>
</testsuite>
<testsuite name="language.spec.ts" timestamp="2026-01-31T02:50:04.023Z" hostname="mobile-chrome-galaxy" tests="12" failures="0" skipped="12" time="0" errors="0">
<testcase name="Language Selection Page › should load language page successfully" classname="language.spec.ts" time="0">
<skipped>
</skipped>
</testcase>
<testcase name="Language Selection Page › should display language options" classname="language.spec.ts" time="0">
<skipped>
</skipped>
</testcase>
<testcase name="Language Selection Page › should show checkmark on selected language" classname="language.spec.ts" time="0">
<skipped>
</skipped>
</testcase>
<testcase name="Language Selection Page › should allow selecting English" classname="language.spec.ts" time="0">
<skipped>
</skipped>
</testcase>
<testcase name="Language Selection Page › should allow selecting German" classname="language.spec.ts" time="0">
<skipped>
</skipped>
</testcase>
<testcase name="Language Selection Page › should switch between languages" classname="language.spec.ts" time="0">
<skipped>
</skipped>
</testcase>
<testcase name="Language Selection Page › should have working OK button" classname="language.spec.ts" time="0">
<skipped>
</skipped>
</testcase>
<testcase name="Language Selection Page › should confirm language selection with OK button" classname="language.spec.ts" time="0">
<skipped>
</skipped>
</testcase>
<testcase name="Language Selection Page › should display flags correctly" classname="language.spec.ts" time="0">
<skipped>
</skipped>
</testcase>
<testcase name="Language Selection Page › should have proper page styling" classname="language.spec.ts" time="0">
<skipped>
</skipped>
</testcase>
<testcase name="Language Switching Behavior › uses browser language by default and persists selection" classname="language.spec.ts" time="0">
<skipped>
</skipped>
</testcase>
<testcase name="Language Switching Behavior › respects ?lang query and preserves it when selecting a different locale" classname="language.spec.ts" time="0">
<skipped>
</skipped>
</testcase>
</testsuite>
<testsuite name="leaderboard.spec.ts" timestamp="2026-01-31T02:50:04.023Z" hostname="mobile-chrome-galaxy" tests="13" failures="0" skipped="13" time="0" errors="0">
<testcase name="Leaderboard Page › should display leaderboard page with all elements" classname="leaderboard.spec.ts" time="0">
<skipped>
</skipped>
</testcase>
<testcase name="Leaderboard Page › should display leaderboard entries" classname="leaderboard.spec.ts" time="0">
<skipped>
</skipped>
</testcase>
<testcase name="Leaderboard Page › should display rank badges" classname="leaderboard.spec.ts" time="0">
<skipped>
</skipped>
</testcase>
<testcase name="Leaderboard Page › should display player info in each entry" classname="leaderboard.spec.ts" time="0">
<skipped>
</skipped>
</testcase>
<testcase name="Leaderboard Page › should display player avatars" classname="leaderboard.spec.ts" time="0">
<skipped>
</skipped>
</testcase>
<testcase name="Leaderboard Page › should navigate to menu when clicking finish (game completed)" classname="leaderboard.spec.ts" time="0">
<skipped>
</skipped>
</testcase>
<testcase name="Leaderboard Page › should show back button when game is not completed" classname="leaderboard.spec.ts" time="0">
<skipped>
</skipped>
</testcase>
<testcase name="Leaderboard Page › should not show back button when game is completed" classname="leaderboard.spec.ts" time="0">
<skipped>
</skipped>
</testcase>
<testcase name="Leaderboard Page › should show game complete message when game is completed" classname="leaderboard.spec.ts" time="0">
<skipped>
</skipped>
</testcase>
<testcase name="Leaderboard Page › should have scroll bar decoration" classname="leaderboard.spec.ts" time="0">
<skipped>
</skipped>
</testcase>
<testcase name="Leaderboard Page › should be responsive on mobile" classname="leaderboard.spec.ts" time="0">
<skipped>
</skipped>
</testcase>
<testcase name="Leaderboard Page › should have entries sorted by score descending" classname="leaderboard.spec.ts" time="0">
<skipped>
</skipped>
</testcase>
<testcase name="Leaderboard Page › should navigate to round-start when next round clicked (game not completed)" classname="leaderboard.spec.ts" time="0">
<skipped>
</skipped>
</testcase>
</testsuite>
<testsuite name="offline.spec.ts" timestamp="2026-01-31T02:50:04.023Z" hostname="mobile-chrome-galaxy" tests="3" failures="0" skipped="3" time="0" errors="0">
<testcase name="Offline Functionality › should work offline after initial load" classname="offline.spec.ts" time="0">
<skipped>
</skipped>
</testcase>
<testcase name="Offline Functionality › should show offline indicator when offline" classname="offline.spec.ts" time="0">
<skipped>
</skipped>
</testcase>
<testcase name="Offline Functionality › should restore online state" classname="offline.spec.ts" time="0">
<skipped>
</skipped>
</testcase>
</testsuite>
<testsuite name="players.spec.ts" timestamp="2026-01-31T02:50:04.023Z" hostname="mobile-chrome-galaxy" tests="10" failures="0" skipped="10" time="0" errors="0">
<testcase name="Players Management Page › should display players page with all elements" classname="players.spec.ts" time="0">
<skipped>
</skipped>
</testcase>
<testcase name="Players Management Page › should display initial player" classname="players.spec.ts" time="0">
<skipped>
</skipped>
</testcase>
<testcase name="Players Management Page › should show empty slots for remaining players" classname="players.spec.ts" time="0">
<skipped>
</skipped>
</testcase>
<testcase name="Players Management Page › should add a player when clicking add button" classname="players.spec.ts" time="0">
<skipped>
</skipped>
</testcase>
<testcase name="Players Management Page › should remove a player when clicking remove button" classname="players.spec.ts" time="0">
<skipped>
</skipped>
</testcase>
<testcase name="Players Management Page › should enable start button when players exist" classname="players.spec.ts" time="0">
<skipped>
</skipped>
</testcase>
<testcase name="Players Management Page › should navigate to alphabet when clicking start" classname="players.spec.ts" time="0">
<skipped>
</skipped>
</testcase>
<testcase name="Players Management Page › should navigate back when clicking back button" classname="players.spec.ts" time="0">
<skipped>
</skipped>
</testcase>
<testcase name="Players Management Page › should have scroll bar decoration" classname="players.spec.ts" time="0">
<skipped>
</skipped>
</testcase>
<testcase name="Players Management Page › should be responsive on mobile" classname="players.spec.ts" time="0">
<skipped>
</skipped>
</testcase>
</testsuite>
<testsuite name="results.spec.ts" timestamp="2026-01-31T02:50:04.023Z" hostname="mobile-chrome-galaxy" tests="17" failures="0" skipped="17" time="0" errors="0">
<testcase name="Results/Scoring Page › should display results page with all elements" classname="results.spec.ts" time="0">
<skipped>
</skipped>
</testcase>
<testcase name="Results/Scoring Page › should display player score items" classname="results.spec.ts" time="0">
<properties>
<property name="skip" value="">
</property>
</properties>
<skipped>
</skipped>
</testcase>
<testcase name="Results/Scoring Page › should display player info in each score item" classname="results.spec.ts" time="0">
<properties>
<property name="skip" value="">
</property>
</properties>
<skipped>
</skipped>
</testcase>
<testcase name="Results/Scoring Page › should display add and minus buttons for each player" classname="results.spec.ts" time="0">
<properties>
<property name="skip" value="">
</property>
</properties>
<skipped>
</skipped>
</testcase>
<testcase name="Results/Scoring Page › should increase score when clicking add button" classname="results.spec.ts" time="0">
<properties>
<property name="skip" value="">
</property>
</properties>
<skipped>
</skipped>
</testcase>
<testcase name="Results/Scoring Page › should decrease score when clicking minus button" classname="results.spec.ts" time="0">
<properties>
<property name="skip" value="">
</property>
</properties>
<skipped>
</skipped>
</testcase>
<testcase name="Results/Scoring Page › should navigate to leaderboard when clicking next" classname="results.spec.ts" time="0">
<skipped>
</skipped>
</testcase>
<testcase name="Results/Scoring Page › should navigate to game when clicking back large button" classname="results.spec.ts" time="0">
<skipped>
</skipped>
</testcase>
<testcase name="Results/Scoring Page › should navigate back when clicking back button" classname="results.spec.ts" time="0">
<skipped>
</skipped>
</testcase>
<testcase name="Results/Scoring Page › should display scroll bar decoration" classname="results.spec.ts" time="0">
<skipped>
</skipped>
</testcase>
<testcase name="Results/Scoring Page › should have scrollable scores list" classname="results.spec.ts" time="0">
<skipped>
</skipped>
</testcase>
<testcase name="Results/Scoring Page › should be responsive on mobile" classname="results.spec.ts" time="0">
<skipped>
</skipped>
</testcase>
<testcase name="Results/Scoring Page › should have hover effects on action buttons" classname="results.spec.ts" time="0">
<skipped>
</skipped>
</testcase>
<testcase name="Results/Scoring Page › should have hover effects on score action buttons" classname="results.spec.ts" time="0">
<properties>
<property name="skip" value="">
</property>
</properties>
<skipped>
</skipped>
</testcase>
<testcase name="Results/Scoring Page › should have fade-in animation on title" classname="results.spec.ts" time="0">
<skipped>
</skipped>
</testcase>
<testcase name="Results/Scoring Page › should have scale-in animation on scores list" classname="results.spec.ts" time="0">
<skipped>
</skipped>
</testcase>
<testcase name="Results/Scoring Page › should have slide-up animation on action buttons" classname="results.spec.ts" time="0">
<skipped>
</skipped>
</testcase>
</testsuite>
<testsuite name="round-start.spec.ts" timestamp="2026-01-31T02:50:04.023Z" hostname="mobile-chrome-galaxy" tests="10" failures="0" skipped="10" time="0" errors="0">
<testcase name="Round Start Page › should display round-start page with all elements" classname="round-start.spec.ts" time="0">
<skipped>
</skipped>
</testcase>
<testcase name="Round Start Page › should spin both wheels automatically" classname="round-start.spec.ts" time="0">
<skipped>
</skipped>
</testcase>
<testcase name="Round Start Page › should display selected category and letter after spinning" classname="round-start.spec.ts" time="0">
<skipped>
</skipped>
</testcase>
<testcase name="Round Start Page › should automatically navigate to game after selection" classname="round-start.spec.ts" time="0">
<skipped>
</skipped>
</testcase>
<testcase name="Round Start Page › should display round indicator" classname="round-start.spec.ts" time="0">
<skipped>
</skipped>
</testcase>
<testcase name="Round Start Page › should be responsive on mobile" classname="round-start.spec.ts" time="0">
<skipped>
</skipped>
</testcase>
<testcase name="Round Counter Logic › should display &quot;Round 1&quot; on initial game start" classname="round-start.spec.ts" time="0">
<skipped>
</skipped>
</testcase>
<testcase name="Round Counter Logic › should show &quot;Round 2&quot; after completing round 1 and clicking next round" classname="round-start.spec.ts" time="0">
<skipped>
</skipped>
</testcase>
<testcase name="Round Counter Logic › page refresh should not increment round counter" classname="round-start.spec.ts" time="0">
<skipped>
</skipped>
</testcase>
<testcase name="Round Counter Logic › navigating back to round-start during active game should not increment round" classname="round-start.spec.ts" time="0">
<skipped>
</skipped>
</testcase>
</testsuite>
</testsuites>