<testsuites id="" name="" tests="10" failures="0" skipped="0" errors="0" time="32.085244">
<testsuite name="scoring-flow.spec.ts" timestamp="2026-03-04T19:04:05.621Z" hostname="android-pixel5" tests="5" failures="0" skipped="0" time="64.966" errors="0">
<testcase name="Scoring Workflow: Flow › Leaderboard Overlay › should show leaderboard overlay after confirming scores" classname="scoring-flow.spec.ts" time="10.811">
</testcase>
<testcase name="Scoring Workflow: Flow › Leaderboard Overlay › should auto-dismiss leaderboard and show decision modal" classname="scoring-flow.spec.ts" time="13.096">
</testcase>
<testcase name="Scoring Workflow: Flow › Decision Modal › should navigate to round-start when clicking Next Round" classname="scoring-flow.spec.ts" time="14.111">
</testcase>
<testcase name="Scoring Workflow: Flow › Decision Modal › should navigate to leaderboard when clicking Finish Game" classname="scoring-flow.spec.ts" time="13.854">
</testcase>
<testcase name="Scoring Workflow: Flow › Decision Modal › should remain open when pressing Escape" classname="scoring-flow.spec.ts" time="13.094">
</testcase>
</testsuite>
<testsuite name="scoring-flow.spec.ts" timestamp="2026-03-04T19:04:05.621Z" hostname="ios-ipad-pro" tests="5" failures="0" skipped="0" time="68.161" errors="0">
<testcase name="Scoring Workflow: Flow › Leaderboard Overlay › should show leaderboard overlay after confirming scores" classname="scoring-flow.spec.ts" time="11.534">
</testcase>
<testcase name="Scoring Workflow: Flow › Leaderboard Overlay › should auto-dismiss leaderboard and show decision modal" classname="scoring-flow.spec.ts" time="13.934">
</testcase>
<testcase name="Scoring Workflow: Flow › Decision Modal › should navigate to round-start when clicking Next Round" classname="scoring-flow.spec.ts" time="14.374">
</testcase>
<testcase name="Scoring Workflow: Flow › Decision Modal › should navigate to leaderboard when clicking Finish Game" classname="scoring-flow.spec.ts" time="14.734">
</testcase>
<testcase name="Scoring Workflow: Flow › Decision Modal › should remain open when pressing Escape" classname="scoring-flow.spec.ts" time="13.585">
</testcase>
</testsuite>
</testsuites>