<testsuites id="" name="" tests="7" failures="7" skipped="0" errors="0" time="80.633348">
<testsuite name="tests/features/credits.feature.spec.js" timestamp="2026-01-11T21:21:03.974Z" hostname="mobile-chrome" tests="4" failures="4" skipped="0" time="156.653" errors="0">
<testcase name="Credits Page › Credits page loads successfully" classname="tests/features/credits.feature.spec.js" time="17.963">
<failure message="credits.feature.spec.js:6:3 Credits page loads successfully" type="FAILURE">
<![CDATA[  [mobile-chrome] › tests/features/credits.feature.spec.js:6:3 › Credits Page › Credits page loads successfully › Then I should see ".title-image" 

    Error: expect(locator).toBeVisible() failed

    Locator:  locator('.title-image')
    Expected: visible
    Received: hidden
    Timeout:  15000ms

    Call log:
      - Expect "toBeVisible" with timeout 15000ms
      - waiting for locator('.title-image')
        19 × locator resolved to <img alt="CREDITS" data-v-a04d6f4c="" class="title-image" src="/assets/main-menu/CREDITS.png"/>
           - unexpected value "hidden"


       at ../tests/steps/common.steps.ts:51

      49 |   })
      50 |   // Then check visibility with a longer timeout
    > 51 |   await expect(page.locator(selector)).toBeVisible({ timeout: 15000 })
         |                                        ^
      52 | })
      53 |
      54 | Then('I should not see {string}', async ({ page }, selector: string) => {
        at Object.<anonymous> (/home/cloudcrusader/projects/riddle-rush-mono-repo/apps/game/tests/steps/common.steps.ts:51:40)
        at /home/cloudcrusader/projects/riddle-rush-mono-repo/node_modules/.pnpm/playwright-bdd@8.4.2_@playwright+test@1.57.0/node_modules/playwright-bdd/src/runtime/bddStepInvoker.ts:59:22
        at BddStepInvoker.invoke (/home/cloudcrusader/projects/riddle-rush-mono-repo/node_modules/.pnpm/playwright-bdd@8.4.2_@playwright+test@1.57.0/node_modules/playwright-bdd/src/runtime/bddStepInvoker.ts:53:5)
        at /home/cloudcrusader/projects/riddle-rush-mono-repo/apps/game/.features-gen/tests/features/credits.feature.spec.js:8:5

    attachment #1: screenshot (image/png) ──────────────────────────────────────────────────────────
    ../test-results/tests-features-credits.fea-1234c-its-page-loads-successfully-mobile-chrome/test-failed-1.png
    ────────────────────────────────────────────────────────────────────────────────────────────────
]]>
</failure>
<system-out>
<![CDATA[
[[ATTACHMENT|apps/game/test-results/tests-features-credits.fea-1234c-its-page-loads-successfully-mobile-chrome/test-failed-1.png]]
]]>
</system-out>
</testcase>
<testcase name="Credits Page › Display team credits" classname="tests/features/credits.feature.spec.js" time="17.936">
<failure message="credits.feature.spec.js:12:3 Display team credits" type="FAILURE">
<![CDATA[  [mobile-chrome] › tests/features/credits.feature.spec.js:12:3 › Credits Page › Display team credits › Then I should see ".credits-panel" 

    Error: expect(locator).toBeVisible() failed

    Locator:  locator('.credits-panel')
    Expected: visible
    Received: hidden
    Timeout:  15000ms

    Call log:
      - Expect "toBeVisible" with timeout 15000ms
      - waiting for locator('.credits-panel')
        19 × locator resolved to <div data-v-a04d6f4c="" class="credits-panel animate-scale-in">…</div>
           - unexpected value "hidden"


       at ../tests/steps/common.steps.ts:51

      49 |   })
      50 |   // Then check visibility with a longer timeout
    > 51 |   await expect(page.locator(selector)).toBeVisible({ timeout: 15000 })
         |                                        ^
      52 | })
      53 |
      54 | Then('I should not see {string}', async ({ page }, selector: string) => {
        at Object.<anonymous> (/home/cloudcrusader/projects/riddle-rush-mono-repo/apps/game/tests/steps/common.steps.ts:51:40)
        at /home/cloudcrusader/projects/riddle-rush-mono-repo/node_modules/.pnpm/playwright-bdd@8.4.2_@playwright+test@1.57.0/node_modules/playwright-bdd/src/runtime/bddStepInvoker.ts:59:22
        at BddStepInvoker.invoke (/home/cloudcrusader/projects/riddle-rush-mono-repo/node_modules/.pnpm/playwright-bdd@8.4.2_@playwright+test@1.57.0/node_modules/playwright-bdd/src/runtime/bddStepInvoker.ts:53:5)
        at /home/cloudcrusader/projects/riddle-rush-mono-repo/apps/game/.features-gen/tests/features/credits.feature.spec.js:14:5

    attachment #1: screenshot (image/png) ──────────────────────────────────────────────────────────
    ../test-results/tests-features-credits.fea-47151-s-Page-Display-team-credits-mobile-chrome/test-failed-1.png
    ────────────────────────────────────────────────────────────────────────────────────────────────
]]>
</failure>
<system-out>
<![CDATA[
[[ATTACHMENT|apps/game/test-results/tests-features-credits.fea-47151-s-Page-Display-team-credits-mobile-chrome/test-failed-1.png]]
]]>
</system-out>
</testcase>
<testcase name="Credits Page › Back button navigation" classname="tests/features/credits.feature.spec.js" time="60.375">
<failure message="credits.feature.spec.js:21:3 Back button navigation" type="FAILURE">
<![CDATA[  [mobile-chrome] › tests/features/credits.feature.spec.js:21:3 › Credits Page › Back button navigation › When I click ".back-btn" 

    Test timeout of 60000ms exceeded.

    Error: locator.click: Test timeout of 60000ms exceeded.
    Call log:
      - waiting for locator('.back-btn')
        - locator resolved to <button data-v-a04d6f4c="" class="back-btn tap-highlight no-select">…</button>
      - attempting click action
        2 × waiting for element to be visible, enabled and stable
          - element is not visible
        - retrying click action
        - waiting 20ms
        2 × waiting for element to be visible, enabled and stable
          - element is not visible
        - retrying click action
          - waiting 100ms
        111 × waiting for element to be visible, enabled and stable
            - element is not visible
          - retrying click action
            - waiting 500ms
        - waiting for element to be visible, enabled and stable


       at ../tests/steps/common.steps.ts:73

      71 | // Click actions
      72 | When('I click {string}', async ({ page }, selector: string) => {
    > 73 |   await page.locator(selector).click()
         |                                ^
      74 |   await page.waitForTimeout(500)
      75 | })
      76 |
        at Object.<anonymous> (/home/cloudcrusader/projects/riddle-rush-mono-repo/apps/game/tests/steps/common.steps.ts:73:32)
        at /home/cloudcrusader/projects/riddle-rush-mono-repo/node_modules/.pnpm/playwright-bdd@8.4.2_@playwright+test@1.57.0/node_modules/playwright-bdd/src/runtime/bddStepInvoker.ts:59:60
        at BddStepInvoker.invoke (/home/cloudcrusader/projects/riddle-rush-mono-repo/node_modules/.pnpm/playwright-bdd@8.4.2_@playwright+test@1.57.0/node_modules/playwright-bdd/src/runtime/bddStepInvoker.ts:53:5)
        at /home/cloudcrusader/projects/riddle-rush-mono-repo/apps/game/.features-gen/tests/features/credits.feature.spec.js:23:5

    attachment #1: screenshot (image/png) ──────────────────────────────────────────────────────────
    ../test-results/tests-features-credits.fea-5e915-Page-Back-button-navigation-mobile-chrome/test-failed-1.png
    ────────────────────────────────────────────────────────────────────────────────────────────────
]]>
</failure>
<system-out>
<![CDATA[
[[ATTACHMENT|apps/game/test-results/tests-features-credits.fea-5e915-Page-Back-button-navigation-mobile-chrome/test-failed-1.png]]
]]>
</system-out>
</testcase>
<testcase name="Credits Page › OK button navigation" classname="tests/features/credits.feature.spec.js" time="60.379">
<failure message="credits.feature.spec.js:27:3 OK button navigation" type="FAILURE">
<![CDATA[  [mobile-chrome] › tests/features/credits.feature.spec.js:27:3 › Credits Page › OK button navigation › When I click ".ok-btn" 

    Test timeout of 60000ms exceeded.

    Error: locator.click: Test timeout of 60000ms exceeded.
    Call log:
      - waiting for locator('.ok-btn')
        - locator resolved to <button data-v-a04d6f4c="" class="ok-btn tap-highlight no-select animate-slide-up">…</button>
      - attempting click action
        2 × waiting for element to be visible, enabled and stable
          - element is not visible
        - retrying click action
        - waiting 20ms
        2 × waiting for element to be visible, enabled and stable
          - element is not visible
        - retrying click action
          - waiting 100ms
        112 × waiting for element to be visible, enabled and stable
            - element is not visible
          - retrying click action
            - waiting 500ms


       at ../tests/steps/common.steps.ts:73

      71 | // Click actions
      72 | When('I click {string}', async ({ page }, selector: string) => {
    > 73 |   await page.locator(selector).click()
         |                                ^
      74 |   await page.waitForTimeout(500)
      75 | })
      76 |
        at Object.<anonymous> (/home/cloudcrusader/projects/riddle-rush-mono-repo/apps/game/tests/steps/common.steps.ts:73:32)
        at /home/cloudcrusader/projects/riddle-rush-mono-repo/node_modules/.pnpm/playwright-bdd@8.4.2_@playwright+test@1.57.0/node_modules/playwright-bdd/src/runtime/bddStepInvoker.ts:59:60
        at BddStepInvoker.invoke (/home/cloudcrusader/projects/riddle-rush-mono-repo/node_modules/.pnpm/playwright-bdd@8.4.2_@playwright+test@1.57.0/node_modules/playwright-bdd/src/runtime/bddStepInvoker.ts:53:5)
        at /home/cloudcrusader/projects/riddle-rush-mono-repo/apps/game/.features-gen/tests/features/credits.feature.spec.js:29:5

    attachment #1: screenshot (image/png) ──────────────────────────────────────────────────────────
    ../test-results/tests-features-credits.fea-0e8f7-s-Page-OK-button-navigation-mobile-chrome/test-failed-1.png
    ────────────────────────────────────────────────────────────────────────────────────────────────
]]>
</failure>
<system-out>
<![CDATA[
[[ATTACHMENT|apps/game/test-results/tests-features-credits.fea-0e8f7-s-Page-OK-button-navigation-mobile-chrome/test-failed-1.png]]
]]>
</system-out>
</testcase>
</testsuite>
<testsuite name="tests/features/game-flow.feature.spec.js" timestamp="2026-01-11T21:21:03.974Z" hostname="mobile-chrome" tests="3" failures="3" skipped="0" time="181.079" errors="0">
<testcase name="Game Flow › Navigate to players page" classname="tests/features/game-flow.feature.spec.js" time="60.363">
<failure message="game-flow.feature.spec.js:6:3 Navigate to players page" type="FAILURE">
<![CDATA[  [mobile-chrome] › tests/features/game-flow.feature.spec.js:6:3 › Game Flow › Navigate to players page › When I click ".play-btn" 

    Test timeout of 60000ms exceeded.

    Error: locator.click: Test timeout of 60000ms exceeded.
    Call log:
      - waiting for locator('.play-btn')
        - locator resolved to <button data-v-83df43e8="" aria-label="Play Game" class="menu-btn play-btn tap-highlight no-select">…</button>
      - attempting click action
        2 × waiting for element to be visible, enabled and stable
          - element is not visible
        - retrying click action
        - waiting 20ms
        2 × waiting for element to be visible, enabled and stable
          - element is not visible
        - retrying click action
          - waiting 100ms
        111 × waiting for element to be visible, enabled and stable
            - element is not visible
          - retrying click action
            - waiting 500ms
        - waiting for element to be visible, enabled and stable


       at ../tests/steps/common.steps.ts:73

      71 | // Click actions
      72 | When('I click {string}', async ({ page }, selector: string) => {
    > 73 |   await page.locator(selector).click()
         |                                ^
      74 |   await page.waitForTimeout(500)
      75 | })
      76 |
        at Object.<anonymous> (/home/cloudcrusader/projects/riddle-rush-mono-repo/apps/game/tests/steps/common.steps.ts:73:32)
        at /home/cloudcrusader/projects/riddle-rush-mono-repo/node_modules/.pnpm/playwright-bdd@8.4.2_@playwright+test@1.57.0/node_modules/playwright-bdd/src/runtime/bddStepInvoker.ts:59:60
        at BddStepInvoker.invoke (/home/cloudcrusader/projects/riddle-rush-mono-repo/node_modules/.pnpm/playwright-bdd@8.4.2_@playwright+test@1.57.0/node_modules/playwright-bdd/src/runtime/bddStepInvoker.ts:53:5)
        at /home/cloudcrusader/projects/riddle-rush-mono-repo/apps/game/.features-gen/tests/features/game-flow.feature.spec.js:8:5

    attachment #1: screenshot (image/png) ──────────────────────────────────────────────────────────
    ../test-results/tests-features-game-flow.f-41c40-ow-Navigate-to-players-page-mobile-chrome/test-failed-1.png
    ────────────────────────────────────────────────────────────────────────────────────────────────
]]>
</failure>
<system-out>
<![CDATA[
[[ATTACHMENT|apps/game/test-results/tests-features-game-flow.f-41c40-ow-Navigate-to-players-page-mobile-chrome/test-failed-1.png]]
]]>
</system-out>
</testcase>
<testcase name="Game Flow › Single player game elements" classname="tests/features/game-flow.feature.spec.js" time="60.365">
<failure message="game-flow.feature.spec.js:12:3 Single player game elements" type="FAILURE">
<![CDATA[  [mobile-chrome] › tests/features/game-flow.feature.spec.js:12:3 › Game Flow › Single player game elements › Given I navigate to "/game" 

    Test timeout of 60000ms exceeded.

    Error: page.waitForTimeout: Target page, context or browser has been closed

       at ../tests/steps/common.steps.ts:41

      39 |
      40 |   // Wait for CSS animations to complete (most animations are 0.6s with max 0.4s delay = 1s total)
    > 41 |   await page.waitForTimeout(1500)
         |              ^
      42 | })
      43 |
      44 | // Visibility checks
        at Object.<anonymous> (/home/cloudcrusader/projects/riddle-rush-mono-repo/apps/game/tests/steps/common.steps.ts:41:14)
        at /home/cloudcrusader/projects/riddle-rush-mono-repo/node_modules/.pnpm/playwright-bdd@8.4.2_@playwright+test@1.57.0/node_modules/playwright-bdd/src/runtime/bddStepInvoker.ts:59:22
        at BddStepInvoker.invoke (/home/cloudcrusader/projects/riddle-rush-mono-repo/node_modules/.pnpm/playwright-bdd@8.4.2_@playwright+test@1.57.0/node_modules/playwright-bdd/src/runtime/bddStepInvoker.ts:53:5)
        at /home/cloudcrusader/projects/riddle-rush-mono-repo/apps/game/.features-gen/tests/features/game-flow.feature.spec.js:13:5

    attachment #1: screenshot (image/png) ──────────────────────────────────────────────────────────
    ../test-results/tests-features-game-flow.f-855bb-Single-player-game-elements-mobile-chrome/test-failed-1.png
    ────────────────────────────────────────────────────────────────────────────────────────────────
]]>
</failure>
<system-out>
<![CDATA[
[[ATTACHMENT|apps/game/test-results/tests-features-game-flow.f-855bb-Single-player-game-elements-mobile-chrome/test-failed-1.png]]
]]>
</system-out>
</testcase>
<testcase name="Game Flow › Navigate to game page shows NEXT button for single player" classname="tests/features/game-flow.feature.spec.js" time="60.351">
<failure message="game-flow.feature.spec.js:18:3 Navigate to game page shows NEXT button for single player" type="FAILURE">
<![CDATA[  [mobile-chrome] › tests/features/game-flow.feature.spec.js:18:3 › Game Flow › Navigate to game page shows NEXT button for single player › Given I navigate to "/game" 

    Test timeout of 60000ms exceeded.

    Error: page.waitForTimeout: Target page, context or browser has been closed

       at ../tests/steps/common.steps.ts:41

      39 |
      40 |   // Wait for CSS animations to complete (most animations are 0.6s with max 0.4s delay = 1s total)
    > 41 |   await page.waitForTimeout(1500)
         |              ^
      42 | })
      43 |
      44 | // Visibility checks
        at Object.<anonymous> (/home/cloudcrusader/projects/riddle-rush-mono-repo/apps/game/tests/steps/common.steps.ts:41:14)
        at /home/cloudcrusader/projects/riddle-rush-mono-repo/node_modules/.pnpm/playwright-bdd@8.4.2_@playwright+test@1.57.0/node_modules/playwright-bdd/src/runtime/bddStepInvoker.ts:59:22
        at BddStepInvoker.invoke (/home/cloudcrusader/projects/riddle-rush-mono-repo/node_modules/.pnpm/playwright-bdd@8.4.2_@playwright+test@1.57.0/node_modules/playwright-bdd/src/runtime/bddStepInvoker.ts:53:5)
        at /home/cloudcrusader/projects/riddle-rush-mono-repo/apps/game/.features-gen/tests/features/game-flow.feature.spec.js:19:5

    attachment #1: screenshot (image/png) ──────────────────────────────────────────────────────────
    ../test-results/tests-features-game-flow.f-0bd39-XT-button-for-single-player-mobile-chrome/test-failed-1.png
    ────────────────────────────────────────────────────────────────────────────────────────────────
]]>
</failure>
<system-out>
<![CDATA[
[[ATTACHMENT|apps/game/test-results/tests-features-game-flow.f-0bd39-XT-button-for-single-player-mobile-chrome/test-failed-1.png]]
]]>
</system-out>
</testcase>
</testsuite>
</testsuites>