<testsuites id="" name="" tests="8" failures="4" skipped="0" errors="0" time="35.562225">
<testsuite name="translations-check.spec.ts" timestamp="2026-02-12T21:08:07.150Z" hostname="mobile-chrome-pixel5" tests="2" failures="1" skipped="0" time="28.678" errors="0">
<testcase name="Translation Checks › should not show raw translation keys on home page" classname="translations-check.spec.ts" time="2.224">
</testcase>
<testcase name="Translation Checks › should show category in English and not as a key" classname="translations-check.spec.ts" time="26.454">
<failure message="translations-check.spec.ts:24:3 should show category in English and not as a key" type="FAILURE">
<![CDATA[  [mobile-chrome-pixel5] › translations-check.spec.ts:24:3 › Translation Checks › should show category in English and not as a key 

    Error: expect(locator).toBeVisible() failed

    Locator: locator('.result-text').first()
    Expected: visible
    Timeout: 15000ms
    Error: element(s) not found

    Call log:
      - Expect "toBeVisible" with timeout 15000ms
      - waiting for locator('.result-text').first()


      56 |     // Increase timeout for the wheel spin
      57 |     const resultText = page.locator('.result-text').first()
    > 58 |     await expect(resultText).toBeVisible({ timeout: 15000 })
         |                              ^
      59 |     
      60 |     const categoryName = await resultText.innerText()
      61 |     console.log('Detected category name:', categoryName)
        at /Users/markuswagner/.zenflow/worktrees/e-gemini-70a8/apps/game/tests/e2e/translations-check.spec.ts:58:30

    attachment #1: screenshot (image/png) ──────────────────────────────────────────────────────────
    ../../test-results/translations-check-Transla-907d2-in-English-and-not-as-a-key-mobile-chrome-pixel5/test-failed-1.png
    ────────────────────────────────────────────────────────────────────────────────────────────────

    Error Context: ../../test-results/translations-check-Transla-907d2-in-English-and-not-as-a-key-mobile-chrome-pixel5/error-context.md
]]>
</failure>
<system-out>
<![CDATA[
[[ATTACHMENT|apps/game/test-results/translations-check-Transla-907d2-in-English-and-not-as-a-key-mobile-chrome-pixel5/test-failed-1.png]]

[[ATTACHMENT|apps/game/test-results/translations-check-Transla-907d2-in-English-and-not-as-a-key-mobile-chrome-pixel5/error-context.md]]
]]>
</system-out>
</testcase>
</testsuite>
<testsuite name="translations-check.spec.ts" timestamp="2026-02-12T21:08:07.150Z" hostname="mobile-safari-iphone15" tests="2" failures="1" skipped="0" time="37.467" errors="0">
<testcase name="Translation Checks › should not show raw translation keys on home page" classname="translations-check.spec.ts" time="2.632">
</testcase>
<testcase name="Translation Checks › should show category in English and not as a key" classname="translations-check.spec.ts" time="34.835">
<failure message="translations-check.spec.ts:24:3 should show category in English and not as a key" type="FAILURE">
<![CDATA[  [mobile-safari-iphone15] › translations-check.spec.ts:24:3 › Translation Checks › should show category in English and not as a key 

    Error: expect(locator).toBeVisible() failed

    Locator: locator('.result-text').first()
    Expected: visible
    Timeout: 15000ms
    Error: element(s) not found

    Call log:
      - Expect "toBeVisible" with timeout 15000ms
      - waiting for locator('.result-text').first()


      56 |     // Increase timeout for the wheel spin
      57 |     const resultText = page.locator('.result-text').first()
    > 58 |     await expect(resultText).toBeVisible({ timeout: 15000 })
         |                              ^
      59 |     
      60 |     const categoryName = await resultText.innerText()
      61 |     console.log('Detected category name:', categoryName)
        at /Users/markuswagner/.zenflow/worktrees/e-gemini-70a8/apps/game/tests/e2e/translations-check.spec.ts:58:30

    attachment #1: screenshot (image/png) ──────────────────────────────────────────────────────────
    ../../test-results/translations-check-Transla-907d2-in-English-and-not-as-a-key-mobile-safari-iphone15/test-failed-1.png
    ────────────────────────────────────────────────────────────────────────────────────────────────

    Error Context: ../../test-results/translations-check-Transla-907d2-in-English-and-not-as-a-key-mobile-safari-iphone15/error-context.md
]]>
</failure>
<system-out>
<![CDATA[
[[ATTACHMENT|apps/game/test-results/translations-check-Transla-907d2-in-English-and-not-as-a-key-mobile-safari-iphone15/test-failed-1.png]]

[[ATTACHMENT|apps/game/test-results/translations-check-Transla-907d2-in-English-and-not-as-a-key-mobile-safari-iphone15/error-context.md]]
]]>
</system-out>
</testcase>
</testsuite>
<testsuite name="translations-check.spec.ts" timestamp="2026-02-12T21:08:07.150Z" hostname="tablet-ipad" tests="2" failures="1" skipped="0" time="12.64" errors="0">
<testcase name="Translation Checks › should not show raw translation keys on home page" classname="translations-check.spec.ts" time="2.669">
</testcase>
<testcase name="Translation Checks › should show category in English and not as a key" classname="translations-check.spec.ts" time="9.971">
<failure message="translations-check.spec.ts:24:3 should show category in English and not as a key" type="FAILURE">
<![CDATA[  [tablet-ipad] › translations-check.spec.ts:24:3 › Translation Checks › should show category in English and not as a key 

    Error: expect(locator).toBeVisible() failed

    Locator: locator('button').filter({ hasText: /Play/i }).first()
    Expected: visible
    Timeout: 5000ms
    Error: element(s) not found

    Call log:
      - Expect "toBeVisible" with timeout 5000ms
      - waiting for locator('button').filter({ hasText: /Play/i }).first()


      37 |     await page.goto('/')
      38 |     const playBtn = page.locator('button').filter({ hasText: /Play/i }).first()
    > 39 |     await expect(playBtn).toBeVisible()
         |                           ^
      40 |     await playBtn.click()
      41 |
      42 |     // 3. Check Players Page
        at /Users/markuswagner/.zenflow/worktrees/e-gemini-70a8/apps/game/tests/e2e/translations-check.spec.ts:39:27

    attachment #1: screenshot (image/png) ──────────────────────────────────────────────────────────
    ../../test-results/translations-check-Transla-907d2-in-English-and-not-as-a-key-tablet-ipad/test-failed-1.png
    ────────────────────────────────────────────────────────────────────────────────────────────────
]]>
</failure>
<system-out>
<![CDATA[
[[ATTACHMENT|apps/game/test-results/translations-check-Transla-907d2-in-English-and-not-as-a-key-tablet-ipad/test-failed-1.png]]
]]>
</system-out>
</testcase>
</testsuite>
<testsuite name="translations-check.spec.ts" timestamp="2026-02-12T21:08:07.150Z" hostname="mobile-chrome-galaxy" tests="2" failures="1" skipped="0" time="33.183" errors="0">
<testcase name="Translation Checks › should not show raw translation keys on home page" classname="translations-check.spec.ts" time="1.925">
</testcase>
<testcase name="Translation Checks › should show category in English and not as a key" classname="translations-check.spec.ts" time="31.258">
<failure message="translations-check.spec.ts:24:3 should show category in English and not as a key" type="FAILURE">
<![CDATA[  [mobile-chrome-galaxy] › translations-check.spec.ts:24:3 › Translation Checks › should show category in English and not as a key 

    Error: expect(locator).toBeVisible() failed

    Locator: locator('.result-text').first()
    Expected: visible
    Timeout: 15000ms
    Error: element(s) not found

    Call log:
      - Expect "toBeVisible" with timeout 15000ms
      - waiting for locator('.result-text').first()


      56 |     // Increase timeout for the wheel spin
      57 |     const resultText = page.locator('.result-text').first()
    > 58 |     await expect(resultText).toBeVisible({ timeout: 15000 })
         |                              ^
      59 |     
      60 |     const categoryName = await resultText.innerText()
      61 |     console.log('Detected category name:', categoryName)
        at /Users/markuswagner/.zenflow/worktrees/e-gemini-70a8/apps/game/tests/e2e/translations-check.spec.ts:58:30

    attachment #1: screenshot (image/png) ──────────────────────────────────────────────────────────
    ../../test-results/translations-check-Transla-907d2-in-English-and-not-as-a-key-mobile-chrome-galaxy/test-failed-1.png
    ────────────────────────────────────────────────────────────────────────────────────────────────

    Error Context: ../../test-results/translations-check-Transla-907d2-in-English-and-not-as-a-key-mobile-chrome-galaxy/error-context.md
]]>
</failure>
<system-out>
<![CDATA[
[[ATTACHMENT|apps/game/test-results/translations-check-Transla-907d2-in-English-and-not-as-a-key-mobile-chrome-galaxy/test-failed-1.png]]

[[ATTACHMENT|apps/game/test-results/translations-check-Transla-907d2-in-English-and-not-as-a-key-mobile-chrome-galaxy/error-context.md]]
]]>
</system-out>
</testcase>
</testsuite>
</testsuites>