<testsuites id="" name="" tests="78" failures="51" skipped="0" errors="0" time="117.57254300000001">
<testsuite name="leaderboard.spec.ts" timestamp="2026-01-05T12:37:54.018Z" hostname="chromium" tests="13" failures="4" skipped="0" time="190.424" errors="0">
<testcase name="Leaderboard Page › should display leaderboard page with all elements" classname="leaderboard.spec.ts" time="8.322">
</testcase>
<testcase name="Leaderboard Page › should display leaderboard entries" classname="leaderboard.spec.ts" time="28.492">
<failure message="leaderboard.spec.ts:40:3 should display leaderboard entries" type="FAILURE">
<![CDATA[  [chromium] › leaderboard.spec.ts:40:3 › Leaderboard Page › should display leaderboard entries ────

    Error: expect(locator).toBeVisible() failed

    Locator: locator('.leaderboard-item').first()
    Expected: visible
    Timeout: 5000ms
    Error: element(s) not found

    Call log:
      - Expect "toBeVisible" with timeout 5000ms
      - waiting for locator('.leaderboard-item').first()


      45 |
      46 |     // Wait for at least one entry to appear
    > 47 |     await expect(entries.first()).toBeVisible({ timeout: 5000 })
         |                                   ^
      48 |
      49 |     const count = await entries.count()
      50 |     expect(count).toBeGreaterThan(0)
        at /home/cloudcrusader/projects/riddle-rush-nuxt-pwa/apps/game/tests/e2e/leaderboard.spec.ts:47:35

    attachment #1: screenshot (image/png) ──────────────────────────────────────────────────────────
    ../../test-results/leaderboard-Leaderboard-Pa-063a3-display-leaderboard-entries-chromium/test-failed-1.png
    ────────────────────────────────────────────────────────────────────────────────────────────────

    Error Context: ../../test-results/leaderboard-Leaderboard-Pa-063a3-display-leaderboard-entries-chromium/error-context.md

    Retry #1 ───────────────────────────────────────────────────────────────────────────────────────

    Error: expect(locator).toBeVisible() failed

    Locator: locator('.leaderboard-item').first()
    Expected: visible
    Timeout: 5000ms
    Error: element(s) not found

    Call log:
      - Expect "toBeVisible" with timeout 5000ms
      - waiting for locator('.leaderboard-item').first()


      45 |
      46 |     // Wait for at least one entry to appear
    > 47 |     await expect(entries.first()).toBeVisible({ timeout: 5000 })
         |                                   ^
      48 |
      49 |     const count = await entries.count()
      50 |     expect(count).toBeGreaterThan(0)
        at /home/cloudcrusader/projects/riddle-rush-nuxt-pwa/apps/game/tests/e2e/leaderboard.spec.ts:47:35

    attachment #1: screenshot (image/png) ──────────────────────────────────────────────────────────
    ../../test-results/leaderboard-Leaderboard-Pa-063a3-display-leaderboard-entries-chromium-retry1/test-failed-1.png
    ────────────────────────────────────────────────────────────────────────────────────────────────

    attachment #2: video (video/webm) ──────────────────────────────────────────────────────────────
    ../../test-results/leaderboard-Leaderboard-Pa-063a3-display-leaderboard-entries-chromium-retry1/video.webm
    ────────────────────────────────────────────────────────────────────────────────────────────────

    Error Context: ../../test-results/leaderboard-Leaderboard-Pa-063a3-display-leaderboard-entries-chromium-retry1/error-context.md

    attachment #4: trace (application/zip) ─────────────────────────────────────────────────────────
    ../../test-results/leaderboard-Leaderboard-Pa-063a3-display-leaderboard-entries-chromium-retry1/trace.zip
    Usage:

        pnpm exec playwright show-trace ../../test-results/leaderboard-Leaderboard-Pa-063a3-display-leaderboard-entries-chromium-retry1/trace.zip

    ────────────────────────────────────────────────────────────────────────────────────────────────
]]>
</failure>
<system-out>
<![CDATA[
[[ATTACHMENT|test-results/leaderboard-Leaderboard-Pa-063a3-display-leaderboard-entries-chromium/test-failed-1.png]]

[[ATTACHMENT|test-results/leaderboard-Leaderboard-Pa-063a3-display-leaderboard-entries-chromium/error-context.md]]

[[ATTACHMENT|test-results/leaderboard-Leaderboard-Pa-063a3-display-leaderboard-entries-chromium-retry1/test-failed-1.png]]

[[ATTACHMENT|test-results/leaderboard-Leaderboard-Pa-063a3-display-leaderboard-entries-chromium-retry1/video.webm]]

[[ATTACHMENT|test-results/leaderboard-Leaderboard-Pa-063a3-display-leaderboard-entries-chromium-retry1/error-context.md]]

[[ATTACHMENT|test-results/leaderboard-Leaderboard-Pa-063a3-display-leaderboard-entries-chromium-retry1/trace.zip]]
]]>
</system-out>
</testcase>
<testcase name="Leaderboard Page › should display rank badges" classname="leaderboard.spec.ts" time="26.99">
<failure message="leaderboard.spec.ts:53:3 should display rank badges" type="FAILURE">
<![CDATA[  [chromium] › leaderboard.spec.ts:53:3 › Leaderboard Page › should display rank badges ────────────

    Error: expect(locator).toBeVisible() failed

    Locator: locator('.leaderboard-item').first().locator('.rank-badge')
    Expected: visible
    Timeout: 5000ms
    Error: element(s) not found

    Call log:
      - Expect "toBeVisible" with timeout 5000ms
      - waiting for locator('.leaderboard-item').first().locator('.rank-badge')


      55 |     const rankBadge = firstEntry.locator('.rank-badge')
      56 |
    > 57 |     await expect(rankBadge).toBeVisible()
         |                             ^
      58 |   })
      59 |
      60 |   test('should display player info in each entry', async ({ page }) => {
        at /home/cloudcrusader/projects/riddle-rush-nuxt-pwa/apps/game/tests/e2e/leaderboard.spec.ts:57:29

    attachment #1: screenshot (image/png) ──────────────────────────────────────────────────────────
    ../../test-results/leaderboard-Leaderboard-Page-should-display-rank-badges-chromium/test-failed-1.png
    ────────────────────────────────────────────────────────────────────────────────────────────────

    Error Context: ../../test-results/leaderboard-Leaderboard-Page-should-display-rank-badges-chromium/error-context.md

    Retry #1 ───────────────────────────────────────────────────────────────────────────────────────

    Error: expect(locator).toBeVisible() failed

    Locator: locator('.leaderboard-item').first().locator('.rank-badge')
    Expected: visible
    Timeout: 5000ms
    Error: element(s) not found

    Call log:
      - Expect "toBeVisible" with timeout 5000ms
      - waiting for locator('.leaderboard-item').first().locator('.rank-badge')


      55 |     const rankBadge = firstEntry.locator('.rank-badge')
      56 |
    > 57 |     await expect(rankBadge).toBeVisible()
         |                             ^
      58 |   })
      59 |
      60 |   test('should display player info in each entry', async ({ page }) => {
        at /home/cloudcrusader/projects/riddle-rush-nuxt-pwa/apps/game/tests/e2e/leaderboard.spec.ts:57:29

    attachment #1: screenshot (image/png) ──────────────────────────────────────────────────────────
    ../../test-results/leaderboard-Leaderboard-Page-should-display-rank-badges-chromium-retry1/test-failed-1.png
    ────────────────────────────────────────────────────────────────────────────────────────────────

    attachment #2: video (video/webm) ──────────────────────────────────────────────────────────────
    ../../test-results/leaderboard-Leaderboard-Page-should-display-rank-badges-chromium-retry1/video.webm
    ────────────────────────────────────────────────────────────────────────────────────────────────

    Error Context: ../../test-results/leaderboard-Leaderboard-Page-should-display-rank-badges-chromium-retry1/error-context.md

    attachment #4: trace (application/zip) ─────────────────────────────────────────────────────────
    ../../test-results/leaderboard-Leaderboard-Page-should-display-rank-badges-chromium-retry1/trace.zip
    Usage:

        pnpm exec playwright show-trace ../../test-results/leaderboard-Leaderboard-Page-should-display-rank-badges-chromium-retry1/trace.zip

    ────────────────────────────────────────────────────────────────────────────────────────────────
]]>
</failure>
<system-out>
<![CDATA[
[[ATTACHMENT|test-results/leaderboard-Leaderboard-Page-should-display-rank-badges-chromium/test-failed-1.png]]

[[ATTACHMENT|test-results/leaderboard-Leaderboard-Page-should-display-rank-badges-chromium/error-context.md]]

[[ATTACHMENT|test-results/leaderboard-Leaderboard-Page-should-display-rank-badges-chromium-retry1/test-failed-1.png]]

[[ATTACHMENT|test-results/leaderboard-Leaderboard-Page-should-display-rank-badges-chromium-retry1/video.webm]]

[[ATTACHMENT|test-results/leaderboard-Leaderboard-Page-should-display-rank-badges-chromium-retry1/error-context.md]]

[[ATTACHMENT|test-results/leaderboard-Leaderboard-Page-should-display-rank-badges-chromium-retry1/trace.zip]]
]]>
</system-out>
</testcase>
<testcase name="Leaderboard Page › should display player info in each entry" classname="leaderboard.spec.ts" time="27.059">
<failure message="leaderboard.spec.ts:60:3 should display player info in each entry" type="FAILURE">
<![CDATA[  [chromium] › leaderboard.spec.ts:60:3 › Leaderboard Page › should display player info in each entry 

    Error: expect(locator).toBeVisible() failed

    Locator: locator('.leaderboard-item').first().locator('.player-name')
    Expected: visible
    Timeout: 5000ms
    Error: element(s) not found

    Call log:
      - Expect "toBeVisible" with timeout 5000ms
      - waiting for locator('.leaderboard-item').first().locator('.player-name')


      63 |     const scoreValue = firstEntry.locator('.score-value')
      64 |
    > 65 |     await expect(playerName).toBeVisible()
         |                              ^
      66 |     await expect(scoreValue).toBeVisible()
      67 |     await expect(scoreValue).toHaveText(/\d+/)
      68 |   })
        at /home/cloudcrusader/projects/riddle-rush-nuxt-pwa/apps/game/tests/e2e/leaderboard.spec.ts:65:30

    attachment #1: screenshot (image/png) ──────────────────────────────────────────────────────────
    ../../test-results/leaderboard-Leaderboard-Pa-5b63b-y-player-info-in-each-entry-chromium/test-failed-1.png
    ────────────────────────────────────────────────────────────────────────────────────────────────

    Error Context: ../../test-results/leaderboard-Leaderboard-Pa-5b63b-y-player-info-in-each-entry-chromium/error-context.md

    Retry #1 ───────────────────────────────────────────────────────────────────────────────────────

    Error: expect(locator).toBeVisible() failed

    Locator: locator('.leaderboard-item').first().locator('.player-name')
    Expected: visible
    Timeout: 5000ms
    Error: element(s) not found

    Call log:
      - Expect "toBeVisible" with timeout 5000ms
      - waiting for locator('.leaderboard-item').first().locator('.player-name')


      63 |     const scoreValue = firstEntry.locator('.score-value')
      64 |
    > 65 |     await expect(playerName).toBeVisible()
         |                              ^
      66 |     await expect(scoreValue).toBeVisible()
      67 |     await expect(scoreValue).toHaveText(/\d+/)
      68 |   })
        at /home/cloudcrusader/projects/riddle-rush-nuxt-pwa/apps/game/tests/e2e/leaderboard.spec.ts:65:30

    attachment #1: screenshot (image/png) ──────────────────────────────────────────────────────────
    ../../test-results/leaderboard-Leaderboard-Pa-5b63b-y-player-info-in-each-entry-chromium-retry1/test-failed-1.png
    ────────────────────────────────────────────────────────────────────────────────────────────────

    attachment #2: video (video/webm) ──────────────────────────────────────────────────────────────
    ../../test-results/leaderboard-Leaderboard-Pa-5b63b-y-player-info-in-each-entry-chromium-retry1/video.webm
    ────────────────────────────────────────────────────────────────────────────────────────────────

    Error Context: ../../test-results/leaderboard-Leaderboard-Pa-5b63b-y-player-info-in-each-entry-chromium-retry1/error-context.md

    attachment #4: trace (application/zip) ─────────────────────────────────────────────────────────
    ../../test-results/leaderboard-Leaderboard-Pa-5b63b-y-player-info-in-each-entry-chromium-retry1/trace.zip
    Usage:

        pnpm exec playwright show-trace ../../test-results/leaderboard-Leaderboard-Pa-5b63b-y-player-info-in-each-entry-chromium-retry1/trace.zip

    ────────────────────────────────────────────────────────────────────────────────────────────────
]]>
</failure>
<system-out>
<![CDATA[
[[ATTACHMENT|test-results/leaderboard-Leaderboard-Pa-5b63b-y-player-info-in-each-entry-chromium/test-failed-1.png]]

[[ATTACHMENT|test-results/leaderboard-Leaderboard-Pa-5b63b-y-player-info-in-each-entry-chromium/error-context.md]]

[[ATTACHMENT|test-results/leaderboard-Leaderboard-Pa-5b63b-y-player-info-in-each-entry-chromium-retry1/test-failed-1.png]]

[[ATTACHMENT|test-results/leaderboard-Leaderboard-Pa-5b63b-y-player-info-in-each-entry-chromium-retry1/video.webm]]

[[ATTACHMENT|test-results/leaderboard-Leaderboard-Pa-5b63b-y-player-info-in-each-entry-chromium-retry1/error-context.md]]

[[ATTACHMENT|test-results/leaderboard-Leaderboard-Pa-5b63b-y-player-info-in-each-entry-chromium-retry1/trace.zip]]
]]>
</system-out>
</testcase>
<testcase name="Leaderboard Page › should display player avatars" classname="leaderboard.spec.ts" time="26.538">
<failure message="leaderboard.spec.ts:70:3 should display player avatars" type="FAILURE">
<![CDATA[  [chromium] › leaderboard.spec.ts:70:3 › Leaderboard Page › should display player avatars ─────────

    Error: expect(locator).toBeVisible() failed

    Locator: locator('.leaderboard-item').first().locator('.player-avatar')
    Expected: visible
    Timeout: 5000ms
    Error: element(s) not found

    Call log:
      - Expect "toBeVisible" with timeout 5000ms
      - waiting for locator('.leaderboard-item').first().locator('.player-avatar')


      72 |     const playerAvatar = firstEntry.locator('.player-avatar')
      73 |
    > 74 |     await expect(playerAvatar).toBeVisible()
         |                                ^
      75 |   })
      76 |
      77 |   test('should navigate to menu when clicking OK (game completed)', async ({ page }) => {
        at /home/cloudcrusader/projects/riddle-rush-nuxt-pwa/apps/game/tests/e2e/leaderboard.spec.ts:74:32

    attachment #1: screenshot (image/png) ──────────────────────────────────────────────────────────
    ../../test-results/leaderboard-Leaderboard-Page-should-display-player-avatars-chromium/test-failed-1.png
    ────────────────────────────────────────────────────────────────────────────────────────────────

    Error Context: ../../test-results/leaderboard-Leaderboard-Page-should-display-player-avatars-chromium/error-context.md

    Retry #1 ───────────────────────────────────────────────────────────────────────────────────────

    Error: expect(locator).toBeVisible() failed

    Locator: locator('.leaderboard-item').first().locator('.player-avatar')
    Expected: visible
    Timeout: 5000ms
    Error: element(s) not found

    Call log:
      - Expect "toBeVisible" with timeout 5000ms
      - waiting for locator('.leaderboard-item').first().locator('.player-avatar')


      72 |     const playerAvatar = firstEntry.locator('.player-avatar')
      73 |
    > 74 |     await expect(playerAvatar).toBeVisible()
         |                                ^
      75 |   })
      76 |
      77 |   test('should navigate to menu when clicking OK (game completed)', async ({ page }) => {
        at /home/cloudcrusader/projects/riddle-rush-nuxt-pwa/apps/game/tests/e2e/leaderboard.spec.ts:74:32

    attachment #1: screenshot (image/png) ──────────────────────────────────────────────────────────
    ../../test-results/leaderboard-Leaderboard-Page-should-display-player-avatars-chromium-retry1/test-failed-1.png
    ────────────────────────────────────────────────────────────────────────────────────────────────

    attachment #2: video (video/webm) ──────────────────────────────────────────────────────────────
    ../../test-results/leaderboard-Leaderboard-Page-should-display-player-avatars-chromium-retry1/video.webm
    ────────────────────────────────────────────────────────────────────────────────────────────────

    Error Context: ../../test-results/leaderboard-Leaderboard-Page-should-display-player-avatars-chromium-retry1/error-context.md

    attachment #4: trace (application/zip) ─────────────────────────────────────────────────────────
    ../../test-results/leaderboard-Leaderboard-Page-should-display-player-avatars-chromium-retry1/trace.zip
    Usage:

        pnpm exec playwright show-trace ../../test-results/leaderboard-Leaderboard-Page-should-display-player-avatars-chromium-retry1/trace.zip

    ────────────────────────────────────────────────────────────────────────────────────────────────
]]>
</failure>
<system-out>
<![CDATA[
[[ATTACHMENT|test-results/leaderboard-Leaderboard-Page-should-display-player-avatars-chromium/test-failed-1.png]]

[[ATTACHMENT|test-results/leaderboard-Leaderboard-Page-should-display-player-avatars-chromium/error-context.md]]

[[ATTACHMENT|test-results/leaderboard-Leaderboard-Page-should-display-player-avatars-chromium-retry1/test-failed-1.png]]

[[ATTACHMENT|test-results/leaderboard-Leaderboard-Page-should-display-player-avatars-chromium-retry1/video.webm]]

[[ATTACHMENT|test-results/leaderboard-Leaderboard-Page-should-display-player-avatars-chromium-retry1/error-context.md]]

[[ATTACHMENT|test-results/leaderboard-Leaderboard-Page-should-display-player-avatars-chromium-retry1/trace.zip]]
]]>
</system-out>
</testcase>
<testcase name="Leaderboard Page › should navigate to menu when clicking OK (game completed)" classname="leaderboard.spec.ts" time="12.195">
</testcase>
<testcase name="Leaderboard Page › should show back button when game is not completed" classname="leaderboard.spec.ts" time="8.107">
</testcase>
<testcase name="Leaderboard Page › should not show back button when game is completed" classname="leaderboard.spec.ts" time="8.131">
</testcase>
<testcase name="Leaderboard Page › should show game complete message when game is completed" classname="leaderboard.spec.ts" time="8.639">
</testcase>
<testcase name="Leaderboard Page › should have scroll bar decoration" classname="leaderboard.spec.ts" time="7.945">
</testcase>
<testcase name="Leaderboard Page › should be responsive on mobile" classname="leaderboard.spec.ts" time="7.829">
</testcase>
<testcase name="Leaderboard Page › should have entries sorted by score descending" classname="leaderboard.spec.ts" time="7.964">
</testcase>
<testcase name="Leaderboard Page › should navigate to round-start when OK clicked (game not completed)" classname="leaderboard.spec.ts" time="12.213">
</testcase>
</testsuite>
<testsuite name="leaderboard.spec.ts" timestamp="2026-01-05T12:37:54.018Z" hostname="firefox" tests="13" failures="4" skipped="0" time="203.663" errors="0">
<testcase name="Leaderboard Page › should display leaderboard page with all elements" classname="leaderboard.spec.ts" time="9.402">
</testcase>
<testcase name="Leaderboard Page › should display leaderboard entries" classname="leaderboard.spec.ts" time="29.97">
<failure message="leaderboard.spec.ts:40:3 should display leaderboard entries" type="FAILURE">
<![CDATA[  [firefox] › leaderboard.spec.ts:40:3 › Leaderboard Page › should display leaderboard entries ─────

    Error: expect(locator).toBeVisible() failed

    Locator: locator('.leaderboard-item').first()
    Expected: visible
    Timeout: 5000ms
    Error: element(s) not found

    Call log:
      - Expect "toBeVisible" with timeout 5000ms
      - waiting for locator('.leaderboard-item').first()


      45 |
      46 |     // Wait for at least one entry to appear
    > 47 |     await expect(entries.first()).toBeVisible({ timeout: 5000 })
         |                                   ^
      48 |
      49 |     const count = await entries.count()
      50 |     expect(count).toBeGreaterThan(0)
        at /home/cloudcrusader/projects/riddle-rush-nuxt-pwa/apps/game/tests/e2e/leaderboard.spec.ts:47:35

    attachment #1: screenshot (image/png) ──────────────────────────────────────────────────────────
    ../../test-results/leaderboard-Leaderboard-Pa-063a3-display-leaderboard-entries-firefox/test-failed-1.png
    ────────────────────────────────────────────────────────────────────────────────────────────────

    Error Context: ../../test-results/leaderboard-Leaderboard-Pa-063a3-display-leaderboard-entries-firefox/error-context.md

    Retry #1 ───────────────────────────────────────────────────────────────────────────────────────

    Error: expect(locator).toBeVisible() failed

    Locator: locator('.leaderboard-item').first()
    Expected: visible
    Timeout: 5000ms
    Error: element(s) not found

    Call log:
      - Expect "toBeVisible" with timeout 5000ms
      - waiting for locator('.leaderboard-item').first()


      45 |
      46 |     // Wait for at least one entry to appear
    > 47 |     await expect(entries.first()).toBeVisible({ timeout: 5000 })
         |                                   ^
      48 |
      49 |     const count = await entries.count()
      50 |     expect(count).toBeGreaterThan(0)
        at /home/cloudcrusader/projects/riddle-rush-nuxt-pwa/apps/game/tests/e2e/leaderboard.spec.ts:47:35

    attachment #1: screenshot (image/png) ──────────────────────────────────────────────────────────
    ../../test-results/leaderboard-Leaderboard-Pa-063a3-display-leaderboard-entries-firefox-retry1/test-failed-1.png
    ────────────────────────────────────────────────────────────────────────────────────────────────

    attachment #2: video (video/webm) ──────────────────────────────────────────────────────────────
    ../../test-results/leaderboard-Leaderboard-Pa-063a3-display-leaderboard-entries-firefox-retry1/video.webm
    ────────────────────────────────────────────────────────────────────────────────────────────────

    Error Context: ../../test-results/leaderboard-Leaderboard-Pa-063a3-display-leaderboard-entries-firefox-retry1/error-context.md

    attachment #4: trace (application/zip) ─────────────────────────────────────────────────────────
    ../../test-results/leaderboard-Leaderboard-Pa-063a3-display-leaderboard-entries-firefox-retry1/trace.zip
    Usage:

        pnpm exec playwright show-trace ../../test-results/leaderboard-Leaderboard-Pa-063a3-display-leaderboard-entries-firefox-retry1/trace.zip

    ────────────────────────────────────────────────────────────────────────────────────────────────
]]>
</failure>
<system-out>
<![CDATA[
[[ATTACHMENT|test-results/leaderboard-Leaderboard-Pa-063a3-display-leaderboard-entries-firefox/test-failed-1.png]]

[[ATTACHMENT|test-results/leaderboard-Leaderboard-Pa-063a3-display-leaderboard-entries-firefox/error-context.md]]

[[ATTACHMENT|test-results/leaderboard-Leaderboard-Pa-063a3-display-leaderboard-entries-firefox-retry1/test-failed-1.png]]

[[ATTACHMENT|test-results/leaderboard-Leaderboard-Pa-063a3-display-leaderboard-entries-firefox-retry1/video.webm]]

[[ATTACHMENT|test-results/leaderboard-Leaderboard-Pa-063a3-display-leaderboard-entries-firefox-retry1/error-context.md]]

[[ATTACHMENT|test-results/leaderboard-Leaderboard-Pa-063a3-display-leaderboard-entries-firefox-retry1/trace.zip]]
]]>
</system-out>
</testcase>
<testcase name="Leaderboard Page › should display rank badges" classname="leaderboard.spec.ts" time="28.483">
<failure message="leaderboard.spec.ts:53:3 should display rank badges" type="FAILURE">
<![CDATA[  [firefox] › leaderboard.spec.ts:53:3 › Leaderboard Page › should display rank badges ─────────────

    Error: expect(locator).toBeVisible() failed

    Locator: locator('.leaderboard-item').first().locator('.rank-badge')
    Expected: visible
    Timeout: 5000ms
    Error: element(s) not found

    Call log:
      - Expect "toBeVisible" with timeout 5000ms
      - waiting for locator('.leaderboard-item').first().locator('.rank-badge')


      55 |     const rankBadge = firstEntry.locator('.rank-badge')
      56 |
    > 57 |     await expect(rankBadge).toBeVisible()
         |                             ^
      58 |   })
      59 |
      60 |   test('should display player info in each entry', async ({ page }) => {
        at /home/cloudcrusader/projects/riddle-rush-nuxt-pwa/apps/game/tests/e2e/leaderboard.spec.ts:57:29

    attachment #1: screenshot (image/png) ──────────────────────────────────────────────────────────
    ../../test-results/leaderboard-Leaderboard-Page-should-display-rank-badges-firefox/test-failed-1.png
    ────────────────────────────────────────────────────────────────────────────────────────────────

    Error Context: ../../test-results/leaderboard-Leaderboard-Page-should-display-rank-badges-firefox/error-context.md

    Retry #1 ───────────────────────────────────────────────────────────────────────────────────────

    Error: expect(locator).toBeVisible() failed

    Locator: locator('.leaderboard-item').first().locator('.rank-badge')
    Expected: visible
    Timeout: 5000ms
    Error: element(s) not found

    Call log:
      - Expect "toBeVisible" with timeout 5000ms
      - waiting for locator('.leaderboard-item').first().locator('.rank-badge')


      55 |     const rankBadge = firstEntry.locator('.rank-badge')
      56 |
    > 57 |     await expect(rankBadge).toBeVisible()
         |                             ^
      58 |   })
      59 |
      60 |   test('should display player info in each entry', async ({ page }) => {
        at /home/cloudcrusader/projects/riddle-rush-nuxt-pwa/apps/game/tests/e2e/leaderboard.spec.ts:57:29

    attachment #1: screenshot (image/png) ──────────────────────────────────────────────────────────
    ../../test-results/leaderboard-Leaderboard-Page-should-display-rank-badges-firefox-retry1/test-failed-1.png
    ────────────────────────────────────────────────────────────────────────────────────────────────

    attachment #2: video (video/webm) ──────────────────────────────────────────────────────────────
    ../../test-results/leaderboard-Leaderboard-Page-should-display-rank-badges-firefox-retry1/video.webm
    ────────────────────────────────────────────────────────────────────────────────────────────────

    Error Context: ../../test-results/leaderboard-Leaderboard-Page-should-display-rank-badges-firefox-retry1/error-context.md

    attachment #4: trace (application/zip) ─────────────────────────────────────────────────────────
    ../../test-results/leaderboard-Leaderboard-Page-should-display-rank-badges-firefox-retry1/trace.zip
    Usage:

        pnpm exec playwright show-trace ../../test-results/leaderboard-Leaderboard-Page-should-display-rank-badges-firefox-retry1/trace.zip

    ────────────────────────────────────────────────────────────────────────────────────────────────
]]>
</failure>
<system-out>
<![CDATA[
[[ATTACHMENT|test-results/leaderboard-Leaderboard-Page-should-display-rank-badges-firefox/test-failed-1.png]]

[[ATTACHMENT|test-results/leaderboard-Leaderboard-Page-should-display-rank-badges-firefox/error-context.md]]

[[ATTACHMENT|test-results/leaderboard-Leaderboard-Page-should-display-rank-badges-firefox-retry1/test-failed-1.png]]

[[ATTACHMENT|test-results/leaderboard-Leaderboard-Page-should-display-rank-badges-firefox-retry1/video.webm]]

[[ATTACHMENT|test-results/leaderboard-Leaderboard-Page-should-display-rank-badges-firefox-retry1/error-context.md]]

[[ATTACHMENT|test-results/leaderboard-Leaderboard-Page-should-display-rank-badges-firefox-retry1/trace.zip]]
]]>
</system-out>
</testcase>
<testcase name="Leaderboard Page › should display player info in each entry" classname="leaderboard.spec.ts" time="28.269">
<failure message="leaderboard.spec.ts:60:3 should display player info in each entry" type="FAILURE">
<![CDATA[  [firefox] › leaderboard.spec.ts:60:3 › Leaderboard Page › should display player info in each entry 

    Error: expect(locator).toBeVisible() failed

    Locator: locator('.leaderboard-item').first().locator('.player-name')
    Expected: visible
    Timeout: 5000ms
    Error: element(s) not found

    Call log:
      - Expect "toBeVisible" with timeout 5000ms
      - waiting for locator('.leaderboard-item').first().locator('.player-name')


      63 |     const scoreValue = firstEntry.locator('.score-value')
      64 |
    > 65 |     await expect(playerName).toBeVisible()
         |                              ^
      66 |     await expect(scoreValue).toBeVisible()
      67 |     await expect(scoreValue).toHaveText(/\d+/)
      68 |   })
        at /home/cloudcrusader/projects/riddle-rush-nuxt-pwa/apps/game/tests/e2e/leaderboard.spec.ts:65:30

    attachment #1: screenshot (image/png) ──────────────────────────────────────────────────────────
    ../../test-results/leaderboard-Leaderboard-Pa-5b63b-y-player-info-in-each-entry-firefox/test-failed-1.png
    ────────────────────────────────────────────────────────────────────────────────────────────────

    Error Context: ../../test-results/leaderboard-Leaderboard-Pa-5b63b-y-player-info-in-each-entry-firefox/error-context.md

    Retry #1 ───────────────────────────────────────────────────────────────────────────────────────

    Error: expect(locator).toBeVisible() failed

    Locator: locator('.leaderboard-item').first().locator('.player-name')
    Expected: visible
    Timeout: 5000ms
    Error: element(s) not found

    Call log:
      - Expect "toBeVisible" with timeout 5000ms
      - waiting for locator('.leaderboard-item').first().locator('.player-name')


      63 |     const scoreValue = firstEntry.locator('.score-value')
      64 |
    > 65 |     await expect(playerName).toBeVisible()
         |                              ^
      66 |     await expect(scoreValue).toBeVisible()
      67 |     await expect(scoreValue).toHaveText(/\d+/)
      68 |   })
        at /home/cloudcrusader/projects/riddle-rush-nuxt-pwa/apps/game/tests/e2e/leaderboard.spec.ts:65:30

    attachment #1: screenshot (image/png) ──────────────────────────────────────────────────────────
    ../../test-results/leaderboard-Leaderboard-Pa-5b63b-y-player-info-in-each-entry-firefox-retry1/test-failed-1.png
    ────────────────────────────────────────────────────────────────────────────────────────────────

    attachment #2: video (video/webm) ──────────────────────────────────────────────────────────────
    ../../test-results/leaderboard-Leaderboard-Pa-5b63b-y-player-info-in-each-entry-firefox-retry1/video.webm
    ────────────────────────────────────────────────────────────────────────────────────────────────

    Error Context: ../../test-results/leaderboard-Leaderboard-Pa-5b63b-y-player-info-in-each-entry-firefox-retry1/error-context.md

    attachment #4: trace (application/zip) ─────────────────────────────────────────────────────────
    ../../test-results/leaderboard-Leaderboard-Pa-5b63b-y-player-info-in-each-entry-firefox-retry1/trace.zip
    Usage:

        pnpm exec playwright show-trace ../../test-results/leaderboard-Leaderboard-Pa-5b63b-y-player-info-in-each-entry-firefox-retry1/trace.zip

    ────────────────────────────────────────────────────────────────────────────────────────────────
]]>
</failure>
<system-out>
<![CDATA[
[[ATTACHMENT|test-results/leaderboard-Leaderboard-Pa-5b63b-y-player-info-in-each-entry-firefox/test-failed-1.png]]

[[ATTACHMENT|test-results/leaderboard-Leaderboard-Pa-5b63b-y-player-info-in-each-entry-firefox/error-context.md]]

[[ATTACHMENT|test-results/leaderboard-Leaderboard-Pa-5b63b-y-player-info-in-each-entry-firefox-retry1/test-failed-1.png]]

[[ATTACHMENT|test-results/leaderboard-Leaderboard-Pa-5b63b-y-player-info-in-each-entry-firefox-retry1/video.webm]]

[[ATTACHMENT|test-results/leaderboard-Leaderboard-Pa-5b63b-y-player-info-in-each-entry-firefox-retry1/error-context.md]]

[[ATTACHMENT|test-results/leaderboard-Leaderboard-Pa-5b63b-y-player-info-in-each-entry-firefox-retry1/trace.zip]]
]]>
</system-out>
</testcase>
<testcase name="Leaderboard Page › should display player avatars" classname="leaderboard.spec.ts" time="29.048">
<failure message="leaderboard.spec.ts:70:3 should display player avatars" type="FAILURE">
<![CDATA[  [firefox] › leaderboard.spec.ts:70:3 › Leaderboard Page › should display player avatars ──────────

    Error: expect(locator).toBeVisible() failed

    Locator: locator('.leaderboard-item').first().locator('.player-avatar')
    Expected: visible
    Timeout: 5000ms
    Error: element(s) not found

    Call log:
      - Expect "toBeVisible" with timeout 5000ms
      - waiting for locator('.leaderboard-item').first().locator('.player-avatar')


      72 |     const playerAvatar = firstEntry.locator('.player-avatar')
      73 |
    > 74 |     await expect(playerAvatar).toBeVisible()
         |                                ^
      75 |   })
      76 |
      77 |   test('should navigate to menu when clicking OK (game completed)', async ({ page }) => {
        at /home/cloudcrusader/projects/riddle-rush-nuxt-pwa/apps/game/tests/e2e/leaderboard.spec.ts:74:32

    attachment #1: screenshot (image/png) ──────────────────────────────────────────────────────────
    ../../test-results/leaderboard-Leaderboard-Page-should-display-player-avatars-firefox/test-failed-1.png
    ────────────────────────────────────────────────────────────────────────────────────────────────

    Error Context: ../../test-results/leaderboard-Leaderboard-Page-should-display-player-avatars-firefox/error-context.md

    Retry #1 ───────────────────────────────────────────────────────────────────────────────────────

    Error: expect(locator).toBeVisible() failed

    Locator: locator('.leaderboard-item').first().locator('.player-avatar')
    Expected: visible
    Timeout: 5000ms
    Error: element(s) not found

    Call log:
      - Expect "toBeVisible" with timeout 5000ms
      - waiting for locator('.leaderboard-item').first().locator('.player-avatar')


      72 |     const playerAvatar = firstEntry.locator('.player-avatar')
      73 |
    > 74 |     await expect(playerAvatar).toBeVisible()
         |                                ^
      75 |   })
      76 |
      77 |   test('should navigate to menu when clicking OK (game completed)', async ({ page }) => {
        at /home/cloudcrusader/projects/riddle-rush-nuxt-pwa/apps/game/tests/e2e/leaderboard.spec.ts:74:32

    attachment #1: screenshot (image/png) ──────────────────────────────────────────────────────────
    ../../test-results/leaderboard-Leaderboard-Page-should-display-player-avatars-firefox-retry1/test-failed-1.png
    ────────────────────────────────────────────────────────────────────────────────────────────────

    attachment #2: video (video/webm) ──────────────────────────────────────────────────────────────
    ../../test-results/leaderboard-Leaderboard-Page-should-display-player-avatars-firefox-retry1/video.webm
    ────────────────────────────────────────────────────────────────────────────────────────────────

    Error Context: ../../test-results/leaderboard-Leaderboard-Page-should-display-player-avatars-firefox-retry1/error-context.md

    attachment #4: trace (application/zip) ─────────────────────────────────────────────────────────
    ../../test-results/leaderboard-Leaderboard-Page-should-display-player-avatars-firefox-retry1/trace.zip
    Usage:

        pnpm exec playwright show-trace ../../test-results/leaderboard-Leaderboard-Page-should-display-player-avatars-firefox-retry1/trace.zip

    ────────────────────────────────────────────────────────────────────────────────────────────────
]]>
</failure>
<system-out>
<![CDATA[
[[ATTACHMENT|test-results/leaderboard-Leaderboard-Page-should-display-player-avatars-firefox/test-failed-1.png]]

[[ATTACHMENT|test-results/leaderboard-Leaderboard-Page-should-display-player-avatars-firefox/error-context.md]]

[[ATTACHMENT|test-results/leaderboard-Leaderboard-Page-should-display-player-avatars-firefox-retry1/test-failed-1.png]]

[[ATTACHMENT|test-results/leaderboard-Leaderboard-Page-should-display-player-avatars-firefox-retry1/video.webm]]

[[ATTACHMENT|test-results/leaderboard-Leaderboard-Page-should-display-player-avatars-firefox-retry1/error-context.md]]

[[ATTACHMENT|test-results/leaderboard-Leaderboard-Page-should-display-player-avatars-firefox-retry1/trace.zip]]
]]>
</system-out>
</testcase>
<testcase name="Leaderboard Page › should navigate to menu when clicking OK (game completed)" classname="leaderboard.spec.ts" time="12.602">
</testcase>
<testcase name="Leaderboard Page › should show back button when game is not completed" classname="leaderboard.spec.ts" time="8.866">
</testcase>
<testcase name="Leaderboard Page › should not show back button when game is completed" classname="leaderboard.spec.ts" time="8.759">
</testcase>
<testcase name="Leaderboard Page › should show game complete message when game is completed" classname="leaderboard.spec.ts" time="8.335">
</testcase>
<testcase name="Leaderboard Page › should have scroll bar decoration" classname="leaderboard.spec.ts" time="8.831">
</testcase>
<testcase name="Leaderboard Page › should be responsive on mobile" classname="leaderboard.spec.ts" time="8.34">
</testcase>
<testcase name="Leaderboard Page › should have entries sorted by score descending" classname="leaderboard.spec.ts" time="9.063">
</testcase>
<testcase name="Leaderboard Page › should navigate to round-start when OK clicked (game not completed)" classname="leaderboard.spec.ts" time="13.695">
</testcase>
</testsuite>
<testsuite name="leaderboard.spec.ts" timestamp="2026-01-05T12:37:54.018Z" hostname="webkit" tests="13" failures="13" skipped="0" time="0.093" errors="0">
<testcase name="Leaderboard Page › should display leaderboard page with all elements" classname="leaderboard.spec.ts" time="0.007">
<failure message="leaderboard.spec.ts:22:3 should display leaderboard page with all elements" type="FAILURE">
<![CDATA[  [webkit] › leaderboard.spec.ts:22:3 › Leaderboard Page › should display leaderboard page with all elements 

    Error: browserType.launch: 
    ╔══════════════════════════════════════════════════════╗
    ║ Host system is missing dependencies to run browsers. ║
    ║ Please install them with the following command:      ║
    ║                                                      ║
    ║     sudo pnpm exec playwright install-deps           ║
    ║                                                      ║
    ║ Alternatively, use apt:                              ║
    ║     sudo apt-get install libicu74\                   ║
    ║         libxml2\                                     ║
    ║         libvpx9\                                     ║
    ║         libflite1                                    ║
    ║                                                      ║
    ║ <3 Playwright Team                                   ║
    ╚══════════════════════════════════════════════════════╝

    Retry #1 ───────────────────────────────────────────────────────────────────────────────────────

    Error: browserType.launch: 
    ╔══════════════════════════════════════════════════════╗
    ║ Host system is missing dependencies to run browsers. ║
    ║ Please install them with the following command:      ║
    ║                                                      ║
    ║     sudo pnpm exec playwright install-deps           ║
    ║                                                      ║
    ║ Alternatively, use apt:                              ║
    ║     sudo apt-get install libicu74\                   ║
    ║         libxml2\                                     ║
    ║         libvpx9\                                     ║
    ║         libflite1                                    ║
    ║                                                      ║
    ║ <3 Playwright Team                                   ║
    ╚══════════════════════════════════════════════════════╝

    attachment #1: trace (application/zip) ─────────────────────────────────────────────────────────
    ../../test-results/leaderboard-Leaderboard-Pa-f6c9d-oard-page-with-all-elements-webkit-retry1/trace.zip
    Usage:

        pnpm exec playwright show-trace ../../test-results/leaderboard-Leaderboard-Pa-f6c9d-oard-page-with-all-elements-webkit-retry1/trace.zip

    ────────────────────────────────────────────────────────────────────────────────────────────────
]]>
</failure>
<system-out>
<![CDATA[
[[ATTACHMENT|test-results/leaderboard-Leaderboard-Pa-f6c9d-oard-page-with-all-elements-webkit-retry1/trace.zip]]
]]>
</system-out>
</testcase>
<testcase name="Leaderboard Page › should display leaderboard entries" classname="leaderboard.spec.ts" time="0.006">
<failure message="leaderboard.spec.ts:40:3 should display leaderboard entries" type="FAILURE">
<![CDATA[  [webkit] › leaderboard.spec.ts:40:3 › Leaderboard Page › should display leaderboard entries ──────

    Error: browserType.launch: 
    ╔══════════════════════════════════════════════════════╗
    ║ Host system is missing dependencies to run browsers. ║
    ║ Please install them with the following command:      ║
    ║                                                      ║
    ║     sudo pnpm exec playwright install-deps           ║
    ║                                                      ║
    ║ Alternatively, use apt:                              ║
    ║     sudo apt-get install libicu74\                   ║
    ║         libxml2\                                     ║
    ║         libvpx9\                                     ║
    ║         libflite1                                    ║
    ║                                                      ║
    ║ <3 Playwright Team                                   ║
    ╚══════════════════════════════════════════════════════╝

    Retry #1 ───────────────────────────────────────────────────────────────────────────────────────

    Error: browserType.launch: 
    ╔══════════════════════════════════════════════════════╗
    ║ Host system is missing dependencies to run browsers. ║
    ║ Please install them with the following command:      ║
    ║                                                      ║
    ║     sudo pnpm exec playwright install-deps           ║
    ║                                                      ║
    ║ Alternatively, use apt:                              ║
    ║     sudo apt-get install libicu74\                   ║
    ║         libxml2\                                     ║
    ║         libvpx9\                                     ║
    ║         libflite1                                    ║
    ║                                                      ║
    ║ <3 Playwright Team                                   ║
    ╚══════════════════════════════════════════════════════╝

    attachment #1: trace (application/zip) ─────────────────────────────────────────────────────────
    ../../test-results/leaderboard-Leaderboard-Pa-063a3-display-leaderboard-entries-webkit-retry1/trace.zip
    Usage:

        pnpm exec playwright show-trace ../../test-results/leaderboard-Leaderboard-Pa-063a3-display-leaderboard-entries-webkit-retry1/trace.zip

    ────────────────────────────────────────────────────────────────────────────────────────────────
]]>
</failure>
<system-out>
<![CDATA[
[[ATTACHMENT|test-results/leaderboard-Leaderboard-Pa-063a3-display-leaderboard-entries-webkit-retry1/trace.zip]]
]]>
</system-out>
</testcase>
<testcase name="Leaderboard Page › should display rank badges" classname="leaderboard.spec.ts" time="0.008">
<failure message="leaderboard.spec.ts:53:3 should display rank badges" type="FAILURE">
<![CDATA[  [webkit] › leaderboard.spec.ts:53:3 › Leaderboard Page › should display rank badges ──────────────

    Error: browserType.launch: 
    ╔══════════════════════════════════════════════════════╗
    ║ Host system is missing dependencies to run browsers. ║
    ║ Please install them with the following command:      ║
    ║                                                      ║
    ║     sudo pnpm exec playwright install-deps           ║
    ║                                                      ║
    ║ Alternatively, use apt:                              ║
    ║     sudo apt-get install libicu74\                   ║
    ║         libxml2\                                     ║
    ║         libvpx9\                                     ║
    ║         libflite1                                    ║
    ║                                                      ║
    ║ <3 Playwright Team                                   ║
    ╚══════════════════════════════════════════════════════╝

    Retry #1 ───────────────────────────────────────────────────────────────────────────────────────

    Error: browserType.launch: 
    ╔══════════════════════════════════════════════════════╗
    ║ Host system is missing dependencies to run browsers. ║
    ║ Please install them with the following command:      ║
    ║                                                      ║
    ║     sudo pnpm exec playwright install-deps           ║
    ║                                                      ║
    ║ Alternatively, use apt:                              ║
    ║     sudo apt-get install libicu74\                   ║
    ║         libxml2\                                     ║
    ║         libvpx9\                                     ║
    ║         libflite1                                    ║
    ║                                                      ║
    ║ <3 Playwright Team                                   ║
    ╚══════════════════════════════════════════════════════╝

    attachment #1: trace (application/zip) ─────────────────────────────────────────────────────────
    ../../test-results/leaderboard-Leaderboard-Page-should-display-rank-badges-webkit-retry1/trace.zip
    Usage:

        pnpm exec playwright show-trace ../../test-results/leaderboard-Leaderboard-Page-should-display-rank-badges-webkit-retry1/trace.zip

    ────────────────────────────────────────────────────────────────────────────────────────────────
]]>
</failure>
<system-out>
<![CDATA[
[[ATTACHMENT|test-results/leaderboard-Leaderboard-Page-should-display-rank-badges-webkit-retry1/trace.zip]]
]]>
</system-out>
</testcase>
<testcase name="Leaderboard Page › should display player info in each entry" classname="leaderboard.spec.ts" time="0.007">
<failure message="leaderboard.spec.ts:60:3 should display player info in each entry" type="FAILURE">
<![CDATA[  [webkit] › leaderboard.spec.ts:60:3 › Leaderboard Page › should display player info in each entry 

    Error: browserType.launch: 
    ╔══════════════════════════════════════════════════════╗
    ║ Host system is missing dependencies to run browsers. ║
    ║ Please install them with the following command:      ║
    ║                                                      ║
    ║     sudo pnpm exec playwright install-deps           ║
    ║                                                      ║
    ║ Alternatively, use apt:                              ║
    ║     sudo apt-get install libicu74\                   ║
    ║         libxml2\                                     ║
    ║         libvpx9\                                     ║
    ║         libflite1                                    ║
    ║                                                      ║
    ║ <3 Playwright Team                                   ║
    ╚══════════════════════════════════════════════════════╝

    Retry #1 ───────────────────────────────────────────────────────────────────────────────────────

    Error: browserType.launch: 
    ╔══════════════════════════════════════════════════════╗
    ║ Host system is missing dependencies to run browsers. ║
    ║ Please install them with the following command:      ║
    ║                                                      ║
    ║     sudo pnpm exec playwright install-deps           ║
    ║                                                      ║
    ║ Alternatively, use apt:                              ║
    ║     sudo apt-get install libicu74\                   ║
    ║         libxml2\                                     ║
    ║         libvpx9\                                     ║
    ║         libflite1                                    ║
    ║                                                      ║
    ║ <3 Playwright Team                                   ║
    ╚══════════════════════════════════════════════════════╝

    attachment #1: trace (application/zip) ─────────────────────────────────────────────────────────
    ../../test-results/leaderboard-Leaderboard-Pa-5b63b-y-player-info-in-each-entry-webkit-retry1/trace.zip
    Usage:

        pnpm exec playwright show-trace ../../test-results/leaderboard-Leaderboard-Pa-5b63b-y-player-info-in-each-entry-webkit-retry1/trace.zip

    ────────────────────────────────────────────────────────────────────────────────────────────────
]]>
</failure>
<system-out>
<![CDATA[
[[ATTACHMENT|test-results/leaderboard-Leaderboard-Pa-5b63b-y-player-info-in-each-entry-webkit-retry1/trace.zip]]
]]>
</system-out>
</testcase>
<testcase name="Leaderboard Page › should display player avatars" classname="leaderboard.spec.ts" time="0.008">
<failure message="leaderboard.spec.ts:70:3 should display player avatars" type="FAILURE">
<![CDATA[  [webkit] › leaderboard.spec.ts:70:3 › Leaderboard Page › should display player avatars ───────────

    Error: browserType.launch: 
    ╔══════════════════════════════════════════════════════╗
    ║ Host system is missing dependencies to run browsers. ║
    ║ Please install them with the following command:      ║
    ║                                                      ║
    ║     sudo pnpm exec playwright install-deps           ║
    ║                                                      ║
    ║ Alternatively, use apt:                              ║
    ║     sudo apt-get install libicu74\                   ║
    ║         libxml2\                                     ║
    ║         libvpx9\                                     ║
    ║         libflite1                                    ║
    ║                                                      ║
    ║ <3 Playwright Team                                   ║
    ╚══════════════════════════════════════════════════════╝

    Retry #1 ───────────────────────────────────────────────────────────────────────────────────────

    Error: browserType.launch: 
    ╔══════════════════════════════════════════════════════╗
    ║ Host system is missing dependencies to run browsers. ║
    ║ Please install them with the following command:      ║
    ║                                                      ║
    ║     sudo pnpm exec playwright install-deps           ║
    ║                                                      ║
    ║ Alternatively, use apt:                              ║
    ║     sudo apt-get install libicu74\                   ║
    ║         libxml2\                                     ║
    ║         libvpx9\                                     ║
    ║         libflite1                                    ║
    ║                                                      ║
    ║ <3 Playwright Team                                   ║
    ╚══════════════════════════════════════════════════════╝

    attachment #1: trace (application/zip) ─────────────────────────────────────────────────────────
    ../../test-results/leaderboard-Leaderboard-Page-should-display-player-avatars-webkit-retry1/trace.zip
    Usage:

        pnpm exec playwright show-trace ../../test-results/leaderboard-Leaderboard-Page-should-display-player-avatars-webkit-retry1/trace.zip

    ────────────────────────────────────────────────────────────────────────────────────────────────
]]>
</failure>
<system-out>
<![CDATA[
[[ATTACHMENT|test-results/leaderboard-Leaderboard-Page-should-display-player-avatars-webkit-retry1/trace.zip]]
]]>
</system-out>
</testcase>
<testcase name="Leaderboard Page › should navigate to menu when clicking OK (game completed)" classname="leaderboard.spec.ts" time="0.007">
<failure message="leaderboard.spec.ts:77:3 should navigate to menu when clicking OK (game completed)" type="FAILURE">
<![CDATA[  [webkit] › leaderboard.spec.ts:77:3 › Leaderboard Page › should navigate to menu when clicking OK (game completed) 

    Error: browserType.launch: 
    ╔══════════════════════════════════════════════════════╗
    ║ Host system is missing dependencies to run browsers. ║
    ║ Please install them with the following command:      ║
    ║                                                      ║
    ║     sudo pnpm exec playwright install-deps           ║
    ║                                                      ║
    ║ Alternatively, use apt:                              ║
    ║     sudo apt-get install libicu74\                   ║
    ║         libxml2\                                     ║
    ║         libvpx9\                                     ║
    ║         libflite1                                    ║
    ║                                                      ║
    ║ <3 Playwright Team                                   ║
    ╚══════════════════════════════════════════════════════╝

    Retry #1 ───────────────────────────────────────────────────────────────────────────────────────

    Error: browserType.launch: 
    ╔══════════════════════════════════════════════════════╗
    ║ Host system is missing dependencies to run browsers. ║
    ║ Please install them with the following command:      ║
    ║                                                      ║
    ║     sudo pnpm exec playwright install-deps           ║
    ║                                                      ║
    ║ Alternatively, use apt:                              ║
    ║     sudo apt-get install libicu74\                   ║
    ║         libxml2\                                     ║
    ║         libvpx9\                                     ║
    ║         libflite1                                    ║
    ║                                                      ║
    ║ <3 Playwright Team                                   ║
    ╚══════════════════════════════════════════════════════╝

    attachment #1: trace (application/zip) ─────────────────────────────────────────────────────────
    ../../test-results/leaderboard-Leaderboard-Pa-88858-clicking-OK-game-completed--webkit-retry1/trace.zip
    Usage:

        pnpm exec playwright show-trace ../../test-results/leaderboard-Leaderboard-Pa-88858-clicking-OK-game-completed--webkit-retry1/trace.zip

    ────────────────────────────────────────────────────────────────────────────────────────────────
]]>
</failure>
<system-out>
<![CDATA[
[[ATTACHMENT|test-results/leaderboard-Leaderboard-Pa-88858-clicking-OK-game-completed--webkit-retry1/trace.zip]]
]]>
</system-out>
</testcase>
<testcase name="Leaderboard Page › should show back button when game is not completed" classname="leaderboard.spec.ts" time="0.007">
<failure message="leaderboard.spec.ts:87:3 should show back button when game is not completed" type="FAILURE">
<![CDATA[  [webkit] › leaderboard.spec.ts:87:3 › Leaderboard Page › should show back button when game is not completed 

    Error: browserType.launch: 
    ╔══════════════════════════════════════════════════════╗
    ║ Host system is missing dependencies to run browsers. ║
    ║ Please install them with the following command:      ║
    ║                                                      ║
    ║     sudo pnpm exec playwright install-deps           ║
    ║                                                      ║
    ║ Alternatively, use apt:                              ║
    ║     sudo apt-get install libicu74\                   ║
    ║         libxml2\                                     ║
    ║         libvpx9\                                     ║
    ║         libflite1                                    ║
    ║                                                      ║
    ║ <3 Playwright Team                                   ║
    ╚══════════════════════════════════════════════════════╝

    Retry #1 ───────────────────────────────────────────────────────────────────────────────────────

    Error: browserType.launch: 
    ╔══════════════════════════════════════════════════════╗
    ║ Host system is missing dependencies to run browsers. ║
    ║ Please install them with the following command:      ║
    ║                                                      ║
    ║     sudo pnpm exec playwright install-deps           ║
    ║                                                      ║
    ║ Alternatively, use apt:                              ║
    ║     sudo apt-get install libicu74\                   ║
    ║         libxml2\                                     ║
    ║         libvpx9\                                     ║
    ║         libflite1                                    ║
    ║                                                      ║
    ║ <3 Playwright Team                                   ║
    ╚══════════════════════════════════════════════════════╝

    attachment #1: trace (application/zip) ─────────────────────────────────────────────────────────
    ../../test-results/leaderboard-Leaderboard-Pa-5bf6d--when-game-is-not-completed-webkit-retry1/trace.zip
    Usage:

        pnpm exec playwright show-trace ../../test-results/leaderboard-Leaderboard-Pa-5bf6d--when-game-is-not-completed-webkit-retry1/trace.zip

    ────────────────────────────────────────────────────────────────────────────────────────────────
]]>
</failure>
<system-out>
<![CDATA[
[[ATTACHMENT|test-results/leaderboard-Leaderboard-Pa-5bf6d--when-game-is-not-completed-webkit-retry1/trace.zip]]
]]>
</system-out>
</testcase>
<testcase name="Leaderboard Page › should not show back button when game is completed" classname="leaderboard.spec.ts" time="0.008">
<failure message="leaderboard.spec.ts:98:3 should not show back button when game is completed" type="FAILURE">
<![CDATA[  [webkit] › leaderboard.spec.ts:98:3 › Leaderboard Page › should not show back button when game is completed 

    Error: browserType.launch: 
    ╔══════════════════════════════════════════════════════╗
    ║ Host system is missing dependencies to run browsers. ║
    ║ Please install them with the following command:      ║
    ║                                                      ║
    ║     sudo pnpm exec playwright install-deps           ║
    ║                                                      ║
    ║ Alternatively, use apt:                              ║
    ║     sudo apt-get install libicu74\                   ║
    ║         libxml2\                                     ║
    ║         libvpx9\                                     ║
    ║         libflite1                                    ║
    ║                                                      ║
    ║ <3 Playwright Team                                   ║
    ╚══════════════════════════════════════════════════════╝

    Retry #1 ───────────────────────────────────────────────────────────────────────────────────────

    Error: browserType.launch: 
    ╔══════════════════════════════════════════════════════╗
    ║ Host system is missing dependencies to run browsers. ║
    ║ Please install them with the following command:      ║
    ║                                                      ║
    ║     sudo pnpm exec playwright install-deps           ║
    ║                                                      ║
    ║ Alternatively, use apt:                              ║
    ║     sudo apt-get install libicu74\                   ║
    ║         libxml2\                                     ║
    ║         libvpx9\                                     ║
    ║         libflite1                                    ║
    ║                                                      ║
    ║ <3 Playwright Team                                   ║
    ╚══════════════════════════════════════════════════════╝

    attachment #1: trace (application/zip) ─────────────────────────────────────────────────────────
    ../../test-results/leaderboard-Leaderboard-Pa-526f6-tton-when-game-is-completed-webkit-retry1/trace.zip
    Usage:

        pnpm exec playwright show-trace ../../test-results/leaderboard-Leaderboard-Pa-526f6-tton-when-game-is-completed-webkit-retry1/trace.zip

    ────────────────────────────────────────────────────────────────────────────────────────────────
]]>
</failure>
<system-out>
<![CDATA[
[[ATTACHMENT|test-results/leaderboard-Leaderboard-Pa-526f6-tton-when-game-is-completed-webkit-retry1/trace.zip]]
]]>
</system-out>
</testcase>
<testcase name="Leaderboard Page › should show game complete message when game is completed" classname="leaderboard.spec.ts" time="0.006">
<failure message="leaderboard.spec.ts:106:3 should show game complete message when game is completed" type="FAILURE">
<![CDATA[  [webkit] › leaderboard.spec.ts:106:3 › Leaderboard Page › should show game complete message when game is completed 

    Error: browserType.launch: 
    ╔══════════════════════════════════════════════════════╗
    ║ Host system is missing dependencies to run browsers. ║
    ║ Please install them with the following command:      ║
    ║                                                      ║
    ║     sudo pnpm exec playwright install-deps           ║
    ║                                                      ║
    ║ Alternatively, use apt:                              ║
    ║     sudo apt-get install libicu74\                   ║
    ║         libxml2\                                     ║
    ║         libvpx9\                                     ║
    ║         libflite1                                    ║
    ║                                                      ║
    ║ <3 Playwright Team                                   ║
    ╚══════════════════════════════════════════════════════╝

    Retry #1 ───────────────────────────────────────────────────────────────────────────────────────

    Error: browserType.launch: 
    ╔══════════════════════════════════════════════════════╗
    ║ Host system is missing dependencies to run browsers. ║
    ║ Please install them with the following command:      ║
    ║                                                      ║
    ║     sudo pnpm exec playwright install-deps           ║
    ║                                                      ║
    ║ Alternatively, use apt:                              ║
    ║     sudo apt-get install libicu74\                   ║
    ║         libxml2\                                     ║
    ║         libvpx9\                                     ║
    ║         libflite1                                    ║
    ║                                                      ║
    ║ <3 Playwright Team                                   ║
    ╚══════════════════════════════════════════════════════╝

    attachment #1: trace (application/zip) ─────────────────────────────────────────────────────────
    ../../test-results/leaderboard-Leaderboard-Pa-4f842-sage-when-game-is-completed-webkit-retry1/trace.zip
    Usage:

        pnpm exec playwright show-trace ../../test-results/leaderboard-Leaderboard-Pa-4f842-sage-when-game-is-completed-webkit-retry1/trace.zip

    ────────────────────────────────────────────────────────────────────────────────────────────────
]]>
</failure>
<system-out>
<![CDATA[
[[ATTACHMENT|test-results/leaderboard-Leaderboard-Pa-4f842-sage-when-game-is-completed-webkit-retry1/trace.zip]]
]]>
</system-out>
</testcase>
<testcase name="Leaderboard Page › should have scroll bar decoration" classname="leaderboard.spec.ts" time="0.007">
<failure message="leaderboard.spec.ts:116:3 should have scroll bar decoration" type="FAILURE">
<![CDATA[  [webkit] › leaderboard.spec.ts:116:3 › Leaderboard Page › should have scroll bar decoration ──────

    Error: browserType.launch: 
    ╔══════════════════════════════════════════════════════╗
    ║ Host system is missing dependencies to run browsers. ║
    ║ Please install them with the following command:      ║
    ║                                                      ║
    ║     sudo pnpm exec playwright install-deps           ║
    ║                                                      ║
    ║ Alternatively, use apt:                              ║
    ║     sudo apt-get install libicu74\                   ║
    ║         libxml2\                                     ║
    ║         libvpx9\                                     ║
    ║         libflite1                                    ║
    ║                                                      ║
    ║ <3 Playwright Team                                   ║
    ╚══════════════════════════════════════════════════════╝

    Retry #1 ───────────────────────────────────────────────────────────────────────────────────────

    Error: browserType.launch: 
    ╔══════════════════════════════════════════════════════╗
    ║ Host system is missing dependencies to run browsers. ║
    ║ Please install them with the following command:      ║
    ║                                                      ║
    ║     sudo pnpm exec playwright install-deps           ║
    ║                                                      ║
    ║ Alternatively, use apt:                              ║
    ║     sudo apt-get install libicu74\                   ║
    ║         libxml2\                                     ║
    ║         libvpx9\                                     ║
    ║         libflite1                                    ║
    ║                                                      ║
    ║ <3 Playwright Team                                   ║
    ╚══════════════════════════════════════════════════════╝

    attachment #1: trace (application/zip) ─────────────────────────────────────────────────────────
    ../../test-results/leaderboard-Leaderboard-Pa-1b5d3--have-scroll-bar-decoration-webkit-retry1/trace.zip
    Usage:

        pnpm exec playwright show-trace ../../test-results/leaderboard-Leaderboard-Pa-1b5d3--have-scroll-bar-decoration-webkit-retry1/trace.zip

    ────────────────────────────────────────────────────────────────────────────────────────────────
]]>
</failure>
<system-out>
<![CDATA[
[[ATTACHMENT|test-results/leaderboard-Leaderboard-Pa-1b5d3--have-scroll-bar-decoration-webkit-retry1/trace.zip]]
]]>
</system-out>
</testcase>
<testcase name="Leaderboard Page › should be responsive on mobile" classname="leaderboard.spec.ts" time="0.008">
<failure message="leaderboard.spec.ts:121:3 should be responsive on mobile" type="FAILURE">
<![CDATA[  [webkit] › leaderboard.spec.ts:121:3 › Leaderboard Page › should be responsive on mobile ─────────

    Error: browserType.launch: 
    ╔══════════════════════════════════════════════════════╗
    ║ Host system is missing dependencies to run browsers. ║
    ║ Please install them with the following command:      ║
    ║                                                      ║
    ║     sudo pnpm exec playwright install-deps           ║
    ║                                                      ║
    ║ Alternatively, use apt:                              ║
    ║     sudo apt-get install libicu74\                   ║
    ║         libxml2\                                     ║
    ║         libvpx9\                                     ║
    ║         libflite1                                    ║
    ║                                                      ║
    ║ <3 Playwright Team                                   ║
    ╚══════════════════════════════════════════════════════╝

    Retry #1 ───────────────────────────────────────────────────────────────────────────────────────

    Error: browserType.launch: 
    ╔══════════════════════════════════════════════════════╗
    ║ Host system is missing dependencies to run browsers. ║
    ║ Please install them with the following command:      ║
    ║                                                      ║
    ║     sudo pnpm exec playwright install-deps           ║
    ║                                                      ║
    ║ Alternatively, use apt:                              ║
    ║     sudo apt-get install libicu74\                   ║
    ║         libxml2\                                     ║
    ║         libvpx9\                                     ║
    ║         libflite1                                    ║
    ║                                                      ║
    ║ <3 Playwright Team                                   ║
    ╚══════════════════════════════════════════════════════╝

    attachment #1: trace (application/zip) ─────────────────────────────────────────────────────────
    ../../test-results/leaderboard-Leaderboard-Page-should-be-responsive-on-mobile-webkit-retry1/trace.zip
    Usage:

        pnpm exec playwright show-trace ../../test-results/leaderboard-Leaderboard-Page-should-be-responsive-on-mobile-webkit-retry1/trace.zip

    ────────────────────────────────────────────────────────────────────────────────────────────────
]]>
</failure>
<system-out>
<![CDATA[
[[ATTACHMENT|test-results/leaderboard-Leaderboard-Page-should-be-responsive-on-mobile-webkit-retry1/trace.zip]]
]]>
</system-out>
</testcase>
<testcase name="Leaderboard Page › should have entries sorted by score descending" classname="leaderboard.spec.ts" time="0.007">
<failure message="leaderboard.spec.ts:133:3 should have entries sorted by score descending" type="FAILURE">
<![CDATA[  [webkit] › leaderboard.spec.ts:133:3 › Leaderboard Page › should have entries sorted by score descending 

    Error: browserType.launch: 
    ╔══════════════════════════════════════════════════════╗
    ║ Host system is missing dependencies to run browsers. ║
    ║ Please install them with the following command:      ║
    ║                                                      ║
    ║     sudo pnpm exec playwright install-deps           ║
    ║                                                      ║
    ║ Alternatively, use apt:                              ║
    ║     sudo apt-get install libicu74\                   ║
    ║         libxml2\                                     ║
    ║         libvpx9\                                     ║
    ║         libflite1                                    ║
    ║                                                      ║
    ║ <3 Playwright Team                                   ║
    ╚══════════════════════════════════════════════════════╝

    Retry #1 ───────────────────────────────────────────────────────────────────────────────────────

    Error: browserType.launch: 
    ╔══════════════════════════════════════════════════════╗
    ║ Host system is missing dependencies to run browsers. ║
    ║ Please install them with the following command:      ║
    ║                                                      ║
    ║     sudo pnpm exec playwright install-deps           ║
    ║                                                      ║
    ║ Alternatively, use apt:                              ║
    ║     sudo apt-get install libicu74\                   ║
    ║         libxml2\                                     ║
    ║         libvpx9\                                     ║
    ║         libflite1                                    ║
    ║                                                      ║
    ║ <3 Playwright Team                                   ║
    ╚══════════════════════════════════════════════════════╝

    attachment #1: trace (application/zip) ─────────────────────────────────────────────────────────
    ../../test-results/leaderboard-Leaderboard-Pa-325a9--sorted-by-score-descending-webkit-retry1/trace.zip
    Usage:

        pnpm exec playwright show-trace ../../test-results/leaderboard-Leaderboard-Pa-325a9--sorted-by-score-descending-webkit-retry1/trace.zip

    ────────────────────────────────────────────────────────────────────────────────────────────────
]]>
</failure>
<system-out>
<![CDATA[
[[ATTACHMENT|test-results/leaderboard-Leaderboard-Pa-325a9--sorted-by-score-descending-webkit-retry1/trace.zip]]
]]>
</system-out>
</testcase>
<testcase name="Leaderboard Page › should navigate to round-start when OK clicked (game not completed)" classname="leaderboard.spec.ts" time="0.007">
<failure message="leaderboard.spec.ts:147:3 should navigate to round-start when OK clicked (game not completed)" type="FAILURE">
<![CDATA[  [webkit] › leaderboard.spec.ts:147:3 › Leaderboard Page › should navigate to round-start when OK clicked (game not completed) 

    Error: browserType.launch: 
    ╔══════════════════════════════════════════════════════╗
    ║ Host system is missing dependencies to run browsers. ║
    ║ Please install them with the following command:      ║
    ║                                                      ║
    ║     sudo pnpm exec playwright install-deps           ║
    ║                                                      ║
    ║ Alternatively, use apt:                              ║
    ║     sudo apt-get install libicu74\                   ║
    ║         libxml2\                                     ║
    ║         libvpx9\                                     ║
    ║         libflite1                                    ║
    ║                                                      ║
    ║ <3 Playwright Team                                   ║
    ╚══════════════════════════════════════════════════════╝

    Retry #1 ───────────────────────────────────────────────────────────────────────────────────────

    Error: browserType.launch: 
    ╔══════════════════════════════════════════════════════╗
    ║ Host system is missing dependencies to run browsers. ║
    ║ Please install them with the following command:      ║
    ║                                                      ║
    ║     sudo pnpm exec playwright install-deps           ║
    ║                                                      ║
    ║ Alternatively, use apt:                              ║
    ║     sudo apt-get install libicu74\                   ║
    ║         libxml2\                                     ║
    ║         libvpx9\                                     ║
    ║         libflite1                                    ║
    ║                                                      ║
    ║ <3 Playwright Team                                   ║
    ╚══════════════════════════════════════════════════════╝

    attachment #1: trace (application/zip) ─────────────────────────────────────────────────────────
    ../../test-results/leaderboard-Leaderboard-Pa-d3b21-clicked-game-not-completed--webkit-retry1/trace.zip
    Usage:

        pnpm exec playwright show-trace ../../test-results/leaderboard-Leaderboard-Pa-d3b21-clicked-game-not-completed--webkit-retry1/trace.zip

    ────────────────────────────────────────────────────────────────────────────────────────────────
]]>
</failure>
<system-out>
<![CDATA[
[[ATTACHMENT|test-results/leaderboard-Leaderboard-Pa-d3b21-clicked-game-not-completed--webkit-retry1/trace.zip]]
]]>
</system-out>
</testcase>
</testsuite>
<testsuite name="leaderboard.spec.ts" timestamp="2026-01-05T12:37:54.018Z" hostname="mobile-chrome" tests="13" failures="4" skipped="0" time="190.756" errors="0">
<testcase name="Leaderboard Page › should display leaderboard page with all elements" classname="leaderboard.spec.ts" time="8.117">
</testcase>
<testcase name="Leaderboard Page › should display leaderboard entries" classname="leaderboard.spec.ts" time="28.081">
<failure message="leaderboard.spec.ts:40:3 should display leaderboard entries" type="FAILURE">
<![CDATA[  [mobile-chrome] › leaderboard.spec.ts:40:3 › Leaderboard Page › should display leaderboard entries 

    Error: expect(locator).toBeVisible() failed

    Locator: locator('.leaderboard-item').first()
    Expected: visible
    Timeout: 5000ms
    Error: element(s) not found

    Call log:
      - Expect "toBeVisible" with timeout 5000ms
      - waiting for locator('.leaderboard-item').first()


      45 |
      46 |     // Wait for at least one entry to appear
    > 47 |     await expect(entries.first()).toBeVisible({ timeout: 5000 })
         |                                   ^
      48 |
      49 |     const count = await entries.count()
      50 |     expect(count).toBeGreaterThan(0)
        at /home/cloudcrusader/projects/riddle-rush-nuxt-pwa/apps/game/tests/e2e/leaderboard.spec.ts:47:35

    attachment #1: screenshot (image/png) ──────────────────────────────────────────────────────────
    ../../test-results/leaderboard-Leaderboard-Pa-063a3-display-leaderboard-entries-mobile-chrome/test-failed-1.png
    ────────────────────────────────────────────────────────────────────────────────────────────────

    Error Context: ../../test-results/leaderboard-Leaderboard-Pa-063a3-display-leaderboard-entries-mobile-chrome/error-context.md

    Retry #1 ───────────────────────────────────────────────────────────────────────────────────────

    Error: expect(locator).toBeVisible() failed

    Locator: locator('.leaderboard-item').first()
    Expected: visible
    Timeout: 5000ms
    Error: element(s) not found

    Call log:
      - Expect "toBeVisible" with timeout 5000ms
      - waiting for locator('.leaderboard-item').first()


      45 |
      46 |     // Wait for at least one entry to appear
    > 47 |     await expect(entries.first()).toBeVisible({ timeout: 5000 })
         |                                   ^
      48 |
      49 |     const count = await entries.count()
      50 |     expect(count).toBeGreaterThan(0)
        at /home/cloudcrusader/projects/riddle-rush-nuxt-pwa/apps/game/tests/e2e/leaderboard.spec.ts:47:35

    attachment #1: screenshot (image/png) ──────────────────────────────────────────────────────────
    ../../test-results/leaderboard-Leaderboard-Pa-063a3-display-leaderboard-entries-mobile-chrome-retry1/test-failed-1.png
    ────────────────────────────────────────────────────────────────────────────────────────────────

    attachment #2: video (video/webm) ──────────────────────────────────────────────────────────────
    ../../test-results/leaderboard-Leaderboard-Pa-063a3-display-leaderboard-entries-mobile-chrome-retry1/video.webm
    ────────────────────────────────────────────────────────────────────────────────────────────────

    Error Context: ../../test-results/leaderboard-Leaderboard-Pa-063a3-display-leaderboard-entries-mobile-chrome-retry1/error-context.md

    attachment #4: trace (application/zip) ─────────────────────────────────────────────────────────
    ../../test-results/leaderboard-Leaderboard-Pa-063a3-display-leaderboard-entries-mobile-chrome-retry1/trace.zip
    Usage:

        pnpm exec playwright show-trace ../../test-results/leaderboard-Leaderboard-Pa-063a3-display-leaderboard-entries-mobile-chrome-retry1/trace.zip

    ────────────────────────────────────────────────────────────────────────────────────────────────
]]>
</failure>
<system-out>
<![CDATA[
[[ATTACHMENT|test-results/leaderboard-Leaderboard-Pa-063a3-display-leaderboard-entries-mobile-chrome/test-failed-1.png]]

[[ATTACHMENT|test-results/leaderboard-Leaderboard-Pa-063a3-display-leaderboard-entries-mobile-chrome/error-context.md]]

[[ATTACHMENT|test-results/leaderboard-Leaderboard-Pa-063a3-display-leaderboard-entries-mobile-chrome-retry1/test-failed-1.png]]

[[ATTACHMENT|test-results/leaderboard-Leaderboard-Pa-063a3-display-leaderboard-entries-mobile-chrome-retry1/video.webm]]

[[ATTACHMENT|test-results/leaderboard-Leaderboard-Pa-063a3-display-leaderboard-entries-mobile-chrome-retry1/error-context.md]]

[[ATTACHMENT|test-results/leaderboard-Leaderboard-Pa-063a3-display-leaderboard-entries-mobile-chrome-retry1/trace.zip]]
]]>
</system-out>
</testcase>
<testcase name="Leaderboard Page › should display rank badges" classname="leaderboard.spec.ts" time="26.828">
[...]
<![CDATA[  [tablet] › leaderboard.spec.ts:87:3 › Leaderboard Page › should show back button when game is not completed 

    Error: browserType.launch: 
    ╔══════════════════════════════════════════════════════╗
    ║ Host system is missing dependencies to run browsers. ║
    ║ Please install them with the following command:      ║
    ║                                                      ║
    ║     sudo pnpm exec playwright install-deps           ║
    ║                                                      ║
    ║ Alternatively, use apt:                              ║
    ║     sudo apt-get install libicu74\                   ║
    ║         libxml2\                                     ║
    ║         libvpx9\                                     ║
    ║         libflite1                                    ║
    ║                                                      ║
    ║ <3 Playwright Team                                   ║
    ╚══════════════════════════════════════════════════════╝

    Retry #1 ───────────────────────────────────────────────────────────────────────────────────────

    Error: browserType.launch: 
    ╔══════════════════════════════════════════════════════╗
    ║ Host system is missing dependencies to run browsers. ║
    ║ Please install them with the following command:      ║
    ║                                                      ║
    ║     sudo pnpm exec playwright install-deps           ║
    ║                                                      ║
    ║ Alternatively, use apt:                              ║
    ║     sudo apt-get install libicu74\                   ║
    ║         libxml2\                                     ║
    ║         libvpx9\                                     ║
    ║         libflite1                                    ║
    ║                                                      ║
    ║ <3 Playwright Team                                   ║
    ╚══════════════════════════════════════════════════════╝

    attachment #1: trace (application/zip) ─────────────────────────────────────────────────────────
    ../../test-results/leaderboard-Leaderboard-Pa-5bf6d--when-game-is-not-completed-tablet-retry1/trace.zip
    Usage:

        pnpm exec playwright show-trace ../../test-results/leaderboard-Leaderboard-Pa-5bf6d--when-game-is-not-completed-tablet-retry1/trace.zip

    ────────────────────────────────────────────────────────────────────────────────────────────────
]]>
</failure>
<system-out>
<![CDATA[
[[ATTACHMENT|test-results/leaderboard-Leaderboard-Pa-5bf6d--when-game-is-not-completed-tablet-retry1/trace.zip]]
]]>
</system-out>
</testcase>
<testcase name="Leaderboard Page › should not show back button when game is completed" classname="leaderboard.spec.ts" time="0.006">
<failure message="leaderboard.spec.ts:98:3 should not show back button when game is completed" type="FAILURE">
<![CDATA[  [tablet] › leaderboard.spec.ts:98:3 › Leaderboard Page › should not show back button when game is completed 

    Error: browserType.launch: 
    ╔══════════════════════════════════════════════════════╗
    ║ Host system is missing dependencies to run browsers. ║
    ║ Please install them with the following command:      ║
    ║                                                      ║
    ║     sudo pnpm exec playwright install-deps           ║
    ║                                                      ║
    ║ Alternatively, use apt:                              ║
    ║     sudo apt-get install libicu74\                   ║
    ║         libxml2\                                     ║
    ║         libvpx9\                                     ║
    ║         libflite1                                    ║
    ║                                                      ║
    ║ <3 Playwright Team                                   ║
    ╚══════════════════════════════════════════════════════╝

    Retry #1 ───────────────────────────────────────────────────────────────────────────────────────

    Error: browserType.launch: 
    ╔══════════════════════════════════════════════════════╗
    ║ Host system is missing dependencies to run browsers. ║
    ║ Please install them with the following command:      ║
    ║                                                      ║
    ║     sudo pnpm exec playwright install-deps           ║
    ║                                                      ║
    ║ Alternatively, use apt:                              ║
    ║     sudo apt-get install libicu74\                   ║
    ║         libxml2\                                     ║
    ║         libvpx9\                                     ║
    ║         libflite1                                    ║
    ║                                                      ║
    ║ <3 Playwright Team                                   ║
    ╚══════════════════════════════════════════════════════╝

    attachment #1: trace (application/zip) ─────────────────────────────────────────────────────────
    ../../test-results/leaderboard-Leaderboard-Pa-526f6-tton-when-game-is-completed-tablet-retry1/trace.zip
    Usage:

        pnpm exec playwright show-trace ../../test-results/leaderboard-Leaderboard-Pa-526f6-tton-when-game-is-completed-tablet-retry1/trace.zip

    ────────────────────────────────────────────────────────────────────────────────────────────────
]]>
</failure>
<system-out>
<![CDATA[
[[ATTACHMENT|test-results/leaderboard-Leaderboard-Pa-526f6-tton-when-game-is-completed-tablet-retry1/trace.zip]]
]]>
</system-out>
</testcase>
<testcase name="Leaderboard Page › should show game complete message when game is completed" classname="leaderboard.spec.ts" time="0.006">
<failure message="leaderboard.spec.ts:106:3 should show game complete message when game is completed" type="FAILURE">
<![CDATA[  [tablet] › leaderboard.spec.ts:106:3 › Leaderboard Page › should show game complete message when game is completed 

    Error: browserType.launch: 
    ╔══════════════════════════════════════════════════════╗
    ║ Host system is missing dependencies to run browsers. ║
    ║ Please install them with the following command:      ║
    ║                                                      ║
    ║     sudo pnpm exec playwright install-deps           ║
    ║                                                      ║
    ║ Alternatively, use apt:                              ║
    ║     sudo apt-get install libicu74\                   ║
    ║         libxml2\                                     ║
    ║         libvpx9\                                     ║
    ║         libflite1                                    ║
    ║                                                      ║
    ║ <3 Playwright Team                                   ║
    ╚══════════════════════════════════════════════════════╝

    Retry #1 ───────────────────────────────────────────────────────────────────────────────────────

    Error: browserType.launch: 
    ╔══════════════════════════════════════════════════════╗
    ║ Host system is missing dependencies to run browsers. ║
    ║ Please install them with the following command:      ║
    ║                                                      ║
    ║     sudo pnpm exec playwright install-deps           ║
    ║                                                      ║
    ║ Alternatively, use apt:                              ║
    ║     sudo apt-get install libicu74\                   ║
    ║         libxml2\                                     ║
    ║         libvpx9\                                     ║
    ║         libflite1                                    ║
    ║                                                      ║
    ║ <3 Playwright Team                                   ║
    ╚══════════════════════════════════════════════════════╝

    attachment #1: trace (application/zip) ─────────────────────────────────────────────────────────
    ../../test-results/leaderboard-Leaderboard-Pa-4f842-sage-when-game-is-completed-tablet-retry1/trace.zip
    Usage:

        pnpm exec playwright show-trace ../../test-results/leaderboard-Leaderboard-Pa-4f842-sage-when-game-is-completed-tablet-retry1/trace.zip

    ────────────────────────────────────────────────────────────────────────────────────────────────
]]>
</failure>
<system-out>
<![CDATA[
[[ATTACHMENT|test-results/leaderboard-Leaderboard-Pa-4f842-sage-when-game-is-completed-tablet-retry1/trace.zip]]
]]>
</system-out>
</testcase>
<testcase name="Leaderboard Page › should have scroll bar decoration" classname="leaderboard.spec.ts" time="0.007">
<failure message="leaderboard.spec.ts:116:3 should have scroll bar decoration" type="FAILURE">
<![CDATA[  [tablet] › leaderboard.spec.ts:116:3 › Leaderboard Page › should have scroll bar decoration ──────

    Error: browserType.launch: 
    ╔══════════════════════════════════════════════════════╗
    ║ Host system is missing dependencies to run browsers. ║
    ║ Please install them with the following command:      ║
    ║                                                      ║
    ║     sudo pnpm exec playwright install-deps           ║
    ║                                                      ║
    ║ Alternatively, use apt:                              ║
    ║     sudo apt-get install libicu74\                   ║
    ║         libxml2\                                     ║
    ║         libvpx9\                                     ║
    ║         libflite1                                    ║
    ║                                                      ║
    ║ <3 Playwright Team                                   ║
    ╚══════════════════════════════════════════════════════╝

    Retry #1 ───────────────────────────────────────────────────────────────────────────────────────

    Error: browserType.launch: 
    ╔══════════════════════════════════════════════════════╗
    ║ Host system is missing dependencies to run browsers. ║
    ║ Please install them with the following command:      ║
    ║                                                      ║
    ║     sudo pnpm exec playwright install-deps           ║
    ║                                                      ║
    ║ Alternatively, use apt:                              ║
    ║     sudo apt-get install libicu74\                   ║
    ║         libxml2\                                     ║
    ║         libvpx9\                                     ║
    ║         libflite1                                    ║
    ║                                                      ║
    ║ <3 Playwright Team                                   ║
    ╚══════════════════════════════════════════════════════╝

    attachment #1: trace (application/zip) ─────────────────────────────────────────────────────────
    ../../test-results/leaderboard-Leaderboard-Pa-1b5d3--have-scroll-bar-decoration-tablet-retry1/trace.zip
    Usage:

        pnpm exec playwright show-trace ../../test-results/leaderboard-Leaderboard-Pa-1b5d3--have-scroll-bar-decoration-tablet-retry1/trace.zip

    ────────────────────────────────────────────────────────────────────────────────────────────────
]]>
</failure>
<system-out>
<![CDATA[
[[ATTACHMENT|test-results/leaderboard-Leaderboard-Pa-1b5d3--have-scroll-bar-decoration-tablet-retry1/trace.zip]]
]]>
</system-out>
</testcase>
<testcase name="Leaderboard Page › should be responsive on mobile" classname="leaderboard.spec.ts" time="0.007">
<failure message="leaderboard.spec.ts:121:3 should be responsive on mobile" type="FAILURE">
<![CDATA[  [tablet] › leaderboard.spec.ts:121:3 › Leaderboard Page › should be responsive on mobile ─────────

    Error: browserType.launch: 
    ╔══════════════════════════════════════════════════════╗
    ║ Host system is missing dependencies to run browsers. ║
    ║ Please install them with the following command:      ║
    ║                                                      ║
    ║     sudo pnpm exec playwright install-deps           ║
    ║                                                      ║
    ║ Alternatively, use apt:                              ║
    ║     sudo apt-get install libicu74\                   ║
    ║         libxml2\                                     ║
    ║         libvpx9\                                     ║
    ║         libflite1                                    ║
    ║                                                      ║
    ║ <3 Playwright Team                                   ║
    ╚══════════════════════════════════════════════════════╝

    Retry #1 ───────────────────────────────────────────────────────────────────────────────────────

    Error: browserType.launch: 
    ╔══════════════════════════════════════════════════════╗
    ║ Host system is missing dependencies to run browsers. ║
    ║ Please install them with the following command:      ║
    ║                                                      ║
    ║     sudo pnpm exec playwright install-deps           ║
    ║                                                      ║
    ║ Alternatively, use apt:                              ║
    ║     sudo apt-get install libicu74\                   ║
    ║         libxml2\                                     ║
    ║         libvpx9\                                     ║
    ║         libflite1                                    ║
    ║                                                      ║
    ║ <3 Playwright Team                                   ║
    ╚══════════════════════════════════════════════════════╝

    attachment #1: trace (application/zip) ─────────────────────────────────────────────────────────
    ../../test-results/leaderboard-Leaderboard-Page-should-be-responsive-on-mobile-tablet-retry1/trace.zip
    Usage:

        pnpm exec playwright show-trace ../../test-results/leaderboard-Leaderboard-Page-should-be-responsive-on-mobile-tablet-retry1/trace.zip

    ────────────────────────────────────────────────────────────────────────────────────────────────
]]>
</failure>
<system-out>
<![CDATA[
[[ATTACHMENT|test-results/leaderboard-Leaderboard-Page-should-be-responsive-on-mobile-tablet-retry1/trace.zip]]
]]>
</system-out>
</testcase>
<testcase name="Leaderboard Page › should have entries sorted by score descending" classname="leaderboard.spec.ts" time="0.008">
<failure message="leaderboard.spec.ts:133:3 should have entries sorted by score descending" type="FAILURE">
<![CDATA[  [tablet] › leaderboard.spec.ts:133:3 › Leaderboard Page › should have entries sorted by score descending 

    Error: browserType.launch: 
    ╔══════════════════════════════════════════════════════╗
    ║ Host system is missing dependencies to run browsers. ║
    ║ Please install them with the following command:      ║
    ║                                                      ║
    ║     sudo pnpm exec playwright install-deps           ║
    ║                                                      ║
    ║ Alternatively, use apt:                              ║
    ║     sudo apt-get install libicu74\                   ║
    ║         libxml2\                                     ║
    ║         libvpx9\                                     ║
    ║         libflite1                                    ║
    ║                                                      ║
    ║ <3 Playwright Team                                   ║
    ╚══════════════════════════════════════════════════════╝

    Retry #1 ───────────────────────────────────────────────────────────────────────────────────────

    Error: browserType.launch: 
    ╔══════════════════════════════════════════════════════╗
    ║ Host system is missing dependencies to run browsers. ║
    ║ Please install them with the following command:      ║
    ║                                                      ║
    ║     sudo pnpm exec playwright install-deps           ║
    ║                                                      ║
    ║ Alternatively, use apt:                              ║
    ║     sudo apt-get install libicu74\                   ║
    ║         libxml2\                                     ║
    ║         libvpx9\                                     ║
    ║         libflite1                                    ║
    ║                                                      ║
    ║ <3 Playwright Team                                   ║
    ╚══════════════════════════════════════════════════════╝

    attachment #1: trace (application/zip) ─────────────────────────────────────────────────────────
    ../../test-results/leaderboard-Leaderboard-Pa-325a9--sorted-by-score-descending-tablet-retry1/trace.zip
    Usage:

        pnpm exec playwright show-trace ../../test-results/leaderboard-Leaderboard-Pa-325a9--sorted-by-score-descending-tablet-retry1/trace.zip

    ────────────────────────────────────────────────────────────────────────────────────────────────
]]>
</failure>
<system-out>
<![CDATA[
[[ATTACHMENT|test-results/leaderboard-Leaderboard-Pa-325a9--sorted-by-score-descending-tablet-retry1/trace.zip]]
]]>
</system-out>
</testcase>
<testcase name="Leaderboard Page › should navigate to round-start when OK clicked (game not completed)" classname="leaderboard.spec.ts" time="0.005">
<failure message="leaderboard.spec.ts:147:3 should navigate to round-start when OK clicked (game not completed)" type="FAILURE">
<![CDATA[  [tablet] › leaderboard.spec.ts:147:3 › Leaderboard Page › should navigate to round-start when OK clicked (game not completed) 

    Error: browserType.launch: 
    ╔══════════════════════════════════════════════════════╗
    ║ Host system is missing dependencies to run browsers. ║
    ║ Please install them with the following command:      ║
    ║                                                      ║
    ║     sudo pnpm exec playwright install-deps           ║
    ║                                                      ║
    ║ Alternatively, use apt:                              ║
    ║     sudo apt-get install libicu74\                   ║
    ║         libxml2\                                     ║
    ║         libvpx9\                                     ║
    ║         libflite1                                    ║
    ║                                                      ║
    ║ <3 Playwright Team                                   ║
    ╚══════════════════════════════════════════════════════╝

    Retry #1 ───────────────────────────────────────────────────────────────────────────────────────

    Error: browserType.launch: 
    ╔══════════════════════════════════════════════════════╗
    ║ Host system is missing dependencies to run browsers. ║
    ║ Please install them with the following command:      ║
    ║                                                      ║
    ║     sudo pnpm exec playwright install-deps           ║
    ║                                                      ║
    ║ Alternatively, use apt:                              ║
    ║     sudo apt-get install libicu74\                   ║
    ║         libxml2\                                     ║
    ║         libvpx9\                                     ║
    ║         libflite1                                    ║
    ║                                                      ║
    ║ <3 Playwright Team                                   ║
    ╚══════════════════════════════════════════════════════╝

    attachment #1: trace (application/zip) ─────────────────────────────────────────────────────────
    ../../test-results/leaderboard-Leaderboard-Pa-d3b21-clicked-game-not-completed--tablet-retry1/trace.zip
    Usage:

        pnpm exec playwright show-trace ../../test-results/leaderboard-Leaderboard-Pa-d3b21-clicked-game-not-completed--tablet-retry1/trace.zip

    ────────────────────────────────────────────────────────────────────────────────────────────────
]]>
</failure>
<system-out>
<![CDATA[
[[ATTACHMENT|test-results/leaderboard-Leaderboard-Pa-d3b21-clicked-game-not-completed--tablet-retry1/trace.zip]]
]]>
</system-out>
</testcase>
</testsuite>
</testsuites>