<?xml version="1.0" encoding="UTF-8" ?>
<testsuites name="vitest tests" tests="144" failures="63" errors="0" time="0.685">
    <testsuite name="tests/unit/game-store.spec.ts" timestamp="2026-01-05T11:43:11.184Z" hostname="cloudcrusaders-main-manjaro" tests="99" failures="63" errors="0" skipped="7" time="0.121139317">
        <testcase classname="tests/unit/game-store.spec.ts" name="Game Store &gt; Initial State &gt; has null currentSession on init" time="0.003383885">
        </testcase>
        <testcase classname="tests/unit/game-store.spec.ts" name="Game Store &gt; Initial State &gt; is online by default" time="0.000682888">
        </testcase>
        <testcase classname="tests/unit/game-store.spec.ts" name="Game Store &gt; Initial State &gt; has empty history on init" time="0.000789203">
        </testcase>
        <testcase classname="tests/unit/game-store.spec.ts" name="Game Store &gt; Initial State &gt; has empty categories on init" time="0.000450854">
        </testcase>
        <testcase classname="tests/unit/game-store.spec.ts" name="Game Store &gt; Initial State &gt; categories not loaded on init" time="0.000527289">
        </testcase>
        <testcase classname="tests/unit/game-store.spec.ts" name="Game Store &gt; Initial State &gt; default displayed category count is 9" time="0.000418073">
        </testcase>
        <testcase classname="tests/unit/game-store.spec.ts" name="Game Store &gt; Initial State &gt; hasActiveSession is false when no session" time="0.000685427">
        </testcase>
        <testcase classname="tests/unit/game-store.spec.ts" name="Game Store &gt; Initial State &gt; currentScore is 0 when no session" time="0.000636024">
        </testcase>
        <testcase classname="tests/unit/game-store.spec.ts" name="Game Store &gt; Initial State &gt; currentAttempts is empty when no session" time="0.000625384">
        </testcase>
        <testcase classname="tests/unit/game-store.spec.ts" name="Game Store &gt; Category Fetching &gt; fetches categories" time="0.015440831">
            <system-err>
AggregateError: 
    at internalConnectMultiple (node:net:1134:18)
    at afterConnectMultiple (node:net:1715:7) {
  code: &apos;ECONNREFUSED&apos;,
  [errors]: [
    Error: connect ECONNREFUSED ::1:3000
        at createConnectionError (node:net:1678:14)
        at afterConnectMultiple (node:net:1708:16) {
      errno: -111,
      code: &apos;ECONNREFUSED&apos;,
      syscall: &apos;connect&apos;,
      address: &apos;::1&apos;,
      port: 3000
    },
    Error: connect ECONNREFUSED 127.0.0.1:3000
        at createConnectionError (node:net:1678:14)
        at afterConnectMultiple (node:net:1708:16) {
      errno: -111,
      code: &apos;ECONNREFUSED&apos;,
      syscall: &apos;connect&apos;,
      address: &apos;127.0.0.1&apos;,
      port: 3000
    }
  ]
}

            </system-err>
            <failure message="Failed to execute &quot;fetch()&quot; on &quot;Window&quot; with URL &quot;http://localhost:3000/data/categories.json&quot;: " type="Error">
Error: Failed to execute &quot;fetch()&quot; on &quot;Window&quot; with URL &quot;http://localhost:3000/data/categories.json&quot;: 
 ❯ Proxy.fetchCategories stores/game.ts:138:15
 ❯ tests/unit/game-store.spec.ts:106:7
            </failure>
        </testcase>
        <testcase classname="tests/unit/game-store.spec.ts" name="Game Store &gt; Category Fetching &gt; sets categoriesLoaded after fetch" time="0.002654945">
            <system-err>
AggregateError: 
    at internalConnectMultiple (node:net:1134:18)
    at afterConnectMultiple (node:net:1715:7) {
  code: &apos;ECONNREFUSED&apos;,
  [errors]: [
    Error: connect ECONNREFUSED ::1:3000
        at createConnectionError (node:net:1678:14)
        at afterConnectMultiple (node:net:1708:16) {
      errno: -111,
      code: &apos;ECONNREFUSED&apos;,
      syscall: &apos;connect&apos;,
      address: &apos;::1&apos;,
      port: 3000
    },
    Error: connect ECONNREFUSED 127.0.0.1:3000
        at createConnectionError (node:net:1678:14)
        at afterConnectMultiple (node:net:1708:16) {
      errno: -111,
      code: &apos;ECONNREFUSED&apos;,
      syscall: &apos;connect&apos;,
      address: &apos;127.0.0.1&apos;,
      port: 3000
    }
  ]
}

            </system-err>
            <failure message="Failed to execute &quot;fetch()&quot; on &quot;Window&quot; with URL &quot;http://localhost:3000/data/categories.json&quot;: " type="Error">
Error: Failed to execute &quot;fetch()&quot; on &quot;Window&quot; with URL &quot;http://localhost:3000/data/categories.json&quot;: 
 ❯ Proxy.fetchCategories stores/game.ts:138:15
 ❯ tests/unit/game-store.spec.ts:113:7
            </failure>
        </testcase>
        <testcase classname="tests/unit/game-store.spec.ts" name="Game Store &gt; Category Fetching &gt; does not refetch if already loaded" time="0">
            <skipped/>
        </testcase>
        <testcase classname="tests/unit/game-store.spec.ts" name="Game Store &gt; Category Fetching &gt; refetches when force=true" time="0">
            <skipped/>
        </testcase>
        <testcase classname="tests/unit/game-store.spec.ts" name="Game Store &gt; Category Fetching &gt; handles API error gracefully" time="0">
            <skipped/>
        </testcase>
        <testcase classname="tests/unit/game-store.spec.ts" name="Game Store &gt; Category Fetching &gt; limits displayed categories" time="0.001761526">
            <system-err>
AggregateError: 
    at internalConnectMultiple (node:net:1134:18)
    at afterConnectMultiple (node:net:1715:7) {
  code: &apos;ECONNREFUSED&apos;,
  [errors]: [
    Error: connect ECONNREFUSED ::1:3000
        at createConnectionError (node:net:1678:14)
        at afterConnectMultiple (node:net:1708:16) {
      errno: -111,
      code: &apos;ECONNREFUSED&apos;,
      syscall: &apos;connect&apos;,
      address: &apos;::1&apos;,
      port: 3000
    },
    Error: connect ECONNREFUSED 127.0.0.1:3000
        at createConnectionError (node:net:1678:14)
        at afterConnectMultiple (node:net:1708:16) {
      errno: -111,
      code: &apos;ECONNREFUSED&apos;,
      syscall: &apos;connect&apos;,
      address: &apos;127.0.0.1&apos;,
      port: 3000
    }
  ]
}

            </system-err>
            <failure message="Failed to execute &quot;fetch()&quot; on &quot;Window&quot; with URL &quot;http://localhost:3000/data/categories.json&quot;: " type="Error">
Error: Failed to execute &quot;fetch()&quot; on &quot;Window&quot; with URL &quot;http://localhost:3000/data/categories.json&quot;: 
 ❯ Proxy.fetchCategories stores/game.ts:138:15
 ❯ tests/unit/game-store.spec.ts:143:7
            </failure>
        </testcase>
        <testcase classname="tests/unit/game-store.spec.ts" name="Game Store &gt; Category Lookup &gt; finds category by id" time="0">
            <skipped/>
        </testcase>
        <testcase classname="tests/unit/game-store.spec.ts" name="Game Store &gt; Category Lookup &gt; returns null for unknown id" time="0.00165954">
            <system-err>
AggregateError: 
    at internalConnectMultiple (node:net:1134:18)
    at afterConnectMultiple (node:net:1715:7) {
  code: &apos;ECONNREFUSED&apos;,
  [errors]: [
    Error: connect ECONNREFUSED ::1:3000
        at createConnectionError (node:net:1678:14)
        at afterConnectMultiple (node:net:1708:16) {
      errno: -111,
      code: &apos;ECONNREFUSED&apos;,
      syscall: &apos;connect&apos;,
      address: &apos;::1&apos;,
      port: 3000
    },
    Error: connect ECONNREFUSED 127.0.0.1:3000
        at createConnectionError (node:net:1678:14)
        at afterConnectMultiple (node:net:1708:16) {
      errno: -111,
      code: &apos;ECONNREFUSED&apos;,
      syscall: &apos;connect&apos;,
      address: &apos;127.0.0.1&apos;,
      port: 3000
    }
  ]
}

            </system-err>
            <failure message="Failed to execute &quot;fetch()&quot; on &quot;Window&quot; with URL &quot;http://localhost:3000/data/categories.json&quot;: " type="Error">
Error: Failed to execute &quot;fetch()&quot; on &quot;Window&quot; with URL &quot;http://localhost:3000/data/categories.json&quot;: 
 ❯ Proxy.fetchCategories stores/game.ts:138:15
 ❯ tests/unit/game-store.spec.ts:159:7
            </failure>
        </testcase>
        <testcase classname="tests/unit/game-store.spec.ts" name="Game Store &gt; Category Lookup &gt; returns null when categories empty" time="0">
            <skipped/>
        </testcase>
        <testcase classname="tests/unit/game-store.spec.ts" name="Game Store &gt; Load More Categories &gt; increases displayed count by 9" time="0.000626664">
        </testcase>
        <testcase classname="tests/unit/game-store.spec.ts" name="Game Store &gt; Load More Categories &gt; caps at total category count" time="0.000460285">
        </testcase>
        <testcase classname="tests/unit/game-store.spec.ts" name="Game Store &gt; Start New Game &gt; creates session with category" time="0.002062492">
            <system-err>
AggregateError: 
    at internalConnectMultiple (node:net:1134:18)
    at afterConnectMultiple (node:net:1715:7) {
  code: &apos;ECONNREFUSED&apos;,
  [errors]: [
    Error: connect ECONNREFUSED ::1:3000
        at createConnectionError (node:net:1678:14)
        at afterConnectMultiple (node:net:1708:16) {
      errno: -111,
      code: &apos;ECONNREFUSED&apos;,
      syscall: &apos;connect&apos;,
      address: &apos;::1&apos;,
      port: 3000
    },
    Error: connect ECONNREFUSED 127.0.0.1:3000
        at createConnectionError (node:net:1678:14)
        at afterConnectMultiple (node:net:1708:16) {
      errno: -111,
      code: &apos;ECONNREFUSED&apos;,
      syscall: &apos;connect&apos;,
      address: &apos;127.0.0.1&apos;,
      port: 3000
    }
  ]
}

            </system-err>
            <failure message="Failed to execute &quot;fetch()&quot; on &quot;Window&quot; with URL &quot;http://localhost:3000/data/categories.json&quot;: " type="Error">
Error: Failed to execute &quot;fetch()&quot; on &quot;Window&quot; with URL &quot;http://localhost:3000/data/categories.json&quot;: 
 ❯ Proxy.fetchCategories stores/game.ts:138:15
 ❯ Proxy.startNewGame stores/game.ts:182:7
 ❯ tests/unit/game-store.spec.ts:190:23
            </failure>
        </testcase>
        <testcase classname="tests/unit/game-store.spec.ts" name="Game Store &gt; Start New Game &gt; sets currentSession" time="0.001764976">
            <system-err>
AggregateError: 
    at internalConnectMultiple (node:net:1134:18)
    at afterConnectMultiple (node:net:1715:7) {
  code: &apos;ECONNREFUSED&apos;,
  [errors]: [
    Error: connect ECONNREFUSED ::1:3000
        at createConnectionError (node:net:1678:14)
        at afterConnectMultiple (node:net:1708:16) {
      errno: -111,
      code: &apos;ECONNREFUSED&apos;,
      syscall: &apos;connect&apos;,
      address: &apos;::1&apos;,
      port: 3000
    },
    Error: connect ECONNREFUSED 127.0.0.1:3000
        at createConnectionError (node:net:1678:14)
        at afterConnectMultiple (node:net:1708:16) {
      errno: -111,
      code: &apos;ECONNREFUSED&apos;,
      syscall: &apos;connect&apos;,
      address: &apos;127.0.0.1&apos;,
      port: 3000
    }
  ]
}

            </system-err>
            <failure message="Failed to execute &quot;fetch()&quot; on &quot;Window&quot; with URL &quot;http://localhost:3000/data/categories.json&quot;: " type="Error">
Error: Failed to execute &quot;fetch()&quot; on &quot;Window&quot; with URL &quot;http://localhost:3000/data/categories.json&quot;: 
 ❯ Proxy.fetchCategories stores/game.ts:138:15
 ❯ Proxy.startNewGame stores/game.ts:182:7
 ❯ tests/unit/game-store.spec.ts:198:7
            </failure>
        </testcase>
        <testcase classname="tests/unit/game-store.spec.ts" name="Game Store &gt; Start New Game &gt; initializes score to 0" time="0.001685311">
            <system-err>
AggregateError: 
    at internalConnectMultiple (node:net:1134:18)
    at afterConnectMultiple (node:net:1715:7) {
  code: &apos;ECONNREFUSED&apos;,
  [errors]: [
    Error: connect ECONNREFUSED ::1:3000
        at createConnectionError (node:net:1678:14)
        at afterConnectMultiple (node:net:1708:16) {
      errno: -111,
      code: &apos;ECONNREFUSED&apos;,
      syscall: &apos;connect&apos;,
      address: &apos;::1&apos;,
      port: 3000
    },
    Error: connect ECONNREFUSED 127.0.0.1:3000
        at createConnectionError (node:net:1678:14)
        at afterConnectMultiple (node:net:1708:16) {
      errno: -111,
      code: &apos;ECONNREFUSED&apos;,
      syscall: &apos;connect&apos;,
      address: &apos;127.0.0.1&apos;,
      port: 3000
    }
  ]
}

            </system-err>
            <failure message="Failed to execute &quot;fetch()&quot; on &quot;Window&quot; with URL &quot;http://localhost:3000/data/categories.json&quot;: " type="Error">
Error: Failed to execute &quot;fetch()&quot; on &quot;Window&quot; with URL &quot;http://localhost:3000/data/categories.json&quot;: 
 ❯ Proxy.fetchCategories stores/game.ts:138:15
 ❯ Proxy.startNewGame stores/game.ts:182:7
 ❯ tests/unit/game-store.spec.ts:204:7
            </failure>
        </testcase>
        <testcase classname="tests/unit/game-store.spec.ts" name="Game Store &gt; Start New Game &gt; initializes empty attempts" time="0.001817459">
            <system-err>
AggregateError: 
    at internalConnectMultiple (node:net:1134:18)
    at afterConnectMultiple (node:net:1715:7) {
  code: &apos;ECONNREFUSED&apos;,
  [errors]: [
    Error: connect ECONNREFUSED ::1:3000
        at createConnectionError (node:net:1678:14)
        at afterConnectMultiple (node:net:1708:16) {
      errno: -111,
      code: &apos;ECONNREFUSED&apos;,
      syscall: &apos;connect&apos;,
      address: &apos;::1&apos;,
      port: 3000
    },
    Error: connect ECONNREFUSED 127.0.0.1:3000
        at createConnectionError (node:net:1678:14)
        at afterConnectMultiple (node:net:1708:16) {
      errno: -111,
      code: &apos;ECONNREFUSED&apos;,
      syscall: &apos;connect&apos;,
      address: &apos;127.0.0.1&apos;,
      port: 3000
    }
  ]
}

            </system-err>
            <failure message="Failed to execute &quot;fetch()&quot; on &quot;Window&quot; with URL &quot;http://localhost:3000/data/categories.json&quot;: " type="Error">
Error: Failed to execute &quot;fetch()&quot; on &quot;Window&quot; with URL &quot;http://localhost:3000/data/categories.json&quot;: 
 ❯ Proxy.fetchCategories stores/game.ts:138:15
 ❯ Proxy.startNewGame stores/game.ts:182:7
 ❯ tests/unit/game-store.spec.ts:210:7
            </failure>
        </testcase>
        <testcase classname="tests/unit/game-store.spec.ts" name="Game Store &gt; Start New Game &gt; sets startTime" time="0.002743759">
            <system-err>
AggregateError: 
    at internalConnectMultiple (node:net:1134:18)
    at afterConnectMultiple (node:net:1715:7) {
  code: &apos;ECONNREFUSED&apos;,
  [errors]: [
    Error: connect ECONNREFUSED ::1:3000
        at createConnectionError (node:net:1678:14)
        at afterConnectMultiple (node:net:1708:16) {
      errno: -111,
      code: &apos;ECONNREFUSED&apos;,
      syscall: &apos;connect&apos;,
      address: &apos;::1&apos;,
      port: 3000
    },
    Error: connect ECONNREFUSED 127.0.0.1:3000
        at createConnectionError (node:net:1678:14)
        at afterConnectMultiple (node:net:1708:16) {
      errno: -111,
      code: &apos;ECONNREFUSED&apos;,
      syscall: &apos;connect&apos;,
      address: &apos;127.0.0.1&apos;,
      port: 3000
    }
  ]
}

            </system-err>
            <failure message="Failed to execute &quot;fetch()&quot; on &quot;Window&quot; with URL &quot;http://localhost:3000/data/categories.json&quot;: " type="Error">
Error: Failed to execute &quot;fetch()&quot; on &quot;Window&quot; with URL &quot;http://localhost:3000/data/categories.json&quot;: 
 ❯ Proxy.fetchCategories stores/game.ts:138:15
 ❯ Proxy.startNewGame stores/game.ts:182:7
 ❯ tests/unit/game-store.spec.ts:217:7
            </failure>
        </testcase>
        <testcase classname="tests/unit/game-store.spec.ts" name="Game Store &gt; Start New Game &gt; persists session to IndexedDB" time="0.002253063">
            <system-err>
AggregateError: 
    at internalConnectMultiple (node:net:1134:18)
    at afterConnectMultiple (node:net:1715:7) {
  code: &apos;ECONNREFUSED&apos;,
  [errors]: [
    Error: connect ECONNREFUSED ::1:3000
        at createConnectionError (node:net:1678:14)
        at afterConnectMultiple (node:net:1708:16) {
      errno: -111,
      code: &apos;ECONNREFUSED&apos;,
      syscall: &apos;connect&apos;,
      address: &apos;::1&apos;,
      port: 3000
    },
    Error: connect ECONNREFUSED 127.0.0.1:3000
        at createConnectionError (node:net:1678:14)
        at afterConnectMultiple (node:net:1708:16) {
      errno: -111,
      code: &apos;ECONNREFUSED&apos;,
      syscall: &apos;connect&apos;,
      address: &apos;127.0.0.1&apos;,
      port: 3000
    }
  ]
}

            </system-err>
            <failure message="Failed to execute &quot;fetch()&quot; on &quot;Window&quot; with URL &quot;http://localhost:3000/data/categories.json&quot;: " type="Error">
Error: Failed to execute &quot;fetch()&quot; on &quot;Window&quot; with URL &quot;http://localhost:3000/data/categories.json&quot;: 
 ❯ Proxy.fetchCategories stores/game.ts:138:15
 ❯ Proxy.startNewGame stores/game.ts:182:7
 ❯ tests/unit/game-store.spec.ts:225:7
            </failure>
        </testcase>
        <testcase classname="tests/unit/game-store.spec.ts" name="Game Store &gt; Start New Game &gt; selects a random category" time="0.001466169">
            <system-err>
AggregateError: 
    at internalConnectMultiple (node:net:1134:18)
    at afterConnectMultiple (node:net:1715:7) {
  code: &apos;ECONNREFUSED&apos;,
  [errors]: [
    Error: connect ECONNREFUSED ::1:3000
        at createConnectionError (node:net:1678:14)
        at afterConnectMultiple (node:net:1708:16) {
      errno: -111,
      code: &apos;ECONNREFUSED&apos;,
      syscall: &apos;connect&apos;,
      address: &apos;::1&apos;,
      port: 3000
    },
    Error: connect ECONNREFUSED 127.0.0.1:3000
        at createConnectionError (node:net:1678:14)
        at afterConnectMultiple (node:net:1708:16) {
      errno: -111,
      code: &apos;ECONNREFUSED&apos;,
      syscall: &apos;connect&apos;,
      address: &apos;127.0.0.1&apos;,
      port: 3000
    }
  ]
}

            </system-err>
            <failure message="Failed to execute &quot;fetch()&quot; on &quot;Window&quot; with URL &quot;http://localhost:3000/data/categories.json&quot;: " type="Error">
Error: Failed to execute &quot;fetch()&quot; on &quot;Window&quot; with URL &quot;http://localhost:3000/data/categories.json&quot;: 
 ❯ Proxy.fetchCategories stores/game.ts:138:15
 ❯ Proxy.startNewGame stores/game.ts:182:7
 ❯ tests/unit/game-store.spec.ts:231:7
            </failure>
        </testcase>
        <testcase classname="tests/unit/game-store.spec.ts" name="Game Store &gt; Start New Game &gt; hasActiveSession becomes true" time="0.001345163">
            <system-err>
AggregateError: 
    at internalConnectMultiple (node:net:1134:18)
    at afterConnectMultiple (node:net:1715:7) {
  code: &apos;ECONNREFUSED&apos;,
  [errors]: [
    Error: connect ECONNREFUSED ::1:3000
        at createConnectionError (node:net:1678:14)
        at afterConnectMultiple (node:net:1708:16) {
      errno: -111,
      code: &apos;ECONNREFUSED&apos;,
      syscall: &apos;connect&apos;,
      address: &apos;::1&apos;,
      port: 3000
    },
    Error: connect ECONNREFUSED 127.0.0.1:3000
        at createConnectionError (node:net:1678:14)
        at afterConnectMultiple (node:net:1708:16) {
      errno: -111,
      code: &apos;ECONNREFUSED&apos;,
      syscall: &apos;connect&apos;,
      address: &apos;127.0.0.1&apos;,
      port: 3000
    }
  ]
}

            </system-err>
            <failure message="Failed to execute &quot;fetch()&quot; on &quot;Window&quot; with URL &quot;http://localhost:3000/data/categories.json&quot;: " type="Error">
Error: Failed to execute &quot;fetch()&quot; on &quot;Window&quot; with URL &quot;http://localhost:3000/data/categories.json&quot;: 
 ❯ Proxy.fetchCategories stores/game.ts:138:15
 ❯ Proxy.startNewGame stores/game.ts:182:7
 ❯ tests/unit/game-store.spec.ts:238:7
            </failure>
        </testcase>
        <testcase classname="tests/unit/game-store.spec.ts" name="Game Store &gt; Submit Attempt &gt; adds correct attempt with score" time="0.001310441">
            <system-err>
AggregateError: 
    at internalConnectMultiple (node:net:1134:18)
    at afterConnectMultiple (node:net:1715:7) {
  code: &apos;ECONNREFUSED&apos;,
  [errors]: [
    Error: connect ECONNREFUSED ::1:3000
        at createConnectionError (node:net:1678:14)
        at afterConnectMultiple (node:net:1708:16) {
      errno: -111,
      code: &apos;ECONNREFUSED&apos;,
      syscall: &apos;connect&apos;,
      address: &apos;::1&apos;,
      port: 3000
    },
    Error: connect ECONNREFUSED 127.0.0.1:3000
        at createConnectionError (node:net:1678:14)
        at afterConnectMultiple (node:net:1708:16) {
      errno: -111,
      code: &apos;ECONNREFUSED&apos;,
      syscall: &apos;connect&apos;,
      address: &apos;127.0.0.1&apos;,
      port: 3000
    }
  ]
}

            </system-err>
            <failure message="Failed to execute &quot;fetch()&quot; on &quot;Window&quot; with URL &quot;http://localhost:3000/data/categories.json&quot;: " type="Error">
Error: Failed to execute &quot;fetch()&quot; on &quot;Window&quot; with URL &quot;http://localhost:3000/data/categories.json&quot;: 
 ❯ Proxy.fetchCategories stores/game.ts:138:15
 ❯ Proxy.startNewGame stores/game.ts:182:7
 ❯ tests/unit/game-store.spec.ts:246:7
            </failure>
        </testcase>
        <testcase classname="tests/unit/game-store.spec.ts" name="Game Store &gt; Submit Attempt &gt; adds incorrect attempt without score" time="0.001332452">
            <system-err>
AggregateError: 
    at internalConnectMultiple (node:net:1134:18)
    at afterConnectMultiple (node:net:1715:7) {
  code: &apos;ECONNREFUSED&apos;,
  [errors]: [
    Error: connect ECONNREFUSED ::1:3000
        at createConnectionError (node:net:1678:14)
        at afterConnectMultiple (node:net:1708:16) {
      errno: -111,
      code: &apos;ECONNREFUSED&apos;,
      syscall: &apos;connect&apos;,
      address: &apos;::1&apos;,
      port: 3000
    },
    Error: connect ECONNREFUSED 127.0.0.1:3000
        at createConnectionError (node:net:1678:14)
        at afterConnectMultiple (node:net:1708:16) {
      errno: -111,
      code: &apos;ECONNREFUSED&apos;,
      syscall: &apos;connect&apos;,
      address: &apos;127.0.0.1&apos;,
      port: 3000
    }
  ]
}

            </system-err>
            <failure message="Failed to execute &quot;fetch()&quot; on &quot;Window&quot; with URL &quot;http://localhost:3000/data/categories.json&quot;: " type="Error">
Error: Failed to execute &quot;fetch()&quot; on &quot;Window&quot; with URL &quot;http://localhost:3000/data/categories.json&quot;: 
 ❯ Proxy.fetchCategories stores/game.ts:138:15
 ❯ Proxy.startNewGame stores/game.ts:182:7
 ❯ tests/unit/game-store.spec.ts:246:7
            </failure>
        </testcase>
        <testcase classname="tests/unit/game-store.spec.ts" name="Game Store &gt; Submit Attempt &gt; accumulates score for multiple correct" time="0.00129368">
            <system-err>
AggregateError: 
    at internalConnectMultiple (node:net:1134:18)
    at afterConnectMultiple (node:net:1715:7) {
  code: &apos;ECONNREFUSED&apos;,
  [errors]: [
    Error: connect ECONNREFUSED ::1:3000
        at createConnectionError (node:net:1678:14)
        at afterConnectMultiple (node:net:1708:16) {
      errno: -111,
      code: &apos;ECONNREFUSED&apos;,
      syscall: &apos;connect&apos;,
      address: &apos;::1&apos;,
      port: 3000
    },
    Error: connect ECONNREFUSED 127.0.0.1:3000
        at createConnectionError (node:net:1678:14)
        at afterConnectMultiple (node:net:1708:16) {
      errno: -111,
      code: &apos;ECONNREFUSED&apos;,
      syscall: &apos;connect&apos;,
      address: &apos;127.0.0.1&apos;,
      port: 3000
    }
  ]
}

            </system-err>
            <failure message="Failed to execute &quot;fetch()&quot; on &quot;Window&quot; with URL &quot;http://localhost:3000/data/categories.json&quot;: " type="Error">
Error: Failed to execute &quot;fetch()&quot; on &quot;Window&quot; with URL &quot;http://localhost:3000/data/categories.json&quot;: 
 ❯ Proxy.fetchCategories stores/game.ts:138:15
 ❯ Proxy.startNewGame stores/game.ts:182:7
 ❯ tests/unit/game-store.spec.ts:246:7
            </failure>
        </testcase>
        <testcase classname="tests/unit/game-store.spec.ts" name="Game Store &gt; Submit Attempt &gt; records attempt term" time="0.001240917">
            <system-err>
AggregateError: 
    at internalConnectMultiple (node:net:1134:18)
    at afterConnectMultiple (node:net:1715:7) {
  code: &apos;ECONNREFUSED&apos;,
  [errors]: [
    Error: connect ECONNREFUSED ::1:3000
        at createConnectionError (node:net:1678:14)
        at afterConnectMultiple (node:net:1708:16) {
      errno: -111,
      code: &apos;ECONNREFUSED&apos;,
      syscall: &apos;connect&apos;,
      address: &apos;::1&apos;,
      port: 3000
    },
    Error: connect ECONNREFUSED 127.0.0.1:3000
        at createConnectionError (node:net:1678:14)
        at afterConnectMultiple (node:net:1708:16) {
      errno: -111,
      code: &apos;ECONNREFUSED&apos;,
      syscall: &apos;connect&apos;,
      address: &apos;127.0.0.1&apos;,
      port: 3000
    }
  ]
}

            </system-err>
            <failure message="Failed to execute &quot;fetch()&quot; on &quot;Window&quot; with URL &quot;http://localhost:3000/data/categories.json&quot;: " type="Error">
Error: Failed to execute &quot;fetch()&quot; on &quot;Window&quot; with URL &quot;http://localhost:3000/data/categories.json&quot;: 
 ❯ Proxy.fetchCategories stores/game.ts:138:15
 ❯ Proxy.startNewGame stores/game.ts:182:7
 ❯ tests/unit/game-store.spec.ts:246:7
            </failure>
        </testcase>
        <testcase classname="tests/unit/game-store.spec.ts" name="Game Store &gt; Submit Attempt &gt; records attempt timestamp" time="0.001321252">
            <system-err>
AggregateError: 
    at internalConnectMultiple (node:net:1134:18)
    at afterConnectMultiple (node:net:1715:7) {
  code: &apos;ECONNREFUSED&apos;,
  [errors]: [
    Error: connect ECONNREFUSED ::1:3000
        at createConnectionError (node:net:1678:14)
        at afterConnectMultiple (node:net:1708:16) {
      errno: -111,
      code: &apos;ECONNREFUSED&apos;,
      syscall: &apos;connect&apos;,
      address: &apos;::1&apos;,
      port: 3000
    },
    Error: connect ECONNREFUSED 127.0.0.1:3000
        at createConnectionError (node:net:1678:14)
        at afterConnectMultiple (node:net:1708:16) {
      errno: -111,
      code: &apos;ECONNREFUSED&apos;,
      syscall: &apos;connect&apos;,
      address: &apos;127.0.0.1&apos;,
      port: 3000
    }
  ]
}

            </system-err>
            <failure message="Failed to execute &quot;fetch()&quot; on &quot;Window&quot; with URL &quot;http://localhost:3000/data/categories.json&quot;: " type="Error">
Error: Failed to execute &quot;fetch()&quot; on &quot;Window&quot; with URL &quot;http://localhost:3000/data/categories.json&quot;: 
 ❯ Proxy.fetchCategories stores/game.ts:138:15
 ❯ Proxy.startNewGame stores/game.ts:182:7
 ❯ tests/unit/game-store.spec.ts:246:7
            </failure>
        </testcase>
        <testcase classname="tests/unit/game-store.spec.ts" name="Game Store &gt; Submit Attempt &gt; persists after each attempt" time="0.00128519">
            <system-err>
AggregateError: 
    at internalConnectMultiple (node:net:1134:18)
    at afterConnectMultiple (node:net:1715:7) {
  code: &apos;ECONNREFUSED&apos;,
  [errors]: [
    Error: connect ECONNREFUSED ::1:3000
        at createConnectionError (node:net:1678:14)
        at afterConnectMultiple (node:net:1708:16) {
      errno: -111,
      code: &apos;ECONNREFUSED&apos;,
      syscall: &apos;connect&apos;,
      address: &apos;::1&apos;,
      port: 3000
    },
    Error: connect ECONNREFUSED 127.0.0.1:3000
        at createConnectionError (node:net:1678:14)
        at afterConnectMultiple (node:net:1708:16) {
      errno: -111,
      code: &apos;ECONNREFUSED&apos;,
      syscall: &apos;connect&apos;,
      address: &apos;127.0.0.1&apos;,
      port: 3000
    }
  ]
}

            </system-err>
            <failure message="Failed to execute &quot;fetch()&quot; on &quot;Window&quot; with URL &quot;http://localhost:3000/data/categories.json&quot;: " type="Error">
Error: Failed to execute &quot;fetch()&quot; on &quot;Window&quot; with URL &quot;http://localhost:3000/data/categories.json&quot;: 
 ❯ Proxy.fetchCategories stores/game.ts:138:15
 ❯ Proxy.startNewGame stores/game.ts:182:7
 ❯ tests/unit/game-store.spec.ts:246:7
            </failure>
        </testcase>
        <testcase classname="tests/unit/game-store.spec.ts" name="Game Store &gt; Submit Attempt &gt; handles empty term" time="0.001246178">
            <system-err>
AggregateError: 
    at internalConnectMultiple (node:net:1134:18)
    at afterConnectMultiple (node:net:1715:7) {
  code: &apos;ECONNREFUSED&apos;,
  [errors]: [
    Error: connect ECONNREFUSED ::1:3000
        at createConnectionError (node:net:1678:14)
        at afterConnectMultiple (node:net:1708:16) {
      errno: -111,
      code: &apos;ECONNREFUSED&apos;,
      syscall: &apos;connect&apos;,
      address: &apos;::1&apos;,
      port: 3000
    },
    Error: connect ECONNREFUSED 127.0.0.1:3000
        at createConnectionError (node:net:1678:14)
        at afterConnectMultiple (node:net:1708:16) {
      errno: -111,
      code: &apos;ECONNREFUSED&apos;,
      syscall: &apos;connect&apos;,
      address: &apos;127.0.0.1&apos;,
      port: 3000
    }
  ]
}

            </system-err>
            <failure message="Failed to execute &quot;fetch()&quot; on &quot;Window&quot; with URL &quot;http://localhost:3000/data/categories.json&quot;: " type="Error">
Error: Failed to execute &quot;fetch()&quot; on &quot;Window&quot; with URL &quot;http://localhost:3000/data/categories.json&quot;: 
 ❯ Proxy.fetchCategories stores/game.ts:138:15
 ❯ Proxy.startNewGame stores/game.ts:182:7
 ❯ tests/unit/game-store.spec.ts:246:7
            </failure>
        </testcase>
        <testcase classname="tests/unit/game-store.spec.ts" name="Game Store &gt; Submit Attempt &gt; does nothing without active session" time="0.001250448">
            <system-err>
AggregateError: 
    at internalConnectMultiple (node:net:1134:18)
    at afterConnectMultiple (node:net:1715:7) {
  code: &apos;ECONNREFUSED&apos;,
  [errors]: [
    Error: connect ECONNREFUSED ::1:3000
        at createConnectionError (node:net:1678:14)
        at afterConnectMultiple (node:net:1708:16) {
      errno: -111,
      code: &apos;ECONNREFUSED&apos;,
      syscall: &apos;connect&apos;,
      address: &apos;::1&apos;,
      port: 3000
    },
    Error: connect ECONNREFUSED 127.0.0.1:3000
        at createConnectionError (node:net:1678:14)
        at afterConnectMultiple (node:net:1708:16) {
      errno: -111,
      code: &apos;ECONNREFUSED&apos;,
      syscall: &apos;connect&apos;,
      address: &apos;127.0.0.1&apos;,
      port: 3000
    }
  ]
}

            </system-err>
            <failure message="Failed to execute &quot;fetch()&quot; on &quot;Window&quot; with URL &quot;http://localhost:3000/data/categories.json&quot;: " type="Error">
Error: Failed to execute &quot;fetch()&quot; on &quot;Window&quot; with URL &quot;http://localhost:3000/data/categories.json&quot;: 
 ❯ Proxy.fetchCategories stores/game.ts:138:15
 ❯ Proxy.startNewGame stores/game.ts:182:7
 ❯ tests/unit/game-store.spec.ts:246:7
            </failure>
        </testcase>
        <testcase classname="tests/unit/game-store.spec.ts" name="Game Store &gt; End Game &gt; clears currentSession" time="0.004464373">
            <system-err>
AggregateError: 
    at internalConnectMultiple (node:net:1134:18)
    at afterConnectMultiple (node:net:1715:7) {
  code: &apos;ECONNREFUSED&apos;,
  [errors]: [
    Error: connect ECONNREFUSED ::1:3000
        at createConnectionError (node:net:1678:14)
        at afterConnectMultiple (node:net:1708:16) {
      errno: -111,
      code: &apos;ECONNREFUSED&apos;,
      syscall: &apos;connect&apos;,
      address: &apos;::1&apos;,
      port: 3000
    },
    Error: connect ECONNREFUSED 127.0.0.1:3000
        at createConnectionError (node:net:1678:14)
        at afterConnectMultiple (node:net:1708:16) {
      errno: -111,
      code: &apos;ECONNREFUSED&apos;,
      syscall: &apos;connect&apos;,
      address: &apos;127.0.0.1&apos;,
      port: 3000
    }
  ]
}

            </system-err>
            <failure message="Failed to execute &quot;fetch()&quot; on &quot;Window&quot; with URL &quot;http://localhost:3000/data/categories.json&quot;: " type="Error">
Error: Failed to execute &quot;fetch()&quot; on &quot;Window&quot; with URL &quot;http://localhost:3000/data/categories.json&quot;: 
 ❯ Proxy.fetchCategories stores/game.ts:138:15
 ❯ Proxy.startNewGame stores/game.ts:182:7
 ❯ tests/unit/game-store.spec.ts:312:7
            </failure>
        </testcase>
        <testcase classname="tests/unit/game-store.spec.ts" name="Game Store &gt; End Game &gt; sets hasActiveSession to false" time="0.001258829">
            <system-err>
AggregateError: 
    at internalConnectMultiple (node:net:1134:18)
    at afterConnectMultiple (node:net:1715:7) {
  code: &apos;ECONNREFUSED&apos;,
  [errors]: [
    Error: connect ECONNREFUSED ::1:3000
        at createConnectionError (node:net:1678:14)
        at afterConnectMultiple (node:net:1708:16) {
      errno: -111,
      code: &apos;ECONNREFUSED&apos;,
      syscall: &apos;connect&apos;,
      address: &apos;::1&apos;,
      port: 3000
    },
    Error: connect ECONNREFUSED 127.0.0.1:3000
        at createConnectionError (node:net:1678:14)
        at afterConnectMultiple (node:net:1708:16) {
      errno: -111,
      code: &apos;ECONNREFUSED&apos;,
      syscall: &apos;connect&apos;,
      address: &apos;127.0.0.1&apos;,
      port: 3000
    }
  ]
}

            </system-err>
            <failure message="Failed to execute &quot;fetch()&quot; on &quot;Window&quot; with URL &quot;http://localhost:3000/data/categories.json&quot;: " type="Error">
Error: Failed to execute &quot;fetch()&quot; on &quot;Window&quot; with URL &quot;http://localhost:3000/data/categories.json&quot;: 
 ❯ Proxy.fetchCategories stores/game.ts:138:15
 ❯ Proxy.startNewGame stores/game.ts:182:7
 ❯ tests/unit/game-store.spec.ts:312:7
            </failure>
        </testcase>
        <testcase classname="tests/unit/game-store.spec.ts" name="Game Store &gt; End Game &gt; adds session to history" time="0">
            <skipped/>
        </testcase>
        <testcase classname="tests/unit/game-store.spec.ts" name="Game Store &gt; End Game &gt; preserves score in history" time="0.001153693">
            <system-err>
AggregateError: 
    at internalConnectMultiple (node:net:1134:18)
    at afterConnectMultiple (node:net:1715:7) {
  code: &apos;ECONNREFUSED&apos;,
  [errors]: [
    Error: connect ECONNREFUSED ::1:3000
        at createConnectionError (node:net:1678:14)
        at afterConnectMultiple (node:net:1708:16) {
      errno: -111,
      code: &apos;ECONNREFUSED&apos;,
      syscall: &apos;connect&apos;,
      address: &apos;::1&apos;,
      port: 3000
    },
    Error: connect ECONNREFUSED 127.0.0.1:3000
        at createConnectionError (node:net:1678:14)
        at afterConnectMultiple (node:net:1708:16) {
      errno: -111,
      code: &apos;ECONNREFUSED&apos;,
      syscall: &apos;connect&apos;,
      address: &apos;127.0.0.1&apos;,
      port: 3000
    }
  ]
}

            </system-err>
            <failure message="Failed to execute &quot;fetch()&quot; on &quot;Window&quot; with URL &quot;http://localhost:3000/data/categories.json&quot;: " type="Error">
Error: Failed to execute &quot;fetch()&quot; on &quot;Window&quot; with URL &quot;http://localhost:3000/data/categories.json&quot;: 
 ❯ Proxy.fetchCategories stores/game.ts:138:15
 ❯ Proxy.startNewGame stores/game.ts:182:7
 ❯ tests/unit/game-store.spec.ts:312:7
            </failure>
        </testcase>
        <testcase classname="tests/unit/game-store.spec.ts" name="Game Store &gt; End Game &gt; calls saveGameHistory" time="0.00110826">
            <system-err>
AggregateError: 
    at internalConnectMultiple (node:net:1134:18)
    at afterConnectMultiple (node:net:1715:7) {
  code: &apos;ECONNREFUSED&apos;,
  [errors]: [
    Error: connect ECONNREFUSED ::1:3000
        at createConnectionError (node:net:1678:14)
        at afterConnectMultiple (node:net:1708:16) {
      errno: -111,
      code: &apos;ECONNREFUSED&apos;,
      syscall: &apos;connect&apos;,
      address: &apos;::1&apos;,
      port: 3000
    },
    Error: connect ECONNREFUSED 127.0.0.1:3000
        at createConnectionError (node:net:1678:14)
        at afterConnectMultiple (node:net:1708:16) {
      errno: -111,
      code: &apos;ECONNREFUSED&apos;,
      syscall: &apos;connect&apos;,
      address: &apos;127.0.0.1&apos;,
      port: 3000
    }
  ]
}

            </system-err>
            <failure message="Failed to execute &quot;fetch()&quot; on &quot;Window&quot; with URL &quot;http://localhost:3000/data/categories.json&quot;: " type="Error">
Error: Failed to execute &quot;fetch()&quot; on &quot;Window&quot; with URL &quot;http://localhost:3000/data/categories.json&quot;: 
 ❯ Proxy.fetchCategories stores/game.ts:138:15
 ❯ Proxy.startNewGame stores/game.ts:182:7
 ❯ tests/unit/game-store.spec.ts:312:7
            </failure>
        </testcase>
        <testcase classname="tests/unit/game-store.spec.ts" name="Game Store &gt; End Game &gt; calls updateStatistics" time="0.001106">
            <system-err>
AggregateError: 
    at internalConnectMultiple (node:net:1134:18)
    at afterConnectMultiple (node:net:1715:7) {
  code: &apos;ECONNREFUSED&apos;,
  [errors]: [
    Error: connect ECONNREFUSED ::1:3000
        at createConnectionError (node:net:1678:14)
        at afterConnectMultiple (node:net:1708:16) {
      errno: -111,
      code: &apos;ECONNREFUSED&apos;,
      syscall: &apos;connect&apos;,
      address: &apos;::1&apos;,
      port: 3000
    },
    Error: connect ECONNREFUSED 127.0.0.1:3000
        at createConnectionError (node:net:1678:14)
        at afterConnectMultiple (node:net:1708:16) {
      errno: -111,
      code: &apos;ECONNREFUSED&apos;,
      syscall: &apos;connect&apos;,
      address: &apos;127.0.0.1&apos;,
      port: 3000
    }
  ]
}

            </system-err>
            <failure message="Failed to execute &quot;fetch()&quot; on &quot;Window&quot; with URL &quot;http://localhost:3000/data/categories.json&quot;: " type="Error">
Error: Failed to execute &quot;fetch()&quot; on &quot;Window&quot; with URL &quot;http://localhost:3000/data/categories.json&quot;: 
 ❯ Proxy.fetchCategories stores/game.ts:138:15
 ❯ Proxy.startNewGame stores/game.ts:182:7
 ❯ tests/unit/game-store.spec.ts:312:7
            </failure>
        </testcase>
        <testcase classname="tests/unit/game-store.spec.ts" name="Game Store &gt; End Game &gt; sets endTime on session" time="0">
            <skipped/>
        </testcase>
        <testcase classname="tests/unit/game-store.spec.ts" name="Game Store &gt; End Game &gt; does nothing without active session" time="0.0010965">
            <system-err>
AggregateError: 
    at internalConnectMultiple (node:net:1134:18)
    at afterConnectMultiple (node:net:1715:7) {
  code: &apos;ECONNREFUSED&apos;,
  [errors]: [
    Error: connect ECONNREFUSED ::1:3000
        at createConnectionError (node:net:1678:14)
        at afterConnectMultiple (node:net:1708:16) {
      errno: -111,
      code: &apos;ECONNREFUSED&apos;,
      syscall: &apos;connect&apos;,
      address: &apos;::1&apos;,
      port: 3000
    },
    Error: connect ECONNREFUSED 127.0.0.1:3000
        at createConnectionError (node:net:1678:14)
        at afterConnectMultiple (node:net:1708:16) {
      errno: -111,
      code: &apos;ECONNREFUSED&apos;,
      syscall: &apos;connect&apos;,
      address: &apos;127.0.0.1&apos;,
      port: 3000
    }
  ]
}

            </system-err>
            <failure message="Failed to execute &quot;fetch()&quot; on &quot;Window&quot; with URL &quot;http://localhost:3000/data/categories.json&quot;: " type="Error">
Error: Failed to execute &quot;fetch()&quot; on &quot;Window&quot; with URL &quot;http://localhost:3000/data/categories.json&quot;: 
 ❯ Proxy.fetchCategories stores/game.ts:138:15
 ❯ Proxy.startNewGame stores/game.ts:182:7
 ❯ tests/unit/game-store.spec.ts:312:7
            </failure>
        </testcase>
        <testcase classname="tests/unit/game-store.spec.ts" name="Game Store &gt; Online Status &gt; sets offline" time="0.000436094">
        </testcase>
        <testcase classname="tests/unit/game-store.spec.ts" name="Game Store &gt; Online Status &gt; sets online" time="0.000430163">
        </testcase>
        <testcase classname="tests/unit/game-store.spec.ts" name="Game Store &gt; Category Emoji &gt; returns emoji for Weiblicher Vorname" time="0.000446665">
        </testcase>
        <testcase classname="tests/unit/game-store.spec.ts" name="Game Store &gt; Category Emoji &gt; returns emoji for Männlicher Vorname" time="0.000348619">
        </testcase>
        <testcase classname="tests/unit/game-store.spec.ts" name="Game Store &gt; Category Emoji &gt; returns emoji for Blumen" time="0.000354739">
        </testcase>
        <testcase classname="tests/unit/game-store.spec.ts" name="Game Store &gt; Category Emoji &gt; returns emoji for Mountains oder Hills" time="0.000432994">
        </testcase>
        <testcase classname="tests/unit/game-store.spec.ts" name="Game Store &gt; Category Emoji &gt; returns emoji for Gewässer oder See" time="0.000341849">
        </testcase>
        <testcase classname="tests/unit/game-store.spec.ts" name="Game Store &gt; Category Emoji &gt; returns emoji for Maschine" time="0.000333929">
        </testcase>
        <testcase classname="tests/unit/game-store.spec.ts" name="Game Store &gt; Category Emoji &gt; returns emoji for Begriff aus der Technik" time="0.000356399">
        </testcase>
        <testcase classname="tests/unit/game-store.spec.ts" name="Game Store &gt; Category Emoji &gt; returns emoji for Begriff aus der Raumfahrt" time="0.000334698">
        </testcase>
        <testcase classname="tests/unit/game-store.spec.ts" name="Game Store &gt; Category Emoji &gt; returns emoji for Wort mit Endung -heit" time="0.000328188">
        </testcase>
        <testcase classname="tests/unit/game-store.spec.ts" name="Game Store &gt; Category Emoji &gt; returns emoji for Farbe" time="0.000324137">
        </testcase>
        <testcase classname="tests/unit/game-store.spec.ts" name="Game Store &gt; Category Emoji &gt; returns emoji for Erfinder Entdecker oder Gelehrter" time="0.000340488">
        </testcase>
        <testcase classname="tests/unit/game-store.spec.ts" name="Game Store &gt; Category Emoji &gt; returns emoji for Komponist oder Sänger" time="0.000339368">
        </testcase>
        <testcase classname="tests/unit/game-store.spec.ts" name="Game Store &gt; Category Emoji &gt; returns default for unknown" time="0.000326067">
        </testcase>
        <testcase classname="tests/unit/game-store.spec.ts" name="Game Store &gt; Category Emoji &gt; returns default for null" time="0.000318797">
        </testcase>
        <testcase classname="tests/unit/game-store.spec.ts" name="Game Store &gt; Category Emoji &gt; returns default for undefined" time="0.000318258">
        </testcase>
        <testcase classname="tests/unit/game-store.spec.ts" name="Game Store &gt; Category Emoji &gt; returns default for empty string" time="0.000320228">
        </testcase>
        <testcase classname="tests/unit/game-store.spec.ts" name="Game Store &gt; Resume or Start New Game &gt; returns existing session if active" time="0.001351784">
            <system-err>
AggregateError: 
    at internalConnectMultiple (node:net:1134:18)
    at afterConnectMultiple (node:net:1715:7) {
  code: &apos;ECONNREFUSED&apos;,
  [errors]: [
    Error: connect ECONNREFUSED ::1:3000
        at createConnectionError (node:net:1678:14)
        at afterConnectMultiple (node:net:1708:16) {
      errno: -111,
      code: &apos;ECONNREFUSED&apos;,
      syscall: &apos;connect&apos;,
      address: &apos;::1&apos;,
      port: 3000
    },
    Error: connect ECONNREFUSED 127.0.0.1:3000
        at createConnectionError (node:net:1678:14)
        at afterConnectMultiple (node:net:1708:16) {
      errno: -111,
      code: &apos;ECONNREFUSED&apos;,
      syscall: &apos;connect&apos;,
      address: &apos;127.0.0.1&apos;,
      port: 3000
    }
  ]
}

            </system-err>
            <failure message="Failed to execute &quot;fetch()&quot; on &quot;Window&quot; with URL &quot;http://localhost:3000/data/categories.json&quot;: " type="Error">
Error: Failed to execute &quot;fetch()&quot; on &quot;Window&quot; with URL &quot;http://localhost:3000/data/categories.json&quot;: 
 ❯ Proxy.fetchCategories stores/game.ts:138:15
 ❯ Proxy.startNewGame stores/game.ts:182:7
 ❯ tests/unit/game-store.spec.ts:470:7
            </failure>
        </testcase>
        <testcase classname="tests/unit/game-store.spec.ts" name="Game Store &gt; Resume or Start New Game &gt; starts new game if no session" time="0.001448849">
            <system-err>
AggregateError: 
    at internalConnectMultiple (node:net:1134:18)
    at afterConnectMultiple (node:net:1715:7) {
  code: &apos;ECONNREFUSED&apos;,
  [errors]: [
    Error: connect ECONNREFUSED ::1:3000
        at createConnectionError (node:net:1678:14)
        at afterConnectMultiple (node:net:1708:16) {
      errno: -111,
      code: &apos;ECONNREFUSED&apos;,
      syscall: &apos;connect&apos;,
      address: &apos;::1&apos;,
      port: 3000
    },
    Error: connect ECONNREFUSED 127.0.0.1:3000
        at createConnectionError (node:net:1678:14)
        at afterConnectMultiple (node:net:1708:16) {
      errno: -111,
      code: &apos;ECONNREFUSED&apos;,
      syscall: &apos;connect&apos;,
      address: &apos;127.0.0.1&apos;,
      port: 3000
    }
  ]
}

            </system-err>
            <failure message="Failed to execute &quot;fetch()&quot; on &quot;Window&quot; with URL &quot;http://localhost:3000/data/categories.json&quot;: " type="Error">
Error: Failed to execute &quot;fetch()&quot; on &quot;Window&quot; with URL &quot;http://localhost:3000/data/categories.json&quot;: 
 ❯ Proxy.fetchCategories stores/game.ts:138:15
 ❯ Proxy.startNewGame stores/game.ts:182:7
 ❯ tests/unit/game-store.spec.ts:478:7
            </failure>
        </testcase>
        <testcase classname="tests/unit/game-store.spec.ts" name="Game Store &gt; Resume or Start New Game &gt; uses random category" time="0.001294301">
            <system-err>
AggregateError: 
    at internalConnectMultiple (node:net:1134:18)
    at afterConnectMultiple (node:net:1715:7) {
  code: &apos;ECONNREFUSED&apos;,
  [errors]: [
    Error: connect ECONNREFUSED ::1:3000
        at createConnectionError (node:net:1678:14)
        at afterConnectMultiple (node:net:1708:16) {
      errno: -111,
      code: &apos;ECONNREFUSED&apos;,
      syscall: &apos;connect&apos;,
      address: &apos;::1&apos;,
      port: 3000
    },
    Error: connect ECONNREFUSED 127.0.0.1:3000
        at createConnectionError (node:net:1678:14)
        at afterConnectMultiple (node:net:1708:16) {
      errno: -111,
      code: &apos;ECONNREFUSED&apos;,
      syscall: &apos;connect&apos;,
      address: &apos;127.0.0.1&apos;,
      port: 3000
    }
  ]
}

            </system-err>
            <failure message="Failed to execute &quot;fetch()&quot; on &quot;Window&quot; with URL &quot;http://localhost:3000/data/categories.json&quot;: " type="Error">
Error: Failed to execute &quot;fetch()&quot; on &quot;Window&quot; with URL &quot;http://localhost:3000/data/categories.json&quot;: 
 ❯ Proxy.fetchCategories stores/game.ts:138:15
 ❯ tests/unit/game-store.spec.ts:484:7
            </failure>
        </testcase>
        <testcase classname="tests/unit/game-store.spec.ts" name="Game Store &gt; Multi-Player Mode &gt; Setup Players &gt; creates game session with players" time="0.001625419">
            <system-err>
AggregateError: 
    at internalConnectMultiple (node:net:1134:18)
    at afterConnectMultiple (node:net:1715:7) {
  code: &apos;ECONNREFUSED&apos;,
  [errors]: [
    Error: connect ECONNREFUSED ::1:3000
        at createConnectionError (node:net:1678:14)
        at afterConnectMultiple (node:net:1708:16) {
      errno: -111,
      code: &apos;ECONNREFUSED&apos;,
      syscall: &apos;connect&apos;,
      address: &apos;::1&apos;,
      port: 3000
    },
    Error: connect ECONNREFUSED 127.0.0.1:3000
        at createConnectionError (node:net:1678:14)
        at afterConnectMultiple (node:net:1708:16) {
      errno: -111,
      code: &apos;ECONNREFUSED&apos;,
      syscall: &apos;connect&apos;,
      address: &apos;127.0.0.1&apos;,
      port: 3000
    }
  ]
}

            </system-err>
            <failure message="Failed to execute &quot;fetch()&quot; on &quot;Window&quot; with URL &quot;http://localhost:3000/data/categories.json&quot;: " type="Error">
Error: Failed to execute &quot;fetch()&quot; on &quot;Window&quot; with URL &quot;http://localhost:3000/data/categories.json&quot;: 
 ❯ Proxy.fetchCategories stores/game.ts:138:15
 ❯ Proxy.setupPlayers stores/game.ts:368:7
 ❯ tests/unit/game-store.spec.ts:496:25
            </failure>
        </testcase>
        <testcase classname="tests/unit/game-store.spec.ts" name="Game Store &gt; Multi-Player Mode &gt; Setup Players &gt; initializes players with zero scores" time="0.00129529">
            <system-err>
AggregateError: 
    at internalConnectMultiple (node:net:1134:18)
    at afterConnectMultiple (node:net:1715:7) {
  code: &apos;ECONNREFUSED&apos;,
  [errors]: [
    Error: connect ECONNREFUSED ::1:3000
        at createConnectionError (node:net:1678:14)
        at afterConnectMultiple (node:net:1708:16) {
      errno: -111,
      code: &apos;ECONNREFUSED&apos;,
      syscall: &apos;connect&apos;,
      address: &apos;::1&apos;,
      port: 3000
    },
    Error: connect ECONNREFUSED 127.0.0.1:3000
        at createConnectionError (node:net:1678:14)
        at afterConnectMultiple (node:net:1708:16) {
      errno: -111,
      code: &apos;ECONNREFUSED&apos;,
      syscall: &apos;connect&apos;,
      address: &apos;127.0.0.1&apos;,
      port: 3000
    }
  ]
}

            </system-err>
            <failure message="Failed to execute &quot;fetch()&quot; on &quot;Window&quot; with URL &quot;http://localhost:3000/data/categories.json&quot;: " type="Error">
Error: Failed to execute &quot;fetch()&quot; on &quot;Window&quot; with URL &quot;http://localhost:3000/data/categories.json&quot;: 
 ❯ Proxy.fetchCategories stores/game.ts:138:15
 ❯ Proxy.setupPlayers stores/game.ts:368:7
 ❯ tests/unit/game-store.spec.ts:507:9
            </failure>
        </testcase>
        <testcase classname="tests/unit/game-store.spec.ts" name="Game Store &gt; Multi-Player Mode &gt; Setup Players &gt; uses default names when empty strings provided" time="0.00127777">
            <system-err>
AggregateError: 
    at internalConnectMultiple (node:net:1134:18)
    at afterConnectMultiple (node:net:1715:7) {
  code: &apos;ECONNREFUSED&apos;,
  [errors]: [
    Error: connect ECONNREFUSED ::1:3000
        at createConnectionError (node:net:1678:14)
        at afterConnectMultiple (node:net:1708:16) {
      errno: -111,
      code: &apos;ECONNREFUSED&apos;,
      syscall: &apos;connect&apos;,
      address: &apos;::1&apos;,
      port: 3000
    },
    Error: connect ECONNREFUSED 127.0.0.1:3000
        at createConnectionError (node:net:1678:14)
        at afterConnectMultiple (node:net:1708:16) {
      errno: -111,
      code: &apos;ECONNREFUSED&apos;,
      syscall: &apos;connect&apos;,
      address: &apos;127.0.0.1&apos;,
      port: 3000
    }
  ]
}

            </system-err>
            <failure message="Failed to execute &quot;fetch()&quot; on &quot;Window&quot; with URL &quot;http://localhost:3000/data/categories.json&quot;: " type="Error">
Error: Failed to execute &quot;fetch()&quot; on &quot;Window&quot; with URL &quot;http://localhost:3000/data/categories.json&quot;: 
 ❯ Proxy.fetchCategories stores/game.ts:138:15
 ❯ Proxy.setupPlayers stores/game.ts:368:7
 ❯ tests/unit/game-store.spec.ts:520:9
            </failure>
        </testcase>
        <testcase classname="tests/unit/game-store.spec.ts" name="Game Store &gt; Multi-Player Mode &gt; Setup Players &gt; sets currentRound to 1" time="0.001521853">
            <system-err>
AggregateError: 
    at internalConnectMultiple (node:net:1134:18)
    at afterConnectMultiple (node:net:1715:7) {
  code: &apos;ECONNREFUSED&apos;,
  [errors]: [
    Error: connect ECONNREFUSED ::1:3000
        at createConnectionError (node:net:1678:14)
        at afterConnectMultiple (node:net:1708:16) {
      errno: -111,
      code: &apos;ECONNREFUSED&apos;,
      syscall: &apos;connect&apos;,
      address: &apos;::1&apos;,
      port: 3000
    },
    Error: connect ECONNREFUSED 127.0.0.1:3000
        at createConnectionError (node:net:1678:14)
        at afterConnectMultiple (node:net:1708:16) {
      errno: -111,
      code: &apos;ECONNREFUSED&apos;,
      syscall: &apos;connect&apos;,
      address: &apos;127.0.0.1&apos;,
      port: 3000
    }
  ]
}

            </system-err>
            <failure message="Failed to execute &quot;fetch()&quot; on &quot;Window&quot; with URL &quot;http://localhost:3000/data/categories.json&quot;: " type="Error">
Error: Failed to execute &quot;fetch()&quot; on &quot;Window&quot; with URL &quot;http://localhost:3000/data/categories.json&quot;: 
 ❯ Proxy.fetchCategories stores/game.ts:138:15
 ❯ Proxy.setupPlayers stores/game.ts:368:7
 ❯ tests/unit/game-store.spec.ts:529:9
            </failure>
        </testcase>
        <testcase classname="tests/unit/game-store.spec.ts" name="Game Store &gt; Multi-Player Mode &gt; Setup Players &gt; sets optional game name" time="0.001313361">
            <system-err>
AggregateError: 
    at internalConnectMultiple (node:net:1134:18)
    at afterConnectMultiple (node:net:1715:7) {
  code: &apos;ECONNREFUSED&apos;,
  [errors]: [
    Error: connect ECONNREFUSED ::1:3000
        at createConnectionError (node:net:1678:14)
        at afterConnectMultiple (node:net:1708:16) {
      errno: -111,
      code: &apos;ECONNREFUSED&apos;,
      syscall: &apos;connect&apos;,
      address: &apos;::1&apos;,
      port: 3000
    },
    Error: connect ECONNREFUSED 127.0.0.1:3000
        at createConnectionError (node:net:1678:14)
        at afterConnectMultiple (node:net:1708:16) {
      errno: -111,
      code: &apos;ECONNREFUSED&apos;,
      syscall: &apos;connect&apos;,
      address: &apos;127.0.0.1&apos;,
      port: 3000
    }
  ]
}

            </system-err>
            <failure message="Failed to execute &quot;fetch()&quot; on &quot;Window&quot; with URL &quot;http://localhost:3000/data/categories.json&quot;: " type="Error">
Error: Failed to execute &quot;fetch()&quot; on &quot;Window&quot; with URL &quot;http://localhost:3000/data/categories.json&quot;: 
 ❯ Proxy.fetchCategories stores/game.ts:138:15
 ❯ Proxy.setupPlayers stores/game.ts:368:7
 ❯ tests/unit/game-store.spec.ts:536:9
            </failure>
        </testcase>
        <testcase classname="tests/unit/game-store.spec.ts" name="Game Store &gt; Multi-Player Mode &gt; Setup Players &gt; generates category and letter" time="0.00129316">
            <system-err>
AggregateError: 
    at internalConnectMultiple (node:net:1134:18)
    at afterConnectMultiple (node:net:1715:7) {
  code: &apos;ECONNREFUSED&apos;,
  [errors]: [
    Error: connect ECONNREFUSED ::1:3000
        at createConnectionError (node:net:1678:14)
        at afterConnectMultiple (node:net:1708:16) {
      errno: -111,
      code: &apos;ECONNREFUSED&apos;,
      syscall: &apos;connect&apos;,
      address: &apos;::1&apos;,
      port: 3000
    },
    Error: connect ECONNREFUSED 127.0.0.1:3000
        at createConnectionError (node:net:1678:14)
        at afterConnectMultiple (node:net:1708:16) {
      errno: -111,
      code: &apos;ECONNREFUSED&apos;,
      syscall: &apos;connect&apos;,
      address: &apos;127.0.0.1&apos;,
      port: 3000
    }
  ]
}

            </system-err>
            <failure message="Failed to execute &quot;fetch()&quot; on &quot;Window&quot; with URL &quot;http://localhost:3000/data/categories.json&quot;: " type="Error">
Error: Failed to execute &quot;fetch()&quot; on &quot;Window&quot; with URL &quot;http://localhost:3000/data/categories.json&quot;: 
 ❯ Proxy.fetchCategories stores/game.ts:138:15
 ❯ Proxy.setupPlayers stores/game.ts:368:7
 ❯ tests/unit/game-store.spec.ts:543:9
            </failure>
        </testcase>
        <testcase classname="tests/unit/game-store.spec.ts" name="Game Store &gt; Multi-Player Mode &gt; Multi-Player Getters &gt; players exist after setup" time="0.001263149">
            <system-err>
AggregateError: 
    at internalConnectMultiple (node:net:1134:18)
    at afterConnectMultiple (node:net:1715:7) {
  code: &apos;ECONNREFUSED&apos;,
  [errors]: [
    Error: connect ECONNREFUSED ::1:3000
        at createConnectionError (node:net:1678:14)
        at afterConnectMultiple (node:net:1708:16) {
      errno: -111,
      code: &apos;ECONNREFUSED&apos;,
      syscall: &apos;connect&apos;,
      address: &apos;::1&apos;,
      port: 3000
    },
    Error: connect ECONNREFUSED 127.0.0.1:3000
        at createConnectionError (node:net:1678:14)
        at afterConnectMultiple (node:net:1708:16) {
      errno: -111,
      code: &apos;ECONNREFUSED&apos;,
      syscall: &apos;connect&apos;,
      address: &apos;127.0.0.1&apos;,
      port: 3000
    }
  ]
}

            </system-err>
            <failure message="Failed to execute &quot;fetch()&quot; on &quot;Window&quot; with URL &quot;http://localhost:3000/data/categories.json&quot;: " type="Error">
Error: Failed to execute &quot;fetch()&quot; on &quot;Window&quot; with URL &quot;http://localhost:3000/data/categories.json&quot;: 
 ❯ Proxy.fetchCategories stores/game.ts:138:15
 ❯ Proxy.setupPlayers stores/game.ts:368:7
 ❯ tests/unit/game-store.spec.ts:554:9
            </failure>
        </testcase>
        <testcase classname="tests/unit/game-store.spec.ts" name="Game Store &gt; Multi-Player Mode &gt; Multi-Player Getters &gt; players getter returns all players" time="0.001234157">
            <system-err>
AggregateError: 
    at internalConnectMultiple (node:net:1134:18)
    at afterConnectMultiple (node:net:1715:7) {
  code: &apos;ECONNREFUSED&apos;,
  [errors]: [
    Error: connect ECONNREFUSED ::1:3000
        at createConnectionError (node:net:1678:14)
        at afterConnectMultiple (node:net:1708:16) {
      errno: -111,
      code: &apos;ECONNREFUSED&apos;,
      syscall: &apos;connect&apos;,
      address: &apos;::1&apos;,
      port: 3000
    },
    Error: connect ECONNREFUSED 127.0.0.1:3000
        at createConnectionError (node:net:1678:14)
        at afterConnectMultiple (node:net:1708:16) {
      errno: -111,
      code: &apos;ECONNREFUSED&apos;,
      syscall: &apos;connect&apos;,
      address: &apos;127.0.0.1&apos;,
      port: 3000
    }
  ]
}

            </system-err>
            <failure message="Failed to execute &quot;fetch()&quot; on &quot;Window&quot; with URL &quot;http://localhost:3000/data/categories.json&quot;: " type="Error">
Error: Failed to execute &quot;fetch()&quot; on &quot;Window&quot; with URL &quot;http://localhost:3000/data/categories.json&quot;: 
 ❯ Proxy.fetchCategories stores/game.ts:138:15
 ❯ Proxy.setupPlayers stores/game.ts:368:7
 ❯ tests/unit/game-store.spec.ts:554:9
            </failure>
        </testcase>
        <testcase classname="tests/unit/game-store.spec.ts" name="Game Store &gt; Multi-Player Mode &gt; Multi-Player Getters &gt; currentPlayerTurn returns first unsubmitted player" time="0.001339052">
            <system-err>
AggregateError: 
    at internalConnectMultiple (node:net:1134:18)
    at afterConnectMultiple (node:net:1715:7) {
  code: &apos;ECONNREFUSED&apos;,
  [errors]: [
    Error: connect ECONNREFUSED ::1:3000
        at createConnectionError (node:net:1678:14)
        at afterConnectMultiple (node:net:1708:16) {
      errno: -111,
      code: &apos;ECONNREFUSED&apos;,
      syscall: &apos;connect&apos;,
      address: &apos;::1&apos;,
      port: 3000
    },
    Error: connect ECONNREFUSED 127.0.0.1:3000
        at createConnectionError (node:net:1678:14)
        at afterConnectMultiple (node:net:1708:16) {
      errno: -111,
      code: &apos;ECONNREFUSED&apos;,
      syscall: &apos;connect&apos;,
      address: &apos;127.0.0.1&apos;,
      port: 3000
    }
  ]
}

            </system-err>
            <failure message="Failed to execute &quot;fetch()&quot; on &quot;Window&quot; with URL &quot;http://localhost:3000/data/categories.json&quot;: " type="Error">
Error: Failed to execute &quot;fetch()&quot; on &quot;Window&quot; with URL &quot;http://localhost:3000/data/categories.json&quot;: 
 ❯ Proxy.fetchCategories stores/game.ts:138:15
 ❯ Proxy.setupPlayers stores/game.ts:368:7
 ❯ tests/unit/game-store.spec.ts:554:9
            </failure>
        </testcase>
        <testcase classname="tests/unit/game-store.spec.ts" name="Game Store &gt; Multi-Player Mode &gt; Multi-Player Getters &gt; allPlayersSubmitted returns false initially" time="0.001267399">
            <system-err>
AggregateError: 
    at internalConnectMultiple (node:net:1134:18)
    at afterConnectMultiple (node:net:1715:7) {
  code: &apos;ECONNREFUSED&apos;,
  [errors]: [
    Error: connect ECONNREFUSED ::1:3000
        at createConnectionError (node:net:1678:14)
        at afterConnectMultiple (node:net:1708:16) {
      errno: -111,
      code: &apos;ECONNREFUSED&apos;,
      syscall: &apos;connect&apos;,
      address: &apos;::1&apos;,
      port: 3000
    },
    Error: connect ECONNREFUSED 127.0.0.1:3000
        at createConnectionError (node:net:1678:14)
        at afterConnectMultiple (node:net:1708:16) {
      errno: -111,
      code: &apos;ECONNREFUSED&apos;,
      syscall: &apos;connect&apos;,
      address: &apos;127.0.0.1&apos;,
      port: 3000
    }
  ]
}

            </system-err>
            <failure message="Failed to execute &quot;fetch()&quot; on &quot;Window&quot; with URL &quot;http://localhost:3000/data/categories.json&quot;: " type="Error">
Error: Failed to execute &quot;fetch()&quot; on &quot;Window&quot; with URL &quot;http://localhost:3000/data/categories.json&quot;: 
 ❯ Proxy.fetchCategories stores/game.ts:138:15
 ❯ Proxy.setupPlayers stores/game.ts:368:7
 ❯ tests/unit/game-store.spec.ts:554:9
            </failure>
        </testcase>
        <testcase classname="tests/unit/game-store.spec.ts" name="Game Store &gt; Multi-Player Mode &gt; Multi-Player Getters &gt; allPlayersSubmitted returns true when all submitted" time="0.001248938">
            <system-err>
AggregateError: 
    at internalConnectMultiple (node:net:1134:18)
    at afterConnectMultiple (node:net:1715:7) {
  code: &apos;ECONNREFUSED&apos;,
  [errors]: [
    Error: connect ECONNREFUSED ::1:3000
        at createConnectionError (node:net:1678:14)
        at afterConnectMultiple (node:net:1708:16) {
      errno: -111,
      code: &apos;ECONNREFUSED&apos;,
      syscall: &apos;connect&apos;,
      address: &apos;::1&apos;,
      port: 3000
    },
    Error: connect ECONNREFUSED 127.0.0.1:3000
        at createConnectionError (node:net:1678:14)
        at afterConnectMultiple (node:net:1708:16) {
      errno: -111,
      code: &apos;ECONNREFUSED&apos;,
      syscall: &apos;connect&apos;,
      address: &apos;127.0.0.1&apos;,
      port: 3000
    }
  ]
}

            </system-err>
            <failure message="Failed to execute &quot;fetch()&quot; on &quot;Window&quot; with URL &quot;http://localhost:3000/data/categories.json&quot;: " type="Error">
Error: Failed to execute &quot;fetch()&quot; on &quot;Window&quot; with URL &quot;http://localhost:3000/data/categories.json&quot;: 
 ❯ Proxy.fetchCategories stores/game.ts:138:15
 ❯ Proxy.setupPlayers stores/game.ts:368:7
 ❯ tests/unit/game-store.spec.ts:554:9
            </failure>
        </testcase>
        <testcase classname="tests/unit/game-store.spec.ts" name="Game Store &gt; Multi-Player Mode &gt; Multi-Player Getters &gt; leaderboard returns players sorted by totalScore" time="0.003397095">
            <system-err>
AggregateError: 
    at internalConnectMultiple (node:net:1134:18)
    at afterConnectMultiple (node:net:1715:7) {
  code: &apos;ECONNREFUSED&apos;,
  [errors]: [
    Error: connect ECONNREFUSED ::1:3000
        at createConnectionError (node:net:1678:14)
        at afterConnectMultiple (node:net:1708:16) {
      errno: -111,
      code: &apos;ECONNREFUSED&apos;,
      syscall: &apos;connect&apos;,
      address: &apos;::1&apos;,
      port: 3000
    },
    Error: connect ECONNREFUSED 127.0.0.1:3000
        at createConnectionError (node:net:1678:14)
        at afterConnectMultiple (node:net:1708:16) {
      errno: -111,
      code: &apos;ECONNREFUSED&apos;,
      syscall: &apos;connect&apos;,
      address: &apos;127.0.0.1&apos;,
      port: 3000
    }
  ]
}

            </system-err>
            <failure message="Failed to execute &quot;fetch()&quot; on &quot;Window&quot; with URL &quot;http://localhost:3000/data/categories.json&quot;: " type="Error">
Error: Failed to execute &quot;fetch()&quot; on &quot;Window&quot; with URL &quot;http://localhost:3000/data/categories.json&quot;: 
 ❯ Proxy.fetchCategories stores/game.ts:138:15
 ❯ Proxy.setupPlayers stores/game.ts:368:7
 ❯ tests/unit/game-store.spec.ts:554:9
            </failure>
        </testcase>
        <testcase classname="tests/unit/game-store.spec.ts" name="Game Store &gt; Multi-Player Mode &gt; Submit Player Answer &gt; saves player answer" time="0.001161404">
            <system-err>
AggregateError: 
    at internalConnectMultiple (node:net:1134:18)
    at afterConnectMultiple (node:net:1715:7) {
  code: &apos;ECONNREFUSED&apos;,
  [errors]: [
    Error: connect ECONNREFUSED ::1:3000
        at createConnectionError (node:net:1678:14)
        at afterConnectMultiple (node:net:1708:16) {
      errno: -111,
      code: &apos;ECONNREFUSED&apos;,
      syscall: &apos;connect&apos;,
      address: &apos;::1&apos;,
      port: 3000
    },
    Error: connect ECONNREFUSED 127.0.0.1:3000
        at createConnectionError (node:net:1678:14)
        at afterConnectMultiple (node:net:1708:16) {
      errno: -111,
      code: &apos;ECONNREFUSED&apos;,
      syscall: &apos;connect&apos;,
      address: &apos;127.0.0.1&apos;,
      port: 3000
    }
  ]
}

            </system-err>
            <failure message="Failed to execute &quot;fetch()&quot; on &quot;Window&quot; with URL &quot;http://localhost:3000/data/categories.json&quot;: " type="Error">
Error: Failed to execute &quot;fetch()&quot; on &quot;Window&quot; with URL &quot;http://localhost:3000/data/categories.json&quot;: 
 ❯ Proxy.fetchCategories stores/game.ts:138:15
 ❯ Proxy.setupPlayers stores/game.ts:368:7
 ❯ tests/unit/game-store.spec.ts:616:9
            </failure>
        </testcase>
        <testcase classname="tests/unit/game-store.spec.ts" name="Game Store &gt; Multi-Player Mode &gt; Submit Player Answer &gt; persists to database" time="0.001055157">
            <system-err>
AggregateError: 
    at internalConnectMultiple (node:net:1134:18)
    at afterConnectMultiple (node:net:1715:7) {
  code: &apos;ECONNREFUSED&apos;,
  [errors]: [
    Error: connect ECONNREFUSED ::1:3000
        at createConnectionError (node:net:1678:14)
        at afterConnectMultiple (node:net:1708:16) {
      errno: -111,
      code: &apos;ECONNREFUSED&apos;,
      syscall: &apos;connect&apos;,
      address: &apos;::1&apos;,
      port: 3000
    },
    Error: connect ECONNREFUSED 127.0.0.1:3000
        at createConnectionError (node:net:1678:14)
        at afterConnectMultiple (node:net:1708:16) {
      errno: -111,
      code: &apos;ECONNREFUSED&apos;,
      syscall: &apos;connect&apos;,
      address: &apos;127.0.0.1&apos;,
      port: 3000
    }
  ]
}

            </system-err>
            <failure message="Failed to execute &quot;fetch()&quot; on &quot;Window&quot; with URL &quot;http://localhost:3000/data/categories.json&quot;: " type="Error">
Error: Failed to execute &quot;fetch()&quot; on &quot;Window&quot; with URL &quot;http://localhost:3000/data/categories.json&quot;: 
 ❯ Proxy.fetchCategories stores/game.ts:138:15
 ❯ Proxy.setupPlayers stores/game.ts:368:7
 ❯ tests/unit/game-store.spec.ts:616:9
            </failure>
        </testcase>
        <testcase classname="tests/unit/game-store.spec.ts" name="Game Store &gt; Multi-Player Mode &gt; Submit Player Answer &gt; updates currentPlayerTurn to next player" time="0.001083619">
            <system-err>
AggregateError: 
    at internalConnectMultiple (node:net:1134:18)
    at afterConnectMultiple (node:net:1715:7) {
  code: &apos;ECONNREFUSED&apos;,
  [errors]: [
    Error: connect ECONNREFUSED ::1:3000
        at createConnectionError (node:net:1678:14)
        at afterConnectMultiple (node:net:1708:16) {
      errno: -111,
      code: &apos;ECONNREFUSED&apos;,
      syscall: &apos;connect&apos;,
      address: &apos;::1&apos;,
      port: 3000
    },
    Error: connect ECONNREFUSED 127.0.0.1:3000
        at createConnectionError (node:net:1678:14)
        at afterConnectMultiple (node:net:1708:16) {
      errno: -111,
      code: &apos;ECONNREFUSED&apos;,
      syscall: &apos;connect&apos;,
      address: &apos;127.0.0.1&apos;,
      port: 3000
    }
  ]
}

            </system-err>
            <failure message="Failed to execute &quot;fetch()&quot; on &quot;Window&quot; with URL &quot;http://localhost:3000/data/categories.json&quot;: " type="Error">
Error: Failed to execute &quot;fetch()&quot; on &quot;Window&quot; with URL &quot;http://localhost:3000/data/categories.json&quot;: 
 ❯ Proxy.fetchCategories stores/game.ts:138:15
 ❯ Proxy.setupPlayers stores/game.ts:368:7
 ❯ tests/unit/game-store.spec.ts:616:9
            </failure>
        </testcase>
        <testcase classname="tests/unit/game-store.spec.ts" name="Game Store &gt; Multi-Player Mode &gt; Submit Player Answer &gt; handles invalid player ID gracefully" time="0.001032796">
            <system-err>
AggregateError: 
    at internalConnectMultiple (node:net:1134:18)
    at afterConnectMultiple (node:net:1715:7) {
  code: &apos;ECONNREFUSED&apos;,
  [errors]: [
    Error: connect ECONNREFUSED ::1:3000
        at createConnectionError (node:net:1678:14)
        at afterConnectMultiple (node:net:1708:16) {
      errno: -111,
      code: &apos;ECONNREFUSED&apos;,
      syscall: &apos;connect&apos;,
      address: &apos;::1&apos;,
      port: 3000
    },
    Error: connect ECONNREFUSED 127.0.0.1:3000
        at createConnectionError (node:net:1678:14)
        at afterConnectMultiple (node:net:1708:16) {
      errno: -111,
      code: &apos;ECONNREFUSED&apos;,
      syscall: &apos;connect&apos;,
      address: &apos;127.0.0.1&apos;,
      port: 3000
    }
  ]
}

            </system-err>
            <failure message="Failed to execute &quot;fetch()&quot; on &quot;Window&quot; with URL &quot;http://localhost:3000/data/categories.json&quot;: " type="Error">
Error: Failed to execute &quot;fetch()&quot; on &quot;Window&quot; with URL &quot;http://localhost:3000/data/categories.json&quot;: 
 ❯ Proxy.fetchCategories stores/game.ts:138:15
 ❯ Proxy.setupPlayers stores/game.ts:368:7
 ❯ tests/unit/game-store.spec.ts:616:9
            </failure>
        </testcase>
        <testcase classname="tests/unit/game-store.spec.ts" name="Game Store &gt; Multi-Player Mode &gt; Assign Player Score &gt; updates current round score" time="0.001075478">
            <system-err>
AggregateError: 
    at internalConnectMultiple (node:net:1134:18)
    at afterConnectMultiple (node:net:1715:7) {
  code: &apos;ECONNREFUSED&apos;,
  [errors]: [
    Error: connect ECONNREFUSED ::1:3000
        at createConnectionError (node:net:1678:14)
        at afterConnectMultiple (node:net:1708:16) {
      errno: -111,
      code: &apos;ECONNREFUSED&apos;,
      syscall: &apos;connect&apos;,
      address: &apos;::1&apos;,
      port: 3000
    },
    Error: connect ECONNREFUSED 127.0.0.1:3000
        at createConnectionError (node:net:1678:14)
        at afterConnectMultiple (node:net:1708:16) {
      errno: -111,
      code: &apos;ECONNREFUSED&apos;,
      syscall: &apos;connect&apos;,
      address: &apos;127.0.0.1&apos;,
      port: 3000
    }
  ]
}

            </system-err>
            <failure message="Failed to execute &quot;fetch()&quot; on &quot;Window&quot; with URL &quot;http://localhost:3000/data/categories.json&quot;: " type="Error">
Error: Failed to execute &quot;fetch()&quot; on &quot;Window&quot; with URL &quot;http://localhost:3000/data/categories.json&quot;: 
 ❯ Proxy.fetchCategories stores/game.ts:138:15
 ❯ Proxy.setupPlayers stores/game.ts:368:7
 ❯ tests/unit/game-store.spec.ts:665:9
            </failure>
        </testcase>
        <testcase classname="tests/unit/game-store.spec.ts" name="Game Store &gt; Multi-Player Mode &gt; Assign Player Score &gt; adds to total score" time="0.001042256">
            <system-err>
AggregateError: 
    at internalConnectMultiple (node:net:1134:18)
    at afterConnectMultiple (node:net:1715:7) {
  code: &apos;ECONNREFUSED&apos;,
  [errors]: [
    Error: connect ECONNREFUSED ::1:3000
        at createConnectionError (node:net:1678:14)
        at afterConnectMultiple (node:net:1708:16) {
      errno: -111,
      code: &apos;ECONNREFUSED&apos;,
      syscall: &apos;connect&apos;,
      address: &apos;::1&apos;,
      port: 3000
    },
    Error: connect ECONNREFUSED 127.0.0.1:3000
        at createConnectionError (node:net:1678:14)
        at afterConnectMultiple (node:net:1708:16) {
      errno: -111,
      code: &apos;ECONNREFUSED&apos;,
      syscall: &apos;connect&apos;,
      address: &apos;127.0.0.1&apos;,
      port: 3000
    }
  ]
}

            </system-err>
            <failure message="Failed to execute &quot;fetch()&quot; on &quot;Window&quot; with URL &quot;http://localhost:3000/data/categories.json&quot;: " type="Error">
Error: Failed to execute &quot;fetch()&quot; on &quot;Window&quot; with URL &quot;http://localhost:3000/data/categories.json&quot;: 
 ❯ Proxy.fetchCategories stores/game.ts:138:15
 ❯ Proxy.setupPlayers stores/game.ts:368:7
 ❯ tests/unit/game-store.spec.ts:665:9
            </failure>
        </testcase>
        <testcase classname="tests/unit/game-store.spec.ts" name="Game Store &gt; Multi-Player Mode &gt; Assign Player Score &gt; persists to database" time="0.001054177">
            <system-err>
AggregateError: 
    at internalConnectMultiple (node:net:1134:18)
    at afterConnectMultiple (node:net:1715:7) {
  code: &apos;ECONNREFUSED&apos;,
  [errors]: [
    Error: connect ECONNREFUSED ::1:3000
        at createConnectionError (node:net:1678:14)
        at afterConnectMultiple (node:net:1708:16) {
      errno: -111,
      code: &apos;ECONNREFUSED&apos;,
      syscall: &apos;connect&apos;,
      address: &apos;::1&apos;,
      port: 3000
    },
    Error: connect ECONNREFUSED 127.0.0.1:3000
        at createConnectionError (node:net:1678:14)
        at afterConnectMultiple (node:net:1708:16) {
      errno: -111,
      code: &apos;ECONNREFUSED&apos;,
      syscall: &apos;connect&apos;,
      address: &apos;127.0.0.1&apos;,
      port: 3000
    }
  ]
}

            </system-err>
            <failure message="Failed to execute &quot;fetch()&quot; on &quot;Window&quot; with URL &quot;http://localhost:3000/data/categories.json&quot;: " type="Error">
Error: Failed to execute &quot;fetch()&quot; on &quot;Window&quot; with URL &quot;http://localhost:3000/data/categories.json&quot;: 
 ❯ Proxy.fetchCategories stores/game.ts:138:15
 ❯ Proxy.setupPlayers stores/game.ts:368:7
 ❯ tests/unit/game-store.spec.ts:665:9
            </failure>
        </testcase>
        <testcase classname="tests/unit/game-store.spec.ts" name="Game Store &gt; Multi-Player Mode &gt; Complete Round &gt; adds round to history" time="0.001090719">
            <system-err>
AggregateError: 
    at internalConnectMultiple (node:net:1134:18)
    at afterConnectMultiple (node:net:1715:7) {
  code: &apos;ECONNREFUSED&apos;,
  [errors]: [
    Error: connect ECONNREFUSED ::1:3000
        at createConnectionError (node:net:1678:14)
        at afterConnectMultiple (node:net:1708:16) {
      errno: -111,
      code: &apos;ECONNREFUSED&apos;,
      syscall: &apos;connect&apos;,
      address: &apos;::1&apos;,
      port: 3000
    },
    Error: connect ECONNREFUSED 127.0.0.1:3000
        at createConnectionError (node:net:1678:14)
        at afterConnectMultiple (node:net:1708:16) {
      errno: -111,
      code: &apos;ECONNREFUSED&apos;,
      syscall: &apos;connect&apos;,
      address: &apos;127.0.0.1&apos;,
      port: 3000
    }
  ]
}

            </system-err>
            <failure message="Failed to execute &quot;fetch()&quot; on &quot;Window&quot; with URL &quot;http://localhost:3000/data/categories.json&quot;: " type="Error">
Error: Failed to execute &quot;fetch()&quot; on &quot;Window&quot; with URL &quot;http://localhost:3000/data/categories.json&quot;: 
 ❯ Proxy.fetchCategories stores/game.ts:138:15
 ❯ Proxy.setupPlayers stores/game.ts:368:7
 ❯ tests/unit/game-store.spec.ts:708:9
            </failure>
        </testcase>
        <testcase classname="tests/unit/game-store.spec.ts" name="Game Store &gt; Multi-Player Mode &gt; Complete Round &gt; saves round results with player answers and scores" time="0.000983433">
            <system-err>
AggregateError: 
    at internalConnectMultiple (node:net:1134:18)
    at afterConnectMultiple (node:net:1715:7) {
  code: &apos;ECONNREFUSED&apos;,
  [errors]: [
    Error: connect ECONNREFUSED ::1:3000
        at createConnectionError (node:net:1678:14)
        at afterConnectMultiple (node:net:1708:16) {
      errno: -111,
      code: &apos;ECONNREFUSED&apos;,
      syscall: &apos;connect&apos;,
      address: &apos;::1&apos;,
      port: 3000
    },
    Error: connect ECONNREFUSED 127.0.0.1:3000
        at createConnectionError (node:net:1678:14)
        at afterConnectMultiple (node:net:1708:16) {
      errno: -111,
      code: &apos;ECONNREFUSED&apos;,
      syscall: &apos;connect&apos;,
      address: &apos;127.0.0.1&apos;,
      port: 3000
    }
  ]
}

            </system-err>
            <failure message="Failed to execute &quot;fetch()&quot; on &quot;Window&quot; with URL &quot;http://localhost:3000/data/categories.json&quot;: " type="Error">
Error: Failed to execute &quot;fetch()&quot; on &quot;Window&quot; with URL &quot;http://localhost:3000/data/categories.json&quot;: 
 ❯ Proxy.fetchCategories stores/game.ts:138:15
 ❯ Proxy.setupPlayers stores/game.ts:368:7
 ❯ tests/unit/game-store.spec.ts:708:9
            </failure>
        </testcase>
        <testcase classname="tests/unit/game-store.spec.ts" name="Game Store &gt; Multi-Player Mode &gt; Complete Round &gt; includes round metadata" time="0.001075738">
            <system-err>
AggregateError: 
    at internalConnectMultiple (node:net:1134:18)
    at afterConnectMultiple (node:net:1715:7) {
  code: &apos;ECONNREFUSED&apos;,
  [errors]: [
    Error: connect ECONNREFUSED ::1:3000
[...]
            <system-err>
AggregateError: 
    at internalConnectMultiple (node:net:1134:18)
    at afterConnectMultiple (node:net:1715:7) {
  code: &apos;ECONNREFUSED&apos;,
  [errors]: [
    Error: connect ECONNREFUSED ::1:3000
        at createConnectionError (node:net:1678:14)
        at afterConnectMultiple (node:net:1708:16) {
      errno: -111,
      code: &apos;ECONNREFUSED&apos;,
      syscall: &apos;connect&apos;,
      address: &apos;::1&apos;,
      port: 3000
    },
    Error: connect ECONNREFUSED 127.0.0.1:3000
        at createConnectionError (node:net:1678:14)
        at afterConnectMultiple (node:net:1708:16) {
      errno: -111,
      code: &apos;ECONNREFUSED&apos;,
      syscall: &apos;connect&apos;,
      address: &apos;127.0.0.1&apos;,
      port: 3000
    }
  ]
}

            </system-err>
            <failure message="Failed to execute &quot;fetch()&quot; on &quot;Window&quot; with URL &quot;http://localhost:3000/data/categories.json&quot;: " type="Error">
Error: Failed to execute &quot;fetch()&quot; on &quot;Window&quot; with URL &quot;http://localhost:3000/data/categories.json&quot;: 
 ❯ Proxy.fetchCategories stores/game.ts:138:15
 ❯ Proxy.setupPlayers stores/game.ts:368:7
 ❯ tests/unit/game-store.spec.ts:756:9
            </failure>
        </testcase>
        <testcase classname="tests/unit/game-store.spec.ts" name="Game Store &gt; Multi-Player Mode &gt; Reset Player Submissions &gt; clears all hasSubmitted flags" time="0.001145882">
            <system-err>
AggregateError: 
    at internalConnectMultiple (node:net:1134:18)
    at afterConnectMultiple (node:net:1715:7) {
  code: &apos;ECONNREFUSED&apos;,
  [errors]: [
    Error: connect ECONNREFUSED ::1:3000
        at createConnectionError (node:net:1678:14)
        at afterConnectMultiple (node:net:1708:16) {
      errno: -111,
      code: &apos;ECONNREFUSED&apos;,
      syscall: &apos;connect&apos;,
      address: &apos;::1&apos;,
      port: 3000
    },
    Error: connect ECONNREFUSED 127.0.0.1:3000
        at createConnectionError (node:net:1678:14)
        at afterConnectMultiple (node:net:1708:16) {
      errno: -111,
      code: &apos;ECONNREFUSED&apos;,
      syscall: &apos;connect&apos;,
      address: &apos;127.0.0.1&apos;,
      port: 3000
    }
  ]
}

            </system-err>
            <failure message="Failed to execute &quot;fetch()&quot; on &quot;Window&quot; with URL &quot;http://localhost:3000/data/categories.json&quot;: " type="Error">
Error: Failed to execute &quot;fetch()&quot; on &quot;Window&quot; with URL &quot;http://localhost:3000/data/categories.json&quot;: 
 ❯ Proxy.fetchCategories stores/game.ts:138:15
 ❯ Proxy.setupPlayers stores/game.ts:368:7
 ❯ tests/unit/game-store.spec.ts:821:9
            </failure>
        </testcase>
        <testcase classname="tests/unit/game-store.spec.ts" name="Game Store &gt; Multi-Player Mode &gt; Reset Player Submissions &gt; persists to database" time="0.001039046">
            <system-err>
AggregateError: 
    at internalConnectMultiple (node:net:1134:18)
    at afterConnectMultiple (node:net:1715:7) {
  code: &apos;ECONNREFUSED&apos;,
  [errors]: [
    Error: connect ECONNREFUSED ::1:3000
        at createConnectionError (node:net:1678:14)
        at afterConnectMultiple (node:net:1708:16) {
      errno: -111,
      code: &apos;ECONNREFUSED&apos;,
      syscall: &apos;connect&apos;,
      address: &apos;::1&apos;,
      port: 3000
    },
    Error: connect ECONNREFUSED 127.0.0.1:3000
        at createConnectionError (node:net:1678:14)
        at afterConnectMultiple (node:net:1708:16) {
      errno: -111,
      code: &apos;ECONNREFUSED&apos;,
      syscall: &apos;connect&apos;,
      address: &apos;127.0.0.1&apos;,
      port: 3000
    }
  ]
}

            </system-err>
            <failure message="Failed to execute &quot;fetch()&quot; on &quot;Window&quot; with URL &quot;http://localhost:3000/data/categories.json&quot;: " type="Error">
Error: Failed to execute &quot;fetch()&quot; on &quot;Window&quot; with URL &quot;http://localhost:3000/data/categories.json&quot;: 
 ❯ Proxy.fetchCategories stores/game.ts:138:15
 ❯ Proxy.setupPlayers stores/game.ts:368:7
 ❯ tests/unit/game-store.spec.ts:821:9
            </failure>
        </testcase>
        <testcase classname="tests/unit/game-store.spec.ts" name="Game Store &gt; Multi-Player Mode &gt; Get Player By ID &gt; returns player when ID matches" time="0.001057088">
            <system-err>
AggregateError: 
    at internalConnectMultiple (node:net:1134:18)
    at afterConnectMultiple (node:net:1715:7) {
  code: &apos;ECONNREFUSED&apos;,
  [errors]: [
    Error: connect ECONNREFUSED ::1:3000
        at createConnectionError (node:net:1678:14)
        at afterConnectMultiple (node:net:1708:16) {
      errno: -111,
      code: &apos;ECONNREFUSED&apos;,
      syscall: &apos;connect&apos;,
      address: &apos;::1&apos;,
      port: 3000
    },
    Error: connect ECONNREFUSED 127.0.0.1:3000
        at createConnectionError (node:net:1678:14)
        at afterConnectMultiple (node:net:1708:16) {
      errno: -111,
      code: &apos;ECONNREFUSED&apos;,
      syscall: &apos;connect&apos;,
      address: &apos;127.0.0.1&apos;,
      port: 3000
    }
  ]
}

            </system-err>
            <failure message="Failed to execute &quot;fetch()&quot; on &quot;Window&quot; with URL &quot;http://localhost:3000/data/categories.json&quot;: " type="Error">
Error: Failed to execute &quot;fetch()&quot; on &quot;Window&quot; with URL &quot;http://localhost:3000/data/categories.json&quot;: 
 ❯ Proxy.fetchCategories stores/game.ts:138:15
 ❯ Proxy.setupPlayers stores/game.ts:368:7
 ❯ tests/unit/game-store.spec.ts:850:9
            </failure>
        </testcase>
        <testcase classname="tests/unit/game-store.spec.ts" name="Game Store &gt; Multi-Player Mode &gt; Get Player By ID &gt; returns null when ID not found" time="0.001053577">
            <system-err>
AggregateError: 
    at internalConnectMultiple (node:net:1134:18)
    at afterConnectMultiple (node:net:1715:7) {
  code: &apos;ECONNREFUSED&apos;,
  [errors]: [
    Error: connect ECONNREFUSED ::1:3000
        at createConnectionError (node:net:1678:14)
        at afterConnectMultiple (node:net:1708:16) {
      errno: -111,
      code: &apos;ECONNREFUSED&apos;,
      syscall: &apos;connect&apos;,
      address: &apos;::1&apos;,
      port: 3000
    },
    Error: connect ECONNREFUSED 127.0.0.1:3000
        at createConnectionError (node:net:1678:14)
        at afterConnectMultiple (node:net:1708:16) {
      errno: -111,
      code: &apos;ECONNREFUSED&apos;,
      syscall: &apos;connect&apos;,
      address: &apos;127.0.0.1&apos;,
      port: 3000
    }
  ]
}

            </system-err>
            <failure message="Failed to execute &quot;fetch()&quot; on &quot;Window&quot; with URL &quot;http://localhost:3000/data/categories.json&quot;: " type="Error">
Error: Failed to execute &quot;fetch()&quot; on &quot;Window&quot; with URL &quot;http://localhost:3000/data/categories.json&quot;: 
 ❯ Proxy.fetchCategories stores/game.ts:138:15
 ❯ Proxy.setupPlayers stores/game.ts:368:7
 ❯ tests/unit/game-store.spec.ts:850:9
            </failure>
        </testcase>
        <testcase classname="tests/unit/game-store.spec.ts" name="Game Store &gt; Multi-Player Mode &gt; Get Player By ID &gt; returns null when no session" time="0.001050697">
            <system-err>
AggregateError: 
    at internalConnectMultiple (node:net:1134:18)
    at afterConnectMultiple (node:net:1715:7) {
  code: &apos;ECONNREFUSED&apos;,
  [errors]: [
    Error: connect ECONNREFUSED ::1:3000
        at createConnectionError (node:net:1678:14)
        at afterConnectMultiple (node:net:1708:16) {
      errno: -111,
      code: &apos;ECONNREFUSED&apos;,
      syscall: &apos;connect&apos;,
      address: &apos;::1&apos;,
      port: 3000
    },
    Error: connect ECONNREFUSED 127.0.0.1:3000
        at createConnectionError (node:net:1678:14)
        at afterConnectMultiple (node:net:1708:16) {
      errno: -111,
      code: &apos;ECONNREFUSED&apos;,
      syscall: &apos;connect&apos;,
      address: &apos;127.0.0.1&apos;,
      port: 3000
    }
  ]
}

            </system-err>
            <failure message="Failed to execute &quot;fetch()&quot; on &quot;Window&quot; with URL &quot;http://localhost:3000/data/categories.json&quot;: " type="Error">
Error: Failed to execute &quot;fetch()&quot; on &quot;Window&quot; with URL &quot;http://localhost:3000/data/categories.json&quot;: 
 ❯ Proxy.fetchCategories stores/game.ts:138:15
 ❯ Proxy.setupPlayers stores/game.ts:368:7
 ❯ tests/unit/game-store.spec.ts:850:9
            </failure>
        </testcase>
        <testcase classname="tests/unit/game-store.spec.ts" name="Game Store &gt; Multi-Player Mode &gt; Multi-Player with startNewGame &gt; starts new round when players exist" time="0.00112343">
            <system-err>
AggregateError: 
    at internalConnectMultiple (node:net:1134:18)
    at afterConnectMultiple (node:net:1715:7) {
  code: &apos;ECONNREFUSED&apos;,
  [errors]: [
    Error: connect ECONNREFUSED ::1:3000
        at createConnectionError (node:net:1678:14)
        at afterConnectMultiple (node:net:1708:16) {
      errno: -111,
      code: &apos;ECONNREFUSED&apos;,
      syscall: &apos;connect&apos;,
      address: &apos;::1&apos;,
      port: 3000
    },
    Error: connect ECONNREFUSED 127.0.0.1:3000
        at createConnectionError (node:net:1678:14)
        at afterConnectMultiple (node:net:1708:16) {
      errno: -111,
      code: &apos;ECONNREFUSED&apos;,
      syscall: &apos;connect&apos;,
      address: &apos;127.0.0.1&apos;,
      port: 3000
    }
  ]
}

            </system-err>
            <failure message="Failed to execute &quot;fetch()&quot; on &quot;Window&quot; with URL &quot;http://localhost:3000/data/categories.json&quot;: " type="Error">
Error: Failed to execute &quot;fetch()&quot; on &quot;Window&quot; with URL &quot;http://localhost:3000/data/categories.json&quot;: 
 ❯ Proxy.fetchCategories stores/game.ts:138:15
 ❯ Proxy.setupPlayers stores/game.ts:368:7
 ❯ tests/unit/game-store.spec.ts:884:9
            </failure>
        </testcase>
        <testcase classname="tests/unit/game-store.spec.ts" name="Game Store &gt; Multi-Player Mode &gt; Multi-Player with startNewGame &gt; starts legacy single-player when no players" time="0.001077468">
            <system-err>
AggregateError: 
    at internalConnectMultiple (node:net:1134:18)
    at afterConnectMultiple (node:net:1715:7) {
  code: &apos;ECONNREFUSED&apos;,
  [errors]: [
    Error: connect ECONNREFUSED ::1:3000
        at createConnectionError (node:net:1678:14)
        at afterConnectMultiple (node:net:1708:16) {
      errno: -111,
      code: &apos;ECONNREFUSED&apos;,
      syscall: &apos;connect&apos;,
      address: &apos;::1&apos;,
      port: 3000
    },
    Error: connect ECONNREFUSED 127.0.0.1:3000
        at createConnectionError (node:net:1678:14)
        at afterConnectMultiple (node:net:1708:16) {
      errno: -111,
      code: &apos;ECONNREFUSED&apos;,
      syscall: &apos;connect&apos;,
      address: &apos;127.0.0.1&apos;,
      port: 3000
    }
  ]
}

            </system-err>
            <failure message="Failed to execute &quot;fetch()&quot; on &quot;Window&quot; with URL &quot;http://localhost:3000/data/categories.json&quot;: " type="Error">
Error: Failed to execute &quot;fetch()&quot; on &quot;Window&quot; with URL &quot;http://localhost:3000/data/categories.json&quot;: 
 ❯ Proxy.fetchCategories stores/game.ts:138:15
 ❯ Proxy.startNewGame stores/game.ts:182:7
 ❯ tests/unit/game-store.spec.ts:894:9
            </failure>
        </testcase>
    </testsuite>
    <testsuite name="tests/unit/settings-store.spec.ts" timestamp="2026-01-05T11:43:11.227Z" hostname="cloudcrusaders-main-manjaro" tests="22" failures="0" errors="0" skipped="0" time="0.015468172">
        <testcase classname="tests/unit/settings-store.spec.ts" name="Settings Store &gt; Initial State &gt; has default maxPlayersPerGame of 4" time="0.003149592">
        </testcase>
        <testcase classname="tests/unit/settings-store.spec.ts" name="Settings Store &gt; Initial State &gt; has showLeaderboardAfterRound enabled" time="0.000541139">
        </testcase>
        <testcase classname="tests/unit/settings-store.spec.ts" name="Settings Store &gt; Initial State &gt; has leaderboard enabled" time="0.000421903">
        </testcase>
        <testcase classname="tests/unit/settings-store.spec.ts" name="Settings Store &gt; Initial State &gt; has debug mode disabled" time="0.000324088">
        </testcase>
        <testcase classname="tests/unit/settings-store.spec.ts" name="Settings Store &gt; Initial State &gt; has sound enabled" time="0.00035905">
        </testcase>
        <testcase classname="tests/unit/settings-store.spec.ts" name="Settings Store &gt; Initial State &gt; has offline mode disabled" time="0.000306927">
        </testcase>
        <testcase classname="tests/unit/settings-store.spec.ts" name="Settings Store &gt; Getters &gt; isDebugMode returns debugMode state" time="0.000686248">
        </testcase>
        <testcase classname="tests/unit/settings-store.spec.ts" name="Settings Store &gt; Getters &gt; isLeaderboardEnabled returns leaderboardEnabled state" time="0.000402332">
        </testcase>
        <testcase classname="tests/unit/settings-store.spec.ts" name="Settings Store &gt; Getters &gt; shouldShowLeaderboard requires both flags" time="0.000764351">
        </testcase>
        <testcase classname="tests/unit/settings-store.spec.ts" name="Settings Store &gt; Load Settings &gt; loads settings from localStorage" time="0.000567881">
        </testcase>
        <testcase classname="tests/unit/settings-store.spec.ts" name="Settings Store &gt; Load Settings &gt; uses defaults for missing keys" time="0.000316177">
        </testcase>
        <testcase classname="tests/unit/settings-store.spec.ts" name="Settings Store &gt; Load Settings &gt; handles invalid JSON gracefully" time="0.001029936">
        </testcase>
        <testcase classname="tests/unit/settings-store.spec.ts" name="Settings Store &gt; Load Settings &gt; handles missing localStorage gracefully" time="0.000319907">
        </testcase>
        <testcase classname="tests/unit/settings-store.spec.ts" name="Settings Store &gt; Save Settings &gt; saves settings to localStorage" time="0.001768066">
        </testcase>
        <testcase classname="tests/unit/settings-store.spec.ts" name="Settings Store &gt; Update Setting &gt; updates specific setting" time="0.000314007">
        </testcase>
        <testcase classname="tests/unit/settings-store.spec.ts" name="Settings Store &gt; Update Setting &gt; saves after update" time="0.000329347">
        </testcase>
        <testcase classname="tests/unit/settings-store.spec.ts" name="Settings Store &gt; Toggle Actions &gt; toggleDebugMode flips state" time="0.000378071">
        </testcase>
        <testcase classname="tests/unit/settings-store.spec.ts" name="Settings Store &gt; Toggle Actions &gt; toggleLeaderboard flips state" time="0.000302467">
        </testcase>
        <testcase classname="tests/unit/settings-store.spec.ts" name="Settings Store &gt; Toggle Actions &gt; toggleSound flips state" time="0.000289346">
        </testcase>
        <testcase classname="tests/unit/settings-store.spec.ts" name="Settings Store &gt; Toggle Actions &gt; setOfflineMode sets specific value" time="0.000383971">
        </testcase>
        <testcase classname="tests/unit/settings-store.spec.ts" name="Settings Store &gt; Reset to Defaults &gt; resets all settings" time="0.000346319">
        </testcase>
        <testcase classname="tests/unit/settings-store.spec.ts" name="Settings Store &gt; Reset to Defaults &gt; saves after reset" time="0.000297826">
        </testcase>
    </testsuite>
    <testsuite name="tests/unit/use-toast.spec.ts" timestamp="2026-01-05T11:43:11.230Z" hostname="cloudcrusaders-main-manjaro" tests="23" failures="0" errors="0" skipped="0" time="0.015640653">
        <testcase classname="tests/unit/use-toast.spec.ts" name="useToast &gt; show &gt; should add a toast to the list" time="0.003993927">
        </testcase>
        <testcase classname="tests/unit/use-toast.spec.ts" name="useToast &gt; show &gt; should generate unique IDs for each toast" time="0.001047217">
        </testcase>
        <testcase classname="tests/unit/use-toast.spec.ts" name="useToast &gt; show &gt; should auto-remove toast after duration" time="0.00110246">
        </testcase>
        <testcase classname="tests/unit/use-toast.spec.ts" name="useToast &gt; show &gt; should not auto-remove toast with 0 duration" time="0.000629905">
        </testcase>
        <testcase classname="tests/unit/use-toast.spec.ts" name="useToast &gt; show &gt; should return toast ID" time="0.000424784">
        </testcase>
        <testcase classname="tests/unit/use-toast.spec.ts" name="useToast &gt; success &gt; should add a success toast" time="0.000416242">
        </testcase>
        <testcase classname="tests/unit/use-toast.spec.ts" name="useToast &gt; success &gt; should use default duration of 3000ms" time="0.000325538">
        </testcase>
        <testcase classname="tests/unit/use-toast.spec.ts" name="useToast &gt; success &gt; should accept custom duration" time="0.000285676">
        </testcase>
        <testcase classname="tests/unit/use-toast.spec.ts" name="useToast &gt; error &gt; should add an error toast" time="0.000650166">
        </testcase>
        <testcase classname="tests/unit/use-toast.spec.ts" name="useToast &gt; error &gt; should use default duration of 4000ms" time="0.000333748">
        </testcase>
        <testcase classname="tests/unit/use-toast.spec.ts" name="useToast &gt; error &gt; should accept custom duration" time="0.000269795">
        </testcase>
        <testcase classname="tests/unit/use-toast.spec.ts" name="useToast &gt; info &gt; should add an info toast" time="0.000417723">
        </testcase>
        <testcase classname="tests/unit/use-toast.spec.ts" name="useToast &gt; info &gt; should use default duration of 3000ms" time="0.000236913">
        </testcase>
        <testcase classname="tests/unit/use-toast.spec.ts" name="useToast &gt; warning &gt; should add a warning toast" time="0.000336019">
        </testcase>
        <testcase classname="tests/unit/use-toast.spec.ts" name="useToast &gt; warning &gt; should use default duration of 3500ms" time="0.000237003">
        </testcase>
        <testcase classname="tests/unit/use-toast.spec.ts" name="useToast &gt; remove &gt; should remove a specific toast by ID" time="0.000423863">
        </testcase>
        <testcase classname="tests/unit/use-toast.spec.ts" name="useToast &gt; remove &gt; should do nothing if toast ID does not exist" time="0.000346479">
        </testcase>
        <testcase classname="tests/unit/use-toast.spec.ts" name="useToast &gt; clear &gt; should remove all toasts" time="0.000421443">
        </testcase>
        <testcase classname="tests/unit/use-toast.spec.ts" name="useToast &gt; clear &gt; should work when no toasts exist" time="0.000411023">
        </testcase>
        <testcase classname="tests/unit/use-toast.spec.ts" name="useToast &gt; multiple toasts &gt; should handle multiple toasts simultaneously" time="0.000306297">
        </testcase>
        <testcase classname="tests/unit/use-toast.spec.ts" name="useToast &gt; multiple toasts &gt; should auto-remove toasts independently" time="0.000479056">
        </testcase>
        <testcase classname="tests/unit/use-toast.spec.ts" name="useToast &gt; toast properties &gt; should set createdAt timestamp" time="0.000275225">
        </testcase>
        <testcase classname="tests/unit/use-toast.spec.ts" name="useToast &gt; toast properties &gt; should contain all required properties" time="0.000409252">
        </testcase>
    </testsuite>
</testsuites>
